Fri Jun 07 14:07:31 Log file reset
Fri Jun 07 14:07:31 Loaded file BACKUP0.MAX
Fri Jun 07 14:07:57 Error code 2165.015 (64)
Fri Jun 07 14:07:57 Saved as file Backup0.max
Fri Jun 07 14:07:57 Windows which were open at time of error:
Fri Jun 07 14:07:57 	ActiveWindow: &Route
Fri Jun 07 14:07:57 	Icon: &Components
Fri Jun 07 14:07:57 	Icon: &Nets
Fri Jun 07 14:07:57 	Icon: Post Proces&s
Fri Jun 07 14:07:57 End-of-list
Fri Jun 07 14:07:57 Loaded file BACKUP0.MAX
Fri Jun 07 14:08:22 Error code 2165.015 (64)
Fri Jun 07 14:08:22 Saved as file Backup0.max
Fri Jun 07 14:08:22 Windows which were open at time of error:
Fri Jun 07 14:08:22 	ActiveWindow: &Route
Fri Jun 07 14:08:22 	Icon: &Components
Fri Jun 07 14:08:22 	Icon: &Nets
Fri Jun 07 14:08:22 	Icon: Post Proces&s
Fri Jun 07 14:08:22 End-of-list
Fri Jun 07 14:08:23 Loaded file BACKUP0.MAX
Fri Jun 07 14:08:48 Error code 2165.015 (64)
Fri Jun 07 14:08:48 Saved as file Backup0.max
Fri Jun 07 14:08:48 Windows which were open at time of error:
Fri Jun 07 14:08:48 	ActiveWindow: &Route
Fri Jun 07 14:08:48 	Icon: &Components
Fri Jun 07 14:08:48 	Icon: &Nets
Fri Jun 07 14:08:48 	Icon: Post Proces&s
Fri Jun 07 14:08:48 End-of-list
Fri Jun 07 14:08:49 Loaded file BACKUP0.MAX
Fri Jun 07 14:09:14 Error code 2165.015 (64)
Fri Jun 07 14:09:14 Saved as file Backup0.max
Fri Jun 07 14:09:14 Windows which were open at time of error:
Fri Jun 07 14:09:14 	ActiveWindow: &Route
Fri Jun 07 14:09:14 	Icon: &Components
Fri Jun 07 14:09:14 	Icon: &Nets
Fri Jun 07 14:09:14 	Icon: Post Proces&s
Fri Jun 07 14:09:14 End-of-list
Fri Jun 07 14:09:14 Loaded file BACKUP0.MAX
Fri Jun 07 14:09:46 Error code 2165.015 (64)
Fri Jun 07 14:09:46 Saved as file Backup0.max
Fri Jun 07 14:09:46 Windows which were open at time of error:
Fri Jun 07 14:09:46 	ActiveWindow: &Route
Fri Jun 07 14:09:46 	Icon: &Components
Fri Jun 07 14:09:46 	Icon: &Nets
Fri Jun 07 14:09:46 	Icon: Post Proces&s
Fri Jun 07 14:09:46 End-of-list
Fri Jun 07 14:09:46 Loaded file BACKUP0.MAX
Fri Jun 07 14:10:11 Error code 2165.015 (64)
Fri Jun 07 14:10:11 Saved as file Backup0.max
Fri Jun 07 14:10:11 Windows which were open at time of error:
Fri Jun 07 14:10:11 	ActiveWindow: &Route
Fri Jun 07 14:10:11 	Icon: &Components
Fri Jun 07 14:10:11 	Icon: &Nets
Fri Jun 07 14:10:11 	Icon: Post Proces&s
Fri Jun 07 14:10:11 End-of-list
Fri Jun 07 14:10:12 Loaded file BACKUP0.MAX
Fri Jun 07 14:10:37 Error code 2165.015 (64)
Fri Jun 07 14:10:37 Saved as file Backup0.max
Fri Jun 07 14:10:37 Windows which were open at time of error:
Fri Jun 07 14:10:37 	ActiveWindow: &Route
Fri Jun 07 14:10:37 	Icon: &Components
Fri Jun 07 14:10:37 	Icon: &Nets
Fri Jun 07 14:10:37 	Icon: Post Proces&s
Fri Jun 07 14:10:37 End-of-list
Fri Jun 07 14:10:38 Loaded file BACKUP0.MAX
Fri Jun 07 14:11:03 Error code 2165.015 (64)
Fri Jun 07 14:11:03 Saved as file Backup0.max
Fri Jun 07 14:11:03 Windows which were open at time of error:
Fri Jun 07 14:11:03 	ActiveWindow: &Route
Fri Jun 07 14:11:03 	Icon: &Components
Fri Jun 07 14:11:03 	Icon: &Nets
Fri Jun 07 14:11:03 	Icon: Post Proces&s
Fri Jun 07 14:11:03 End-of-list
Fri Jun 07 14:11:03 Loaded file BACKUP0.MAX
Fri Jun 07 14:11:29 Error code 2165.015 (64)
Fri Jun 07 14:11:29 Saved as file Backup0.max
Fri Jun 07 14:11:29 Windows which were open at time of error:
Fri Jun 07 14:11:29 	ActiveWindow: &Route
Fri Jun 07 14:11:29 	Icon: &Components
Fri Jun 07 14:11:29 	Icon: &Nets
Fri Jun 07 14:11:29 	Icon: Post Proces&s
Fri Jun 07 14:11:29 End-of-list
Fri Jun 07 14:11:29 Loaded file BACKUP0.MAX
Fri Jun 07 14:11:55 Error code 2165.015 (64)
Fri Jun 07 14:11:55 Saved as file Backup0.max
Fri Jun 07 14:11:55 Windows which were open at time of error:
Fri Jun 07 14:11:55 	ActiveWindow: &Route
Fri Jun 07 14:11:55 	Icon: &Components
Fri Jun 07 14:11:55 	Icon: &Nets
Fri Jun 07 14:11:55 	Icon: Post Proces&s
Fri Jun 07 14:11:55 End-of-list
Fri Jun 07 14:11:55 Loaded file BACKUP0.MAX
Fri Jun 07 14:12:21 Error code 2165.015 (64)
Fri Jun 07 14:12:21 Saved as file Backup0.max
Fri Jun 07 14:12:21 Windows which were open at time of error:
Fri Jun 07 14:12:21 	ActiveWindow: &Route
Fri Jun 07 14:12:21 	Icon: &Components
Fri Jun 07 14:12:21 	Icon: &Nets
Fri Jun 07 14:12:21 	Icon: Post Proces&s
Fri Jun 07 14:12:21 End-of-list
Fri Jun 07 14:12:21 Loaded file BACKUP0.MAX
Fri Jun 07 14:12:46 Error code 2165.015 (64)
Fri Jun 07 14:12:46 Saved as file Backup0.max
Fri Jun 07 14:12:46 Windows which were open at time of error:
Fri Jun 07 14:12:46 	ActiveWindow: &Route
Fri Jun 07 14:12:46 	Icon: &Components
Fri Jun 07 14:12:46 	Icon: &Nets
Fri Jun 07 14:12:46 	Icon: Post Proces&s
Fri Jun 07 14:12:46 End-of-list
Fri Jun 07 14:12:47 Loaded file BACKUP0.MAX
Fri Jun 07 14:13:12 Error code 2165.015 (64)
Fri Jun 07 14:13:12 Saved as file Backup0.max
Fri Jun 07 14:13:12 Windows which were open at time of error:
Fri Jun 07 14:13:12 	ActiveWindow: &Route
Fri Jun 07 14:13:12 	Icon: &Components
Fri Jun 07 14:13:12 	Icon: &Nets
Fri Jun 07 14:13:12 	Icon: Post Proces&s
Fri Jun 07 14:13:12 End-of-list
Fri Jun 07 14:13:13 Loaded file BACKUP0.MAX
Fri Jun 07 14:13:38 Error code 2165.015 (64)
Fri Jun 07 14:13:38 Saved as file Backup0.max
Fri Jun 07 14:13:38 Windows which were open at time of error:
Fri Jun 07 14:13:38 	ActiveWindow: &Route
Fri Jun 07 14:13:38 	Icon: &Components
Fri Jun 07 14:13:38 	Icon: &Nets
Fri Jun 07 14:13:38 	Icon: Post Proces&s
Fri Jun 07 14:13:38 End-of-list
Fri Jun 07 14:13:38 Loaded file BACKUP0.MAX
Fri Jun 07 14:14:04 Error code 2165.015 (64)
Fri Jun 07 14:14:04 Saved as file Backup0.max
Fri Jun 07 14:14:04 Windows which were open at time of error:
Fri Jun 07 14:14:04 	ActiveWindow: &Route
Fri Jun 07 14:14:04 	Icon: &Components
Fri Jun 07 14:14:04 	Icon: &Nets
Fri Jun 07 14:14:04 	Icon: Post Proces&s
Fri Jun 07 14:14:04 End-of-list
Fri Jun 07 14:14:04 Loaded file BACKUP0.MAX
Fri Jun 07 14:14:30 Error code 2165.015 (64)
Fri Jun 07 14:14:30 Saved as file Backup0.max
Fri Jun 07 14:14:30 Windows which were open at time of error:
Fri Jun 07 14:14:30 	ActiveWindow: &Route
Fri Jun 07 14:14:30 	Icon: &Components
Fri Jun 07 14:14:30 	Icon: &Nets
Fri Jun 07 14:14:30 	Icon: Post Proces&s
Fri Jun 07 14:14:30 End-of-list
Fri Jun 07 14:14:30 Loaded file BACKUP0.MAX
Fri Jun 07 14:14:55 Error code 2165.015 (64)
Fri Jun 07 14:14:55 Saved as file Backup0.max
Fri Jun 07 14:14:55 Windows which were open at time of error:
Fri Jun 07 14:14:55 	ActiveWindow: &Route
Fri Jun 07 14:14:55 	Icon: &Components
Fri Jun 07 14:14:55 	Icon: &Nets
Fri Jun 07 14:14:55 	Icon: Post Proces&s
Fri Jun 07 14:14:55 End-of-list
Fri Jun 07 14:14:56 Loaded file BACKUP0.MAX
Fri Jun 07 14:15:21 Error code 2165.015 (64)
Fri Jun 07 14:15:21 Saved as file Backup0.max
Fri Jun 07 14:15:21 Windows which were open at time of error:
Fri Jun 07 14:15:21 	ActiveWindow: &Route
Fri Jun 07 14:15:21 	Icon: &Components
Fri Jun 07 14:15:21 	Icon: &Nets
Fri Jun 07 14:15:21 	Icon: Post Proces&s
Fri Jun 07 14:15:21 End-of-list
Fri Jun 07 14:15:22 Loaded file BACKUP0.MAX
Fri Jun 07 14:15:47 Error code 2165.015 (64)
Fri Jun 07 14:15:47 Saved as file Backup0.max
Fri Jun 07 14:15:47 Windows which were open at time of error:
Fri Jun 07 14:15:47 	ActiveWindow: &Route
Fri Jun 07 14:15:47 	Icon: &Components
Fri Jun 07 14:15:47 	Icon: &Nets
Fri Jun 07 14:15:47 	Icon: Post Proces&s
Fri Jun 07 14:15:47 End-of-list
Fri Jun 07 14:15:47 Loaded file BACKUP0.MAX
Fri Jun 07 14:16:13 Error code 2165.015 (64)
Fri Jun 07 14:16:13 Saved as file Backup0.max
Fri Jun 07 14:16:13 Windows which were open at time of error:
Fri Jun 07 14:16:13 	ActiveWindow: &Route
Fri Jun 07 14:16:13 	Icon: &Components
Fri Jun 07 14:16:13 	Icon: &Nets
Fri Jun 07 14:16:13 	Icon: Post Proces&s
Fri Jun 07 14:16:13 End-of-list
Fri Jun 07 14:16:13 Loaded file BACKUP0.MAX
Fri Jun 07 14:16:39 Error code 2165.015 (64)
Fri Jun 07 14:16:39 Saved as file Backup0.max
Fri Jun 07 14:16:39 Windows which were open at time of error:
Fri Jun 07 14:16:39 	ActiveWindow: &Route
Fri Jun 07 14:16:39 	Icon: &Components
Fri Jun 07 14:16:39 	Icon: &Nets
Fri Jun 07 14:16:39 	Icon: Post Proces&s
Fri Jun 07 14:16:39 End-of-list
Fri Jun 07 14:16:39 Loaded file BACKUP0.MAX
Fri Jun 07 14:17:04 Error code 2165.015 (64)
Fri Jun 07 14:17:05 Saved as file Backup0.max
Fri Jun 07 14:17:05 Windows which were open at time of error:
Fri Jun 07 14:17:05 	ActiveWindow: &Route
Fri Jun 07 14:17:05 	Icon: &Components
Fri Jun 07 14:17:05 	Icon: &Nets
Fri Jun 07 14:17:05 	Icon: Post Proces&s
Fri Jun 07 14:17:05 End-of-list
Fri Jun 07 14:17:05 Loaded file BACKUP0.MAX
Fri Jun 07 14:17:30 Error code 2165.015 (64)
Fri Jun 07 14:17:30 Saved as file Backup0.max
Fri Jun 07 14:17:30 Windows which were open at time of error:
Fri Jun 07 14:17:30 	ActiveWindow: &Route
Fri Jun 07 14:17:30 	Icon: &Components
Fri Jun 07 14:17:30 	Icon: &Nets
Fri Jun 07 14:17:30 	Icon: Post Proces&s
Fri Jun 07 14:17:30 End-of-list
Fri Jun 07 14:17:31 Loaded file BACKUP0.MAX
Fri Jun 07 14:17:56 Error code 2165.015 (64)
Fri Jun 07 14:17:56 Saved as file Backup0.max
Fri Jun 07 14:17:56 Windows which were open at time of error:
Fri Jun 07 14:17:56 	ActiveWindow: &Route
Fri Jun 07 14:17:56 	Icon: &Components
Fri Jun 07 14:17:56 	Icon: &Nets
Fri Jun 07 14:17:56 	Icon: Post Proces&s
Fri Jun 07 14:17:56 End-of-list
Fri Jun 07 14:17:57 Loaded file BACKUP0.MAX
Fri Jun 07 14:18:22 Error code 2165.015 (64)
Fri Jun 07 14:18:22 Saved as file Backup0.max
Fri Jun 07 14:18:22 Windows which were open at time of error:
Fri Jun 07 14:18:22 	ActiveWindow: &Route
Fri Jun 07 14:18:22 	Icon: &Components
Fri Jun 07 14:18:22 	Icon: &Nets
Fri Jun 07 14:18:22 	Icon: Post Proces&s
Fri Jun 07 14:18:22 End-of-list
Fri Jun 07 14:18:22 Loaded file BACKUP0.MAX
Fri Jun 07 14:18:48 Error code 2165.015 (64)
Fri Jun 07 14:18:48 Saved as file Backup0.max
Fri Jun 07 14:18:48 Windows which were open at time of error:
Fri Jun 07 14:18:48 	ActiveWindow: &Route
Fri Jun 07 14:18:48 	Icon: &Components
Fri Jun 07 14:18:48 	Icon: &Nets
Fri Jun 07 14:18:48 	Icon: Post Proces&s
Fri Jun 07 14:18:48 End-of-list
Fri Jun 07 14:18:48 Loaded file BACKUP0.MAX
Fri Jun 07 14:19:14 Error code 2165.015 (64)
Fri Jun 07 14:19:14 Saved as file Backup0.max
Fri Jun 07 14:19:14 Windows which were open at time of error:
Fri Jun 07 14:19:14 	ActiveWindow: &Route
Fri Jun 07 14:19:14 	Icon: &Components
Fri Jun 07 14:19:14 	Icon: &Nets
Fri Jun 07 14:19:14 	Icon: Post Proces&s
Fri Jun 07 14:19:14 End-of-list
Fri Jun 07 14:19:14 Loaded file BACKUP0.MAX
Fri Jun 07 14:19:39 Error code 2165.015 (64)
Fri Jun 07 14:19:39 Saved as file Backup0.max
Fri Jun 07 14:19:39 Windows which were open at time of error:
Fri Jun 07 14:19:39 	ActiveWindow: &Route
Fri Jun 07 14:19:39 	Icon: &Components
Fri Jun 07 14:19:39 	Icon: &Nets
Fri Jun 07 14:19:39 	Icon: Post Proces&s
Fri Jun 07 14:19:39 End-of-list
Fri Jun 07 14:19:40 Loaded file BACKUP0.MAX
Fri Jun 07 14:20:05 Error code 2165.015 (64)
Fri Jun 07 14:20:05 Saved as file Backup0.max
Fri Jun 07 14:20:05 Windows which were open at time of error:
Fri Jun 07 14:20:05 	ActiveWindow: &Route
Fri Jun 07 14:20:05 	Icon: &Components
Fri Jun 07 14:20:05 	Icon: &Nets
Fri Jun 07 14:20:05 	Icon: Post Proces&s
Fri Jun 07 14:20:05 End-of-list
Fri Jun 07 14:20:06 Loaded file BACKUP0.MAX
Fri Jun 07 14:20:31 Error code 2165.015 (64)
Fri Jun 07 14:20:31 Saved as file Backup0.max
Fri Jun 07 14:20:31 Windows which were open at time of error:
Fri Jun 07 14:20:31 	ActiveWindow: &Route
Fri Jun 07 14:20:31 	Icon: &Components
Fri Jun 07 14:20:31 	Icon: &Nets
Fri Jun 07 14:20:31 	Icon: Post Proces&s
Fri Jun 07 14:20:31 End-of-list
Fri Jun 07 14:20:31 Loaded file BACKUP0.MAX
Fri Jun 07 14:20:57 Error code 2165.015 (64)
Fri Jun 07 14:20:57 Saved as file Backup0.max
Fri Jun 07 14:20:57 Windows which were open at time of error:
Fri Jun 07 14:20:57 	ActiveWindow: &Route
Fri Jun 07 14:20:57 	Icon: &Components
Fri Jun 07 14:20:57 	Icon: &Nets
Fri Jun 07 14:20:57 	Icon: Post Proces&s
Fri Jun 07 14:20:57 End-of-list
Fri Jun 07 14:20:57 Loaded file BACKUP0.MAX
Fri Jun 07 14:21:23 Error code 2165.015 (64)
Fri Jun 07 14:21:23 Saved as file Backup0.max
Fri Jun 07 14:21:23 Windows which were open at time of error:
Fri Jun 07 14:21:23 	ActiveWindow: &Route
Fri Jun 07 14:21:23 	Icon: &Components
Fri Jun 07 14:21:23 	Icon: &Nets
Fri Jun 07 14:21:23 	Icon: Post Proces&s
Fri Jun 07 14:21:23 End-of-list
Fri Jun 07 14:21:23 Loaded file BACKUP0.MAX
Fri Jun 07 14:21:48 Error code 2165.015 (64)
Fri Jun 07 14:21:48 Saved as file Backup0.max
Fri Jun 07 14:21:48 Windows which were open at time of error:
Fri Jun 07 14:21:48 	ActiveWindow: &Route
Fri Jun 07 14:21:48 	Icon: &Components
Fri Jun 07 14:21:48 	Icon: &Nets
Fri Jun 07 14:21:48 	Icon: Post Proces&s
Fri Jun 07 14:21:48 End-of-list
Fri Jun 07 14:21:49 Loaded file BACKUP0.MAX
Fri Jun 07 14:22:14 Error code 2165.015 (64)
Fri Jun 07 14:22:14 Saved as file Backup0.max
Fri Jun 07 14:22:14 Windows which were open at time of error:
Fri Jun 07 14:22:14 	ActiveWindow: &Route
Fri Jun 07 14:22:14 	Icon: &Components
Fri Jun 07 14:22:14 	Icon: &Nets
Fri Jun 07 14:22:14 	Icon: Post Proces&s
Fri Jun 07 14:22:14 End-of-list
Fri Jun 07 14:22:15 Loaded file BACKUP0.MAX
Fri Jun 07 14:22:40 Error code 2165.015 (64)
Fri Jun 07 14:22:40 Saved as file Backup0.max
Fri Jun 07 14:22:40 Windows which were open at time of error:
Fri Jun 07 14:22:40 	ActiveWindow: &Route
Fri Jun 07 14:22:40 	Icon: &Components
Fri Jun 07 14:22:40 	Icon: &Nets
Fri Jun 07 14:22:40 	Icon: Post Proces&s
Fri Jun 07 14:22:40 End-of-list
Fri Jun 07 14:22:40 Loaded file BACKUP0.MAX
Fri Jun 07 14:23:06 Error code 2165.015 (64)
Fri Jun 07 14:23:06 Saved as file Backup0.max
Fri Jun 07 14:23:06 Windows which were open at time of error:
Fri Jun 07 14:23:06 	ActiveWindow: &Route
Fri Jun 07 14:23:06 	Icon: &Components
Fri Jun 07 14:23:06 	Icon: &Nets
Fri Jun 07 14:23:06 	Icon: Post Proces&s
Fri Jun 07 14:23:06 End-of-list
Fri Jun 07 14:23:06 Loaded file BACKUP0.MAX
Fri Jun 07 14:23:32 Error code 2165.015 (64)
Fri Jun 07 14:23:32 Saved as file Backup0.max
Fri Jun 07 14:23:32 Windows which were open at time of error:
Fri Jun 07 14:23:32 	ActiveWindow: &Route
Fri Jun 07 14:23:32 	Icon: &Components
Fri Jun 07 14:23:32 	Icon: &Nets
Fri Jun 07 14:23:32 	Icon: Post Proces&s
Fri Jun 07 14:23:32 End-of-list
Fri Jun 07 14:23:32 Loaded file BACKUP0.MAX
Fri Jun 07 14:23:57 Error code 2165.015 (64)
Fri Jun 07 14:23:57 Saved as file Backup0.max
Fri Jun 07 14:23:57 Windows which were open at time of error:
Fri Jun 07 14:23:57 	ActiveWindow: &Route
Fri Jun 07 14:23:57 	Icon: &Components
Fri Jun 07 14:23:57 	Icon: &Nets
Fri Jun 07 14:23:57 	Icon: Post Proces&s
Fri Jun 07 14:23:57 End-of-list
Fri Jun 07 14:23:58 Loaded file BACKUP0.MAX
Fri Jun 07 14:24:23 Error code 2165.015 (64)
Fri Jun 07 14:24:23 Saved as file Backup0.max
Fri Jun 07 14:24:23 Windows which were open at time of error:
Fri Jun 07 14:24:23 	ActiveWindow: &Route
Fri Jun 07 14:24:23 	Icon: &Components
Fri Jun 07 14:24:23 	Icon: &Nets
Fri Jun 07 14:24:23 	Icon: Post Proces&s
Fri Jun 07 14:24:23 End-of-list
Fri Jun 07 14:24:24 Loaded file BACKUP0.MAX
Fri Jun 07 14:24:49 Error code 2165.015 (64)
Fri Jun 07 14:24:49 Saved as file Backup0.max
Fri Jun 07 14:24:49 Windows which were open at time of error:
Fri Jun 07 14:24:49 	ActiveWindow: &Route
Fri Jun 07 14:24:49 	Icon: &Components
Fri Jun 07 14:24:49 	Icon: &Nets
Fri Jun 07 14:24:49 	Icon: Post Proces&s
Fri Jun 07 14:24:49 End-of-list
Fri Jun 07 14:24:50 Loaded file BACKUP0.MAX
Fri Jun 07 14:25:21 Error code 2165.015 (64)
Fri Jun 07 14:25:21 Saved as file Backup0.max
Fri Jun 07 14:25:21 Windows which were open at time of error:
Fri Jun 07 14:25:21 	ActiveWindow: &Route
Fri Jun 07 14:25:21 	Icon: &Components
Fri Jun 07 14:25:21 	Icon: &Nets
Fri Jun 07 14:25:21 	Icon: Post Proces&s
Fri Jun 07 14:25:21 End-of-list
Fri Jun 07 14:25:21 Loaded file BACKUP0.MAX
Fri Jun 07 14:25:46 Error code 2165.015 (64)
Fri Jun 07 14:25:46 Saved as file Backup0.max
Fri Jun 07 14:25:46 Windows which were open at time of error:
Fri Jun 07 14:25:46 	ActiveWindow: &Route
Fri Jun 07 14:25:46 	Icon: &Components
Fri Jun 07 14:25:46 	Icon: &Nets
Fri Jun 07 14:25:46 	Icon: Post Proces&s
Fri Jun 07 14:25:46 End-of-list
Fri Jun 07 14:25:47 Loaded file BACKUP0.MAX
Fri Jun 07 14:26:12 Error code 2165.015 (64)
Fri Jun 07 14:26:12 Saved as file Backup0.max
Fri Jun 07 14:26:12 Windows which were open at time of error:
Fri Jun 07 14:26:12 	ActiveWindow: &Route
Fri Jun 07 14:26:12 	Icon: &Components
Fri Jun 07 14:26:12 	Icon: &Nets
Fri Jun 07 14:26:12 	Icon: Post Proces&s
Fri Jun 07 14:26:12 End-of-list
Fri Jun 07 14:26:13 Loaded file BACKUP0.MAX
Fri Jun 07 14:26:38 Error code 2165.015 (64)
Fri Jun 07 14:26:38 Saved as file Backup0.max
Fri Jun 07 14:26:38 Windows which were open at time of error:
Fri Jun 07 14:26:38 	ActiveWindow: &Route
Fri Jun 07 14:26:38 	Icon: &Components
Fri Jun 07 14:26:38 	Icon: &Nets
Fri Jun 07 14:26:38 	Icon: Post Proces&s
Fri Jun 07 14:26:38 End-of-list
Fri Jun 07 14:26:38 Loaded file BACKUP0.MAX
Fri Jun 07 14:27:04 Error code 2165.015 (64)
Fri Jun 07 14:27:04 Saved as file Backup0.max
Fri Jun 07 14:27:04 Windows which were open at time of error:
Fri Jun 07 14:27:04 	ActiveWindow: &Route
Fri Jun 07 14:27:04 	Icon: &Components
Fri Jun 07 14:27:04 	Icon: &Nets
Fri Jun 07 14:27:04 	Icon: Post Proces&s
Fri Jun 07 14:27:04 End-of-list
Fri Jun 07 14:27:04 Loaded file BACKUP0.MAX
Fri Jun 07 14:27:30 Error code 2165.015 (64)
Fri Jun 07 14:27:30 Saved as file Backup0.max
Fri Jun 07 14:27:30 Windows which were open at time of error:
Fri Jun 07 14:27:30 	ActiveWindow: &Route
Fri Jun 07 14:27:30 	Icon: &Components
Fri Jun 07 14:27:30 	Icon: &Nets
Fri Jun 07 14:27:30 	Icon: Post Proces&s
Fri Jun 07 14:27:30 End-of-list
Fri Jun 07 14:27:30 Loaded file BACKUP0.MAX
Fri Jun 07 14:27:55 Error code 2165.015 (64)
Fri Jun 07 14:27:55 Saved as file Backup0.max
Fri Jun 07 14:27:55 Windows which were open at time of error:
Fri Jun 07 14:27:55 	ActiveWindow: &Route
Fri Jun 07 14:27:55 	Icon: &Components
Fri Jun 07 14:27:55 	Icon: &Nets
Fri Jun 07 14:27:55 	Icon: Post Proces&s
Fri Jun 07 14:27:55 End-of-list
Fri Jun 07 14:27:56 Loaded file BACKUP0.MAX
Fri Jun 07 14:28:38 Saved as file C:\USERS\STUDENT\DESKTOP\DISERTATIE_4_IUNIE\SCHEMA_DISERTATIE_CAPTURE_LAYOUT\SWEEP5.MAX
Fri Jun 07 14:29:27 Saved as file ~undo.max
Fri Jun 07 14:29:36 Saved as file ~undo.max
Fri Jun 07 14:29:41 Saved as file C:\USERS\STUDENT\DESKTOP\DISERTATIE_4_IUNIE\SCHEMA_DISERTATIE_CAPTURE_LAYOUT\SWEEP5.MAX
Fri Jun 07 14:31:03 Saved as file BACKUP1.MAX
Fri Jun 07 14:31:03 Saved as file BACKUP1.MAX
Fri Jun 07 14:31:03 Saved as file BACKUP1.MAX
Fri Jun 07 14:31:03 Saved as file BACKUP1.MAX
Fri Jun 07 14:31:03 Saved as file BACKUP1.MAX
Fri Jun 07 14:31:04 Saved as file BACKUP1.MAX
Fri Jun 07 14:31:04 Saved as file BACKUP1.MAX
Fri Jun 07 14:31:04 Saved as file BACKUP1.MAX
Fri Jun 07 14:31:04 Saved as file BACKUP1.MAX
Fri Jun 07 14:31:04 Saved as file BACKUP1.MAX
Fri Jun 07 14:31:04 Saved as file BACKUP1.MAX
Fri Jun 07 14:31:05 Saved as file BACKUP1.MAX
Fri Jun 07 14:31:05 Saved as file BACKUP1.MAX
Fri Jun 07 14:31:05 Saved as file BACKUP1.MAX
Fri Jun 07 14:31:05 Saved as file BACKUP1.MAX
Fri Jun 07 14:31:05 Saved as file BACKUP1.MAX
Fri Jun 07 14:31:05 Saved as file BACKUP1.MAX
Fri Jun 07 14:31:05 Saved as file BACKUP1.MAX
Fri Jun 07 14:31:06 Saved as file BACKUP1.MAX
Fri Jun 07 14:31:06 Saved as file BACKUP1.MAX
Fri Jun 07 14:31:06 Saved as file BACKUP1.MAX
Fri Jun 07 14:31:06 Saved as file BACKUP1.MAX
Fri Jun 07 14:31:06 Saved as file BACKUP1.MAX
Fri Jun 07 14:31:07 Saved as file BACKUP1.MAX
Fri Jun 07 14:31:07 Saved as file BACKUP1.MAX
Fri Jun 07 14:31:07 Saved as file BACKUP1.MAX
Fri Jun 07 14:31:07 Saved as file BACKUP1.MAX
Fri Jun 07 14:31:07 Saved as file BACKUP1.MAX
Fri Jun 07 14:31:07 Saved as file BACKUP1.MAX
Fri Jun 07 14:31:07 Saved as file BACKUP1.MAX
Fri Jun 07 14:31:07 Saved as file BACKUP1.MAX
Fri Jun 07 14:31:07 Saved as file BACKUP1.MAX
Fri Jun 07 14:31:07 Routed 6 connections in 5 seconds.
Fri Jun 07 14:31:07 Total is now 6 out of 299 (2%).
Fri Jun 07 14:31:07 Saved as file SWEEP1.MAX
Fri Jun 07 14:31:09 Saved as file BACKUP1.MAX
Fri Jun 07 14:31:10 Saved as file BACKUP1.MAX
Fri Jun 07 14:31:11 Saved as file BACKUP1.MAX
Fri Jun 07 14:31:12 Saved as file BACKUP1.MAX
Fri Jun 07 14:31:12 Saved as file BACKUP1.MAX
Fri Jun 07 14:31:13 Saved as file BACKUP1.MAX
Fri Jun 07 14:31:15 Saved as file BACKUP1.MAX
Fri Jun 07 14:31:16 Saved as file BACKUP1.MAX
Fri Jun 07 14:31:17 Saved as file BACKUP1.MAX
Fri Jun 07 14:31:18 Saved as file BACKUP1.MAX
Fri Jun 07 14:31:19 Saved as file BACKUP1.MAX
Fri Jun 07 14:31:20 Saved as file BACKUP1.MAX
Fri Jun 07 14:31:20 Saved as file BACKUP1.MAX
Fri Jun 07 14:31:21 Saved as file BACKUP1.MAX
Fri Jun 07 14:31:21 Saved as file BACKUP1.MAX
Fri Jun 07 14:31:21 Saved as file BACKUP1.MAX
Fri Jun 07 14:31:21 Saved as file BACKUP1.MAX
Fri Jun 07 14:31:21 Saved as file BACKUP1.MAX
Fri Jun 07 14:31:21 Saved as file BACKUP1.MAX
Fri Jun 07 14:31:22 Saved as file BACKUP1.MAX
Fri Jun 07 14:31:23 Saved as file BACKUP1.MAX
Fri Jun 07 14:31:24 Saved as file BACKUP1.MAX
Fri Jun 07 14:31:24 Saved as file BACKUP1.MAX
Fri Jun 07 14:31:25 Saved as file BACKUP1.MAX
Fri Jun 07 14:31:25 Saved as file BACKUP1.MAX
Fri Jun 07 14:31:27 Saved as file BACKUP1.MAX
Fri Jun 07 14:31:28 Saved as file BACKUP1.MAX
Fri Jun 07 14:31:28 Saved as file BACKUP1.MAX
Fri Jun 07 14:31:29 Saved as file BACKUP1.MAX
Fri Jun 07 14:31:29 Saved as file BACKUP1.MAX
Fri Jun 07 14:31:29 Saved as file BACKUP1.MAX
Fri Jun 07 14:31:30 Saved as file BACKUP1.MAX
Fri Jun 07 14:31:30 Saved as file BACKUP1.MAX
Fri Jun 07 14:31:30 Saved as file BACKUP1.MAX
Fri Jun 07 14:31:30 Saved as file BACKUP1.MAX
Fri Jun 07 14:31:30 Routed 468 connections in 22 seconds.
Fri Jun 07 14:31:30 Total is now 251 out of 299 (83%).
Fri Jun 07 14:31:30 Saved as file SWEEP2.MAX
Fri Jun 07 14:31:54 Routed 17 connections in 23 seconds.
Fri Jun 07 14:31:54 Total is now 265 out of 299 (88%).
Fri Jun 07 14:31:54 Saved as file SWEEP3.MAX
Fri Jun 07 14:32:28 Routed 11 connections in 34 seconds.
Fri Jun 07 14:32:28 Total is now 267 out of 299 (89%).
Fri Jun 07 14:32:28 Saved as file SWEEP4.MAX
Fri Jun 07 14:32:55 Routed 10 connections in 26 seconds.
Fri Jun 07 14:32:55 Total is now 272 out of 299 (90%).
Fri Jun 07 14:32:55 Saved as file SWEEP5.MAX
Fri Jun 07 17:43:26 Saved as file BACKUP1.MAX
Fri Jun 07 17:53:56 Saved as file BACKUP1.MAX
Fri Jun 07 18:04:26 Saved as file BACKUP1.MAX
Fri Jun 07 18:14:56 Saved as file BACKUP1.MAX
Fri Jun 07 18:25:26 Saved as file BACKUP1.MAX
Fri Jun 07 18:35:56 Saved as file BACKUP1.MAX
Fri Jun 07 18:37:04 Saved as file C:\USERS\STUDENT\DESKTOP\DISERTATIE_4_IUNIE\SCHEMA_DISERTATIE_CAPTURE_LAYOUT\SWEEP5.MAX
Fri Jun 07 18:38:45 Saved as file ~undo.max
Fri Jun 07 18:38:58 Saved as file ~undo.max
Fri Jun 07 18:39:13 Saved as file ~undo.max
Fri Jun 07 18:39:20 Saved as file ~undo.max
Fri Jun 07 18:39:29 Saved as file ~undo.max
Fri Jun 07 18:39:37 Saved as file ~undo.max
Fri Jun 07 18:39:48 Saved as file ~undo.max
Fri Jun 07 18:40:12 Saved as file C:\USERS\STUDENT\DESKTOP\DISERTATIE_4_IUNIE\SCHEMA_DISERTATIE_CAPTURE_LAYOUT\SWEEP5.MAX
Fri Jun 07 18:40:17 Saved as file BACKUP1.MAX
Fri Jun 07 18:40:17 Saved as file BACKUP1.MAX
Fri Jun 07 18:40:17 Saved as file BACKUP1.MAX
Fri Jun 07 18:40:17 Saved as file BACKUP1.MAX
Fri Jun 07 18:40:18 Saved as file BACKUP1.MAX
Fri Jun 07 18:40:18 Saved as file BACKUP1.MAX
Fri Jun 07 18:40:18 Saved as file BACKUP1.MAX
Fri Jun 07 18:40:18 Saved as file BACKUP1.MAX
Fri Jun 07 18:40:18 Saved as file BACKUP1.MAX
Fri Jun 07 18:40:19 Saved as file BACKUP1.MAX
Fri Jun 07 18:40:19 Saved as file BACKUP1.MAX
Fri Jun 07 18:40:19 Saved as file BACKUP1.MAX
Fri Jun 07 18:40:19 Saved as file BACKUP1.MAX
Fri Jun 07 18:40:19 Saved as file BACKUP1.MAX
Fri Jun 07 18:40:19 Saved as file BACKUP1.MAX
Fri Jun 07 18:40:19 Saved as file BACKUP1.MAX
Fri Jun 07 18:40:19 Saved as file BACKUP1.MAX
Fri Jun 07 18:40:20 Saved as file BACKUP1.MAX
Fri Jun 07 18:40:20 Saved as file BACKUP1.MAX
Fri Jun 07 18:40:20 Saved as file BACKUP1.MAX
Fri Jun 07 18:40:20 Saved as file BACKUP1.MAX
Fri Jun 07 18:40:21 Saved as file BACKUP1.MAX
Fri Jun 07 18:40:21 Saved as file BACKUP1.MAX
Fri Jun 07 18:40:21 Saved as file BACKUP1.MAX
Fri Jun 07 18:40:21 Saved as file BACKUP1.MAX
Fri Jun 07 18:40:21 Saved as file BACKUP1.MAX
Fri Jun 07 18:40:21 Saved as file BACKUP1.MAX
Fri Jun 07 18:40:21 Saved as file BACKUP1.MAX
Fri Jun 07 18:40:22 Saved as file BACKUP1.MAX
Fri Jun 07 18:40:22 Saved as file BACKUP1.MAX
Fri Jun 07 18:40:22 Saved as file BACKUP1.MAX
Fri Jun 07 18:40:22 Saved as file BACKUP1.MAX
Fri Jun 07 18:40:22 Routed 6 connections in 6 seconds.
Fri Jun 07 18:40:22 Total is now 6 out of 299 (2%).
Fri Jun 07 18:40:22 Saved as file SWEEP1.MAX
Fri Jun 07 18:40:23 Saved as file BACKUP1.MAX
Fri Jun 07 18:40:24 Saved as file BACKUP1.MAX
Fri Jun 07 18:40:24 Saved as file BACKUP1.MAX
Fri Jun 07 18:40:26 Saved as file BACKUP1.MAX
Fri Jun 07 18:40:26 Saved as file BACKUP1.MAX
Fri Jun 07 18:40:27 Saved as file BACKUP1.MAX
Fri Jun 07 18:40:28 Saved as file BACKUP1.MAX
Fri Jun 07 18:40:29 Saved as file BACKUP1.MAX
Fri Jun 07 18:40:31 Saved as file BACKUP1.MAX
Fri Jun 07 18:40:31 Saved as file BACKUP1.MAX
Fri Jun 07 18:40:32 Saved as file BACKUP1.MAX
Fri Jun 07 18:40:33 Saved as file BACKUP1.MAX
Fri Jun 07 18:40:34 Saved as file BACKUP1.MAX
Fri Jun 07 18:40:35 Saved as file BACKUP1.MAX
Fri Jun 07 18:40:35 Saved as file BACKUP1.MAX
Fri Jun 07 18:40:35 Saved as file BACKUP1.MAX
Fri Jun 07 18:40:35 Saved as file BACKUP1.MAX
Fri Jun 07 18:40:35 Saved as file BACKUP1.MAX
Fri Jun 07 18:40:35 Saved as file BACKUP1.MAX
Fri Jun 07 18:40:36 Saved as file BACKUP1.MAX
Fri Jun 07 18:40:36 Saved as file BACKUP1.MAX
Fri Jun 07 18:40:38 Saved as file BACKUP1.MAX
Fri Jun 07 18:40:38 Saved as file BACKUP1.MAX
Fri Jun 07 18:40:39 Saved as file BACKUP1.MAX
Fri Jun 07 18:40:40 Saved as file BACKUP1.MAX
Fri Jun 07 18:40:40 Saved as file BACKUP1.MAX
Fri Jun 07 18:40:41 Saved as file BACKUP1.MAX
Fri Jun 07 18:40:42 Saved as file BACKUP1.MAX
Fri Jun 07 18:40:43 Saved as file BACKUP1.MAX
Fri Jun 07 18:40:43 Saved as file BACKUP1.MAX
Fri Jun 07 18:40:43 Saved as file BACKUP1.MAX
Fri Jun 07 18:40:44 Saved as file BACKUP1.MAX
Fri Jun 07 18:40:44 Saved as file BACKUP1.MAX
Fri Jun 07 18:40:44 Saved as file BACKUP1.MAX
Fri Jun 07 18:40:44 Saved as file BACKUP1.MAX
Fri Jun 07 18:40:44 Routed 459 connections in 21 seconds.
Fri Jun 07 18:40:44 Total is now 245 out of 299 (81%).
Fri Jun 07 18:40:44 Saved as file SWEEP2.MAX
Fri Jun 07 18:41:08 Routed 20 connections in 23 seconds.
Fri Jun 07 18:41:08 Total is now 262 out of 299 (87%).
Fri Jun 07 18:41:08 Saved as file SWEEP3.MAX
Fri Jun 07 18:41:34 Routed 14 connections in 26 seconds.
Fri Jun 07 18:41:34 Total is now 270 out of 299 (90%).
Fri Jun 07 18:41:34 Saved as file SWEEP4.MAX
Fri Jun 07 18:42:01 Routed 10 connections in 26 seconds.
Fri Jun 07 18:42:01 Total is now 278 out of 299 (92%).
Fri Jun 07 18:42:01 Saved as file SWEEP5.MAX
Fri Jun 07 18:48:26 Saved as file BACKUP1.MAX
Fri Jun 07 18:58:56 Saved as file BACKUP1.MAX
Fri Jun 07 19:08:56 Saved as file BACKUP1.MAX
Fri Jun 07 19:18:56 Saved as file BACKUP1.MAX
Fri Jun 07 19:29:26 Saved as file BACKUP1.MAX
Fri Jun 07 19:39:56 Saved as file BACKUP1.MAX
Fri Jun 07 19:46:19 Saved as file C:\USERS\STUDENT\DESKTOP\DISERTATIE_4_IUNIE\SCHEMA_DISERTATIE_CAPTURE_LAYOUT\SWEEP5.MAX
Fri Jun 07 19:46:25 Saved as file BACKUP1.MAX
Fri Jun 07 19:46:25 Saved as file BACKUP1.MAX
Fri Jun 07 19:46:26 Saved as file BACKUP1.MAX
Fri Jun 07 19:46:26 Saved as file BACKUP1.MAX
Fri Jun 07 19:46:26 Saved as file BACKUP1.MAX
Fri Jun 07 19:46:26 Saved as file BACKUP1.MAX
Fri Jun 07 19:46:26 Saved as file BACKUP1.MAX
Fri Jun 07 19:46:27 Saved as file BACKUP1.MAX
Fri Jun 07 19:46:27 Saved as file BACKUP1.MAX
Fri Jun 07 19:46:27 Saved as file BACKUP1.MAX
Fri Jun 07 19:46:27 Saved as file BACKUP1.MAX
Fri Jun 07 19:46:27 Saved as file BACKUP1.MAX
Fri Jun 07 19:46:28 Saved as file BACKUP1.MAX
Fri Jun 07 19:46:28 Saved as file BACKUP1.MAX
Fri Jun 07 19:46:28 Saved as file BACKUP1.MAX
Fri Jun 07 19:46:28 Saved as file BACKUP1.MAX
Fri Jun 07 19:46:28 Saved as file BACKUP1.MAX
Fri Jun 07 19:46:28 Saved as file BACKUP1.MAX
Fri Jun 07 19:46:29 Saved as file BACKUP1.MAX
Fri Jun 07 19:46:29 Saved as file BACKUP1.MAX
Fri Jun 07 19:46:29 Saved as file BACKUP1.MAX
Fri Jun 07 19:46:29 Saved as file BACKUP1.MAX
Fri Jun 07 19:46:29 Saved as file BACKUP1.MAX
Fri Jun 07 19:46:29 Saved as file BACKUP1.MAX
Fri Jun 07 19:46:29 Saved as file BACKUP1.MAX
Fri Jun 07 19:46:30 Saved as file BACKUP1.MAX
Fri Jun 07 19:46:30 Saved as file BACKUP1.MAX
Fri Jun 07 19:46:30 Saved as file BACKUP1.MAX
Fri Jun 07 19:46:30 Saved as file BACKUP1.MAX
Fri Jun 07 19:46:30 Saved as file BACKUP1.MAX
Fri Jun 07 19:46:30 Saved as file BACKUP1.MAX
Fri Jun 07 19:46:30 Routed 6 connections in 5 seconds.
Fri Jun 07 19:46:30 Total is now 6 out of 299 (2%).
Fri Jun 07 19:46:30 Saved as file SWEEP1.MAX
Fri Jun 07 19:46:31 Saved as file BACKUP1.MAX
Fri Jun 07 19:46:32 Saved as file BACKUP1.MAX
Fri Jun 07 19:46:33 Saved as file BACKUP1.MAX
Fri Jun 07 19:46:34 Saved as file BACKUP1.MAX
Fri Jun 07 19:46:34 Saved as file BACKUP1.MAX
Fri Jun 07 19:46:36 Saved as file BACKUP1.MAX
Fri Jun 07 19:46:37 Saved as file BACKUP1.MAX
Fri Jun 07 19:46:38 Saved as file BACKUP1.MAX
Fri Jun 07 19:46:39 Saved as file BACKUP1.MAX
Fri Jun 07 19:46:40 Saved as file BACKUP1.MAX
Fri Jun 07 19:46:41 Saved as file BACKUP1.MAX
Fri Jun 07 19:46:42 Saved as file BACKUP1.MAX
Fri Jun 07 19:46:42 Saved as file BACKUP1.MAX
Fri Jun 07 19:46:43 Saved as file BACKUP1.MAX
Fri Jun 07 19:46:44 Saved as file BACKUP1.MAX
Fri Jun 07 19:46:44 Saved as file BACKUP1.MAX
Fri Jun 07 19:46:44 Saved as file BACKUP1.MAX
Fri Jun 07 19:46:44 Saved as file BACKUP1.MAX
Fri Jun 07 19:46:44 Saved as file BACKUP1.MAX
Fri Jun 07 19:46:44 Saved as file BACKUP1.MAX
Fri Jun 07 19:46:45 Saved as file BACKUP1.MAX
Fri Jun 07 19:46:46 Saved as file BACKUP1.MAX
Fri Jun 07 19:46:47 Saved as file BACKUP1.MAX
Fri Jun 07 19:46:48 Saved as file BACKUP1.MAX
Fri Jun 07 19:46:48 Saved as file BACKUP1.MAX
Fri Jun 07 19:46:49 Saved as file BACKUP1.MAX
Fri Jun 07 19:46:50 Saved as file BACKUP1.MAX
Fri Jun 07 19:46:50 Saved as file BACKUP1.MAX
Fri Jun 07 19:46:51 Saved as file BACKUP1.MAX
Fri Jun 07 19:46:52 Saved as file BACKUP1.MAX
Fri Jun 07 19:46:52 Saved as file BACKUP1.MAX
Fri Jun 07 19:46:52 Saved as file BACKUP1.MAX
Fri Jun 07 19:46:52 Saved as file BACKUP1.MAX
Fri Jun 07 19:46:52 Saved as file BACKUP1.MAX
Fri Jun 07 19:46:52 Saved as file BACKUP1.MAX
Fri Jun 07 19:46:52 Routed 467 connections in 22 seconds.
Fri Jun 07 19:46:52 Total is now 241 out of 299 (80%).
Fri Jun 07 19:46:52 Saved as file SWEEP2.MAX
Fri Jun 07 19:47:16 Routed 22 connections in 23 seconds.
Fri Jun 07 19:47:16 Total is now 259 out of 299 (86%).
Fri Jun 07 19:47:16 Saved as file SWEEP3.MAX
Fri Jun 07 19:47:57 Routed 8 connections in 41 seconds.
Fri Jun 07 19:47:57 Total is now 262 out of 299 (87%).
Fri Jun 07 19:47:57 Saved as file SWEEP4.MAX
Fri Jun 07 19:48:34 Routed 11 connections in 36 seconds.
Fri Jun 07 19:48:34 Total is now 272 out of 299 (90%).
Fri Jun 07 19:48:34 Saved as file SWEEP5.MAX
Fri Jun 07 19:54:56 Saved as file BACKUP1.MAX
Fri Jun 07 20:05:26 Saved as file BACKUP1.MAX
Fri Jun 07 20:15:56 Saved as file BACKUP1.MAX
Fri Jun 07 20:26:26 Saved as file BACKUP1.MAX
Fri Jun 07 20:36:56 Saved as file BACKUP1.MAX
Fri Jun 07 20:47:26 Saved as file BACKUP1.MAX
Fri Jun 07 20:57:56 Saved as file BACKUP1.MAX
Fri Jun 07 21:08:26 Saved as file BACKUP1.MAX
Fri Jun 07 21:18:56 Saved as file BACKUP1.MAX
Fri Jun 07 21:29:26 Saved as file BACKUP1.MAX
Fri Jun 07 21:39:56 Saved as file BACKUP1.MAX
Fri Jun 07 21:50:26 Saved as file BACKUP1.MAX
Fri Jun 07 22:00:56 Saved as file BACKUP1.MAX
Fri Jun 07 22:05:06 Saved as file C:\USERS\STUDENT\DESKTOP\DISERTATIE_4_IUNIE\SCHEMA_DISERTATIE_CAPTURE_LAYOUT\SWEEP5.MAX
Thu Jun 20 12:24:35 Loaded file C:\OrCAD\OrCAD_16.2\tools\Layout_Plus\data\template.imp
Thu Jun 20 12:24:35 Loaded file C:\OrCAD\OrCAD_16.2\tools\Layout_Plus\data\template.imp
Thu Jun 20 12:24:49 Loaded file C:\USERS\STUDENT\DESKTOP\DISERTATIE_6_IUNIE\SCHEMA_DISERTATIE_CAPTURE_LAYOUT\FRECVENTMETRU.LLB
Thu Jun 20 12:24:54 Loaded file C:\OrCAD\OrCAD_16.2\tools\Layout_Plus\data\template.imp
Thu Jun 20 12:26:31 UserDiv from Layout.INI for AutoECO: 60
Thu Jun 20 12:26:31 Loaded file C:\ORCAD\ORCAD_16.2\TOOLS\LAYOUT_PLUS\DATA\_DEFAULT.TCH
Thu Jun 20 12:26:31 Loaded file C:\USERS\STUDENT\DESKTOP\DISERTATIE_6_IUNIE\SCHEMA_DISERTATIE_CAPTURE_LAYOUT\FRECVENTMETRU.LLB
Thu Jun 20 12:26:31 Loaded file D:\WORK_TE\PARASCHIVESCU\5417\LIBRARY_PARASCHIVESCU.LLB
Thu Jun 20 12:26:31 Loaded file D:\WORK_TE\5409\GR_5409_LUPU\LIBRARIE_LUPU.LLB
Thu Jun 20 12:26:31 Loaded file D:\WORK_TE\5415\PCB\LIBRARY_COPACEANU.LLB
Thu Jun 20 12:26:31 Loaded file D:\WORK_TE\5412_ADELIN\SCHEMA CABLAJ-PSPICEFILES\LIBR_ADELIN.LLB
Thu Jun 20 12:26:31 Loaded file C:\OrCAD\OrCAD_16.2\tools\Layout_Plus\library\BCON100T.llb
Thu Jun 20 12:26:31 Loaded file C:\OrCAD\OrCAD_16.2\tools\Layout_Plus\library\BCON156T.llb
Thu Jun 20 12:26:31 Loaded file C:\OrCAD\OrCAD_16.2\tools\Layout_Plus\library\BGA.llb
Thu Jun 20 12:26:31 Loaded file C:\OrCAD\OrCAD_16.2\tools\Layout_Plus\library\CLCC.llb
Thu Jun 20 12:26:31 Loaded file C:\OrCAD\OrCAD_16.2\tools\Layout_Plus\library\DCON050T.llb
Thu Jun 20 12:26:31 Loaded file C:\OrCAD\OrCAD_16.2\tools\Layout_Plus\library\DCON085T.llb
Thu Jun 20 12:26:31 Loaded file C:\OrCAD\OrCAD_16.2\tools\Layout_Plus\library\DIMM050F.llb
Thu Jun 20 12:26:31 Loaded file C:\OrCAD\OrCAD_16.2\tools\Layout_Plus\library\DIMM050T.llb
Thu Jun 20 12:26:31 Loaded file C:\OrCAD\OrCAD_16.2\tools\Layout_Plus\library\DIN.llb
Thu Jun 20 12:26:31 Loaded file C:\OrCAD\OrCAD_16.2\tools\Layout_Plus\library\DIP100B.llb
Thu Jun 20 12:26:31 Loaded file C:\OrCAD\OrCAD_16.2\tools\Layout_Plus\library\DIP100T.llb
Thu Jun 20 12:26:31 Loaded file C:\OrCAD\OrCAD_16.2\tools\Layout_Plus\library\DSUBT.llb
Thu Jun 20 12:26:31 Loaded file C:\OrCAD\OrCAD_16.2\tools\Layout_Plus\library\DSUBT_HD.LLB
Thu Jun 20 12:26:31 Loaded file C:\OrCAD\OrCAD_16.2\tools\Layout_Plus\library\ECON100T.llb
Thu Jun 20 12:26:31 Loaded file C:\OrCAD\OrCAD_16.2\tools\Layout_Plus\library\FBUS.llb
Thu Jun 20 12:26:31 Loaded file C:\OrCAD\OrCAD_16.2\tools\Layout_Plus\library\ISA.llb
Thu Jun 20 12:26:31 Loaded file C:\OrCAD\OrCAD_16.2\tools\Layout_Plus\library\JUMPER.LLB
Thu Jun 20 12:26:31 Loaded file C:\OrCAD\OrCAD_16.2\tools\Layout_Plus\library\LAYOUT.llb
Thu Jun 20 12:26:31 Loaded file C:\OrCAD\OrCAD_16.2\tools\Layout_Plus\library\LCON100T.llb
Thu Jun 20 12:26:31 Loaded file C:\OrCAD\OrCAD_16.2\tools\Layout_Plus\library\PC104.llb
Thu Jun 20 12:26:31 Loaded file C:\OrCAD\OrCAD_16.2\tools\Layout_Plus\library\PCI.llb
Thu Jun 20 12:26:31 Loaded file C:\OrCAD\OrCAD_16.2\tools\Layout_Plus\library\PCON100T.llb
Thu Jun 20 12:26:31 Loaded file C:\OrCAD\OrCAD_16.2\tools\Layout_Plus\library\PCON156T.llb
Thu Jun 20 12:26:31 Loaded file C:\OrCAD\OrCAD_16.2\tools\Layout_Plus\library\PGA.llb
Thu Jun 20 12:26:31 Loaded file C:\OrCAD\OrCAD_16.2\tools\Layout_Plus\library\PLCC.llb
Thu Jun 20 12:26:31 Loaded file C:\OrCAD\OrCAD_16.2\tools\Layout_Plus\library\QUAD.llb
Thu Jun 20 12:26:31 Loaded file C:\OrCAD\OrCAD_16.2\tools\Layout_Plus\library\QUADB.llb
Thu Jun 20 12:26:31 Loaded file C:\OrCAD\OrCAD_16.2\tools\Layout_Plus\library\RELAY.llb
Thu Jun 20 12:26:31 Loaded file C:\OrCAD\OrCAD_16.2\tools\Layout_Plus\library\RF.llb
Thu Jun 20 12:26:31 Loaded file C:\OrCAD\OrCAD_16.2\tools\Layout_Plus\library\SBUS.llb
Thu Jun 20 12:26:31 Loaded file C:\OrCAD\OrCAD_16.2\tools\Layout_Plus\library\SIMM050F.llb
Thu Jun 20 12:26:31 Loaded file C:\OrCAD\OrCAD_16.2\tools\Layout_Plus\library\SIMM050T.llb
Thu Jun 20 12:26:31 Loaded file C:\OrCAD\OrCAD_16.2\tools\Layout_Plus\library\SIMM100F.llb
Thu Jun 20 12:26:31 Loaded file C:\OrCAD\OrCAD_16.2\tools\Layout_Plus\library\SIMM100T.llb
Thu Jun 20 12:26:31 Loaded file C:\OrCAD\OrCAD_16.2\tools\Layout_Plus\library\SIP.llb
Thu Jun 20 12:26:32 Loaded file C:\OrCAD\OrCAD_16.2\tools\Layout_Plus\library\SM.llb
Thu Jun 20 12:26:32 Loaded file C:\OrCAD\OrCAD_16.2\tools\Layout_Plus\library\SOG.llb
Thu Jun 20 12:26:32 Loaded file C:\OrCAD\OrCAD_16.2\tools\Layout_Plus\library\SOJ.llb
Thu Jun 20 12:26:32 Loaded file C:\OrCAD\OrCAD_16.2\tools\Layout_Plus\library\STIFF.llb
Thu Jun 20 12:26:32 Loaded file C:\OrCAD\OrCAD_16.2\tools\Layout_Plus\library\TELE.llb
Thu Jun 20 12:26:32 Loaded file C:\OrCAD\OrCAD_16.2\tools\Layout_Plus\library\TM_AXIAL.llb
Thu Jun 20 12:26:32 Loaded file C:\OrCAD\OrCAD_16.2\tools\Layout_Plus\library\TM_CAP_P.llb
Thu Jun 20 12:26:32 Loaded file C:\OrCAD\OrCAD_16.2\tools\Layout_Plus\library\TM_CYLND.llb
Thu Jun 20 12:26:32 Loaded file C:\OrCAD\OrCAD_16.2\tools\Layout_Plus\library\TM_DIODE.llb
Thu Jun 20 12:26:32 Loaded file C:\OrCAD\OrCAD_16.2\tools\Layout_Plus\library\TM_DISC.llb
Thu Jun 20 12:26:32 Loaded file C:\OrCAD\OrCAD_16.2\tools\Layout_Plus\library\TM_RAD.llb
Thu Jun 20 12:26:32 Loaded file C:\OrCAD\OrCAD_16.2\tools\Layout_Plus\library\TO.llb
Thu Jun 20 12:26:32 Loaded file C:\OrCAD\OrCAD_16.2\tools\Layout_Plus\library\TRAINING.LLB
Thu Jun 20 12:26:32 Loaded file C:\OrCAD\OrCAD_16.2\tools\Layout_Plus\library\VRES.llb
Thu Jun 20 12:26:32 Loaded file C:\OrCAD\OrCAD_16.2\tools\Layout_Plus\library\WCON100T.llb
Thu Jun 20 12:26:32 Loaded file C:\OrCAD\OrCAD_16.2\tools\Layout_Plus\library\XT.llb
Thu Jun 20 12:26:32 Loaded file C:\OrCAD\OrCAD_16.2\tools\Layout_Plus\library\ZIGZAG.llb
Thu Jun 20 12:26:32 Loaded file C:\OrCAD\OrCAD_16.2\tools\Layout_Plus\library\TM_AXIAL.llb
Thu Jun 20 12:26:32 Loaded file C:\OrCAD\OrCAD_16.2\tools\Layout_Plus\library\TM_RAD.llb
Thu Jun 20 12:26:39 Loaded file C:\ORCAD\ORCAD_16.2\TOOLS\LAYOUT_PLUS\data\template.imp
Thu Jun 20 12:26:39 Loaded file C:\ORCAD\ORCAD_16.2\TOOLS\LAYOUT_PLUS\data\template.imp
Thu Jun 20 12:26:40 Loaded file C:\USERS\STUDENT\DESKTOP\DISERTATIE_6_IUNIE\SCHEMA_DISERTATIE_CAPTURE_LAYOUT\FRECVENTMETRU.LLB
Thu Jun 20 12:26:42 Loaded file C:\ORCAD\ORCAD_16.2\TOOLS\LAYOUT_PLUS\data\template.imp
Thu Jun 20 12:26:42 Loaded file C:\USERS\STUDENT\DESKTOP\DISERTATIE_6_IUNIE\SCHEMA_DISERTATIE_CAPTURE_LAYOUT\FRECVENTMETRU.LLB
Thu Jun 20 12:26:44 Loaded file C:\USERS\STUDENT\DESKTOP\DISERTATIE_6_IUNIE\SCHEMA_DISERTATIE_CAPTURE_LAYOUT\FRECVENTMETRU.LLB
Thu Jun 20 12:26:46 Loaded file C:\USERS\STUDENT\DESKTOP\DISERTATIE_6_IUNIE\SCHEMA_DISERTATIE_CAPTURE_LAYOUT\FRECVENTMETRU.LLB
Thu Jun 20 12:26:49 Loaded file C:\USERS\STUDENT\DESKTOP\DISERTATIE_6_IUNIE\SCHEMA_DISERTATIE_CAPTURE_LAYOUT\FRECVENTMETRU.LLB
Thu Jun 20 12:26:49 Loaded file C:\USERS\STUDENT\DESKTOP\DISERTATIE_6_IUNIE\SCHEMA_DISERTATIE_CAPTURE_LAYOUT\FRECVENTMETRU.LLB
Thu Jun 20 12:26:49 Loaded file C:\USERS\STUDENT\DESKTOP\DISERTATIE_6_IUNIE\SCHEMA_DISERTATIE_CAPTURE_LAYOUT\FRECVENTMETRU.LLB
Thu Jun 20 12:26:49 Loaded file C:\USERS\STUDENT\DESKTOP\DISERTATIE_6_IUNIE\SCHEMA_DISERTATIE_CAPTURE_LAYOUT\FRECVENTMETRU.LLB
Thu Jun 20 12:26:50 Loaded file C:\ORCAD\ORCAD_16.2\TOOLS\LAYOUT_PLUS\DATA\_DEFAULT.TCH
Thu Jun 20 12:26:50 Saved as file C:\ORCAD\ORCAD_16.2\TOOLS\LAYOUT_PLUS\DATA\_DEFAULT.TCH
Thu Jun 20 12:26:50 Loaded file C:\ORCAD\ORCAD_16.2\TOOLS\LAYOUT_PLUS\DATA\_DEFAULT.TCH
Thu Jun 20 13:22:54 Loaded file C:\USERS\STUDENT\DESKTOP\DISERTATIE_6_IUNIE\SCHEMA_DISERTATIE_CAPTURE_LAYOUT\FRECVENTMETRU.LLB
Thu Jun 20 13:22:54 Saved as file C:\USERS\STUDENT\DESKTOP\DISERTATIE_6_IUNIE\SCHEMA_DISERTATIE_CAPTURE_LAYOUT\FRECVENTMETRU.LLB
Thu Jun 20 13:22:54 Loaded file C:\USERS\STUDENT\DESKTOP\DISERTATIE_6_IUNIE\SCHEMA_DISERTATIE_CAPTURE_LAYOUT\FRECVENTMETRU.LLB
Thu Jun 20 13:27:29 Loaded file C:\ORCAD\ORCAD_16.2\TOOLS\LAYOUT_PLUS\library\padstack.llb
Thu Jun 20 13:28:12 Loaded file C:\ORCAD\ORCAD_16.2\TOOLS\LAYOUT_PLUS\library\padstack.llb
Thu Jun 20 13:28:41 Loaded file C:\USERS\STUDENT\DESKTOP\DISERTATIE_6_IUNIE\SCHEMA_DISERTATIE_CAPTURE_LAYOUT\FRECVENTMETRU.LLB
Thu Jun 20 13:28:43 Saved as file C:\USERS\STUDENT\DESKTOP\DISERTATIE_6_IUNIE\SCHEMA_DISERTATIE_CAPTURE_LAYOUT\FRECVENTMETRU.LLB
Thu Jun 20 13:28:43 Loaded file C:\USERS\STUDENT\DESKTOP\DISERTATIE_6_IUNIE\SCHEMA_DISERTATIE_CAPTURE_LAYOUT\FRECVENTMETRU.LLB
Thu Jun 20 13:28:43 Loaded file C:\ORCAD\ORCAD_16.2\TOOLS\LAYOUT_PLUS\data\template.imp
Thu Jun 20 13:28:46 Loaded file C:\ORCAD\ORCAD_16.2\TOOLS\LAYOUT_PLUS\data\template.imp
Thu Jun 20 13:28:49 Loaded file C:\ORCAD\ORCAD_16.2\TOOLS\LAYOUT_PLUS\data\template.imp
Thu Jun 20 13:28:51 Loaded file C:\ORCAD\ORCAD_16.2\TOOLS\LAYOUT_PLUS\data\template.imp
Thu Jun 20 13:28:51 Loaded file C:\ORCAD\ORCAD_16.2\TOOLS\LAYOUT_PLUS\data\template.imp
Thu Jun 20 13:28:52 Loaded file C:\ORCAD\ORCAD_16.2\TOOLS\LAYOUT_PLUS\data\template.imp
Thu Jun 20 13:28:52 Loaded file C:\ORCAD\ORCAD_16.2\TOOLS\LAYOUT_PLUS\data\template.imp
Thu Jun 20 13:28:53 Loaded file C:\ORCAD\ORCAD_16.2\TOOLS\LAYOUT_PLUS\data\template.imp
Thu Jun 20 13:28:54 Loaded file C:\ORCAD\ORCAD_16.2\TOOLS\LAYOUT_PLUS\data\template.imp
Thu Jun 20 13:28:54 Loaded file C:\ORCAD\ORCAD_16.2\TOOLS\LAYOUT_PLUS\data\template.imp
Thu Jun 20 13:28:55 Loaded file C:\ORCAD\ORCAD_16.2\TOOLS\LAYOUT_PLUS\data\template.imp
Thu Jun 20 13:28:59 Loaded file C:\ORCAD\ORCAD_16.2\TOOLS\LAYOUT_PLUS\data\template.imp
Thu Jun 20 13:29:00 Loaded file C:\ORCAD\ORCAD_16.2\TOOLS\LAYOUT_PLUS\data\template.imp
Thu Jun 20 13:29:01 Loaded file C:\ORCAD\ORCAD_16.2\TOOLS\LAYOUT_PLUS\data\template.imp
Thu Jun 20 13:29:06 Loaded file C:\ORCAD\ORCAD_16.2\TOOLS\LAYOUT_PLUS\data\template.imp
Thu Jun 20 13:29:06 Loaded file C:\ORCAD\ORCAD_16.2\TOOLS\LAYOUT_PLUS\data\template.imp
Thu Jun 20 13:29:07 Loaded file C:\ORCAD\ORCAD_16.2\TOOLS\LAYOUT_PLUS\data\template.imp
Thu Jun 20 13:29:08 Loaded file C:\ORCAD\ORCAD_16.2\TOOLS\LAYOUT_PLUS\data\template.imp
Thu Jun 20 13:29:08 Loaded file C:\ORCAD\ORCAD_16.2\TOOLS\LAYOUT_PLUS\data\template.imp
Thu Jun 20 13:29:09 Loaded file C:\ORCAD\ORCAD_16.2\TOOLS\LAYOUT_PLUS\data\template.imp
Thu Jun 20 13:29:10 Loaded file C:\ORCAD\ORCAD_16.2\TOOLS\LAYOUT_PLUS\data\template.imp
Thu Jun 20 13:29:11 Loaded file C:\ORCAD\ORCAD_16.2\TOOLS\LAYOUT_PLUS\data\template.imp
Thu Jun 20 13:29:12 Loaded file C:\ORCAD\ORCAD_16.2\TOOLS\LAYOUT_PLUS\data\template.imp
Thu Jun 20 13:29:13 Loaded file C:\ORCAD\ORCAD_16.2\TOOLS\LAYOUT_PLUS\data\template.imp
Thu Jun 20 13:29:14 Loaded file C:\ORCAD\ORCAD_16.2\TOOLS\LAYOUT_PLUS\data\template.imp
Thu Jun 20 13:29:15 Loaded file C:\ORCAD\ORCAD_16.2\TOOLS\LAYOUT_PLUS\data\template.imp
Thu Jun 20 13:29:36 Loaded file C:\ORCAD\ORCAD_16.2\TOOLS\LAYOUT_PLUS\data\template.imp
Thu Jun 20 13:29:37 Loaded file C:\ORCAD\ORCAD_16.2\TOOLS\LAYOUT_PLUS\data\template.imp
Thu Jun 20 13:29:42 Loaded file C:\ORCAD\ORCAD_16.2\TOOLS\LAYOUT_PLUS\data\template.imp
Thu Jun 20 13:33:19 Loaded file C:\ORCAD\ORCAD_16.2\TOOLS\LAYOUT_PLUS\data\template.imp
Thu Jun 20 13:33:20 Loaded file C:\ORCAD\ORCAD_16.2\TOOLS\LAYOUT_PLUS\data\template.imp
Thu Jun 20 13:34:47 Loaded file C:\USERS\STUDENT\DESKTOP\DISERTATIE_6_IUNIE\SCHEMA_DISERTATIE_CAPTURE_LAYOUT\FRECVENTMETRU.LLB
Thu Jun 20 13:34:47 Saved as file C:\USERS\STUDENT\DESKTOP\DISERTATIE_6_IUNIE\SCHEMA_DISERTATIE_CAPTURE_LAYOUT\FRECVENTMETRU.LLB
Thu Jun 20 13:34:47 Loaded file C:\USERS\STUDENT\DESKTOP\DISERTATIE_6_IUNIE\SCHEMA_DISERTATIE_CAPTURE_LAYOUT\FRECVENTMETRU.LLB
Thu Jun 20 13:36:03 Loaded file C:\USERS\STUDENT\DESKTOP\DISERTATIE_6_IUNIE\SCHEMA_DISERTATIE_CAPTURE_LAYOUT\FRECVENTMETRU.LLB
Thu Jun 20 13:36:03 Saved as file C:\USERS\STUDENT\DESKTOP\DISERTATIE_6_IUNIE\SCHEMA_DISERTATIE_CAPTURE_LAYOUT\FRECVENTMETRU.LLB
Thu Jun 20 13:36:03 Loaded file C:\USERS\STUDENT\DESKTOP\DISERTATIE_6_IUNIE\SCHEMA_DISERTATIE_CAPTURE_LAYOUT\FRECVENTMETRU.LLB
Thu Jun 20 13:36:53 Loaded file C:\USERS\STUDENT\DESKTOP\DISERTATIE_6_IUNIE\SCHEMA_DISERTATIE_CAPTURE_LAYOUT\FRECVENTMETRU.LLB
Thu Jun 20 13:36:53 Saved as file C:\USERS\STUDENT\DESKTOP\DISERTATIE_6_IUNIE\SCHEMA_DISERTATIE_CAPTURE_LAYOUT\FRECVENTMETRU.LLB
Thu Jun 20 13:36:53 Loaded file C:\USERS\STUDENT\DESKTOP\DISERTATIE_6_IUNIE\SCHEMA_DISERTATIE_CAPTURE_LAYOUT\FRECVENTMETRU.LLB
Thu Jun 20 13:37:38 Loaded file C:\USERS\STUDENT\DESKTOP\DISERTATIE_6_IUNIE\SCHEMA_DISERTATIE_CAPTURE_LAYOUT\FRECVENTMETRU.LLB
Thu Jun 20 13:37:38 Loaded file D:\WORK_TE\PARASCHIVESCU\5417\LIBRARY_PARASCHIVESCU.LLB
Thu Jun 20 13:37:38 Loaded file D:\WORK_TE\5409\GR_5409_LUPU\LIBRARIE_LUPU.LLB
Thu Jun 20 13:37:38 Loaded file D:\WORK_TE\5415\PCB\LIBRARY_COPACEANU.LLB
Thu Jun 20 13:37:38 Loaded file D:\WORK_TE\5412_ADELIN\SCHEMA CABLAJ-PSPICEFILES\LIBR_ADELIN.LLB
Thu Jun 20 13:37:38 Loaded file C:\OrCAD\OrCAD_16.2\tools\Layout_Plus\library\BCON100T.llb
Thu Jun 20 13:37:38 Loaded file C:\OrCAD\OrCAD_16.2\tools\Layout_Plus\library\BCON156T.llb
Thu Jun 20 13:37:38 Loaded file C:\OrCAD\OrCAD_16.2\tools\Layout_Plus\library\BGA.llb
Thu Jun 20 13:37:38 Loaded file C:\OrCAD\OrCAD_16.2\tools\Layout_Plus\library\CLCC.llb
Thu Jun 20 13:37:38 Loaded file C:\OrCAD\OrCAD_16.2\tools\Layout_Plus\library\DCON050T.llb
Thu Jun 20 13:37:38 Loaded file C:\OrCAD\OrCAD_16.2\tools\Layout_Plus\library\DCON085T.llb
Thu Jun 20 13:37:38 Loaded file C:\OrCAD\OrCAD_16.2\tools\Layout_Plus\library\DIMM050F.llb
Thu Jun 20 13:37:38 Loaded file C:\OrCAD\OrCAD_16.2\tools\Layout_Plus\library\DIMM050T.llb
Thu Jun 20 13:37:38 Loaded file C:\OrCAD\OrCAD_16.2\tools\Layout_Plus\library\DIN.llb
Thu Jun 20 13:37:38 Loaded file C:\OrCAD\OrCAD_16.2\tools\Layout_Plus\library\DIP100B.llb
Thu Jun 20 13:37:38 Loaded file C:\OrCAD\OrCAD_16.2\tools\Layout_Plus\library\DIP100T.llb
Thu Jun 20 13:37:38 Loaded file C:\OrCAD\OrCAD_16.2\tools\Layout_Plus\library\DSUBT.llb
Thu Jun 20 13:37:38 Loaded file C:\OrCAD\OrCAD_16.2\tools\Layout_Plus\library\DSUBT_HD.LLB
Thu Jun 20 13:37:38 Loaded file C:\OrCAD\OrCAD_16.2\tools\Layout_Plus\library\ECON100T.llb
Thu Jun 20 13:37:38 Loaded file C:\OrCAD\OrCAD_16.2\tools\Layout_Plus\library\FBUS.llb
Thu Jun 20 13:37:38 Loaded file C:\OrCAD\OrCAD_16.2\tools\Layout_Plus\library\ISA.llb
Thu Jun 20 13:37:38 Loaded file C:\OrCAD\OrCAD_16.2\tools\Layout_Plus\library\JUMPER.LLB
Thu Jun 20 13:37:38 Loaded file C:\OrCAD\OrCAD_16.2\tools\Layout_Plus\library\LAYOUT.llb
Thu Jun 20 13:37:38 Loaded file C:\OrCAD\OrCAD_16.2\tools\Layout_Plus\library\LCON100T.llb
Thu Jun 20 13:37:38 Loaded file C:\OrCAD\OrCAD_16.2\tools\Layout_Plus\library\PC104.llb
Thu Jun 20 13:37:38 Loaded file C:\OrCAD\OrCAD_16.2\tools\Layout_Plus\library\PCI.llb
Thu Jun 20 13:37:38 Loaded file C:\OrCAD\OrCAD_16.2\tools\Layout_Plus\library\PCON100T.llb
Thu Jun 20 13:37:38 Loaded file C:\OrCAD\OrCAD_16.2\tools\Layout_Plus\library\PCON156T.llb
Thu Jun 20 13:37:38 Loaded file C:\OrCAD\OrCAD_16.2\tools\Layout_Plus\library\PGA.llb
Thu Jun 20 13:37:38 Loaded file C:\OrCAD\OrCAD_16.2\tools\Layout_Plus\library\PLCC.llb
Thu Jun 20 13:37:38 Loaded file C:\OrCAD\OrCAD_16.2\tools\Layout_Plus\library\QUAD.llb
Thu Jun 20 13:37:38 Loaded file C:\OrCAD\OrCAD_16.2\tools\Layout_Plus\library\QUADB.llb
Thu Jun 20 13:37:38 Loaded file C:\OrCAD\OrCAD_16.2\tools\Layout_Plus\library\RELAY.llb
Thu Jun 20 13:37:38 Loaded file C:\OrCAD\OrCAD_16.2\tools\Layout_Plus\library\RF.llb
Thu Jun 20 13:37:38 Loaded file C:\OrCAD\OrCAD_16.2\tools\Layout_Plus\library\SBUS.llb
Thu Jun 20 13:37:38 Loaded file C:\OrCAD\OrCAD_16.2\tools\Layout_Plus\library\SIMM050F.llb
Thu Jun 20 13:37:38 Loaded file C:\OrCAD\OrCAD_16.2\tools\Layout_Plus\library\SIMM050T.llb
Thu Jun 20 13:37:38 Loaded file C:\OrCAD\OrCAD_16.2\tools\Layout_Plus\library\SIMM100F.llb
Thu Jun 20 13:37:38 Loaded file C:\OrCAD\OrCAD_16.2\tools\Layout_Plus\library\SIMM100T.llb
Thu Jun 20 13:37:38 Loaded file C:\OrCAD\OrCAD_16.2\tools\Layout_Plus\library\SIP.llb
Thu Jun 20 13:37:38 Loaded file C:\OrCAD\OrCAD_16.2\tools\Layout_Plus\library\SM.llb
Thu Jun 20 13:37:39 Loaded file C:\OrCAD\OrCAD_16.2\tools\Layout_Plus\library\SOG.llb
Thu Jun 20 13:37:39 Loaded file C:\OrCAD\OrCAD_16.2\tools\Layout_Plus\library\SOJ.llb
Thu Jun 20 13:37:39 Loaded file C:\OrCAD\OrCAD_16.2\tools\Layout_Plus\library\STIFF.llb
Thu Jun 20 13:37:39 Loaded file C:\OrCAD\OrCAD_16.2\tools\Layout_Plus\library\TELE.llb
Thu Jun 20 13:37:39 Loaded file C:\OrCAD\OrCAD_16.2\tools\Layout_Plus\library\TM_AXIAL.llb
Thu Jun 20 13:37:39 Loaded file C:\OrCAD\OrCAD_16.2\tools\Layout_Plus\library\TM_CAP_P.llb
Thu Jun 20 13:37:39 Loaded file C:\OrCAD\OrCAD_16.2\tools\Layout_Plus\library\TM_CYLND.llb
Thu Jun 20 13:37:39 Loaded file C:\OrCAD\OrCAD_16.2\tools\Layout_Plus\library\TM_DIODE.llb
Thu Jun 20 13:37:39 Loaded file C:\OrCAD\OrCAD_16.2\tools\Layout_Plus\library\TM_DISC.llb
Thu Jun 20 13:37:39 Loaded file C:\OrCAD\OrCAD_16.2\tools\Layout_Plus\library\TM_RAD.llb
Thu Jun 20 13:37:39 Loaded file C:\OrCAD\OrCAD_16.2\tools\Layout_Plus\library\TO.llb
Thu Jun 20 13:37:39 Loaded file C:\OrCAD\OrCAD_16.2\tools\Layout_Plus\library\TRAINING.LLB
Thu Jun 20 13:37:39 Loaded file C:\OrCAD\OrCAD_16.2\tools\Layout_Plus\library\VRES.llb
Thu Jun 20 13:37:39 Loaded file C:\OrCAD\OrCAD_16.2\tools\Layout_Plus\library\WCON100T.llb
Thu Jun 20 13:37:39 Loaded file C:\OrCAD\OrCAD_16.2\tools\Layout_Plus\library\XT.llb
Thu Jun 20 13:37:39 Loaded file C:\OrCAD\OrCAD_16.2\tools\Layout_Plus\library\ZIGZAG.llb
Thu Jun 20 13:37:46 Loaded file C:\ORCAD\ORCAD_16.2\TOOLS\LAYOUT_PLUS\data\template.imp
Thu Jun 20 13:37:57 Loaded file C:\ORCAD\ORCAD_16.2\TOOLS\LAYOUT_PLUS\data\template.imp
Thu Jun 20 13:38:06 Loaded file C:\ORCAD\ORCAD_16.2\TOOLS\LAYOUT_PLUS\data\template.imp
Thu Jun 20 13:38:18 Loaded file C:\USERS\STUDENT\DESKTOP\DISERTATIE_6_IUNIE\SCHEMA_DISERTATIE_CAPTURE_LAYOUT\FRECVENTMETRU.LLB
Thu Jun 20 13:38:18 Saved as file C:\USERS\STUDENT\DESKTOP\DISERTATIE_6_IUNIE\SCHEMA_DISERTATIE_CAPTURE_LAYOUT\FRECVENTMETRU.LLB
Thu Jun 20 13:38:18 Loaded file C:\OrCAD\OrCAD_16.2\tools\Layout_Plus\library\BCON100T.llb
Thu Jun 20 13:38:25 Loaded file C:\ORCAD\ORCAD_16.2\TOOLS\LAYOUT_PLUS\data\template.imp
Thu Jun 20 13:38:30 Loaded file C:\ORCAD\ORCAD_16.2\TOOLS\LAYOUT_PLUS\data\template.imp
Thu Jun 20 13:38:44 Loaded file C:\USERS\STUDENT\DESKTOP\DISERTATIE_6_IUNIE\SCHEMA_DISERTATIE_CAPTURE_LAYOUT\FRECVENTMETRU.LLB
Thu Jun 20 13:38:44 Saved as file C:\USERS\STUDENT\DESKTOP\DISERTATIE_6_IUNIE\SCHEMA_DISERTATIE_CAPTURE_LAYOUT\FRECVENTMETRU.LLB
Thu Jun 20 13:38:44 Loaded file C:\OrCAD\OrCAD_16.2\tools\Layout_Plus\library\BCON100T.llb
Thu Jun 20 13:38:53 Loaded file C:\ORCAD\ORCAD_16.2\TOOLS\LAYOUT_PLUS\data\template.imp
Thu Jun 20 13:39:04 Loaded file C:\ORCAD\ORCAD_16.2\TOOLS\LAYOUT_PLUS\data\template.imp
Thu Jun 20 13:39:14 Loaded file C:\OrCAD\OrCAD_16.2\tools\Layout_Plus\library\BCON100T.llb
Thu Jun 20 13:39:14 Saved as file C:\OrCAD\OrCAD_16.2\tools\Layout_Plus\library\BCON100T.llb
Thu Jun 20 13:39:14 Loaded file C:\OrCAD\OrCAD_16.2\tools\Layout_Plus\library\BCON100T.llb
Thu Jun 20 13:39:15 Loaded file C:\USERS\STUDENT\DESKTOP\DISERTATIE_6_IUNIE\SCHEMA_DISERTATIE_CAPTURE_LAYOUT\FRECVENTMETRU.LLB
Thu Jun 20 13:39:19 Loaded file C:\ORCAD\ORCAD_16.2\TOOLS\LAYOUT_PLUS\data\template.imp
Thu Jun 20 13:39:20 Loaded file C:\ORCAD\ORCAD_16.2\TOOLS\LAYOUT_PLUS\data\template.imp
Thu Jun 20 13:39:30 Loaded file C:\ORCAD\ORCAD_16.2\TOOLS\LAYOUT_PLUS\data\template.imp
Thu Jun 20 13:39:33 Loaded file C:\ORCAD\ORCAD_16.2\TOOLS\LAYOUT_PLUS\data\template.imp
Thu Jun 20 13:39:34 Loaded file C:\USERS\STUDENT\DESKTOP\DISERTATIE_6_IUNIE\SCHEMA_DISERTATIE_CAPTURE_LAYOUT\FRECVENTMETRU.LLB
Thu Jun 20 13:39:37 Loaded file C:\USERS\STUDENT\DESKTOP\DISERTATIE_6_IUNIE\SCHEMA_DISERTATIE_CAPTURE_LAYOUT\FRECVENTMETRU.LLB
Thu Jun 20 13:39:37 Loaded file D:\WORK_TE\PARASCHIVESCU\5417\LIBRARY_PARASCHIVESCU.LLB
Thu Jun 20 13:39:37 Loaded file D:\WORK_TE\5409\GR_5409_LUPU\LIBRARIE_LUPU.LLB
Thu Jun 20 13:39:37 Loaded file D:\WORK_TE\5415\PCB\LIBRARY_COPACEANU.LLB
Thu Jun 20 13:39:37 Loaded file D:\WORK_TE\5412_ADELIN\SCHEMA CABLAJ-PSPICEFILES\LIBR_ADELIN.LLB
Thu Jun 20 13:39:37 Loaded file C:\OrCAD\OrCAD_16.2\tools\Layout_Plus\library\BCON100T.llb
Thu Jun 20 13:39:37 Loaded file C:\OrCAD\OrCAD_16.2\tools\Layout_Plus\library\BCON156T.llb
Thu Jun 20 13:39:37 Loaded file C:\OrCAD\OrCAD_16.2\tools\Layout_Plus\library\BGA.llb
Thu Jun 20 13:39:37 Loaded file C:\OrCAD\OrCAD_16.2\tools\Layout_Plus\library\CLCC.llb
Thu Jun 20 13:39:37 Loaded file C:\OrCAD\OrCAD_16.2\tools\Layout_Plus\library\DCON050T.llb
Thu Jun 20 13:39:37 Loaded file C:\OrCAD\OrCAD_16.2\tools\Layout_Plus\library\DCON085T.llb
Thu Jun 20 13:39:37 Loaded file C:\OrCAD\OrCAD_16.2\tools\Layout_Plus\library\DIMM050F.llb
Thu Jun 20 13:39:37 Loaded file C:\OrCAD\OrCAD_16.2\tools\Layout_Plus\library\DIMM050T.llb
Thu Jun 20 13:39:37 Loaded file C:\OrCAD\OrCAD_16.2\tools\Layout_Plus\library\DIN.llb
Thu Jun 20 13:39:37 Loaded file C:\OrCAD\OrCAD_16.2\tools\Layout_Plus\library\DIP100B.llb
Thu Jun 20 13:39:37 Loaded file C:\OrCAD\OrCAD_16.2\tools\Layout_Plus\library\DIP100T.llb
Thu Jun 20 13:39:37 Loaded file C:\OrCAD\OrCAD_16.2\tools\Layout_Plus\library\DSUBT.llb
Thu Jun 20 13:39:37 Loaded file C:\OrCAD\OrCAD_16.2\tools\Layout_Plus\library\DSUBT_HD.LLB
Thu Jun 20 13:39:37 Loaded file C:\OrCAD\OrCAD_16.2\tools\Layout_Plus\library\ECON100T.llb
Thu Jun 20 13:39:37 Loaded file C:\OrCAD\OrCAD_16.2\tools\Layout_Plus\library\FBUS.llb
Thu Jun 20 13:39:37 Loaded file C:\OrCAD\OrCAD_16.2\tools\Layout_Plus\library\ISA.llb
Thu Jun 20 13:39:37 Loaded file C:\OrCAD\OrCAD_16.2\tools\Layout_Plus\library\JUMPER.LLB
Thu Jun 20 13:39:37 Loaded file C:\OrCAD\OrCAD_16.2\tools\Layout_Plus\library\LAYOUT.llb
Thu Jun 20 13:39:37 Loaded file C:\OrCAD\OrCAD_16.2\tools\Layout_Plus\library\LCON100T.llb
Thu Jun 20 13:39:37 Loaded file C:\OrCAD\OrCAD_16.2\tools\Layout_Plus\library\PC104.llb
Thu Jun 20 13:39:37 Loaded file C:\OrCAD\OrCAD_16.2\tools\Layout_Plus\library\PCI.llb
Thu Jun 20 13:39:37 Loaded file C:\OrCAD\OrCAD_16.2\tools\Layout_Plus\library\PCON100T.llb
Thu Jun 20 13:39:37 Loaded file C:\OrCAD\OrCAD_16.2\tools\Layout_Plus\library\PCON156T.llb
Thu Jun 20 13:39:37 Loaded file C:\OrCAD\OrCAD_16.2\tools\Layout_Plus\library\PGA.llb
Thu Jun 20 13:39:37 Loaded file C:\OrCAD\OrCAD_16.2\tools\Layout_Plus\library\PLCC.llb
Thu Jun 20 13:39:37 Loaded file C:\OrCAD\OrCAD_16.2\tools\Layout_Plus\library\QUAD.llb
Thu Jun 20 13:39:37 Loaded file C:\OrCAD\OrCAD_16.2\tools\Layout_Plus\library\QUADB.llb
Thu Jun 20 13:39:37 Loaded file C:\OrCAD\OrCAD_16.2\tools\Layout_Plus\library\RELAY.llb
Thu Jun 20 13:39:37 Loaded file C:\OrCAD\OrCAD_16.2\tools\Layout_Plus\library\RF.llb
Thu Jun 20 13:39:37 Loaded file C:\OrCAD\OrCAD_16.2\tools\Layout_Plus\library\SBUS.llb
Thu Jun 20 13:39:37 Loaded file C:\OrCAD\OrCAD_16.2\tools\Layout_Plus\library\SIMM050F.llb
Thu Jun 20 13:39:37 Loaded file C:\OrCAD\OrCAD_16.2\tools\Layout_Plus\library\SIMM050T.llb
Thu Jun 20 13:39:38 Loaded file C:\OrCAD\OrCAD_16.2\tools\Layout_Plus\library\SIMM100F.llb
Thu Jun 20 13:39:38 Loaded file C:\OrCAD\OrCAD_16.2\tools\Layout_Plus\library\SIMM100T.llb
Thu Jun 20 13:39:38 Loaded file C:\OrCAD\OrCAD_16.2\tools\Layout_Plus\library\SIP.llb
Thu Jun 20 13:39:38 Loaded file C:\OrCAD\OrCAD_16.2\tools\Layout_Plus\library\SM.llb
Thu Jun 20 13:39:38 Loaded file C:\OrCAD\OrCAD_16.2\tools\Layout_Plus\library\SOG.llb
Thu Jun 20 13:39:38 Loaded file C:\OrCAD\OrCAD_16.2\tools\Layout_Plus\library\SOJ.llb
Thu Jun 20 13:39:38 Loaded file C:\OrCAD\OrCAD_16.2\tools\Layout_Plus\library\STIFF.llb
Thu Jun 20 13:39:38 Loaded file C:\OrCAD\OrCAD_16.2\tools\Layout_Plus\library\TELE.llb
Thu Jun 20 13:39:38 Loaded file C:\OrCAD\OrCAD_16.2\tools\Layout_Plus\library\TM_AXIAL.llb
Thu Jun 20 13:39:38 Loaded file C:\OrCAD\OrCAD_16.2\tools\Layout_Plus\library\TM_CAP_P.llb
Thu Jun 20 13:39:38 Loaded file C:\OrCAD\OrCAD_16.2\tools\Layout_Plus\library\TM_CYLND.llb
Thu Jun 20 13:39:38 Loaded file C:\OrCAD\OrCAD_16.2\tools\Layout_Plus\library\TM_DIODE.llb
Thu Jun 20 13:39:38 Loaded file C:\OrCAD\OrCAD_16.2\tools\Layout_Plus\library\TM_DISC.llb
Thu Jun 20 13:39:38 Loaded file C:\OrCAD\OrCAD_16.2\tools\Layout_Plus\library\TM_RAD.llb
Thu Jun 20 13:39:38 Loaded file C:\OrCAD\OrCAD_16.2\tools\Layout_Plus\library\TO.llb
Thu Jun 20 13:39:38 Loaded file C:\OrCAD\OrCAD_16.2\tools\Layout_Plus\library\TRAINING.LLB
Thu Jun 20 13:39:38 Loaded file C:\OrCAD\OrCAD_16.2\tools\Layout_Plus\library\VRES.llb
Thu Jun 20 13:39:38 Loaded file C:\OrCAD\OrCAD_16.2\tools\Layout_Plus\library\WCON100T.llb
Thu Jun 20 13:39:38 Loaded file C:\OrCAD\OrCAD_16.2\tools\Layout_Plus\library\XT.llb
Thu Jun 20 13:39:38 Loaded file C:\OrCAD\OrCAD_16.2\tools\Layout_Plus\library\ZIGZAG.llb
Thu Jun 20 13:39:50 Loaded file C:\ORCAD\ORCAD_16.2\TOOLS\LAYOUT_PLUS\data\template.imp
Thu Jun 20 13:39:58 Loaded file C:\USERS\STUDENT\DESKTOP\DISERTATIE_6_IUNIE\SCHEMA_DISERTATIE_CAPTURE_LAYOUT\FRECVENTMETRU.LLB
Thu Jun 20 13:39:59 Saved as file C:\USERS\STUDENT\DESKTOP\DISERTATIE_6_IUNIE\SCHEMA_DISERTATIE_CAPTURE_LAYOUT\FRECVENTMETRU.LLB
Thu Jun 20 13:39:59 Loaded file C:\OrCAD\OrCAD_16.2\tools\Layout_Plus\library\BCON100T.llb
Thu Jun 20 13:40:01 Loaded file C:\USERS\STUDENT\DESKTOP\DISERTATIE_6_IUNIE\SCHEMA_DISERTATIE_CAPTURE_LAYOUT\FRECVENTMETRU.LLB
Thu Jun 20 13:40:03 Loaded file C:\ORCAD\ORCAD_16.2\TOOLS\LAYOUT_PLUS\data\template.imp
Thu Jun 20 13:40:11 Loaded file C:\ORCAD\ORCAD_16.2\TOOLS\LAYOUT_PLUS\library\padstack.llb
Thu Jun 20 13:41:37 Loaded file C:\USERS\STUDENT\DESKTOP\DISERTATIE_6_IUNIE\SCHEMA_DISERTATIE_CAPTURE_LAYOUT\FRECVENTMETRU.LLB
Thu Jun 20 13:41:37 Saved as file C:\USERS\STUDENT\DESKTOP\DISERTATIE_6_IUNIE\SCHEMA_DISERTATIE_CAPTURE_LAYOUT\FRECVENTMETRU.LLB
Thu Jun 20 13:41:37 Loaded file C:\USERS\STUDENT\DESKTOP\DISERTATIE_6_IUNIE\SCHEMA_DISERTATIE_CAPTURE_LAYOUT\FRECVENTMETRU.LLB
Thu Jun 20 13:41:47 Loaded file C:\ORCAD\ORCAD_16.2\TOOLS\LAYOUT_PLUS\library\padstack.llb
Thu Jun 20 13:42:22 Loaded file C:\USERS\STUDENT\DESKTOP\DISERTATIE_6_IUNIE\SCHEMA_DISERTATIE_CAPTURE_LAYOUT\FRECVENTMETRU.LLB
Thu Jun 20 13:42:22 Saved as file C:\USERS\STUDENT\DESKTOP\DISERTATIE_6_IUNIE\SCHEMA_DISERTATIE_CAPTURE_LAYOUT\FRECVENTMETRU.LLB
Thu Jun 20 13:42:22 Loaded file C:\USERS\STUDENT\DESKTOP\DISERTATIE_6_IUNIE\SCHEMA_DISERTATIE_CAPTURE_LAYOUT\FRECVENTMETRU.LLB
Thu Jun 20 13:43:36 Loaded file C:\USERS\STUDENT\DESKTOP\DISERTATIE_6_IUNIE\SCHEMA_DISERTATIE_CAPTURE_LAYOUT\FRECVENTMETRU.LLB
Thu Jun 20 13:43:36 Saved as file C:\USERS\STUDENT\DESKTOP\DISERTATIE_6_IUNIE\SCHEMA_DISERTATIE_CAPTURE_LAYOUT\FRECVENTMETRU.LLB
Thu Jun 20 13:43:36 Loaded file C:\USERS\STUDENT\DESKTOP\DISERTATIE_6_IUNIE\SCHEMA_DISERTATIE_CAPTURE_LAYOUT\FRECVENTMETRU.LLB
Thu Jun 20 13:43:43 Saved as file C:\ORCAD\ORCAD_16.2\TOOLS\LAYOUT_PLUS\data\template.imp
Thu Jun 20 13:44:02 Loaded file C:\USERS\STUDENT\DESKTOP\DISERTATIE_6_IUNIE\SCHEMA_DISERTATIE_CAPTURE_LAYOUT\FRECVENTMETRU.LLB
Thu Jun 20 13:44:02 Saved as file C:\USERS\STUDENT\DESKTOP\DISERTATIE_6_IUNIE\SCHEMA_DISERTATIE_CAPTURE_LAYOUT\FRECVENTMETRU.LLB
Thu Jun 20 13:44:02 Loaded file C:\USERS\STUDENT\DESKTOP\DISERTATIE_6_IUNIE\SCHEMA_DISERTATIE_CAPTURE_LAYOUT\FRECVENTMETRU.LLB
Thu Jun 20 13:44:03 Saved as file C:\ORCAD\ORCAD_16.2\TOOLS\LAYOUT_PLUS\data\template.imp
Thu Jun 20 13:44:23 Loaded file C:\ORCAD\ORCAD_16.2\TOOLS\LAYOUT_PLUS\data\template.imp
Thu Jun 20 13:44:50 Loaded file C:\ORCAD\ORCAD_16.2\TOOLS\LAYOUT_PLUS\library\padstack.llb
Thu Jun 20 13:45:57 Loaded file C:\USERS\STUDENT\DESKTOP\DISERTATIE_6_IUNIE\SCHEMA_DISERTATIE_CAPTURE_LAYOUT\FRECVENTMETRU.LLB
Thu Jun 20 13:45:57 Saved as file C:\USERS\STUDENT\DESKTOP\DISERTATIE_6_IUNIE\SCHEMA_DISERTATIE_CAPTURE_LAYOUT\FRECVENTMETRU.LLB
Thu Jun 20 13:45:57 Loaded file C:\USERS\STUDENT\DESKTOP\DISERTATIE_6_IUNIE\SCHEMA_DISERTATIE_CAPTURE_LAYOUT\FRECVENTMETRU.LLB
Thu Jun 20 13:46:03 Loaded file C:\USERS\STUDENT\DESKTOP\DISERTATIE_6_IUNIE\SCHEMA_DISERTATIE_CAPTURE_LAYOUT\FRECVENTMETRU.LLB
Thu Jun 20 13:46:03 Saved as file C:\USERS\STUDENT\DESKTOP\DISERTATIE_6_IUNIE\SCHEMA_DISERTATIE_CAPTURE_LAYOUT\FRECVENTMETRU.LLB
Thu Jun 20 13:46:03 Loaded file C:\USERS\STUDENT\DESKTOP\DISERTATIE_6_IUNIE\SCHEMA_DISERTATIE_CAPTURE_LAYOUT\FRECVENTMETRU.LLB
Thu Jun 20 13:46:47 Loaded file C:\ORCAD\ORCAD_16.2\TOOLS\LAYOUT_PLUS\data\template.imp
Thu Jun 20 13:46:47 Loaded file C:\ORCAD\ORCAD_16.2\TOOLS\LAYOUT_PLUS\data\template.imp
Thu Jun 20 13:46:47 Loaded file C:\ORCAD\ORCAD_16.2\TOOLS\LAYOUT_PLUS\data\template.imp
Thu Jun 20 13:46:47 Loaded file C:\ORCAD\ORCAD_16.2\TOOLS\LAYOUT_PLUS\data\template.imp
Thu Jun 20 13:46:48 Loaded file C:\USERS\STUDENT\DESKTOP\DISERTATIE_6_IUNIE\SCHEMA_DISERTATIE_CAPTURE_LAYOUT\FRECVENTMETRU.LLB
Thu Jun 20 13:46:51 Loaded file C:\ORCAD\ORCAD_16.2\TOOLS\LAYOUT_PLUS\data\template.imp
Thu Jun 20 13:46:53 Saved as file ~undo.max
Thu Jun 20 13:46:58 Loaded file C:\ORCAD\ORCAD_16.2\TOOLS\LAYOUT_PLUS\data\template.imp
Thu Jun 20 13:46:58 Loaded file C:\ORCAD\ORCAD_16.2\TOOLS\LAYOUT_PLUS\data\template.imp
Thu Jun 20 13:46:58 Loaded file C:\ORCAD\ORCAD_16.2\TOOLS\LAYOUT_PLUS\data\template.imp
Thu Jun 20 13:46:58 Loaded file C:\ORCAD\ORCAD_16.2\TOOLS\LAYOUT_PLUS\data\template.imp
Thu Jun 20 13:46:59 Loaded file C:\USERS\STUDENT\DESKTOP\DISERTATIE_6_IUNIE\SCHEMA_DISERTATIE_CAPTURE_LAYOUT\FRECVENTMETRU.LLB
Thu Jun 20 13:47:01 Loaded file C:\ORCAD\ORCAD_16.2\TOOLS\LAYOUT_PLUS\data\template.imp
Thu Jun 20 13:47:07 Saved as file ~undo.max
Thu Jun 20 13:47:11 Loaded file C:\ORCAD\ORCAD_16.2\TOOLS\LAYOUT_PLUS\data\template.imp
Thu Jun 20 13:47:11 Loaded file C:\ORCAD\ORCAD_16.2\TOOLS\LAYOUT_PLUS\data\template.imp
Thu Jun 20 13:47:11 Loaded file C:\ORCAD\ORCAD_16.2\TOOLS\LAYOUT_PLUS\data\template.imp
Thu Jun 20 13:47:11 Loaded file C:\ORCAD\ORCAD_16.2\TOOLS\LAYOUT_PLUS\data\template.imp
Thu Jun 20 13:47:12 Loaded file C:\USERS\STUDENT\DESKTOP\DISERTATIE_6_IUNIE\SCHEMA_DISERTATIE_CAPTURE_LAYOUT\FRECVENTMETRU.LLB
Thu Jun 20 13:47:16 Loaded file C:\ORCAD\ORCAD_16.2\TOOLS\LAYOUT_PLUS\data\template.imp
Thu Jun 20 13:47:24 Saved as file ~undo.max
Thu Jun 20 13:47:37 Saved as file ~undo.max
Thu Jun 20 13:47:46 Saved as file ~undo.max
Thu Jun 20 13:48:29 Saved as file ~undo.max
Thu Jun 20 13:48:42 Saved as file ~undo.max
Thu Jun 20 13:48:53 Saved as file ~undo.max
Thu Jun 20 13:48:59 Saved as file ~undo.max
Thu Jun 20 13:49:22 Saved as file ~undo.max
Thu Jun 20 13:49:31 Saved as file ~undo.max
Thu Jun 20 13:49:33 Saved as file ~undo.max
Thu Jun 20 13:49:36 Saved as file ~undo.max
Thu Jun 20 13:49:43 Saved as file ~undo.max
Thu Jun 20 13:49:48 Saved as file ~undo.max
Thu Jun 20 13:49:50 Saved as file ~undo.max
Thu Jun 20 13:49:54 Saved as file ~undo.max
Thu Jun 20 13:49:58 Saved as file ~undo.max
Thu Jun 20 13:50:01 Saved as file ~undo.max
Thu Jun 20 13:50:05 Saved as file ~undo.max
Thu Jun 20 13:50:23 Saved as file ~undo.max
Thu Jun 20 13:50:41 Saved as file ~undo.max
Thu Jun 20 13:52:31 Saved as file ~undo.max
Thu Jun 20 13:53:51 Saved as file ~undo.max
Thu Jun 20 13:54:00 Saved as file ~undo.max
Thu Jun 20 13:54:03 Saved as file ~undo.max
Thu Jun 20 13:54:07 Saved as file ~undo.max
Thu Jun 20 13:54:12 Saved as file ~undo.max
Thu Jun 20 13:54:14 Saved as file ~undo.max
Thu Jun 20 13:54:17 Saved as file ~undo.max
Thu Jun 20 13:54:24 Saved as file ~undo.max
Thu Jun 20 13:54:29 Saved as file ~undo.max
Thu Jun 20 13:54:37 Saved as file ~undo.max
Thu Jun 20 13:54:42 Saved as file ~undo.max
Thu Jun 20 13:54:48 Saved as file ~undo.max
Thu Jun 20 13:54:53 Saved as file ~undo.max
Thu Jun 20 13:54:59 Saved as file ~undo.max
Thu Jun 20 13:55:01 Saved as file ~undo.max
Thu Jun 20 13:55:07 Saved as file ~undo.max
Thu Jun 20 13:55:21 Saved as file ~undo.max
Thu Jun 20 13:55:26 Saved as file ~undo.max
Thu Jun 20 13:55:34 Saved as file ~undo.max
Thu Jun 20 13:55:40 Saved as file ~undo.max
Thu Jun 20 13:55:44 Saved as file ~undo.max
Thu Jun 20 13:55:52 Saved as file ~undo.max
Thu Jun 20 13:56:00 Saved as file ~undo.max
Thu Jun 20 13:56:10 Saved as file ~undo.max
Thu Jun 20 13:56:25 Saved as file ~undo.max
Thu Jun 20 13:56:33 Saved as file C:\ORCAD\ORCAD_16.2\TOOLS\LAYOUT_PLUS\DATA\_DEFAULT.MAX
Thu Jun 20 13:57:01 Saved as file C:\ORCAD\ORCAD_16.2\TOOLS\LAYOUT_PLUS\DATA\_DEFAULT.MAX
Thu Jun 20 13:57:29 Saved as file ~undo.max
Thu Jun 20 13:57:39 Saved as file ~undo.max
Thu Jun 20 13:58:06 Saved as file ~undo.max
Thu Jun 20 13:58:09 Saved as file ~undo.max
Thu Jun 20 13:58:13 Saved as file ~undo.max
Thu Jun 20 13:58:17 Saved as file ~undo.max
Thu Jun 20 13:58:24 Saved as file ~undo.max
Thu Jun 20 13:58:29 Saved as file ~undo.max
Thu Jun 20 13:58:33 Saved as file ~undo.max
Thu Jun 20 13:59:10 Saved as file ~undo.max
Thu Jun 20 14:01:23 Saved as file ~undo.max
Thu Jun 20 14:01:41 Saved as file ~undo.max
Thu Jun 20 14:02:48 Saved as file ~undo.max
Thu Jun 20 14:03:10 Saved as file ~undo.max
Thu Jun 20 14:03:16 Saved as file ~undo.max
Thu Jun 20 14:03:30 Saved as file ~undo.max
Thu Jun 20 14:15:52 Saved as file ~undo.max
Thu Jun 20 14:16:02 Saved as file ~undo.max
Thu Jun 20 14:16:18 Saved as file ~undo.max
Thu Jun 20 14:16:33 Saved as file ~undo.max
Thu Jun 20 14:16:50 Saved as file ~undo.max
Thu Jun 20 14:17:03 Saved as file ~undo.max
Thu Jun 20 14:17:18 Saved as file ~undo.max
Thu Jun 20 14:17:45 Saved as file ~undo.max
Thu Jun 20 14:17:55 Saved as file ~undo.max
Thu Jun 20 14:18:17 Saved as file ~undo.max
Thu Jun 20 14:18:23 Saved as file ~undo.max
Thu Jun 20 14:18:30 Saved as file ~undo.max
Thu Jun 20 14:18:41 Saved as file ~undo.max
Thu Jun 20 14:19:01 Saved as file ~undo.max
Thu Jun 20 14:19:05 Saved as file ~undo.max
Thu Jun 20 14:19:09 Saved as file ~undo.max
Thu Jun 20 14:19:14 Saved as file ~undo.max
Thu Jun 20 14:19:33 Saved as file ~undo.max
Thu Jun 20 14:19:47 Saved as file ~undo.max
Thu Jun 20 14:20:04 Saved as file ~undo.max
Thu Jun 20 14:20:08 Saved as file ~undo.max
Thu Jun 20 14:20:16 Saved as file ~undo.max
Thu Jun 20 14:20:24 Saved as file ~undo.max
Thu Jun 20 14:20:29 Saved as file ~undo.max
Thu Jun 20 14:20:33 Saved as file ~undo.max
Thu Jun 20 14:20:36 Saved as file ~undo.max
Thu Jun 20 14:20:41 Saved as file ~undo.max
Thu Jun 20 14:20:48 Saved as file ~undo.max
Thu Jun 20 14:20:53 Saved as file ~undo.max
Thu Jun 20 14:20:59 Saved as file ~undo.max
Thu Jun 20 14:21:05 Saved as file ~undo.max
Thu Jun 20 14:21:12 Saved as file ~undo.max
Thu Jun 20 14:21:14 Saved as file ~undo.max
Thu Jun 20 14:21:18 Saved as file ~undo.max
Thu Jun 20 14:21:24 Saved as file ~undo.max
Thu Jun 20 14:21:33 Saved as file ~undo.max
Thu Jun 20 14:21:41 Saved as file ~undo.max
Thu Jun 20 14:21:49 Saved as file ~undo.max
Thu Jun 20 14:21:52 Saved as file ~undo.max
Thu Jun 20 14:21:56 Saved as file ~undo.max
Thu Jun 20 14:22:01 Saved as file ~undo.max
Thu Jun 20 14:22:06 Saved as file ~undo.max
Thu Jun 20 14:22:07 Saved as file ~undo.max
Thu Jun 20 14:22:10 Saved as file ~undo.max
Thu Jun 20 14:22:13 Saved as file ~undo.max
Thu Jun 20 14:22:15 Saved as file ~undo.max
Thu Jun 20 14:22:20 Saved as file ~undo.max
Thu Jun 20 14:22:26 Saved as file ~undo.max
Thu Jun 20 14:22:31 Saved as file ~undo.max
Thu Jun 20 14:22:41 Saved as file ~undo.max
Thu Jun 20 14:23:01 Saved as file ~undo.max
Thu Jun 20 14:23:08 Saved as file ~undo.max
Thu Jun 20 14:23:10 Saved as file ~undo.max
Thu Jun 20 14:23:17 Saved as file ~undo.max
Thu Jun 20 14:23:26 Saved as file ~undo.max
Thu Jun 20 14:23:32 Saved as file ~undo.max
Thu Jun 20 14:23:37 Saved as file ~undo.max
Thu Jun 20 14:23:42 Saved as file ~undo.max
Thu Jun 20 14:23:46 Saved as file ~undo.max
Thu Jun 20 14:23:49 Saved as file ~undo.max
Thu Jun 20 14:23:53 Saved as file ~undo.max
Thu Jun 20 14:23:55 Saved as file ~undo.max
Thu Jun 20 14:24:03 Saved as file ~undo.max
Thu Jun 20 14:24:09 Saved as file ~undo.max
Thu Jun 20 14:24:13 Saved as file ~undo.max
Thu Jun 20 14:24:15 Saved as file ~undo.max
Thu Jun 20 14:24:19 Saved as file ~undo.max
Thu Jun 20 14:24:21 Saved as file ~undo.max
Thu Jun 20 14:24:23 Saved as file ~undo.max
Thu Jun 20 14:24:24 Saved as file ~undo.max
Thu Jun 20 14:24:34 Saved as file ~undo.max
Thu Jun 20 14:24:41 Saved as file ~undo.max
Thu Jun 20 14:24:54 Saved as file ~undo.max
Thu Jun 20 14:25:01 Saved as file ~undo.max
Thu Jun 20 14:25:08 Saved as file ~undo.max
Thu Jun 20 14:25:20 Saved as file ~undo.max
Thu Jun 20 14:25:22 Saved as file ~undo.max
Thu Jun 20 14:25:27 Saved as file ~undo.max
Thu Jun 20 14:25:35 Saved as file ~undo.max
Thu Jun 20 14:25:39 Saved as file ~undo.max
Thu Jun 20 14:25:43 Saved as file ~undo.max
Thu Jun 20 14:25:45 Saved as file ~undo.max
Thu Jun 20 14:25:48 Saved as file ~undo.max
Thu Jun 20 14:26:22 Saved as file ~undo.max
Thu Jun 20 14:26:26 Saved as file ~undo.max
Thu Jun 20 14:26:32 Saved as file ~undo.max
Thu Jun 20 14:26:37 Saved as file ~undo.max
Thu Jun 20 14:26:41 Saved as file ~undo.max
Thu Jun 20 14:26:46 Saved as file ~undo.max
Thu Jun 20 14:27:17 Saved as file ~undo.max
Thu Jun 20 14:27:18 Saved as file ~undo.max
Thu Jun 20 14:27:22 Saved as file ~undo.max
Thu Jun 20 14:27:26 Saved as file ~undo.max
Thu Jun 20 14:27:28 Saved as file ~undo.max
Thu Jun 20 14:27:40 Saved as file ~undo.max
Thu Jun 20 14:27:44 Saved as file ~undo.max
Thu Jun 20 14:27:47 Saved as file ~undo.max
Thu Jun 20 14:27:51 Saved as file ~undo.max
Thu Jun 20 14:27:55 Saved as file ~undo.max
Thu Jun 20 14:28:00 Saved as file ~undo.max
Thu Jun 20 14:28:02 Saved as file ~undo.max
Thu Jun 20 14:28:04 Saved as file ~undo.max
Thu Jun 20 14:28:05 Saved as file ~undo.max
Thu Jun 20 14:28:08 Saved as file ~undo.max
Thu Jun 20 14:28:17 Saved as file C:\ORCAD\ORCAD_16.2\TOOLS\LAYOUT_PLUS\DATA\_DEFAULT.MAX
Thu Jun 20 14:28:25 Saved as file ~undo.max
Thu Jun 20 14:28:32 Saved as file ~undo.max
Thu Jun 20 14:29:12 Saved as file ~undo.max
Thu Jun 20 14:33:17 Saved as file ~undo.max
Thu Jun 20 14:33:21 Saved as file ~undo.max
Thu Jun 20 14:33:55 Saved as file C:\ORCAD\ORCAD_16.2\TOOLS\LAYOUT_PLUS\DATA\_DEFAULT.MAX
Thu Jun 20 14:37:59 Saved as file ~undo.max
Thu Jun 20 14:38:12 Saved as file ~undo.max
Thu Jun 20 14:38:14 Saved as file ~undo.max
Thu Jun 20 14:38:23 Saved as file ~undo.max
Thu Jun 20 14:38:25 Saved as file ~undo.max
Thu Jun 20 14:38:33 Saved as file ~undo.max
Thu Jun 20 14:38:35 Saved as file ~undo.max
Thu Jun 20 14:38:40 Saved as file ~undo.max
Thu Jun 20 14:38:43 Saved as file ~undo.max
Thu Jun 20 14:39:17 Saved as file ~undo.max
Thu Jun 20 14:39:56 Saved as file C:\ORCAD\ORCAD_16.2\TOOLS\LAYOUT_PLUS\DATA\_DEFAULT.MAX
Thu Jun 20 14:39:56 Saved as file C:\ORCAD\ORCAD_16.2\TOOLS\LAYOUT_PLUS\DATA\_DEFAULT.MAX
Thu Jun 20 14:39:58 Saved as file C:\ORCAD\ORCAD_16.2\TOOLS\LAYOUT_PLUS\DATA\_DEFAULT.MAX
Thu Jun 20 15:11:37 Loaded file C:\USERS\STUDENT\DESKTOP\DISERTATIE_6_IUNIE\SCHEMA_DISERTATIE_CAPTURE_LAYOUT\FRECVENTMETRU.LLB
Thu Jun 20 15:11:37 Saved as file C:\USERS\STUDENT\DESKTOP\DISERTATIE_6_IUNIE\SCHEMA_DISERTATIE_CAPTURE_LAYOUT\FRECVENTMETRU.LLB
Thu Jun 20 15:11:37 Loaded file C:\USERS\STUDENT\DESKTOP\DISERTATIE_6_IUNIE\SCHEMA_DISERTATIE_CAPTURE_LAYOUT\FRECVENTMETRU.LLB
Thu Jun 20 15:11:53 Loaded file C:\ORCAD\ORCAD_16.2\TOOLS\LAYOUT_PLUS\data\template.imp
Thu Jun 20 15:11:53 Loaded file C:\ORCAD\ORCAD_16.2\TOOLS\LAYOUT_PLUS\data\template.imp
Thu Jun 20 15:11:54 Loaded file C:\USERS\STUDENT\DESKTOP\DISERTATIE_6_IUNIE\SCHEMA_DISERTATIE_CAPTURE_LAYOUT\FRECVENTMETRU.LLB
Thu Jun 20 15:12:00 Loaded file C:\ORCAD\ORCAD_16.2\TOOLS\LAYOUT_PLUS\data\template.imp
Thu Jun 20 15:12:05 Saved as file ~undo.max
Thu Jun 20 15:20:41 Saved as file ~undo.max
Thu Jun 20 15:20:54 Saved as file ~undo.max
Thu Jun 20 15:21:02 Saved as file ~undo.max
Thu Jun 20 15:21:06 Saved as file ~undo.max
Thu Jun 20 15:21:09 Saved as file ~undo.max
Thu Jun 20 15:21:13 Saved as file ~undo.max
Thu Jun 20 15:21:15 Saved as file ~undo.max
Thu Jun 20 15:21:19 Saved as file ~undo.max
Thu Jun 20 15:21:22 Saved as file ~undo.max
Thu Jun 20 15:21:24 Saved as file ~undo.max
Thu Jun 20 15:21:28 Saved as file ~undo.max
Thu Jun 20 15:21:30 Saved as file ~undo.max
Thu Jun 20 15:21:32 Saved as file ~undo.max
Thu Jun 20 15:21:38 Saved as file ~undo.max
Thu Jun 20 15:21:40 Saved as file ~undo.max
Thu Jun 20 15:21:50 Saved as file ~undo.max
Thu Jun 20 15:21:51 Saved as file ~undo.max
Thu Jun 20 15:21:53 Saved as file ~undo.max
Thu Jun 20 15:21:54 Saved as file ~undo.max
Thu Jun 20 15:25:47 Saved as file ~undo.max
Thu Jun 20 15:25:54 Saved as file ~undo.max
Thu Jun 20 15:25:58 Saved as file ~undo.max
Thu Jun 20 15:26:06 Saved as file ~undo.max
Thu Jun 20 15:26:18 Saved as file ~undo.max
Thu Jun 20 15:26:25 Saved as file ~undo.max
Thu Jun 20 15:26:31 Saved as file ~undo.max
Thu Jun 20 15:26:35 Saved as file ~undo.max
Thu Jun 20 15:26:46 Saved as file ~undo.max
Thu Jun 20 15:28:22 Saved as file C:\USERS\STUDENT\DESKTOP\DISERTATIE_6_IUNIE\ETAPE\ETAPA1_AFISAJ.MAX
Thu Jun 20 15:30:07 Saved as file ~undo.max
Thu Jun 20 15:35:15 Saved as file ~undo.max
Thu Jun 20 15:35:18 Saved as file ~undo.max
Thu Jun 20 15:35:20 Saved as file ~undo.max
Thu Jun 20 15:35:23 Saved as file ~undo.max
Thu Jun 20 15:35:39 Saved as file ~undo.max
Thu Jun 20 15:35:40 Saved as file ~undo.max
Thu Jun 20 15:35:41 Saved as file ~undo.max
Thu Jun 20 15:35:46 Saved as file ~undo.max
Thu Jun 20 15:35:50 Saved as file ~undo.max
Thu Jun 20 15:35:53 Saved as file ~undo.max
Thu Jun 20 15:35:55 Saved as file ~undo.max
Thu Jun 20 15:36:13 Saved as file ~undo.max
Thu Jun 20 15:36:16 Saved as file ~undo.max
Thu Jun 20 15:36:20 Saved as file ~undo.max
Thu Jun 20 15:36:24 Saved as file ~undo.max
Thu Jun 20 15:36:26 Saved as file ~undo.max
Thu Jun 20 15:37:25 Saved as file ~undo.max
Thu Jun 20 15:37:30 Saved as file ~undo.max
Thu Jun 20 15:37:33 Saved as file ~undo.max
Thu Jun 20 15:37:41 Saved as file ~undo.max
Thu Jun 20 15:37:43 Saved as file ~undo.max
Thu Jun 20 15:37:45 Saved as file ~undo.max
Thu Jun 20 15:37:51 Saved as file ~undo.max
Thu Jun 20 15:37:55 Saved as file ~undo.max
Thu Jun 20 15:37:59 Saved as file ~undo.max
Thu Jun 20 15:38:01 Saved as file ~undo.max
Thu Jun 20 15:38:03 Saved as file ~undo.max
Thu Jun 20 15:38:07 Saved as file ~undo.max
Thu Jun 20 15:38:09 Saved as file ~undo.max
Thu Jun 20 15:38:11 Saved as file ~undo.max
Thu Jun 20 15:38:13 Saved as file ~undo.max
Thu Jun 20 15:38:17 Saved as file ~undo.max
Thu Jun 20 15:38:19 Saved as file ~undo.max
Thu Jun 20 15:38:23 Saved as file ~undo.max
Thu Jun 20 15:38:25 Saved as file ~undo.max
Thu Jun 20 15:38:35 Saved as file ~undo.max
Thu Jun 20 15:38:39 Saved as file ~undo.max
Thu Jun 20 15:38:42 Saved as file ~undo.max
Thu Jun 20 15:38:44 Saved as file ~undo.max
Thu Jun 20 15:41:52 Saved as file ~undo.max
Thu Jun 20 15:41:54 Saved as file ~undo.max
Thu Jun 20 15:41:56 Saved as file ~undo.max
Thu Jun 20 15:41:57 Saved as file ~undo.max
Thu Jun 20 15:41:59 Saved as file ~undo.max
Thu Jun 20 15:42:10 Saved as file ~undo.max
Thu Jun 20 15:42:14 Saved as file ~undo.max
Thu Jun 20 15:42:15 Saved as file ~undo.max
Thu Jun 20 15:42:17 Saved as file ~undo.max
Thu Jun 20 15:42:20 Saved as file ~undo.max
Thu Jun 20 15:42:25 Saved as file ~undo.max
Thu Jun 20 15:42:27 Saved as file ~undo.max
Thu Jun 20 15:42:30 Saved as file ~undo.max
Thu Jun 20 15:42:35 Saved as file ~undo.max
Thu Jun 20 15:42:40 Saved as file ~undo.max
Thu Jun 20 15:42:47 Saved as file ~undo.max
Thu Jun 20 15:52:03 Saved as file C:\USERS\STUDENT\DESKTOP\DISERTATIE_6_IUNIE\ETAPE\ETAPA1_AFISAJ.MAX
Thu Jun 20 15:53:34 Saved as file C:\USERS\STUDENT\DESKTOP\DISERTATIE_6_IUNIE\ETAPE\ETAPA1_AFISAJ.MAX
Thu Jun 20 16:01:38 Saved as file ~undo.max
Thu Jun 20 16:01:49 Saved as file C:\USERS\STUDENT\DESKTOP\DISERTATIE_6_IUNIE\ETAPE\ETAPA1_AFISAJ.MAX
Thu Jun 20 16:04:49 Saved as file ~undo.max
Thu Jun 20 16:04:54 Saved as file ~undo.max
Thu Jun 20 16:05:43 Saved as file BACKUP1.MAX
Thu Jun 20 16:05:43 Saved as file BACKUP1.MAX
Thu Jun 20 16:05:43 Saved as file BACKUP1.MAX
Thu Jun 20 16:05:43 Saved as file BACKUP1.MAX
Thu Jun 20 16:05:44 Saved as file BACKUP1.MAX
Thu Jun 20 16:05:44 Saved as file BACKUP1.MAX
Thu Jun 20 16:05:44 Saved as file BACKUP1.MAX
Thu Jun 20 16:05:44 Saved as file BACKUP1.MAX
Thu Jun 20 16:05:44 Saved as file BACKUP1.MAX
Thu Jun 20 16:05:44 Saved as file BACKUP1.MAX
Thu Jun 20 16:05:45 Saved as file BACKUP1.MAX
Thu Jun 20 16:05:45 Saved as file BACKUP1.MAX
Thu Jun 20 16:05:45 Saved as file BACKUP1.MAX
Thu Jun 20 16:05:45 Saved as file BACKUP1.MAX
Thu Jun 20 16:05:45 Saved as file BACKUP1.MAX
Thu Jun 20 16:05:45 Saved as file BACKUP1.MAX
Thu Jun 20 16:05:45 Saved as file BACKUP1.MAX
Thu Jun 20 16:05:45 Saved as file BACKUP1.MAX
Thu Jun 20 16:05:46 Saved as file BACKUP1.MAX
Thu Jun 20 16:05:46 Saved as file BACKUP1.MAX
Thu Jun 20 16:05:46 Saved as file BACKUP1.MAX
Thu Jun 20 16:05:46 Saved as file BACKUP1.MAX
Thu Jun 20 16:05:46 Saved as file BACKUP1.MAX
Thu Jun 20 16:05:46 Saved as file BACKUP1.MAX
Thu Jun 20 16:05:46 Saved as file BACKUP1.MAX
Thu Jun 20 16:05:46 Routed 1 connections in 3 seconds.
Thu Jun 20 16:05:46 Total is now 1 out of 128 (0%).
Thu Jun 20 16:05:46 Saved as file SWEEP1.MAX
Thu Jun 20 16:05:47 Saved as file BACKUP1.MAX
Thu Jun 20 16:05:48 Saved as file BACKUP1.MAX
Thu Jun 20 16:05:48 Saved as file BACKUP1.MAX
Thu Jun 20 16:05:48 Saved as file BACKUP1.MAX
Thu Jun 20 16:05:49 Saved as file BACKUP1.MAX
Thu Jun 20 16:05:49 Saved as file BACKUP1.MAX
Thu Jun 20 16:05:50 Saved as file BACKUP1.MAX
Thu Jun 20 16:05:50 Saved as file BACKUP1.MAX
Thu Jun 20 16:05:51 Saved as file BACKUP1.MAX
Thu Jun 20 16:05:51 Saved as file BACKUP1.MAX
Thu Jun 20 16:05:51 Saved as file BACKUP1.MAX
Thu Jun 20 16:05:51 Saved as file BACKUP1.MAX
Thu Jun 20 16:05:51 Saved as file BACKUP1.MAX
Thu Jun 20 16:05:52 Saved as file BACKUP1.MAX
Thu Jun 20 16:05:52 Saved as file BACKUP1.MAX
Thu Jun 20 16:05:52 Saved as file BACKUP1.MAX
Thu Jun 20 16:05:53 Saved as file BACKUP1.MAX
Thu Jun 20 16:05:53 Saved as file BACKUP1.MAX
Thu Jun 20 16:05:54 Saved as file BACKUP1.MAX
Thu Jun 20 16:05:54 Saved as file BACKUP1.MAX
Thu Jun 20 16:05:54 Saved as file BACKUP1.MAX
Thu Jun 20 16:05:54 Saved as file BACKUP1.MAX
Thu Jun 20 16:05:54 Saved as file BACKUP1.MAX
Thu Jun 20 16:05:55 Saved as file BACKUP1.MAX
Thu Jun 20 16:05:55 Saved as file BACKUP1.MAX
Thu Jun 20 16:05:55 Routed 241 connections in 8 seconds.
Thu Jun 20 16:05:55 Total is now 127 out of 128 (99%).
Thu Jun 20 16:05:55 Saved as file SWEEP2.MAX
Thu Jun 20 16:05:55 Routed 1 connections in 0 seconds.
Thu Jun 20 16:05:55 Total is now 128 out of 128 (100%).
Thu Jun 20 16:05:55 Saved as file SWEEP3.MAX
Thu Jun 20 16:05:56 No new connections routed.
Thu Jun 20 16:05:56 Total is now 128 out of 128 (100%).
Thu Jun 20 16:05:56 Saved as file SWEEP4.MAX
Thu Jun 20 16:05:56 No new connections routed.
Thu Jun 20 16:05:56 Total is now 128 out of 128 (100%).
Thu Jun 20 16:05:56 Saved as file SWEEP5.MAX
Thu Jun 20 16:06:35 Saved as file C:\USERS\STUDENT\DESKTOP\DISERTATIE_6_IUNIE\ETAPE\ETAPA1_AFISAJ.MAX
Thu Jun 20 16:06:58 Saved as file BACKUP1.MAX
Thu Jun 20 16:08:02 Saved as file C:\USERS\STUDENT\DESKTOP\DISERTATIE_6_IUNIE\ETAPE\ETAPA1_AFISAJ.MAX
Thu Jun 20 16:08:09 Saved as file BACKUP1.MAX
Thu Jun 20 16:08:09 Saved as file BACKUP1.MAX
Thu Jun 20 16:08:09 Saved as file BACKUP1.MAX
Thu Jun 20 16:08:09 Saved as file BACKUP1.MAX
Thu Jun 20 16:08:09 Saved as file BACKUP1.MAX
Thu Jun 20 16:08:09 Saved as file BACKUP1.MAX
Thu Jun 20 16:08:10 Saved as file BACKUP1.MAX
Thu Jun 20 16:08:10 Saved as file BACKUP1.MAX
Thu Jun 20 16:08:10 Saved as file BACKUP1.MAX
Thu Jun 20 16:08:10 Saved as file BACKUP1.MAX
Thu Jun 20 16:08:10 Saved as file BACKUP1.MAX
Thu Jun 20 16:08:10 Saved as file BACKUP1.MAX
Thu Jun 20 16:08:11 Saved as file BACKUP1.MAX
Thu Jun 20 16:08:11 Saved as file BACKUP1.MAX
Thu Jun 20 16:08:11 Saved as file BACKUP1.MAX
Thu Jun 20 16:08:11 Saved as file BACKUP1.MAX
Thu Jun 20 16:08:11 Saved as file BACKUP1.MAX
Thu Jun 20 16:08:11 Saved as file BACKUP1.MAX
Thu Jun 20 16:08:11 Saved as file BACKUP1.MAX
Thu Jun 20 16:08:11 Routed 1 connections in 4 seconds.
Thu Jun 20 16:08:11 Total is now 1 out of 128 (0%).
Thu Jun 20 16:08:11 Saved as file SWEEP1.MAX
Thu Jun 20 16:08:12 Saved as file BACKUP1.MAX
Thu Jun 20 16:08:13 Saved as file BACKUP1.MAX
Thu Jun 20 16:08:13 Saved as file BACKUP1.MAX
Thu Jun 20 16:08:14 Saved as file BACKUP1.MAX
Thu Jun 20 16:08:14 Saved as file BACKUP1.MAX
Thu Jun 20 16:08:15 Saved as file BACKUP1.MAX
Thu Jun 20 16:08:16 Saved as file BACKUP1.MAX
Thu Jun 20 16:08:16 Saved as file BACKUP1.MAX
Thu Jun 20 16:08:16 Saved as file BACKUP1.MAX
Thu Jun 20 16:08:17 Saved as file BACKUP1.MAX
Thu Jun 20 16:08:17 Saved as file BACKUP1.MAX
Thu Jun 20 16:08:17 Saved as file BACKUP1.MAX
Thu Jun 20 16:08:17 Saved as file BACKUP1.MAX
Thu Jun 20 16:08:18 Saved as file BACKUP1.MAX
Thu Jun 20 16:08:18 Saved as file BACKUP1.MAX
Thu Jun 20 16:08:19 Saved as file BACKUP1.MAX
Thu Jun 20 16:08:19 Saved as file BACKUP1.MAX
Thu Jun 20 16:08:19 Saved as file BACKUP1.MAX
Thu Jun 20 16:08:20 Saved as file BACKUP1.MAX
Thu Jun 20 16:08:20 Saved as file BACKUP1.MAX
Thu Jun 20 16:08:21 Saved as file BACKUP1.MAX
Thu Jun 20 16:08:21 Saved as file BACKUP1.MAX
Thu Jun 20 16:08:21 Saved as file BACKUP1.MAX
Thu Jun 20 16:08:22 Saved as file BACKUP1.MAX
Thu Jun 20 16:08:22 Saved as file BACKUP1.MAX
Thu Jun 20 16:08:22 Routed 241 connections in 10 seconds.
Thu Jun 20 16:08:22 Total is now 128 out of 128 (100%).
Thu Jun 20 16:08:22 Saved as file SWEEP2.MAX
Thu Jun 20 16:08:22 No new connections routed.
Thu Jun 20 16:08:22 Total is now 128 out of 128 (100%).
Thu Jun 20 16:08:22 Saved as file SWEEP3.MAX
Thu Jun 20 16:08:22 No new connections routed.
Thu Jun 20 16:08:22 Total is now 128 out of 128 (100%).
Thu Jun 20 16:08:22 Saved as file SWEEP4.MAX
Thu Jun 20 16:08:22 No new connections routed.
Thu Jun 20 16:08:22 Total is now 128 out of 128 (100%).
Thu Jun 20 16:08:22 Saved as file SWEEP5.MAX
Thu Jun 20 16:12:08 Saved as file C:\USERS\STUDENT\DESKTOP\DISERTATIE_6_IUNIE\ETAPE\ETAPA1_AFISAJ.MAX
Thu Jun 20 16:17:28 Saved as file BACKUP1.MAX
Thu Jun 20 16:27:28 Saved as file BACKUP1.MAX
Thu Jun 20 16:37:28 Saved as file BACKUP1.MAX
Thu Jun 20 16:44:34 Loaded file C:\USERS\STUDENT\DESKTOP\DISERTATIE_6_IUNIE\CABLAJE_DIVERSE\SCHEMA_BAZA_T-1.MAX
Thu Jun 20 17:07:28 Loaded file C:\USERS\STUDENT\DESKTOP\DISERTATIE_6_IUNIE\SCHEMA_DISERTATIE_CAPTURE_LAYOUT\FRECVENTMETRU.LLB
Thu Jun 20 17:07:29 Saved as file C:\USERS\STUDENT\DESKTOP\DISERTATIE_6_IUNIE\SCHEMA_DISERTATIE_CAPTURE_LAYOUT\FRECVENTMETRU.LLB
Thu Jun 20 17:07:29 Loaded file C:\USERS\STUDENT\DESKTOP\DISERTATIE_6_IUNIE\SCHEMA_DISERTATIE_CAPTURE_LAYOUT\FRECVENTMETRU.LLB
Thu Jun 20 17:08:33 Loaded file C:\USERS\STUDENT\DESKTOP\DISERTATIE_6_IUNIE\SCHEMA_DISERTATIE_CAPTURE_LAYOUT\FRECVENTMETRU.LLB
Thu Jun 20 17:08:35 Saved as file C:\USERS\STUDENT\DESKTOP\DISERTATIE_6_IUNIE\SCHEMA_DISERTATIE_CAPTURE_LAYOUT\FRECVENTMETRU.LLB
Thu Jun 20 17:08:35 Loaded file C:\USERS\STUDENT\DESKTOP\DISERTATIE_6_IUNIE\SCHEMA_DISERTATIE_CAPTURE_LAYOUT\FRECVENTMETRU.LLB
Thu Jun 20 17:08:49 Loaded file C:\ORCAD\ORCAD_16.2\TOOLS\LAYOUT_PLUS\data\template.imp
Thu Jun 20 17:08:49 Loaded file C:\ORCAD\ORCAD_16.2\TOOLS\LAYOUT_PLUS\data\template.imp
Thu Jun 20 17:08:53 Loaded file C:\USERS\STUDENT\DESKTOP\DISERTATIE_6_IUNIE\SCHEMA_DISERTATIE_CAPTURE_LAYOUT\FRECVENTMETRU.LLB
Thu Jun 20 17:08:57 Loaded file C:\ORCAD\ORCAD_16.2\TOOLS\LAYOUT_PLUS\data\template.imp
Thu Jun 20 17:09:02 Loaded file C:\USERS\STUDENT\DESKTOP\DISERTATIE_6_IUNIE\SCHEMA_DISERTATIE_CAPTURE_LAYOUT\FRECVENTMETRU.LLB
Thu Jun 20 17:09:02 Saved as file C:\USERS\STUDENT\DESKTOP\DISERTATIE_6_IUNIE\SCHEMA_DISERTATIE_CAPTURE_LAYOUT\FRECVENTMETRU.LLB
Thu Jun 20 17:09:02 Loaded file C:\USERS\STUDENT\DESKTOP\DISERTATIE_6_IUNIE\SCHEMA_DISERTATIE_CAPTURE_LAYOUT\FRECVENTMETRU.LLB
Thu Jun 20 17:09:28 Loaded file C:\USERS\STUDENT\DESKTOP\DISERTATIE_6_IUNIE\SCHEMA_DISERTATIE_CAPTURE_LAYOUT\FRECVENTMETRU.LLB
Thu Jun 20 17:09:28 Saved as file C:\USERS\STUDENT\DESKTOP\DISERTATIE_6_IUNIE\SCHEMA_DISERTATIE_CAPTURE_LAYOUT\FRECVENTMETRU.LLB
Thu Jun 20 17:09:28 Loaded file C:\USERS\STUDENT\DESKTOP\DISERTATIE_6_IUNIE\SCHEMA_DISERTATIE_CAPTURE_LAYOUT\FRECVENTMETRU.LLB
Thu Jun 20 17:09:39 Error code 5255.269 (1001)
Thu Jun 20 17:09:39 Saved as file Backup0.max
Thu Jun 20 17:09:39 Windows which were open at time of error:
Thu Jun 20 17:09:39 	ActiveWindow: &Design
Thu Jun 20 17:09:39 End-of-list
Thu Jun 20 17:09:40 Loaded file BACKUP0.MAX
Thu Jun 20 18:53:29 Loaded file C:\OrCAD\OrCAD_16.2\tools\Layout_Plus\data\template.imp
Thu Jun 20 18:53:29 Loaded file C:\OrCAD\OrCAD_16.2\tools\Layout_Plus\data\template.imp
Thu Jun 20 18:53:35 Loaded file C:\USERS\STUDENT\DESKTOP\DISERTATIE_6_IUNIE\SCHEMA_DISERTATIE_CAPTURE_LAYOUT\FRECVENTMETRU.LLB
Thu Jun 20 18:53:39 Loaded file C:\OrCAD\OrCAD_16.2\tools\Layout_Plus\data\template.imp
Thu Jun 20 18:55:14 Loaded file C:\USERS\STUDENT\DESKTOP\DISERTATIE_6_IUNIE\SCHEMA_DISERTATIE_CAPTURE_LAYOUT\FRECVENTMETRU.LLB
Thu Jun 20 18:55:22 Saved as file C:\USERS\STUDENT\DESKTOP\DISERTATIE_6_IUNIE\SCHEMA_DISERTATIE_CAPTURE_LAYOUT\FRECVENTMETRU.LLB
Thu Jun 20 18:55:22 Loaded file E:\2024_DIZERTATIE_BALTAG_A_FRECVENTMETRU\DISERTATIE_6_IUNIE\SCHEMA_DISERTATIE_CAPTURE_LAYOUT\FRECVENTMETRU.LLB
Thu Jun 20 18:55:25 Loaded file C:\USERS\STUDENT\DESKTOP\DISERTATIE_6_IUNIE\SCHEMA_DISERTATIE_CAPTURE_LAYOUT\FRECVENTMETRU.LLB
Thu Jun 20 18:55:29 Loaded file C:\OrCAD\OrCAD_16.2\tools\Layout_Plus\data\template.imp
Thu Jun 20 18:55:31 Loaded file C:\OrCAD\OrCAD_16.2\tools\Layout_Plus\data\template.imp
Thu Jun 20 18:56:07 Saved as file C:\USERS\STUDENT\DESKTOP\DISERTATIE_6_IUNIE\SCHEMA_DISERTATIE_CAPTURE_LAYOUT\SWEEP5.MAX
Thu Jun 20 18:56:25 Saved as file BACKUP1.MAX
Thu Jun 20 18:56:25 Saved as file BACKUP1.MAX
Thu Jun 20 18:56:25 Saved as file BACKUP1.MAX
Thu Jun 20 18:56:25 Saved as file BACKUP1.MAX
Thu Jun 20 18:56:25 Saved as file BACKUP1.MAX
Thu Jun 20 18:56:25 Saved as file BACKUP1.MAX
Thu Jun 20 18:56:25 Saved as file BACKUP1.MAX
Thu Jun 20 18:56:25 Saved as file BACKUP1.MAX
Thu Jun 20 18:56:25 Saved as file BACKUP1.MAX
Thu Jun 20 18:56:26 Saved as file BACKUP1.MAX
Thu Jun 20 18:56:26 Saved as file BACKUP1.MAX
Thu Jun 20 18:56:26 Saved as file BACKUP1.MAX
Thu Jun 20 18:56:26 Saved as file BACKUP1.MAX
Thu Jun 20 18:56:26 Saved as file BACKUP1.MAX
Thu Jun 20 18:56:26 Saved as file BACKUP1.MAX
Thu Jun 20 18:56:26 Saved as file BACKUP1.MAX
Thu Jun 20 18:56:26 Saved as file BACKUP1.MAX
Thu Jun 20 18:56:27 Saved as file BACKUP1.MAX
Thu Jun 20 18:56:27 Saved as file BACKUP1.MAX
Thu Jun 20 18:56:27 Routed 1 connections in 3 seconds.
Thu Jun 20 18:56:27 Total is now 1 out of 128 (0%).
Thu Jun 20 18:56:27 Saved as file SWEEP1.MAX
Thu Jun 20 18:56:27 Saved as file BACKUP1.MAX
Thu Jun 20 18:56:28 Saved as file BACKUP1.MAX
Thu Jun 20 18:56:28 Saved as file BACKUP1.MAX
Thu Jun 20 18:56:28 Saved as file BACKUP1.MAX
Thu Jun 20 18:56:29 Saved as file BACKUP1.MAX
Thu Jun 20 18:56:29 Saved as file BACKUP1.MAX
Thu Jun 20 18:56:30 Saved as file BACKUP1.MAX
Thu Jun 20 18:56:30 Saved as file BACKUP1.MAX
Thu Jun 20 18:56:30 Saved as file BACKUP1.MAX
Thu Jun 20 18:56:30 Saved as file BACKUP1.MAX
Thu Jun 20 18:56:31 Saved as file BACKUP1.MAX
Thu Jun 20 18:56:31 Saved as file BACKUP1.MAX
Thu Jun 20 18:56:31 Saved as file BACKUP1.MAX
Thu Jun 20 18:56:31 Saved as file BACKUP1.MAX
Thu Jun 20 18:56:31 Saved as file BACKUP1.MAX
Thu Jun 20 18:56:32 Saved as file BACKUP1.MAX
Thu Jun 20 18:56:32 Saved as file BACKUP1.MAX
Thu Jun 20 18:56:32 Saved as file BACKUP1.MAX
Thu Jun 20 18:56:33 Saved as file BACKUP1.MAX
Thu Jun 20 18:56:33 Saved as file BACKUP1.MAX
Thu Jun 20 18:56:34 Saved as file BACKUP1.MAX
Thu Jun 20 18:56:34 Saved as file BACKUP1.MAX
Thu Jun 20 18:56:34 Saved as file BACKUP1.MAX
Thu Jun 20 18:56:34 Saved as file BACKUP1.MAX
Thu Jun 20 18:56:34 Saved as file BACKUP1.MAX
Thu Jun 20 18:56:34 Routed 241 connections in 7 seconds.
Thu Jun 20 18:56:34 Total is now 127 out of 128 (99%).
Thu Jun 20 18:56:34 Saved as file SWEEP2.MAX
Thu Jun 20 18:56:35 Routed 1 connections in 0 seconds.
Thu Jun 20 18:56:35 Total is now 128 out of 128 (100%).
Thu Jun 20 18:56:35 Saved as file SWEEP3.MAX
Thu Jun 20 18:56:35 No new connections routed.
Thu Jun 20 18:56:35 Total is now 128 out of 128 (100%).
Thu Jun 20 18:56:35 Saved as file SWEEP4.MAX
Thu Jun 20 18:56:36 No new connections routed.
Thu Jun 20 18:56:36 Total is now 128 out of 128 (100%).
Thu Jun 20 18:56:36 Saved as file SWEEP5.MAX
Thu Jun 20 19:05:59 Saved as file C:\USERS\STUDENT\DESKTOP\DISERTATIE_6_IUNIE\SCHEMA_DISERTATIE_CAPTURE_LAYOUT\SWEEP5.MAX
Thu Jun 20 21:15:48 Loaded file C:\USERS\STUDENT\DESKTOP\DISERTATIE_6_IUNIE\SCHEMA_DISERTATIE_CAPTURE_LAYOUT\FRECVENTMETRU.LLB
Thu Jun 20 21:15:52 Loaded file C:\OrCAD\OrCAD_16.2\tools\Layout_Plus\data\template.imp
Thu Jun 20 21:23:08 Loaded file C:\USERS\STUDENT\DESKTOP\DISERTATIE_6_IUNIE\SCHEMA_DISERTATIE_CAPTURE_LAYOUT\FRECVENTMETRU.LLB
Thu Jun 20 21:23:08 Saved as file C:\USERS\STUDENT\DESKTOP\DISERTATIE_6_IUNIE\SCHEMA_DISERTATIE_CAPTURE_LAYOUT\FRECVENTMETRU.LLB
Thu Jun 20 21:23:08 Loaded file C:\USERS\STUDENT\DESKTOP\DISERTATIE_6_IUNIE\SCHEMA_DISERTATIE_CAPTURE_LAYOUT\FRECVENTMETRU.LLB
Thu Jun 20 21:26:31 Saved as file C:\OrCAD\OrCAD_16.2\tools\Layout_Plus\data\template.imp
Thu Jun 20 21:28:01 Loaded file C:\USERS\STUDENT\DESKTOP\DISERTATIE_6_IUNIE\SCHEMA_DISERTATIE_CAPTURE_LAYOUT\FRECVENTMETRU.LLB
Thu Jun 20 21:28:01 Saved as file C:\USERS\STUDENT\DESKTOP\DISERTATIE_6_IUNIE\SCHEMA_DISERTATIE_CAPTURE_LAYOUT\FRECVENTMETRU.LLB
Thu Jun 20 21:28:01 Loaded file C:\USERS\STUDENT\DESKTOP\DISERTATIE_6_IUNIE\SCHEMA_DISERTATIE_CAPTURE_LAYOUT\FRECVENTMETRU.LLB
Thu Jun 20 21:28:47 Saved as file C:\OrCAD\OrCAD_16.2\tools\Layout_Plus\data\template.imp
Thu Jun 20 21:29:10 Loaded file C:\USERS\STUDENT\DESKTOP\DISERTATIE_6_IUNIE\SCHEMA_DISERTATIE_CAPTURE_LAYOUT\FRECVENTMETRU.LLB
Thu Jun 20 21:29:10 Saved as file C:\USERS\STUDENT\DESKTOP\DISERTATIE_6_IUNIE\SCHEMA_DISERTATIE_CAPTURE_LAYOUT\FRECVENTMETRU.LLB
Thu Jun 20 21:29:10 Loaded file C:\USERS\STUDENT\DESKTOP\DISERTATIE_6_IUNIE\SCHEMA_DISERTATIE_CAPTURE_LAYOUT\FRECVENTMETRU.LLB
Thu Jun 20 21:29:23 Loaded file C:\USERS\STUDENT\DESKTOP\DISERTATIE_6_IUNIE\SCHEMA_DISERTATIE_CAPTURE_LAYOUT\FRECVENTMETRU.LLB
Thu Jun 20 21:29:23 Saved as file C:\USERS\STUDENT\DESKTOP\DISERTATIE_6_IUNIE\SCHEMA_DISERTATIE_CAPTURE_LAYOUT\FRECVENTMETRU.LLB
Thu Jun 20 21:29:23 Loaded file C:\USERS\STUDENT\DESKTOP\DISERTATIE_6_IUNIE\SCHEMA_DISERTATIE_CAPTURE_LAYOUT\FRECVENTMETRU.LLB
Thu Jun 20 21:29:38 Saved as file BACKUP1.MAX
Thu Jun 20 21:34:50 Loaded file C:\USERS\STUDENT\DESKTOP\DISERTATIE_6_IUNIE\SCHEMA_DISERTATIE_CAPTURE_LAYOUT\SCHEMA_DISERTATIE_CAPTURE_LAYOUT-PSPICEFILES\AF-1.MAX
