AutoECO Report
FILE-A: C:\ORCAD\ORCAD_16.2\TOOLS\LAYOUT_PLUS\DATA\_DEFAULT.TCH
FILE-B: C:\USERS\DATOR\ONEDRIVE\DESKTOP\FOLDER NOU\SCHEMA_DISERTATIE_CAPTURE_LAYOUT\SCHEMA_DISERTATIE_CAPTURE_LAYOUT.MNL
If "*EOF*" immediately follows, no changes were made
Adding footprint AX/RC05
Adding footprint RAD/CK05
Adding package R
Adding package CD4017B
Adding package CON2
Adding package C
Adding package AFISOR_7_SEGMENTE
Adding package 74HCT390
Adding package QT1M
Adding package CD74HC4511
Adding package 74HC04D
Adding package 74HCT00
Adding package CD4040B
Adding component R15
Adding component R3
Adding component R24
Adding component R40
Adding component U3
Found footprint BLKCON.100/RH/TM1SQ/W.425/16 from PRT file for part CD4017B, comp U3
Adding component J1
Found footprint AX/.300X.100/.028 from PRT file for part CON2, comp J1
Adding component R20
Adding component R7
Adding component R16
Adding component R41
Adding component R44
Adding component C7
Adding component AF1
Found footprint BLKCON.100/RH/TM1SQ/W.425/10 from PRT file for part AFISOR_7_SEGMENTE, comp AF1
Adding component NR7_8
Found library footprint with same name as part 74HCT390
Adding component AF3
Adding component R36
Adding component AF2
Adding component R21
Adding component C12
Adding component R45
Adding component C3
Adding component R42
Adding component R32
Adding component R17
Adding component AF7
Adding component R37
Adding component U5
Found library footprint with same name as part QT1M
Adding component R33
Adding component C4
Adding component DEC8
Adding component DEC3
Adding component U1
Found library footprint with same name as part 74HC04D
Adding component R1
Adding component AF8
Adding component R34
Adding component C2
Adding component R38
Adding component AF4
Adding component R57
Adding component DEC2
Adding component CD3
Adding component NR5_6
Adding component R6
Adding component U4
Found library footprint with same name as part 74HCT00
Adding component R35
Adding component R29
Adding component C13
Adding component R4
Adding component R5
Adding component C5
Adding component DEC7
Adding component C8
Adding component C11
Adding component CD4
Adding component AF5
Adding component DEC1
Adding component R53
Adding component R25
Adding component R30
Adding component J2
Adding component CD1
Adding component C1
Adding component CD2
Adding component R58
Adding component R54
Adding component R11
Adding component R26
Adding component R31
Adding component NR3_4
Adding component R46
Adding component R12
Adding component R27
Adding component R8
Adding component R50
Adding component C6
Adding component R2
Adding component R55
Adding component R47
Adding component U2
Adding component DEC4
Adding component R13
Adding component R22
Adding component DEC6
Adding component DEC5
Adding component R28
Adding component R48
Adding component R56
Adding component R51
Adding component R9
Adding component C9
Adding component C10
Adding component AF6
Adding component R18
Adding component NR1_2
Adding component R49
Adding component R10
Adding component R23
Adding component R14
Adding component R39
Adding component R43
Adding component U6
Adding component R19
Adding component R52
Adding net N801913
Adding net N800831
Adding net N798915
Adding net RESET
Adding net N801253
Adding net IN
Adding net N801901
Adding net N801897
Adding net N801033
Adding net N801893
Adding net N801029
Adding net N801889
Adding net N797053
Adding net N800737
Adding net N797773
Adding net N801187
Adding net N799557
Adding net N800769
Adding net N801009
Adding net 0
Adding net N799365
Adding net N797917
Adding net LOAD/
Adding net N800245
Adding net N799897
Adding net N797695
Adding net N800241
Adding net N798003
Adding net N800699
Adding net N801479
Adding net N797033
Adding net N801579
Adding net N801657
Adding net N801161
Adding net N801475
Adding net N800433
Adding net N800863
Adding net N797309
Adding net N801471
Adding net N801467
Adding net N802079
Adding net N797147
Adding net N801753
Adding net N799405
Adding net N797797
Adding net N801463
Adding net N799553
Adding net N801459
Adding net N799541
Adding net N797163
Adding net N802179
Adding net N800611
Adding net N801207
Adding net N800607
Adding net N797683
Adding net N796791
Adding net N798283
Adding net N799715
Adding net N797999
Adding net N798263
Adding net N797037
Adding net N797995
Adding net N797769
Adding net N799545
Adding net N800603
Adding net N799433
Adding net N800679
Adding net N800777
Adding net N800401
Adding net N801065
Adding net N797913
Adding net N797233
Adding net N797049
Adding net CLK
Adding net N796931
Adding net N799457
Adding net N799377
Adding net N797651
Adding net N801061
Adding net N801605
Adding net N797455
Adding net N797941
Adding net N799771
Adding net N800011
Adding net N802395
Adding net N798209
Adding net N798363
Adding net N798819
Adding net N801041
Adding net N800891
Adding net N799763
Adding net N801037
Adding net N799641
Adding net N800945
Adding net N798795
Adding net N797193
Adding net N796787
Adding net N798807
Adding net GATE
Adding net N798079
Adding net N796999
Adding net N797991
Adding net N799549
Adding net +5V
Adding net N799023
Adding net N797593
Adding net N799019
Adding net N799779
Adding net N797041
Adding net N797781
Adding net N797061
Adding net N797159
Adding net N797023
Adding net N797057
Adding net N800045
Adding net N801265
Adding net N800331
Adding net N799493
Adding net N797259
Adding net N799525
Adding net N801869
Adding net N800855
Adding net N800807
Adding net N800033
Adding net N800635
Adding net N802189
Adding net N800631
Adding net N797155
Adding net N796739
Adding net N800627
Adding net N800237
Adding net N797861
Adding net N800233
Adding net N800623
Adding net N798553
Adding net N799537
Adding net N798355
Adding net N800225
Adding net N798213
Adding net N797847
Adding net N800221
Adding net N799261
Adding net N800217
Adding net N802151
Adding net N801455
Adding net N799971
Adding net N796983
Adding net N797951
Adding net N798371
Adding net N797015
Adding net N799055
Adding net N798811
Adding net N800531
Adding net N797213
Adding net N797365
Adding net N799051
Adding net N801609
Adding net N799047
Adding net N796995
Adding net N800619
Adding net N799043
Adding net N801917
Adding net N797451
Adding net N799039
Deleting net DEFAULT
*EOF*
No errors found
