Fri Jun 07 14:07:31 Log file reset
Fri Jun 07 14:07:31 Loaded file BACKUP0.MAX
Fri Jun 07 14:07:57 Error code 2165.015 (64)
Fri Jun 07 14:07:57 Saved as file Backup0.max
Fri Jun 07 14:07:57 Windows which were open at time of error:
Fri Jun 07 14:07:57 	ActiveWindow: &Route
Fri Jun 07 14:07:57 	Icon: &Components
Fri Jun 07 14:07:57 	Icon: &Nets
Fri Jun 07 14:07:57 	Icon: Post Proces&s
Fri Jun 07 14:07:57 End-of-list
Fri Jun 07 14:07:57 Loaded file BACKUP0.MAX
Fri Jun 07 14:08:22 Error code 2165.015 (64)
Fri Jun 07 14:08:22 Saved as file Backup0.max
Fri Jun 07 14:08:22 Windows which were open at time of error:
Fri Jun 07 14:08:22 	ActiveWindow: &Route
Fri Jun 07 14:08:22 	Icon: &Components
Fri Jun 07 14:08:22 	Icon: &Nets
Fri Jun 07 14:08:22 	Icon: Post Proces&s
Fri Jun 07 14:08:22 End-of-list
Fri Jun 07 14:08:23 Loaded file BACKUP0.MAX
Fri Jun 07 14:08:48 Error code 2165.015 (64)
Fri Jun 07 14:08:48 Saved as file Backup0.max
Fri Jun 07 14:08:48 Windows which were open at time of error:
Fri Jun 07 14:08:48 	ActiveWindow: &Route
Fri Jun 07 14:08:48 	Icon: &Components
Fri Jun 07 14:08:48 	Icon: &Nets
Fri Jun 07 14:08:48 	Icon: Post Proces&s
Fri Jun 07 14:08:48 End-of-list
Fri Jun 07 14:08:49 Loaded file BACKUP0.MAX
Fri Jun 07 14:09:14 Error code 2165.015 (64)
Fri Jun 07 14:09:14 Saved as file Backup0.max
Fri Jun 07 14:09:14 Windows which were open at time of error:
Fri Jun 07 14:09:14 	ActiveWindow: &Route
Fri Jun 07 14:09:14 	Icon: &Components
Fri Jun 07 14:09:14 	Icon: &Nets
Fri Jun 07 14:09:14 	Icon: Post Proces&s
Fri Jun 07 14:09:14 End-of-list
Fri Jun 07 14:09:14 Loaded file BACKUP0.MAX
Fri Jun 07 14:09:46 Error code 2165.015 (64)
Fri Jun 07 14:09:46 Saved as file Backup0.max
Fri Jun 07 14:09:46 Windows which were open at time of error:
Fri Jun 07 14:09:46 	ActiveWindow: &Route
Fri Jun 07 14:09:46 	Icon: &Components
Fri Jun 07 14:09:46 	Icon: &Nets
Fri Jun 07 14:09:46 	Icon: Post Proces&s
Fri Jun 07 14:09:46 End-of-list
Fri Jun 07 14:09:46 Loaded file BACKUP0.MAX
Fri Jun 07 14:10:11 Error code 2165.015 (64)
Fri Jun 07 14:10:11 Saved as file Backup0.max
Fri Jun 07 14:10:11 Windows which were open at time of error:
Fri Jun 07 14:10:11 	ActiveWindow: &Route
Fri Jun 07 14:10:11 	Icon: &Components
Fri Jun 07 14:10:11 	Icon: &Nets
Fri Jun 07 14:10:11 	Icon: Post Proces&s
Fri Jun 07 14:10:11 End-of-list
Fri Jun 07 14:10:12 Loaded file BACKUP0.MAX
Fri Jun 07 14:10:37 Error code 2165.015 (64)
Fri Jun 07 14:10:37 Saved as file Backup0.max
Fri Jun 07 14:10:37 Windows which were open at time of error:
Fri Jun 07 14:10:37 	ActiveWindow: &Route
Fri Jun 07 14:10:37 	Icon: &Components
Fri Jun 07 14:10:37 	Icon: &Nets
Fri Jun 07 14:10:37 	Icon: Post Proces&s
Fri Jun 07 14:10:37 End-of-list
Fri Jun 07 14:10:38 Loaded file BACKUP0.MAX
Fri Jun 07 14:11:03 Error code 2165.015 (64)
Fri Jun 07 14:11:03 Saved as file Backup0.max
Fri Jun 07 14:11:03 Windows which were open at time of error:
Fri Jun 07 14:11:03 	ActiveWindow: &Route
Fri Jun 07 14:11:03 	Icon: &Components
Fri Jun 07 14:11:03 	Icon: &Nets
Fri Jun 07 14:11:03 	Icon: Post Proces&s
Fri Jun 07 14:11:03 End-of-list
Fri Jun 07 14:11:03 Loaded file BACKUP0.MAX
Fri Jun 07 14:11:29 Error code 2165.015 (64)
Fri Jun 07 14:11:29 Saved as file Backup0.max
Fri Jun 07 14:11:29 Windows which were open at time of error:
Fri Jun 07 14:11:29 	ActiveWindow: &Route
Fri Jun 07 14:11:29 	Icon: &Components
Fri Jun 07 14:11:29 	Icon: &Nets
Fri Jun 07 14:11:29 	Icon: Post Proces&s
Fri Jun 07 14:11:29 End-of-list
Fri Jun 07 14:11:29 Loaded file BACKUP0.MAX
Fri Jun 07 14:11:55 Error code 2165.015 (64)
Fri Jun 07 14:11:55 Saved as file Backup0.max
Fri Jun 07 14:11:55 Windows which were open at time of error:
Fri Jun 07 14:11:55 	ActiveWindow: &Route
Fri Jun 07 14:11:55 	Icon: &Components
Fri Jun 07 14:11:55 	Icon: &Nets
Fri Jun 07 14:11:55 	Icon: Post Proces&s
Fri Jun 07 14:11:55 End-of-list
Fri Jun 07 14:11:55 Loaded file BACKUP0.MAX
Fri Jun 07 14:12:21 Error code 2165.015 (64)
Fri Jun 07 14:12:21 Saved as file Backup0.max
Fri Jun 07 14:12:21 Windows which were open at time of error:
Fri Jun 07 14:12:21 	ActiveWindow: &Route
Fri Jun 07 14:12:21 	Icon: &Components
Fri Jun 07 14:12:21 	Icon: &Nets
Fri Jun 07 14:12:21 	Icon: Post Proces&s
Fri Jun 07 14:12:21 End-of-list
Fri Jun 07 14:12:21 Loaded file BACKUP0.MAX
Fri Jun 07 14:12:46 Error code 2165.015 (64)
Fri Jun 07 14:12:46 Saved as file Backup0.max
Fri Jun 07 14:12:46 Windows which were open at time of error:
Fri Jun 07 14:12:46 	ActiveWindow: &Route
Fri Jun 07 14:12:46 	Icon: &Components
Fri Jun 07 14:12:46 	Icon: &Nets
Fri Jun 07 14:12:46 	Icon: Post Proces&s
Fri Jun 07 14:12:46 End-of-list
Fri Jun 07 14:12:47 Loaded file BACKUP0.MAX
Fri Jun 07 14:13:12 Error code 2165.015 (64)
Fri Jun 07 14:13:12 Saved as file Backup0.max
Fri Jun 07 14:13:12 Windows which were open at time of error:
Fri Jun 07 14:13:12 	ActiveWindow: &Route
Fri Jun 07 14:13:12 	Icon: &Components
Fri Jun 07 14:13:12 	Icon: &Nets
Fri Jun 07 14:13:12 	Icon: Post Proces&s
Fri Jun 07 14:13:12 End-of-list
Fri Jun 07 14:13:13 Loaded file BACKUP0.MAX
Fri Jun 07 14:13:38 Error code 2165.015 (64)
Fri Jun 07 14:13:38 Saved as file Backup0.max
Fri Jun 07 14:13:38 Windows which were open at time of error:
Fri Jun 07 14:13:38 	ActiveWindow: &Route
Fri Jun 07 14:13:38 	Icon: &Components
Fri Jun 07 14:13:38 	Icon: &Nets
Fri Jun 07 14:13:38 	Icon: Post Proces&s
Fri Jun 07 14:13:38 End-of-list
Fri Jun 07 14:13:38 Loaded file BACKUP0.MAX
Fri Jun 07 14:14:04 Error code 2165.015 (64)
Fri Jun 07 14:14:04 Saved as file Backup0.max
Fri Jun 07 14:14:04 Windows which were open at time of error:
Fri Jun 07 14:14:04 	ActiveWindow: &Route
Fri Jun 07 14:14:04 	Icon: &Components
Fri Jun 07 14:14:04 	Icon: &Nets
Fri Jun 07 14:14:04 	Icon: Post Proces&s
Fri Jun 07 14:14:04 End-of-list
Fri Jun 07 14:14:04 Loaded file BACKUP0.MAX
Fri Jun 07 14:14:30 Error code 2165.015 (64)
Fri Jun 07 14:14:30 Saved as file Backup0.max
Fri Jun 07 14:14:30 Windows which were open at time of error:
Fri Jun 07 14:14:30 	ActiveWindow: &Route
Fri Jun 07 14:14:30 	Icon: &Components
Fri Jun 07 14:14:30 	Icon: &Nets
Fri Jun 07 14:14:30 	Icon: Post Proces&s
Fri Jun 07 14:14:30 End-of-list
Fri Jun 07 14:14:30 Loaded file BACKUP0.MAX
Fri Jun 07 14:14:55 Error code 2165.015 (64)
Fri Jun 07 14:14:55 Saved as file Backup0.max
Fri Jun 07 14:14:55 Windows which were open at time of error:
Fri Jun 07 14:14:55 	ActiveWindow: &Route
Fri Jun 07 14:14:55 	Icon: &Components
Fri Jun 07 14:14:55 	Icon: &Nets
Fri Jun 07 14:14:55 	Icon: Post Proces&s
Fri Jun 07 14:14:55 End-of-list
Fri Jun 07 14:14:56 Loaded file BACKUP0.MAX
Fri Jun 07 14:15:21 Error code 2165.015 (64)
Fri Jun 07 14:15:21 Saved as file Backup0.max
Fri Jun 07 14:15:21 Windows which were open at time of error:
Fri Jun 07 14:15:21 	ActiveWindow: &Route
Fri Jun 07 14:15:21 	Icon: &Components
Fri Jun 07 14:15:21 	Icon: &Nets
Fri Jun 07 14:15:21 	Icon: Post Proces&s
Fri Jun 07 14:15:21 End-of-list
Fri Jun 07 14:15:22 Loaded file BACKUP0.MAX
Fri Jun 07 14:15:47 Error code 2165.015 (64)
Fri Jun 07 14:15:47 Saved as file Backup0.max
Fri Jun 07 14:15:47 Windows which were open at time of error:
Fri Jun 07 14:15:47 	ActiveWindow: &Route
Fri Jun 07 14:15:47 	Icon: &Components
Fri Jun 07 14:15:47 	Icon: &Nets
Fri Jun 07 14:15:47 	Icon: Post Proces&s
Fri Jun 07 14:15:47 End-of-list
Fri Jun 07 14:15:47 Loaded file BACKUP0.MAX
Fri Jun 07 14:16:13 Error code 2165.015 (64)
Fri Jun 07 14:16:13 Saved as file Backup0.max
Fri Jun 07 14:16:13 Windows which were open at time of error:
Fri Jun 07 14:16:13 	ActiveWindow: &Route
Fri Jun 07 14:16:13 	Icon: &Components
Fri Jun 07 14:16:13 	Icon: &Nets
Fri Jun 07 14:16:13 	Icon: Post Proces&s
Fri Jun 07 14:16:13 End-of-list
Fri Jun 07 14:16:13 Loaded file BACKUP0.MAX
Fri Jun 07 14:16:39 Error code 2165.015 (64)
Fri Jun 07 14:16:39 Saved as file Backup0.max
Fri Jun 07 14:16:39 Windows which were open at time of error:
Fri Jun 07 14:16:39 	ActiveWindow: &Route
Fri Jun 07 14:16:39 	Icon: &Components
Fri Jun 07 14:16:39 	Icon: &Nets
Fri Jun 07 14:16:39 	Icon: Post Proces&s
Fri Jun 07 14:16:39 End-of-list
Fri Jun 07 14:16:39 Loaded file BACKUP0.MAX
Fri Jun 07 14:17:04 Error code 2165.015 (64)
Fri Jun 07 14:17:05 Saved as file Backup0.max
Fri Jun 07 14:17:05 Windows which were open at time of error:
Fri Jun 07 14:17:05 	ActiveWindow: &Route
Fri Jun 07 14:17:05 	Icon: &Components
Fri Jun 07 14:17:05 	Icon: &Nets
Fri Jun 07 14:17:05 	Icon: Post Proces&s
Fri Jun 07 14:17:05 End-of-list
Fri Jun 07 14:17:05 Loaded file BACKUP0.MAX
Fri Jun 07 14:17:30 Error code 2165.015 (64)
Fri Jun 07 14:17:30 Saved as file Backup0.max
Fri Jun 07 14:17:30 Windows which were open at time of error:
Fri Jun 07 14:17:30 	ActiveWindow: &Route
Fri Jun 07 14:17:30 	Icon: &Components
Fri Jun 07 14:17:30 	Icon: &Nets
Fri Jun 07 14:17:30 	Icon: Post Proces&s
Fri Jun 07 14:17:30 End-of-list
Fri Jun 07 14:17:31 Loaded file BACKUP0.MAX
Fri Jun 07 14:17:56 Error code 2165.015 (64)
Fri Jun 07 14:17:56 Saved as file Backup0.max
Fri Jun 07 14:17:56 Windows which were open at time of error:
Fri Jun 07 14:17:56 	ActiveWindow: &Route
Fri Jun 07 14:17:56 	Icon: &Components
Fri Jun 07 14:17:56 	Icon: &Nets
Fri Jun 07 14:17:56 	Icon: Post Proces&s
Fri Jun 07 14:17:56 End-of-list
Fri Jun 07 14:17:57 Loaded file BACKUP0.MAX
Fri Jun 07 14:18:22 Error code 2165.015 (64)
Fri Jun 07 14:18:22 Saved as file Backup0.max
Fri Jun 07 14:18:22 Windows which were open at time of error:
Fri Jun 07 14:18:22 	ActiveWindow: &Route
Fri Jun 07 14:18:22 	Icon: &Components
Fri Jun 07 14:18:22 	Icon: &Nets
Fri Jun 07 14:18:22 	Icon: Post Proces&s
Fri Jun 07 14:18:22 End-of-list
Fri Jun 07 14:18:22 Loaded file BACKUP0.MAX
Fri Jun 07 14:18:48 Error code 2165.015 (64)
Fri Jun 07 14:18:48 Saved as file Backup0.max
Fri Jun 07 14:18:48 Windows which were open at time of error:
Fri Jun 07 14:18:48 	ActiveWindow: &Route
Fri Jun 07 14:18:48 	Icon: &Components
Fri Jun 07 14:18:48 	Icon: &Nets
Fri Jun 07 14:18:48 	Icon: Post Proces&s
Fri Jun 07 14:18:48 End-of-list
Fri Jun 07 14:18:48 Loaded file BACKUP0.MAX
Fri Jun 07 14:19:14 Error code 2165.015 (64)
Fri Jun 07 14:19:14 Saved as file Backup0.max
Fri Jun 07 14:19:14 Windows which were open at time of error:
Fri Jun 07 14:19:14 	ActiveWindow: &Route
Fri Jun 07 14:19:14 	Icon: &Components
Fri Jun 07 14:19:14 	Icon: &Nets
Fri Jun 07 14:19:14 	Icon: Post Proces&s
Fri Jun 07 14:19:14 End-of-list
Fri Jun 07 14:19:14 Loaded file BACKUP0.MAX
Fri Jun 07 14:19:39 Error code 2165.015 (64)
Fri Jun 07 14:19:39 Saved as file Backup0.max
Fri Jun 07 14:19:39 Windows which were open at time of error:
Fri Jun 07 14:19:39 	ActiveWindow: &Route
Fri Jun 07 14:19:39 	Icon: &Components
Fri Jun 07 14:19:39 	Icon: &Nets
Fri Jun 07 14:19:39 	Icon: Post Proces&s
Fri Jun 07 14:19:39 End-of-list
Fri Jun 07 14:19:40 Loaded file BACKUP0.MAX
Fri Jun 07 14:20:05 Error code 2165.015 (64)
Fri Jun 07 14:20:05 Saved as file Backup0.max
Fri Jun 07 14:20:05 Windows which were open at time of error:
Fri Jun 07 14:20:05 	ActiveWindow: &Route
Fri Jun 07 14:20:05 	Icon: &Components
Fri Jun 07 14:20:05 	Icon: &Nets
Fri Jun 07 14:20:05 	Icon: Post Proces&s
Fri Jun 07 14:20:05 End-of-list
Fri Jun 07 14:20:06 Loaded file BACKUP0.MAX
Fri Jun 07 14:20:31 Error code 2165.015 (64)
Fri Jun 07 14:20:31 Saved as file Backup0.max
Fri Jun 07 14:20:31 Windows which were open at time of error:
Fri Jun 07 14:20:31 	ActiveWindow: &Route
Fri Jun 07 14:20:31 	Icon: &Components
Fri Jun 07 14:20:31 	Icon: &Nets
Fri Jun 07 14:20:31 	Icon: Post Proces&s
Fri Jun 07 14:20:31 End-of-list
Fri Jun 07 14:20:31 Loaded file BACKUP0.MAX
Fri Jun 07 14:20:57 Error code 2165.015 (64)
Fri Jun 07 14:20:57 Saved as file Backup0.max
Fri Jun 07 14:20:57 Windows which were open at time of error:
Fri Jun 07 14:20:57 	ActiveWindow: &Route
Fri Jun 07 14:20:57 	Icon: &Components
Fri Jun 07 14:20:57 	Icon: &Nets
Fri Jun 07 14:20:57 	Icon: Post Proces&s
Fri Jun 07 14:20:57 End-of-list
Fri Jun 07 14:20:57 Loaded file BACKUP0.MAX
Fri Jun 07 14:21:23 Error code 2165.015 (64)
Fri Jun 07 14:21:23 Saved as file Backup0.max
Fri Jun 07 14:21:23 Windows which were open at time of error:
Fri Jun 07 14:21:23 	ActiveWindow: &Route
Fri Jun 07 14:21:23 	Icon: &Components
Fri Jun 07 14:21:23 	Icon: &Nets
Fri Jun 07 14:21:23 	Icon: Post Proces&s
Fri Jun 07 14:21:23 End-of-list
Fri Jun 07 14:21:23 Loaded file BACKUP0.MAX
Fri Jun 07 14:21:48 Error code 2165.015 (64)
Fri Jun 07 14:21:48 Saved as file Backup0.max
Fri Jun 07 14:21:48 Windows which were open at time of error:
Fri Jun 07 14:21:48 	ActiveWindow: &Route
Fri Jun 07 14:21:48 	Icon: &Components
Fri Jun 07 14:21:48 	Icon: &Nets
Fri Jun 07 14:21:48 	Icon: Post Proces&s
Fri Jun 07 14:21:48 End-of-list
Fri Jun 07 14:21:49 Loaded file BACKUP0.MAX
Fri Jun 07 14:22:14 Error code 2165.015 (64)
Fri Jun 07 14:22:14 Saved as file Backup0.max
Fri Jun 07 14:22:14 Windows which were open at time of error:
Fri Jun 07 14:22:14 	ActiveWindow: &Route
Fri Jun 07 14:22:14 	Icon: &Components
Fri Jun 07 14:22:14 	Icon: &Nets
Fri Jun 07 14:22:14 	Icon: Post Proces&s
Fri Jun 07 14:22:14 End-of-list
Fri Jun 07 14:22:15 Loaded file BACKUP0.MAX
Fri Jun 07 14:22:40 Error code 2165.015 (64)
Fri Jun 07 14:22:40 Saved as file Backup0.max
Fri Jun 07 14:22:40 Windows which were open at time of error:
Fri Jun 07 14:22:40 	ActiveWindow: &Route
Fri Jun 07 14:22:40 	Icon: &Components
Fri Jun 07 14:22:40 	Icon: &Nets
Fri Jun 07 14:22:40 	Icon: Post Proces&s
Fri Jun 07 14:22:40 End-of-list
Fri Jun 07 14:22:40 Loaded file BACKUP0.MAX
Fri Jun 07 14:23:06 Error code 2165.015 (64)
Fri Jun 07 14:23:06 Saved as file Backup0.max
Fri Jun 07 14:23:06 Windows which were open at time of error:
Fri Jun 07 14:23:06 	ActiveWindow: &Route
Fri Jun 07 14:23:06 	Icon: &Components
Fri Jun 07 14:23:06 	Icon: &Nets
Fri Jun 07 14:23:06 	Icon: Post Proces&s
Fri Jun 07 14:23:06 End-of-list
Fri Jun 07 14:23:06 Loaded file BACKUP0.MAX
Fri Jun 07 14:23:32 Error code 2165.015 (64)
Fri Jun 07 14:23:32 Saved as file Backup0.max
Fri Jun 07 14:23:32 Windows which were open at time of error:
Fri Jun 07 14:23:32 	ActiveWindow: &Route
Fri Jun 07 14:23:32 	Icon: &Components
Fri Jun 07 14:23:32 	Icon: &Nets
Fri Jun 07 14:23:32 	Icon: Post Proces&s
Fri Jun 07 14:23:32 End-of-list
Fri Jun 07 14:23:32 Loaded file BACKUP0.MAX
Fri Jun 07 14:23:57 Error code 2165.015 (64)
Fri Jun 07 14:23:57 Saved as file Backup0.max
Fri Jun 07 14:23:57 Windows which were open at time of error:
Fri Jun 07 14:23:57 	ActiveWindow: &Route
Fri Jun 07 14:23:57 	Icon: &Components
Fri Jun 07 14:23:57 	Icon: &Nets
Fri Jun 07 14:23:57 	Icon: Post Proces&s
Fri Jun 07 14:23:57 End-of-list
Fri Jun 07 14:23:58 Loaded file BACKUP0.MAX
Fri Jun 07 14:24:23 Error code 2165.015 (64)
Fri Jun 07 14:24:23 Saved as file Backup0.max
Fri Jun 07 14:24:23 Windows which were open at time of error:
Fri Jun 07 14:24:23 	ActiveWindow: &Route
Fri Jun 07 14:24:23 	Icon: &Components
Fri Jun 07 14:24:23 	Icon: &Nets
Fri Jun 07 14:24:23 	Icon: Post Proces&s
Fri Jun 07 14:24:23 End-of-list
Fri Jun 07 14:24:24 Loaded file BACKUP0.MAX
Fri Jun 07 14:24:49 Error code 2165.015 (64)
Fri Jun 07 14:24:49 Saved as file Backup0.max
Fri Jun 07 14:24:49 Windows which were open at time of error:
Fri Jun 07 14:24:49 	ActiveWindow: &Route
Fri Jun 07 14:24:49 	Icon: &Components
Fri Jun 07 14:24:49 	Icon: &Nets
Fri Jun 07 14:24:49 	Icon: Post Proces&s
Fri Jun 07 14:24:49 End-of-list
Fri Jun 07 14:24:50 Loaded file BACKUP0.MAX
Fri Jun 07 14:25:21 Error code 2165.015 (64)
Fri Jun 07 14:25:21 Saved as file Backup0.max
Fri Jun 07 14:25:21 Windows which were open at time of error:
Fri Jun 07 14:25:21 	ActiveWindow: &Route
Fri Jun 07 14:25:21 	Icon: &Components
Fri Jun 07 14:25:21 	Icon: &Nets
Fri Jun 07 14:25:21 	Icon: Post Proces&s
Fri Jun 07 14:25:21 End-of-list
Fri Jun 07 14:25:21 Loaded file BACKUP0.MAX
Fri Jun 07 14:25:46 Error code 2165.015 (64)
Fri Jun 07 14:25:46 Saved as file Backup0.max
Fri Jun 07 14:25:46 Windows which were open at time of error:
Fri Jun 07 14:25:46 	ActiveWindow: &Route
Fri Jun 07 14:25:46 	Icon: &Components
Fri Jun 07 14:25:46 	Icon: &Nets
Fri Jun 07 14:25:46 	Icon: Post Proces&s
Fri Jun 07 14:25:46 End-of-list
Fri Jun 07 14:25:47 Loaded file BACKUP0.MAX
Fri Jun 07 14:26:12 Error code 2165.015 (64)
Fri Jun 07 14:26:12 Saved as file Backup0.max
Fri Jun 07 14:26:12 Windows which were open at time of error:
Fri Jun 07 14:26:12 	ActiveWindow: &Route
Fri Jun 07 14:26:12 	Icon: &Components
Fri Jun 07 14:26:12 	Icon: &Nets
Fri Jun 07 14:26:12 	Icon: Post Proces&s
Fri Jun 07 14:26:12 End-of-list
Fri Jun 07 14:26:13 Loaded file BACKUP0.MAX
Fri Jun 07 14:26:38 Error code 2165.015 (64)
Fri Jun 07 14:26:38 Saved as file Backup0.max
Fri Jun 07 14:26:38 Windows which were open at time of error:
Fri Jun 07 14:26:38 	ActiveWindow: &Route
Fri Jun 07 14:26:38 	Icon: &Components
Fri Jun 07 14:26:38 	Icon: &Nets
Fri Jun 07 14:26:38 	Icon: Post Proces&s
Fri Jun 07 14:26:38 End-of-list
Fri Jun 07 14:26:38 Loaded file BACKUP0.MAX
Fri Jun 07 14:27:04 Error code 2165.015 (64)
Fri Jun 07 14:27:04 Saved as file Backup0.max
Fri Jun 07 14:27:04 Windows which were open at time of error:
Fri Jun 07 14:27:04 	ActiveWindow: &Route
Fri Jun 07 14:27:04 	Icon: &Components
Fri Jun 07 14:27:04 	Icon: &Nets
Fri Jun 07 14:27:04 	Icon: Post Proces&s
Fri Jun 07 14:27:04 End-of-list
Fri Jun 07 14:27:04 Loaded file BACKUP0.MAX
Fri Jun 07 14:27:30 Error code 2165.015 (64)
Fri Jun 07 14:27:30 Saved as file Backup0.max
Fri Jun 07 14:27:30 Windows which were open at time of error:
Fri Jun 07 14:27:30 	ActiveWindow: &Route
Fri Jun 07 14:27:30 	Icon: &Components
Fri Jun 07 14:27:30 	Icon: &Nets
Fri Jun 07 14:27:30 	Icon: Post Proces&s
Fri Jun 07 14:27:30 End-of-list
Fri Jun 07 14:27:30 Loaded file BACKUP0.MAX
Fri Jun 07 14:27:55 Error code 2165.015 (64)
Fri Jun 07 14:27:55 Saved as file Backup0.max
Fri Jun 07 14:27:55 Windows which were open at time of error:
Fri Jun 07 14:27:55 	ActiveWindow: &Route
Fri Jun 07 14:27:55 	Icon: &Components
Fri Jun 07 14:27:55 	Icon: &Nets
Fri Jun 07 14:27:55 	Icon: Post Proces&s
Fri Jun 07 14:27:55 End-of-list
Fri Jun 07 14:27:56 Loaded file BACKUP0.MAX
Fri Jun 07 14:28:38 Saved as file C:\USERS\STUDENT\DESKTOP\DISERTATIE_4_IUNIE\SCHEMA_DISERTATIE_CAPTURE_LAYOUT\SWEEP5.MAX
Fri Jun 07 14:29:27 Saved as file ~undo.max
Fri Jun 07 14:29:36 Saved as file ~undo.max
Fri Jun 07 14:29:41 Saved as file C:\USERS\STUDENT\DESKTOP\DISERTATIE_4_IUNIE\SCHEMA_DISERTATIE_CAPTURE_LAYOUT\SWEEP5.MAX
Fri Jun 07 14:31:03 Saved as file BACKUP1.MAX
Fri Jun 07 14:31:03 Saved as file BACKUP1.MAX
Fri Jun 07 14:31:03 Saved as file BACKUP1.MAX
Fri Jun 07 14:31:03 Saved as file BACKUP1.MAX
Fri Jun 07 14:31:03 Saved as file BACKUP1.MAX
Fri Jun 07 14:31:04 Saved as file BACKUP1.MAX
Fri Jun 07 14:31:04 Saved as file BACKUP1.MAX
Fri Jun 07 14:31:04 Saved as file BACKUP1.MAX
Fri Jun 07 14:31:04 Saved as file BACKUP1.MAX
Fri Jun 07 14:31:04 Saved as file BACKUP1.MAX
Fri Jun 07 14:31:04 Saved as file BACKUP1.MAX
Fri Jun 07 14:31:05 Saved as file BACKUP1.MAX
Fri Jun 07 14:31:05 Saved as file BACKUP1.MAX
Fri Jun 07 14:31:05 Saved as file BACKUP1.MAX
Fri Jun 07 14:31:05 Saved as file BACKUP1.MAX
Fri Jun 07 14:31:05 Saved as file BACKUP1.MAX
Fri Jun 07 14:31:05 Saved as file BACKUP1.MAX
Fri Jun 07 14:31:05 Saved as file BACKUP1.MAX
Fri Jun 07 14:31:06 Saved as file BACKUP1.MAX
Fri Jun 07 14:31:06 Saved as file BACKUP1.MAX
Fri Jun 07 14:31:06 Saved as file BACKUP1.MAX
Fri Jun 07 14:31:06 Saved as file BACKUP1.MAX
Fri Jun 07 14:31:06 Saved as file BACKUP1.MAX
Fri Jun 07 14:31:07 Saved as file BACKUP1.MAX
Fri Jun 07 14:31:07 Saved as file BACKUP1.MAX
Fri Jun 07 14:31:07 Saved as file BACKUP1.MAX
Fri Jun 07 14:31:07 Saved as file BACKUP1.MAX
Fri Jun 07 14:31:07 Saved as file BACKUP1.MAX
Fri Jun 07 14:31:07 Saved as file BACKUP1.MAX
Fri Jun 07 14:31:07 Saved as file BACKUP1.MAX
Fri Jun 07 14:31:07 Saved as file BACKUP1.MAX
Fri Jun 07 14:31:07 Saved as file BACKUP1.MAX
Fri Jun 07 14:31:07 Routed 6 connections in 5 seconds.
Fri Jun 07 14:31:07 Total is now 6 out of 299 (2%).
Fri Jun 07 14:31:07 Saved as file SWEEP1.MAX
Fri Jun 07 14:31:09 Saved as file BACKUP1.MAX
Fri Jun 07 14:31:10 Saved as file BACKUP1.MAX
Fri Jun 07 14:31:11 Saved as file BACKUP1.MAX
Fri Jun 07 14:31:12 Saved as file BACKUP1.MAX
Fri Jun 07 14:31:12 Saved as file BACKUP1.MAX
Fri Jun 07 14:31:13 Saved as file BACKUP1.MAX
Fri Jun 07 14:31:15 Saved as file BACKUP1.MAX
Fri Jun 07 14:31:16 Saved as file BACKUP1.MAX
Fri Jun 07 14:31:17 Saved as file BACKUP1.MAX
Fri Jun 07 14:31:18 Saved as file BACKUP1.MAX
Fri Jun 07 14:31:19 Saved as file BACKUP1.MAX
Fri Jun 07 14:31:20 Saved as file BACKUP1.MAX
Fri Jun 07 14:31:20 Saved as file BACKUP1.MAX
Fri Jun 07 14:31:21 Saved as file BACKUP1.MAX
Fri Jun 07 14:31:21 Saved as file BACKUP1.MAX
Fri Jun 07 14:31:21 Saved as file BACKUP1.MAX
Fri Jun 07 14:31:21 Saved as file BACKUP1.MAX
Fri Jun 07 14:31:21 Saved as file BACKUP1.MAX
Fri Jun 07 14:31:21 Saved as file BACKUP1.MAX
Fri Jun 07 14:31:22 Saved as file BACKUP1.MAX
Fri Jun 07 14:31:23 Saved as file BACKUP1.MAX
Fri Jun 07 14:31:24 Saved as file BACKUP1.MAX
Fri Jun 07 14:31:24 Saved as file BACKUP1.MAX
Fri Jun 07 14:31:25 Saved as file BACKUP1.MAX
Fri Jun 07 14:31:25 Saved as file BACKUP1.MAX
Fri Jun 07 14:31:27 Saved as file BACKUP1.MAX
Fri Jun 07 14:31:28 Saved as file BACKUP1.MAX
Fri Jun 07 14:31:28 Saved as file BACKUP1.MAX
Fri Jun 07 14:31:29 Saved as file BACKUP1.MAX
Fri Jun 07 14:31:29 Saved as file BACKUP1.MAX
Fri Jun 07 14:31:29 Saved as file BACKUP1.MAX
Fri Jun 07 14:31:30 Saved as file BACKUP1.MAX
Fri Jun 07 14:31:30 Saved as file BACKUP1.MAX
Fri Jun 07 14:31:30 Saved as file BACKUP1.MAX
Fri Jun 07 14:31:30 Saved as file BACKUP1.MAX
Fri Jun 07 14:31:30 Routed 468 connections in 22 seconds.
Fri Jun 07 14:31:30 Total is now 251 out of 299 (83%).
Fri Jun 07 14:31:30 Saved as file SWEEP2.MAX
Fri Jun 07 14:31:54 Routed 17 connections in 23 seconds.
Fri Jun 07 14:31:54 Total is now 265 out of 299 (88%).
Fri Jun 07 14:31:54 Saved as file SWEEP3.MAX
Fri Jun 07 14:32:28 Routed 11 connections in 34 seconds.
Fri Jun 07 14:32:28 Total is now 267 out of 299 (89%).
Fri Jun 07 14:32:28 Saved as file SWEEP4.MAX
Fri Jun 07 14:32:55 Routed 10 connections in 26 seconds.
Fri Jun 07 14:32:55 Total is now 272 out of 299 (90%).
Fri Jun 07 14:32:55 Saved as file SWEEP5.MAX
Fri Jun 07 17:43:26 Saved as file BACKUP1.MAX
Fri Jun 07 17:53:56 Saved as file BACKUP1.MAX
Fri Jun 07 18:04:26 Saved as file BACKUP1.MAX
Fri Jun 07 18:14:56 Saved as file BACKUP1.MAX
Fri Jun 07 18:25:26 Saved as file BACKUP1.MAX
Fri Jun 07 18:35:56 Saved as file BACKUP1.MAX
Fri Jun 07 18:37:04 Saved as file C:\USERS\STUDENT\DESKTOP\DISERTATIE_4_IUNIE\SCHEMA_DISERTATIE_CAPTURE_LAYOUT\SWEEP5.MAX
Fri Jun 07 18:38:45 Saved as file ~undo.max
Fri Jun 07 18:38:58 Saved as file ~undo.max
Fri Jun 07 18:39:13 Saved as file ~undo.max
Fri Jun 07 18:39:20 Saved as file ~undo.max
Fri Jun 07 18:39:29 Saved as file ~undo.max
Fri Jun 07 18:39:37 Saved as file ~undo.max
Fri Jun 07 18:39:48 Saved as file ~undo.max
Fri Jun 07 18:40:12 Saved as file C:\USERS\STUDENT\DESKTOP\DISERTATIE_4_IUNIE\SCHEMA_DISERTATIE_CAPTURE_LAYOUT\SWEEP5.MAX
Fri Jun 07 18:40:17 Saved as file BACKUP1.MAX
Fri Jun 07 18:40:17 Saved as file BACKUP1.MAX
Fri Jun 07 18:40:17 Saved as file BACKUP1.MAX
Fri Jun 07 18:40:17 Saved as file BACKUP1.MAX
Fri Jun 07 18:40:18 Saved as file BACKUP1.MAX
Fri Jun 07 18:40:18 Saved as file BACKUP1.MAX
Fri Jun 07 18:40:18 Saved as file BACKUP1.MAX
Fri Jun 07 18:40:18 Saved as file BACKUP1.MAX
Fri Jun 07 18:40:18 Saved as file BACKUP1.MAX
Fri Jun 07 18:40:19 Saved as file BACKUP1.MAX
Fri Jun 07 18:40:19 Saved as file BACKUP1.MAX
Fri Jun 07 18:40:19 Saved as file BACKUP1.MAX
Fri Jun 07 18:40:19 Saved as file BACKUP1.MAX
Fri Jun 07 18:40:19 Saved as file BACKUP1.MAX
Fri Jun 07 18:40:19 Saved as file BACKUP1.MAX
Fri Jun 07 18:40:19 Saved as file BACKUP1.MAX
Fri Jun 07 18:40:19 Saved as file BACKUP1.MAX
Fri Jun 07 18:40:20 Saved as file BACKUP1.MAX
Fri Jun 07 18:40:20 Saved as file BACKUP1.MAX
Fri Jun 07 18:40:20 Saved as file BACKUP1.MAX
Fri Jun 07 18:40:20 Saved as file BACKUP1.MAX
Fri Jun 07 18:40:21 Saved as file BACKUP1.MAX
Fri Jun 07 18:40:21 Saved as file BACKUP1.MAX
Fri Jun 07 18:40:21 Saved as file BACKUP1.MAX
Fri Jun 07 18:40:21 Saved as file BACKUP1.MAX
Fri Jun 07 18:40:21 Saved as file BACKUP1.MAX
Fri Jun 07 18:40:21 Saved as file BACKUP1.MAX
Fri Jun 07 18:40:21 Saved as file BACKUP1.MAX
Fri Jun 07 18:40:22 Saved as file BACKUP1.MAX
Fri Jun 07 18:40:22 Saved as file BACKUP1.MAX
Fri Jun 07 18:40:22 Saved as file BACKUP1.MAX
Fri Jun 07 18:40:22 Saved as file BACKUP1.MAX
Fri Jun 07 18:40:22 Routed 6 connections in 6 seconds.
Fri Jun 07 18:40:22 Total is now 6 out of 299 (2%).
Fri Jun 07 18:40:22 Saved as file SWEEP1.MAX
Fri Jun 07 18:40:23 Saved as file BACKUP1.MAX
Fri Jun 07 18:40:24 Saved as file BACKUP1.MAX
Fri Jun 07 18:40:24 Saved as file BACKUP1.MAX
Fri Jun 07 18:40:26 Saved as file BACKUP1.MAX
Fri Jun 07 18:40:26 Saved as file BACKUP1.MAX
Fri Jun 07 18:40:27 Saved as file BACKUP1.MAX
Fri Jun 07 18:40:28 Saved as file BACKUP1.MAX
Fri Jun 07 18:40:29 Saved as file BACKUP1.MAX
Fri Jun 07 18:40:31 Saved as file BACKUP1.MAX
Fri Jun 07 18:40:31 Saved as file BACKUP1.MAX
Fri Jun 07 18:40:32 Saved as file BACKUP1.MAX
Fri Jun 07 18:40:33 Saved as file BACKUP1.MAX
Fri Jun 07 18:40:34 Saved as file BACKUP1.MAX
Fri Jun 07 18:40:35 Saved as file BACKUP1.MAX
Fri Jun 07 18:40:35 Saved as file BACKUP1.MAX
Fri Jun 07 18:40:35 Saved as file BACKUP1.MAX
Fri Jun 07 18:40:35 Saved as file BACKUP1.MAX
Fri Jun 07 18:40:35 Saved as file BACKUP1.MAX
Fri Jun 07 18:40:35 Saved as file BACKUP1.MAX
Fri Jun 07 18:40:36 Saved as file BACKUP1.MAX
Fri Jun 07 18:40:36 Saved as file BACKUP1.MAX
Fri Jun 07 18:40:38 Saved as file BACKUP1.MAX
Fri Jun 07 18:40:38 Saved as file BACKUP1.MAX
Fri Jun 07 18:40:39 Saved as file BACKUP1.MAX
Fri Jun 07 18:40:40 Saved as file BACKUP1.MAX
Fri Jun 07 18:40:40 Saved as file BACKUP1.MAX
Fri Jun 07 18:40:41 Saved as file BACKUP1.MAX
Fri Jun 07 18:40:42 Saved as file BACKUP1.MAX
Fri Jun 07 18:40:43 Saved as file BACKUP1.MAX
Fri Jun 07 18:40:43 Saved as file BACKUP1.MAX
Fri Jun 07 18:40:43 Saved as file BACKUP1.MAX
Fri Jun 07 18:40:44 Saved as file BACKUP1.MAX
Fri Jun 07 18:40:44 Saved as file BACKUP1.MAX
Fri Jun 07 18:40:44 Saved as file BACKUP1.MAX
Fri Jun 07 18:40:44 Saved as file BACKUP1.MAX
Fri Jun 07 18:40:44 Routed 459 connections in 21 seconds.
Fri Jun 07 18:40:44 Total is now 245 out of 299 (81%).
Fri Jun 07 18:40:44 Saved as file SWEEP2.MAX
Fri Jun 07 18:41:08 Routed 20 connections in 23 seconds.
Fri Jun 07 18:41:08 Total is now 262 out of 299 (87%).
Fri Jun 07 18:41:08 Saved as file SWEEP3.MAX
Fri Jun 07 18:41:34 Routed 14 connections in 26 seconds.
Fri Jun 07 18:41:34 Total is now 270 out of 299 (90%).
Fri Jun 07 18:41:34 Saved as file SWEEP4.MAX
Fri Jun 07 18:42:01 Routed 10 connections in 26 seconds.
Fri Jun 07 18:42:01 Total is now 278 out of 299 (92%).
Fri Jun 07 18:42:01 Saved as file SWEEP5.MAX
Fri Jun 07 18:48:26 Saved as file BACKUP1.MAX
Fri Jun 07 18:58:56 Saved as file BACKUP1.MAX
Fri Jun 07 19:08:56 Saved as file BACKUP1.MAX
Fri Jun 07 19:18:56 Saved as file BACKUP1.MAX
Fri Jun 07 19:29:26 Saved as file BACKUP1.MAX
Fri Jun 07 19:39:56 Saved as file BACKUP1.MAX
Fri Jun 07 19:46:19 Saved as file C:\USERS\STUDENT\DESKTOP\DISERTATIE_4_IUNIE\SCHEMA_DISERTATIE_CAPTURE_LAYOUT\SWEEP5.MAX
Fri Jun 07 19:46:25 Saved as file BACKUP1.MAX
Fri Jun 07 19:46:25 Saved as file BACKUP1.MAX
Fri Jun 07 19:46:26 Saved as file BACKUP1.MAX
Fri Jun 07 19:46:26 Saved as file BACKUP1.MAX
Fri Jun 07 19:46:26 Saved as file BACKUP1.MAX
Fri Jun 07 19:46:26 Saved as file BACKUP1.MAX
Fri Jun 07 19:46:26 Saved as file BACKUP1.MAX
Fri Jun 07 19:46:27 Saved as file BACKUP1.MAX
Fri Jun 07 19:46:27 Saved as file BACKUP1.MAX
Fri Jun 07 19:46:27 Saved as file BACKUP1.MAX
Fri Jun 07 19:46:27 Saved as file BACKUP1.MAX
Fri Jun 07 19:46:27 Saved as file BACKUP1.MAX
Fri Jun 07 19:46:28 Saved as file BACKUP1.MAX
Fri Jun 07 19:46:28 Saved as file BACKUP1.MAX
Fri Jun 07 19:46:28 Saved as file BACKUP1.MAX
Fri Jun 07 19:46:28 Saved as file BACKUP1.MAX
Fri Jun 07 19:46:28 Saved as file BACKUP1.MAX
Fri Jun 07 19:46:28 Saved as file BACKUP1.MAX
Fri Jun 07 19:46:29 Saved as file BACKUP1.MAX
Fri Jun 07 19:46:29 Saved as file BACKUP1.MAX
Fri Jun 07 19:46:29 Saved as file BACKUP1.MAX
Fri Jun 07 19:46:29 Saved as file BACKUP1.MAX
Fri Jun 07 19:46:29 Saved as file BACKUP1.MAX
Fri Jun 07 19:46:29 Saved as file BACKUP1.MAX
Fri Jun 07 19:46:29 Saved as file BACKUP1.MAX
Fri Jun 07 19:46:30 Saved as file BACKUP1.MAX
Fri Jun 07 19:46:30 Saved as file BACKUP1.MAX
Fri Jun 07 19:46:30 Saved as file BACKUP1.MAX
Fri Jun 07 19:46:30 Saved as file BACKUP1.MAX
Fri Jun 07 19:46:30 Saved as file BACKUP1.MAX
Fri Jun 07 19:46:30 Saved as file BACKUP1.MAX
Fri Jun 07 19:46:30 Routed 6 connections in 5 seconds.
Fri Jun 07 19:46:30 Total is now 6 out of 299 (2%).
Fri Jun 07 19:46:30 Saved as file SWEEP1.MAX
Fri Jun 07 19:46:31 Saved as file BACKUP1.MAX
Fri Jun 07 19:46:32 Saved as file BACKUP1.MAX
Fri Jun 07 19:46:33 Saved as file BACKUP1.MAX
Fri Jun 07 19:46:34 Saved as file BACKUP1.MAX
Fri Jun 07 19:46:34 Saved as file BACKUP1.MAX
Fri Jun 07 19:46:36 Saved as file BACKUP1.MAX
Fri Jun 07 19:46:37 Saved as file BACKUP1.MAX
Fri Jun 07 19:46:38 Saved as file BACKUP1.MAX
Fri Jun 07 19:46:39 Saved as file BACKUP1.MAX
Fri Jun 07 19:46:40 Saved as file BACKUP1.MAX
Fri Jun 07 19:46:41 Saved as file BACKUP1.MAX
Fri Jun 07 19:46:42 Saved as file BACKUP1.MAX
Fri Jun 07 19:46:42 Saved as file BACKUP1.MAX
Fri Jun 07 19:46:43 Saved as file BACKUP1.MAX
Fri Jun 07 19:46:44 Saved as file BACKUP1.MAX
Fri Jun 07 19:46:44 Saved as file BACKUP1.MAX
Fri Jun 07 19:46:44 Saved as file BACKUP1.MAX
Fri Jun 07 19:46:44 Saved as file BACKUP1.MAX
Fri Jun 07 19:46:44 Saved as file BACKUP1.MAX
Fri Jun 07 19:46:44 Saved as file BACKUP1.MAX
Fri Jun 07 19:46:45 Saved as file BACKUP1.MAX
Fri Jun 07 19:46:46 Saved as file BACKUP1.MAX
Fri Jun 07 19:46:47 Saved as file BACKUP1.MAX
Fri Jun 07 19:46:48 Saved as file BACKUP1.MAX
Fri Jun 07 19:46:48 Saved as file BACKUP1.MAX
Fri Jun 07 19:46:49 Saved as file BACKUP1.MAX
Fri Jun 07 19:46:50 Saved as file BACKUP1.MAX
Fri Jun 07 19:46:50 Saved as file BACKUP1.MAX
Fri Jun 07 19:46:51 Saved as file BACKUP1.MAX
Fri Jun 07 19:46:52 Saved as file BACKUP1.MAX
Fri Jun 07 19:46:52 Saved as file BACKUP1.MAX
Fri Jun 07 19:46:52 Saved as file BACKUP1.MAX
Fri Jun 07 19:46:52 Saved as file BACKUP1.MAX
Fri Jun 07 19:46:52 Saved as file BACKUP1.MAX
Fri Jun 07 19:46:52 Saved as file BACKUP1.MAX
Fri Jun 07 19:46:52 Routed 467 connections in 22 seconds.
Fri Jun 07 19:46:52 Total is now 241 out of 299 (80%).
Fri Jun 07 19:46:52 Saved as file SWEEP2.MAX
Fri Jun 07 19:47:16 Routed 22 connections in 23 seconds.
Fri Jun 07 19:47:16 Total is now 259 out of 299 (86%).
Fri Jun 07 19:47:16 Saved as file SWEEP3.MAX
Fri Jun 07 19:47:57 Routed 8 connections in 41 seconds.
Fri Jun 07 19:47:57 Total is now 262 out of 299 (87%).
Fri Jun 07 19:47:57 Saved as file SWEEP4.MAX
Fri Jun 07 19:48:34 Routed 11 connections in 36 seconds.
Fri Jun 07 19:48:34 Total is now 272 out of 299 (90%).
Fri Jun 07 19:48:34 Saved as file SWEEP5.MAX
Fri Jun 07 19:54:56 Saved as file BACKUP1.MAX
Fri Jun 07 20:05:26 Saved as file BACKUP1.MAX
Fri Jun 07 20:15:56 Saved as file BACKUP1.MAX
Fri Jun 07 20:26:26 Saved as file BACKUP1.MAX
Fri Jun 07 20:36:56 Saved as file BACKUP1.MAX
Fri Jun 07 20:47:26 Saved as file BACKUP1.MAX
Fri Jun 07 20:57:56 Saved as file BACKUP1.MAX
Fri Jun 07 21:08:26 Saved as file BACKUP1.MAX
Fri Jun 07 21:18:56 Saved as file BACKUP1.MAX
Fri Jun 07 21:29:26 Saved as file BACKUP1.MAX
Fri Jun 07 21:39:56 Saved as file BACKUP1.MAX
Fri Jun 07 21:50:26 Saved as file BACKUP1.MAX
Fri Jun 07 22:00:56 Saved as file BACKUP1.MAX
Fri Jun 07 22:05:06 Saved as file C:\USERS\STUDENT\DESKTOP\DISERTATIE_4_IUNIE\SCHEMA_DISERTATIE_CAPTURE_LAYOUT\SWEEP5.MAX
Tue Jun 18 21:33:51 Saved as file G:\2024_DIZERTATIE_BALTAG_A_FRECVENTMETRU\DISERTATIE_6_IUNIE\SCHEMA_DISERTATIE_CAPTURE_LAYOUT\SWEEP5.MAX
Tue Jun 18 21:37:07 Saved as file ~undo.max
Tue Jun 18 21:37:40 Saved as file ~undo.max
Tue Jun 18 21:37:42 Saved as file ~undo.max
Tue Jun 18 21:37:48 Saved as file ~undo.max
Tue Jun 18 21:37:59 Saved as file ~undo.max
Tue Jun 18 21:38:08 Saved as file BACKUP1.MAX
Tue Jun 18 21:38:13 Saved as file ~undo.max
Tue Jun 18 21:38:17 Saved as file ~undo.max
Tue Jun 18 21:38:26 Saved as file ~undo.max
Tue Jun 18 21:38:35 Saved as file ~undo.max
Tue Jun 18 21:38:41 Saved as file ~undo.max
Tue Jun 18 21:38:54 Saved as file ~undo.max
Tue Jun 18 21:38:58 Saved as file ~undo.max
Tue Jun 18 21:39:05 Saved as file ~undo.max
Tue Jun 18 21:39:14 Saved as file ~undo.max
Tue Jun 18 21:39:18 Saved as file ~undo.max
Tue Jun 18 21:39:23 Saved as file ~undo.max
Tue Jun 18 21:39:28 Saved as file ~undo.max
Tue Jun 18 21:39:40 Saved as file ~undo.max
Tue Jun 18 21:39:47 Saved as file ~undo.max
Tue Jun 18 21:39:54 Saved as file ~undo.max
Tue Jun 18 21:40:20 Saved as file ~undo.max
Tue Jun 18 21:40:32 Saved as file ~undo.max
Tue Jun 18 21:40:38 Saved as file ~undo.max
Tue Jun 18 21:40:47 Saved as file ~undo.max
Tue Jun 18 21:40:53 Saved as file ~undo.max
Tue Jun 18 21:40:57 Saved as file ~undo.max
Tue Jun 18 21:41:01 Saved as file ~undo.max
Tue Jun 18 21:41:05 Saved as file ~undo.max
Tue Jun 18 21:41:16 Saved as file ~undo.max
Tue Jun 18 21:41:20 Saved as file ~undo.max
Tue Jun 18 21:41:24 Saved as file ~undo.max
Tue Jun 18 21:41:27 Saved as file G:\2024_DIZERTATIE_BALTAG_A_FRECVENTMETRU\DISERTATIE_6_IUNIE\SCHEMA_DISERTATIE_CAPTURE_LAYOUT\SWEEP5.MAX
Tue Jun 18 21:41:50 Saved as file ~undo.max
Tue Jun 18 21:41:57 Saved as file ~undo.max
Tue Jun 18 21:42:04 Saved as file ~undo.max
Tue Jun 18 21:42:08 Saved as file G:\2024_DIZERTATIE_BALTAG_A_FRECVENTMETRU\DISERTATIE_6_IUNIE\SCHEMA_DISERTATIE_CAPTURE_LAYOUT\SWEEP5.MAX
Tue Jun 18 21:42:13 Saved as file BACKUP1.MAX
Tue Jun 18 21:42:13 Saved as file BACKUP1.MAX
Tue Jun 18 21:42:14 Saved as file BACKUP1.MAX
Tue Jun 18 21:42:14 Saved as file BACKUP1.MAX
Tue Jun 18 21:42:15 Saved as file BACKUP1.MAX
Tue Jun 18 21:42:16 Saved as file BACKUP1.MAX
Tue Jun 18 21:42:16 Saved as file BACKUP1.MAX
Tue Jun 18 21:42:17 Saved as file BACKUP1.MAX
Tue Jun 18 21:42:17 Saved as file BACKUP1.MAX
Tue Jun 18 21:42:17 Saved as file BACKUP1.MAX
Tue Jun 18 21:42:18 Saved as file BACKUP1.MAX
Tue Jun 18 21:42:18 Saved as file BACKUP1.MAX
Tue Jun 18 21:42:18 Saved as file BACKUP1.MAX
Tue Jun 18 21:42:19 Saved as file BACKUP1.MAX
Tue Jun 18 21:42:19 Saved as file BACKUP1.MAX
Tue Jun 18 21:42:20 Saved as file BACKUP1.MAX
Tue Jun 18 21:42:20 Saved as file BACKUP1.MAX
Tue Jun 18 21:42:21 Saved as file BACKUP1.MAX
Tue Jun 18 21:42:21 Saved as file BACKUP1.MAX
Tue Jun 18 21:42:22 Saved as file BACKUP1.MAX
Tue Jun 18 21:42:22 Saved as file BACKUP1.MAX
Tue Jun 18 21:42:22 Saved as file BACKUP1.MAX
Tue Jun 18 21:42:23 Saved as file BACKUP1.MAX
Tue Jun 18 21:42:23 Saved as file BACKUP1.MAX
Tue Jun 18 21:42:23 Saved as file BACKUP1.MAX
Tue Jun 18 21:42:24 Saved as file BACKUP1.MAX
Tue Jun 18 21:42:24 Saved as file BACKUP1.MAX
Tue Jun 18 21:42:25 Saved as file BACKUP1.MAX
Tue Jun 18 21:42:25 Saved as file BACKUP1.MAX
Tue Jun 18 21:42:25 Saved as file BACKUP1.MAX
Tue Jun 18 21:42:26 Saved as file BACKUP1.MAX
Tue Jun 18 21:42:27 Saved as file BACKUP1.MAX
Tue Jun 18 21:42:27 Routed 6 connections in 14 seconds.
Tue Jun 18 21:42:27 Total is now 6 out of 299 (2%).
Tue Jun 18 21:42:27 Saved as file SWEEP1.MAX
Tue Jun 18 21:42:30 Saved as file BACKUP1.MAX
Tue Jun 18 21:42:32 Saved as file BACKUP1.MAX
Tue Jun 18 21:42:34 Saved as file BACKUP1.MAX
Tue Jun 18 21:42:38 Saved as file BACKUP1.MAX
Tue Jun 18 21:42:40 Saved as file BACKUP1.MAX
Tue Jun 18 21:42:42 Saved as file BACKUP1.MAX
Tue Jun 18 21:42:44 Saved as file BACKUP1.MAX
Tue Jun 18 21:42:45 Saved as file BACKUP1.MAX
Tue Jun 18 21:42:48 Saved as file BACKUP1.MAX
Tue Jun 18 21:42:48 Saved as file BACKUP1.MAX
Tue Jun 18 21:42:51 Saved as file BACKUP1.MAX
Tue Jun 18 21:42:53 Saved as file BACKUP1.MAX
Tue Jun 18 21:42:53 Saved as file BACKUP1.MAX
Tue Jun 18 21:42:56 Saved as file BACKUP1.MAX
Tue Jun 18 21:42:56 Saved as file BACKUP1.MAX
Tue Jun 18 21:42:57 Saved as file BACKUP1.MAX
Tue Jun 18 21:42:57 Saved as file BACKUP1.MAX
Tue Jun 18 21:42:58 Saved as file BACKUP1.MAX
Tue Jun 18 21:42:59 Saved as file BACKUP1.MAX
Tue Jun 18 21:42:59 Saved as file BACKUP1.MAX
Tue Jun 18 21:43:06 Routed 321 connections in 39 seconds.
Tue Jun 18 21:43:06 Total is now 164 out of 299 (54%).
Tue Jun 18 21:43:12 Saved as file BACKUP1.MAX
Tue Jun 18 21:43:14 Saved as file BACKUP1.MAX
Tue Jun 18 21:43:14 Saved as file BACKUP1.MAX
Tue Jun 18 21:43:16 Routed 43 connections in 4 seconds.
Tue Jun 18 21:43:17 Total is now 191 out of 299 (63%).
Tue Jun 18 21:43:27 Saved as file BACKUP1.MAX
Tue Jun 18 21:43:27 Saved as file BACKUP1.MAX
Tue Jun 18 21:43:28 Saved as file BACKUP1.MAX
Tue Jun 18 21:43:28 Routed 2 connections in 1 seconds.
Tue Jun 18 21:43:28 Total is now 191 out of 299 (63%).
Tue Jun 18 21:44:10 Saved as file G:\2024_DIZERTATIE_BALTAG_A_FRECVENTMETRU\DISERTATIE_6_IUNIE\SCHEMA_DISERTATIE_CAPTURE_LAYOUT\SWEEP5.MAX
Tue Jun 18 21:44:16 Saved as file BACKUP1.MAX
Tue Jun 18 21:44:16 Saved as file BACKUP1.MAX
Tue Jun 18 21:44:16 Saved as file BACKUP1.MAX
Tue Jun 18 21:44:17 Saved as file BACKUP1.MAX
Tue Jun 18 21:44:18 Saved as file BACKUP1.MAX
Tue Jun 18 21:44:19 Saved as file BACKUP1.MAX
Tue Jun 18 21:44:19 Saved as file BACKUP1.MAX
Tue Jun 18 21:44:20 Saved as file BACKUP1.MAX
Tue Jun 18 21:44:21 Saved as file BACKUP1.MAX
Tue Jun 18 21:44:21 Saved as file BACKUP1.MAX
Tue Jun 18 21:44:23 Saved as file BACKUP1.MAX
Tue Jun 18 21:44:23 Saved as file BACKUP1.MAX
Tue Jun 18 21:44:24 Saved as file BACKUP1.MAX
Tue Jun 18 21:44:24 Saved as file BACKUP1.MAX
Tue Jun 18 21:44:24 Saved as file BACKUP1.MAX
Tue Jun 18 21:44:25 Saved as file BACKUP1.MAX
Tue Jun 18 21:44:25 Saved as file BACKUP1.MAX
Tue Jun 18 21:44:27 Saved as file BACKUP1.MAX
Tue Jun 18 21:44:28 Saved as file BACKUP1.MAX
Tue Jun 18 21:44:29 Saved as file BACKUP1.MAX
Tue Jun 18 21:44:29 Saved as file BACKUP1.MAX
Tue Jun 18 21:44:29 Saved as file BACKUP1.MAX
Tue Jun 18 21:44:30 Saved as file BACKUP1.MAX
Tue Jun 18 21:44:31 Saved as file BACKUP1.MAX
Tue Jun 18 21:44:32 Saved as file BACKUP1.MAX
Tue Jun 18 21:44:33 Saved as file BACKUP1.MAX
Tue Jun 18 21:44:33 Saved as file BACKUP1.MAX
Tue Jun 18 21:44:34 Saved as file BACKUP1.MAX
Tue Jun 18 21:44:34 Saved as file BACKUP1.MAX
Tue Jun 18 21:44:35 Saved as file BACKUP1.MAX
Tue Jun 18 21:44:35 Saved as file BACKUP1.MAX
Tue Jun 18 21:44:36 Saved as file BACKUP1.MAX
Tue Jun 18 21:44:36 Routed 6 connections in 20 seconds.
Tue Jun 18 21:44:36 Total is now 6 out of 299 (2%).
Tue Jun 18 21:44:36 Saved as file SWEEP1.MAX
Tue Jun 18 21:44:40 Saved as file BACKUP1.MAX
Tue Jun 18 21:44:43 Saved as file BACKUP1.MAX
Tue Jun 18 21:44:45 Saved as file BACKUP1.MAX
Tue Jun 18 21:44:49 Saved as file BACKUP1.MAX
Tue Jun 18 21:44:50 Saved as file BACKUP1.MAX
Tue Jun 18 21:44:53 Saved as file BACKUP1.MAX
Tue Jun 18 21:44:56 Saved as file BACKUP1.MAX
Tue Jun 18 21:44:58 Saved as file BACKUP1.MAX
Tue Jun 18 21:45:01 Saved as file BACKUP1.MAX
Tue Jun 18 21:45:01 Saved as file BACKUP1.MAX
Tue Jun 18 21:45:05 Saved as file BACKUP1.MAX
Tue Jun 18 21:45:07 Saved as file BACKUP1.MAX
Tue Jun 18 21:45:08 Saved as file BACKUP1.MAX
Tue Jun 18 21:45:10 Saved as file BACKUP1.MAX
Tue Jun 18 21:45:11 Saved as file BACKUP1.MAX
Tue Jun 18 21:45:12 Saved as file BACKUP1.MAX
Tue Jun 18 21:45:12 Saved as file BACKUP1.MAX
Tue Jun 18 21:45:12 Saved as file BACKUP1.MAX
Tue Jun 18 21:45:14 Saved as file BACKUP1.MAX
Tue Jun 18 21:45:14 Saved as file BACKUP1.MAX
Tue Jun 18 21:45:17 Saved as file BACKUP1.MAX
Tue Jun 18 21:45:20 Saved as file BACKUP1.MAX
Tue Jun 18 21:45:20 Saved as file BACKUP1.MAX
Tue Jun 18 21:45:24 Saved as file BACKUP1.MAX
Tue Jun 18 21:45:26 Saved as file BACKUP1.MAX
Tue Jun 18 21:45:29 Saved as file BACKUP1.MAX
Tue Jun 18 21:45:31 Saved as file BACKUP1.MAX
Tue Jun 18 21:45:32 Saved as file BACKUP1.MAX
Tue Jun 18 21:45:36 Saved as file BACKUP1.MAX
Tue Jun 18 21:45:37 Saved as file BACKUP1.MAX
Tue Jun 18 21:45:38 Saved as file BACKUP1.MAX
Tue Jun 18 21:45:38 Saved as file BACKUP1.MAX
Tue Jun 18 21:45:39 Saved as file BACKUP1.MAX
Tue Jun 18 21:45:40 Saved as file BACKUP1.MAX
Tue Jun 18 21:45:41 Saved as file BACKUP1.MAX
Tue Jun 18 21:45:41 Routed 447 connections in 65 seconds.
Tue Jun 18 21:45:41 Total is now 240 out of 299 (80%).
Tue Jun 18 21:45:41 Saved as file SWEEP2.MAX
Tue Jun 18 21:46:24 Routed 18 connections in 42 seconds.
Tue Jun 18 21:46:24 Total is now 255 out of 299 (85%).
Tue Jun 18 21:46:24 Saved as file SWEEP3.MAX
Tue Jun 18 21:48:00 Routed 15 connections in 95 seconds.
Tue Jun 18 21:48:00 Total is now 262 out of 299 (87%).
Tue Jun 18 21:48:00 Saved as file SWEEP4.MAX
Tue Jun 18 21:48:09 Saved as file BACKUP1.MAX
Tue Jun 18 21:48:55 Routed 8 connections in 55 seconds.
Tue Jun 18 21:48:55 Total is now 268 out of 299 (89%).
Tue Jun 18 21:48:56 Saved as file SWEEP5.MAX
Tue Jun 18 21:50:30 Saved as file ~undo.max
Tue Jun 18 21:50:46 Saved as file ~undo.max
Tue Jun 18 21:50:52 Saved as file ~undo.max
Tue Jun 18 21:50:57 Saved as file ~undo.max
Tue Jun 18 21:51:01 Saved as file ~undo.max
Tue Jun 18 21:51:23 Saved as file ~undo.max
Tue Jun 18 21:51:27 Saved as file ~undo.max
Tue Jun 18 21:51:32 Saved as file ~undo.max
Tue Jun 18 21:51:37 Saved as file ~undo.max
Tue Jun 18 21:51:54 Saved as file ~undo.max
Tue Jun 18 21:52:06 Saved as file ~undo.max
Tue Jun 18 21:52:12 Saved as file ~undo.max
Tue Jun 18 21:52:17 Saved as file ~undo.max
Tue Jun 18 21:52:27 Saved as file ~undo.max
Tue Jun 18 21:53:25 Saved as file ~undo.max
Tue Jun 18 21:54:47 Saved as file ~undo.max
Tue Jun 18 21:54:54 Saved as file ~undo.max
Tue Jun 18 21:55:02 Saved as file ~undo.max
Tue Jun 18 21:55:11 Saved as file G:\2024_DIZERTATIE_BALTAG_A_FRECVENTMETRU\DISERTATIE_6_IUNIE\SCHEMA_DISERTATIE_CAPTURE_LAYOUT\SWEEP5.MAX
Tue Jun 18 21:55:44 Saved as file BACKUP1.MAX
Tue Jun 18 21:55:45 Saved as file BACKUP1.MAX
Tue Jun 18 21:55:46 Saved as file BACKUP1.MAX
Tue Jun 18 21:55:47 Saved as file BACKUP1.MAX
Tue Jun 18 21:55:47 Saved as file BACKUP1.MAX
Tue Jun 18 21:55:48 Saved as file BACKUP1.MAX
Tue Jun 18 21:55:48 Saved as file BACKUP1.MAX
Tue Jun 18 21:55:49 Saved as file BACKUP1.MAX
Tue Jun 18 21:55:49 Saved as file BACKUP1.MAX
Tue Jun 18 21:55:50 Saved as file BACKUP1.MAX
Tue Jun 18 21:55:51 Saved as file BACKUP1.MAX
Tue Jun 18 21:55:51 Saved as file BACKUP1.MAX
Tue Jun 18 21:55:52 Saved as file BACKUP1.MAX
Tue Jun 18 21:55:52 Saved as file BACKUP1.MAX
Tue Jun 18 21:55:53 Saved as file BACKUP1.MAX
Tue Jun 18 21:55:53 Saved as file BACKUP1.MAX
Tue Jun 18 21:55:54 Saved as file BACKUP1.MAX
Tue Jun 18 21:55:55 Saved as file BACKUP1.MAX
Tue Jun 18 21:55:57 Saved as file BACKUP1.MAX
Tue Jun 18 21:55:57 Saved as file BACKUP1.MAX
Tue Jun 18 21:55:57 Saved as file BACKUP1.MAX
Tue Jun 18 21:55:57 Saved as file BACKUP1.MAX
Tue Jun 18 21:55:59 Saved as file BACKUP1.MAX
Tue Jun 18 21:56:00 Saved as file BACKUP1.MAX
Tue Jun 18 21:56:00 Saved as file BACKUP1.MAX
Tue Jun 18 21:56:02 Saved as file BACKUP1.MAX
Tue Jun 18 21:56:02 Saved as file BACKUP1.MAX
Tue Jun 18 21:56:02 Saved as file BACKUP1.MAX
Tue Jun 18 21:56:03 Saved as file BACKUP1.MAX
Tue Jun 18 21:56:03 Saved as file BACKUP1.MAX
Tue Jun 18 21:56:04 Saved as file BACKUP1.MAX
Tue Jun 18 21:56:05 Saved as file BACKUP1.MAX
Tue Jun 18 21:56:05 Routed 5 connections in 20 seconds.
Tue Jun 18 21:56:05 Total is now 5 out of 299 (1%).
Tue Jun 18 21:56:05 Saved as file SWEEP1.MAX
Tue Jun 18 21:56:08 Saved as file BACKUP1.MAX
Tue Jun 18 21:56:11 Saved as file BACKUP1.MAX
Tue Jun 18 21:56:13 Saved as file BACKUP1.MAX
Tue Jun 18 21:56:18 Saved as file BACKUP1.MAX
Tue Jun 18 21:56:19 Saved as file BACKUP1.MAX
Tue Jun 18 21:56:22 Saved as file BACKUP1.MAX
Tue Jun 18 21:56:25 Saved as file BACKUP1.MAX
Tue Jun 18 21:56:28 Saved as file BACKUP1.MAX
Tue Jun 18 21:56:31 Saved as file BACKUP1.MAX
Tue Jun 18 21:56:31 Saved as file BACKUP1.MAX
Tue Jun 18 21:56:34 Saved as file BACKUP1.MAX
Tue Jun 18 21:56:37 Saved as file BACKUP1.MAX
Tue Jun 18 21:56:38 Saved as file BACKUP1.MAX
Tue Jun 18 21:56:41 Saved as file BACKUP1.MAX
Tue Jun 18 21:56:41 Saved as file BACKUP1.MAX
Tue Jun 18 21:56:43 Saved as file BACKUP1.MAX
Tue Jun 18 21:56:43 Saved as file BACKUP1.MAX
Tue Jun 18 21:56:43 Saved as file BACKUP1.MAX
Tue Jun 18 21:56:44 Saved as file BACKUP1.MAX
Tue Jun 18 21:56:44 Saved as file BACKUP1.MAX
Tue Jun 18 21:56:47 Saved as file BACKUP1.MAX
Tue Jun 18 21:56:50 Saved as file BACKUP1.MAX
Tue Jun 18 21:56:51 Saved as file BACKUP1.MAX
Tue Jun 18 21:56:55 Saved as file BACKUP1.MAX
Tue Jun 18 21:56:55 Saved as file BACKUP1.MAX
Tue Jun 18 21:56:58 Saved as file BACKUP1.MAX
Tue Jun 18 21:57:00 Saved as file BACKUP1.MAX
Tue Jun 18 21:57:01 Saved as file BACKUP1.MAX
Tue Jun 18 21:57:04 Saved as file BACKUP1.MAX
Tue Jun 18 21:57:05 Saved as file BACKUP1.MAX
Tue Jun 18 21:57:06 Saved as file BACKUP1.MAX
Tue Jun 18 21:57:07 Saved as file BACKUP1.MAX
Tue Jun 18 21:57:07 Saved as file BACKUP1.MAX
Tue Jun 18 21:57:09 Saved as file BACKUP1.MAX
Tue Jun 18 21:57:09 Saved as file BACKUP1.MAX
Tue Jun 18 21:57:09 Routed 454 connections in 64 seconds.
Tue Jun 18 21:57:09 Total is now 240 out of 299 (80%).
Tue Jun 18 21:57:09 Saved as file SWEEP2.MAX
Tue Jun 18 21:57:40 Routed 19 connections in 30 seconds.
Tue Jun 18 21:57:40 Total is now 258 out of 299 (86%).
Tue Jun 18 21:57:40 Saved as file SWEEP3.MAX
Tue Jun 18 21:58:35 Routed 10 connections in 55 seconds.
Tue Jun 18 21:58:35 Total is now 262 out of 299 (87%).
Tue Jun 18 21:58:36 Saved as file SWEEP4.MAX
Tue Jun 18 21:58:39 Saved as file BACKUP1.MAX
Tue Jun 18 21:59:34 Routed 7 connections in 58 seconds.
Tue Jun 18 21:59:34 Total is now 265 out of 299 (88%).
Tue Jun 18 21:59:34 Saved as file SWEEP5.MAX
Tue Jun 18 22:01:38 Saved as file G:\2024_DIZERTATIE_BALTAG_A_FRECVENTMETRU\DISERTATIE_6_IUNIE\SCHEMA_DISERTATIE_CAPTURE_LAYOUT\SWEEP5.MAX
Tue Jun 18 22:03:21 Saved as file ~undo.max
Tue Jun 18 22:03:33 Saved as file ~undo.max
Tue Jun 18 22:03:37 Saved as file ~undo.max
Tue Jun 18 22:03:42 Saved as file ~undo.max
Tue Jun 18 22:03:48 Saved as file ~undo.max
Tue Jun 18 22:03:56 Saved as file ~undo.max
Tue Jun 18 22:04:00 Saved as file ~undo.max
Tue Jun 18 22:04:52 Saved as file G:\2024_DIZERTATIE_BALTAG_A_FRECVENTMETRU\DISERTATIE_6_IUNIE\SCHEMA_DISERTATIE_CAPTURE_LAYOUT\SWEEP5.MAX
Tue Jun 18 22:04:58 Saved as file BACKUP1.MAX
Tue Jun 18 22:04:59 Saved as file BACKUP1.MAX
Tue Jun 18 22:05:00 Saved as file BACKUP1.MAX
Tue Jun 18 22:05:01 Saved as file BACKUP1.MAX
Tue Jun 18 22:05:02 Saved as file BACKUP1.MAX
Tue Jun 18 22:05:02 Saved as file BACKUP1.MAX
Tue Jun 18 22:05:03 Saved as file BACKUP1.MAX
Tue Jun 18 22:05:04 Saved as file BACKUP1.MAX
Tue Jun 18 22:05:05 Saved as file BACKUP1.MAX
Tue Jun 18 22:05:06 Saved as file BACKUP1.MAX
Tue Jun 18 22:05:07 Saved as file BACKUP1.MAX
Tue Jun 18 22:05:07 Saved as file BACKUP1.MAX
Tue Jun 18 22:05:08 Saved as file BACKUP1.MAX
Tue Jun 18 22:05:08 Saved as file BACKUP1.MAX
Tue Jun 18 22:05:09 Saved as file BACKUP1.MAX
Tue Jun 18 22:05:09 Saved as file BACKUP1.MAX
Tue Jun 18 22:05:09 Saved as file BACKUP1.MAX
Tue Jun 18 22:05:11 Saved as file BACKUP1.MAX
Tue Jun 18 22:05:12 Saved as file BACKUP1.MAX
Tue Jun 18 22:05:14 Saved as file BACKUP1.MAX
Tue Jun 18 22:05:15 Saved as file BACKUP1.MAX
Tue Jun 18 22:05:15 Saved as file BACKUP1.MAX
Tue Jun 18 22:05:16 Saved as file BACKUP1.MAX
Tue Jun 18 22:05:17 Saved as file BACKUP1.MAX
Tue Jun 18 22:05:18 Saved as file BACKUP1.MAX
Tue Jun 18 22:05:19 Saved as file BACKUP1.MAX
Tue Jun 18 22:05:19 Saved as file BACKUP1.MAX
Tue Jun 18 22:05:20 Saved as file BACKUP1.MAX
Tue Jun 18 22:05:21 Saved as file BACKUP1.MAX
Tue Jun 18 22:05:21 Saved as file BACKUP1.MAX
Tue Jun 18 22:05:22 Saved as file BACKUP1.MAX
Tue Jun 18 22:05:22 Saved as file BACKUP1.MAX
Tue Jun 18 22:05:22 Routed 3 connections in 24 seconds.
Tue Jun 18 22:05:22 Total is now 3 out of 299 (1%).
Tue Jun 18 22:05:22 Saved as file SWEEP1.MAX
Tue Jun 18 22:05:27 Saved as file BACKUP1.MAX
Tue Jun 18 22:05:31 Saved as file BACKUP1.MAX
Tue Jun 18 22:05:33 Saved as file BACKUP1.MAX
Tue Jun 18 22:05:39 Saved as file BACKUP1.MAX
Tue Jun 18 22:05:40 Saved as file BACKUP1.MAX
Tue Jun 18 22:05:46 Saved as file BACKUP1.MAX
Tue Jun 18 22:05:49 Saved as file BACKUP1.MAX
Tue Jun 18 22:05:51 Saved as file BACKUP1.MAX
Tue Jun 18 22:05:58 Saved as file BACKUP1.MAX
Tue Jun 18 22:05:59 Saved as file BACKUP1.MAX
Tue Jun 18 22:06:03 Saved as file BACKUP1.MAX
Tue Jun 18 22:06:06 Saved as file BACKUP1.MAX
Tue Jun 18 22:06:06 Saved as file BACKUP1.MAX
Tue Jun 18 22:06:10 Saved as file BACKUP1.MAX
Tue Jun 18 22:06:11 Saved as file BACKUP1.MAX
Tue Jun 18 22:06:12 Saved as file BACKUP1.MAX
Tue Jun 18 22:06:13 Saved as file BACKUP1.MAX
Tue Jun 18 22:06:13 Saved as file BACKUP1.MAX
Tue Jun 18 22:06:15 Saved as file BACKUP1.MAX
Tue Jun 18 22:06:15 Saved as file BACKUP1.MAX
Tue Jun 18 22:06:19 Saved as file BACKUP1.MAX
Tue Jun 18 22:06:22 Saved as file BACKUP1.MAX
Tue Jun 18 22:06:24 Saved as file BACKUP1.MAX
Tue Jun 18 22:06:27 Saved as file BACKUP1.MAX
Tue Jun 18 22:06:29 Saved as file BACKUP1.MAX
Tue Jun 18 22:06:32 Saved as file BACKUP1.MAX
Tue Jun 18 22:06:35 Saved as file BACKUP1.MAX
Tue Jun 18 22:06:36 Saved as file BACKUP1.MAX
Tue Jun 18 22:06:39 Saved as file BACKUP1.MAX
Tue Jun 18 22:06:39 Saved as file BACKUP1.MAX
Tue Jun 18 22:06:40 Saved as file BACKUP1.MAX
Tue Jun 18 22:06:41 Saved as file BACKUP1.MAX
Tue Jun 18 22:06:42 Saved as file BACKUP1.MAX
Tue Jun 18 22:06:43 Saved as file BACKUP1.MAX
Tue Jun 18 22:06:43 Saved as file BACKUP1.MAX
Tue Jun 18 22:06:43 Routed 453 connections in 80 seconds.
Tue Jun 18 22:06:43 Total is now 244 out of 299 (81%).
Tue Jun 18 22:06:44 Saved as file SWEEP2.MAX
Tue Jun 18 22:07:13 Routed 19 connections in 28 seconds.
Tue Jun 18 22:07:13 Total is now 261 out of 299 (87%).
Tue Jun 18 22:07:13 Saved as file SWEEP3.MAX
Tue Jun 18 22:07:48 Routed 11 connections in 35 seconds.
Tue Jun 18 22:07:48 Total is now 265 out of 299 (88%).
Tue Jun 18 22:07:48 Saved as file SWEEP4.MAX
Tue Jun 18 22:08:28 Routed 6 connections in 39 seconds.
Tue Jun 18 22:08:29 Total is now 268 out of 299 (89%).
Tue Jun 18 22:08:29 Saved as file SWEEP5.MAX
Tue Jun 18 22:09:39 Saved as file BACKUP1.MAX
Tue Jun 18 22:14:28 Saved as file ~undo.max
Tue Jun 18 22:14:40 Saved as file ~undo.max
Tue Jun 18 22:14:45 Saved as file ~undo.max
Tue Jun 18 22:14:52 Saved as file ~undo.max
Tue Jun 18 22:15:02 Saved as file ~undo.max
Tue Jun 18 22:15:05 Saved as file ~undo.max
Tue Jun 18 22:15:17 Saved as file ~undo.max
Tue Jun 18 22:15:20 Saved as file ~undo.max
Tue Jun 18 22:15:22 Saved as file ~undo.max
Tue Jun 18 22:15:34 Saved as file ~undo.max
Tue Jun 18 22:15:40 Saved as file ~undo.max
Tue Jun 18 22:15:48 Saved as file ~undo.max
Tue Jun 18 22:15:59 Saved as file ~undo.max
Tue Jun 18 22:16:03 Saved as file ~undo.max
Tue Jun 18 22:16:08 Saved as file ~undo.max
Tue Jun 18 22:16:34 Saved as file ~undo.max
Tue Jun 18 22:16:49 Saved as file ~undo.max
Tue Jun 18 22:16:59 Saved as file ~undo.max
Tue Jun 18 22:17:05 Saved as file ~undo.max
Tue Jun 18 22:17:10 Saved as file ~undo.max
Tue Jun 18 22:17:41 Saved as file ~undo.max
Tue Jun 18 22:17:47 Saved as file ~undo.max
Tue Jun 18 22:17:52 Saved as file ~undo.max
Tue Jun 18 22:17:55 Saved as file ~undo.max
Tue Jun 18 22:18:04 Saved as file ~undo.max
Tue Jun 18 22:18:14 Saved as file ~undo.max
Tue Jun 18 22:18:24 Saved as file ~undo.max
Tue Jun 18 22:18:28 Saved as file ~undo.max
Tue Jun 18 22:18:37 Saved as file G:\2024_DIZERTATIE_BALTAG_A_FRECVENTMETRU\DISERTATIE_6_IUNIE\SCHEMA_DISERTATIE_CAPTURE_LAYOUT\SWEEP5.MAX
Tue Jun 18 22:19:07 Saved as file G:\2024_DIZERTATIE_BALTAG_A_FRECVENTMETRU\DISERTATIE_6_IUNIE\SCHEMA_DISERTATIE_CAPTURE_LAYOUT\SWEEP5.MAX
Tue Jun 18 22:19:36 Saved as file BACKUP1.MAX
Tue Jun 18 22:19:37 Saved as file BACKUP1.MAX
Tue Jun 18 22:19:38 Saved as file BACKUP1.MAX
Tue Jun 18 22:19:38 Saved as file BACKUP1.MAX
Tue Jun 18 22:19:38 Saved as file BACKUP1.MAX
Tue Jun 18 22:19:39 Saved as file BACKUP1.MAX
Tue Jun 18 22:19:39 Saved as file BACKUP1.MAX
Tue Jun 18 22:19:40 Saved as file BACKUP1.MAX
Tue Jun 18 22:19:40 Saved as file BACKUP1.MAX
Tue Jun 18 22:19:40 Saved as file BACKUP1.MAX
Tue Jun 18 22:19:41 Saved as file BACKUP1.MAX
Tue Jun 18 22:19:41 Routed 1 connections in 8 seconds.
Tue Jun 18 22:19:41 Total is now 1 out of 300 (0%).
Tue Jun 18 22:19:41 Saved as file SWEEP1.MAX
Tue Jun 18 22:19:45 Saved as file BACKUP1.MAX
Tue Jun 18 22:19:48 Saved as file BACKUP1.MAX
Tue Jun 18 22:19:50 Saved as file BACKUP1.MAX
Tue Jun 18 22:19:54 Saved as file BACKUP1.MAX
Tue Jun 18 22:19:57 Saved as file BACKUP1.MAX
Tue Jun 18 22:20:02 Saved as file BACKUP1.MAX
Tue Jun 18 22:20:05 Saved as file BACKUP1.MAX
Tue Jun 18 22:20:08 Saved as file BACKUP1.MAX
Tue Jun 18 22:20:11 Saved as file BACKUP1.MAX
Tue Jun 18 22:20:13 Saved as file BACKUP1.MAX
Tue Jun 18 22:20:19 Saved as file BACKUP1.MAX
Tue Jun 18 22:20:22 Saved as file BACKUP1.MAX
Tue Jun 18 22:20:24 Saved as file BACKUP1.MAX
Tue Jun 18 22:20:28 Saved as file BACKUP1.MAX
Tue Jun 18 22:20:31 Saved as file BACKUP1.MAX
Tue Jun 18 22:20:32 Saved as file BACKUP1.MAX
Tue Jun 18 22:20:33 Saved as file BACKUP1.MAX
Tue Jun 18 22:20:33 Saved as file BACKUP1.MAX
Tue Jun 18 22:20:35 Saved as file BACKUP1.MAX
Tue Jun 18 22:20:35 Saved as file BACKUP1.MAX
Tue Jun 18 22:20:38 Saved as file BACKUP1.MAX
Tue Jun 18 22:20:41 Saved as file BACKUP1.MAX
Tue Jun 18 22:20:43 Saved as file BACKUP1.MAX
Tue Jun 18 22:20:46 Saved as file BACKUP1.MAX
Tue Jun 18 22:20:48 Saved as file BACKUP1.MAX
Tue Jun 18 22:20:51 Saved as file BACKUP1.MAX
Tue Jun 18 22:20:53 Saved as file BACKUP1.MAX
Tue Jun 18 22:20:54 Saved as file BACKUP1.MAX
Tue Jun 18 22:20:56 Saved as file BACKUP1.MAX
Tue Jun 18 22:20:57 Saved as file BACKUP1.MAX
Tue Jun 18 22:20:58 Saved as file BACKUP1.MAX
Tue Jun 18 22:20:59 Saved as file BACKUP1.MAX
Tue Jun 18 22:21:00 Saved as file BACKUP1.MAX
Tue Jun 18 22:21:01 Saved as file BACKUP1.MAX
Tue Jun 18 22:21:02 Saved as file BACKUP1.MAX
Tue Jun 18 22:21:02 Routed 513 connections in 80 seconds.
Tue Jun 18 22:21:02 Total is now 249 out of 300 (83%).
Tue Jun 18 22:21:02 Saved as file SWEEP2.MAX
Tue Jun 18 22:21:23 Routed 13 connections in 20 seconds.
Tue Jun 18 22:21:23 Total is now 259 out of 300 (86%).
Tue Jun 18 22:21:23 Saved as file SWEEP3.MAX
Tue Jun 18 22:21:55 Routed 14 connections in 32 seconds.
Tue Jun 18 22:21:55 Total is now 261 out of 300 (87%).
Tue Jun 18 22:21:56 Saved as file SWEEP4.MAX
Tue Jun 18 22:22:24 Routed 8 connections in 28 seconds.
Tue Jun 18 22:22:24 Total is now 264 out of 300 (88%).
Tue Jun 18 22:22:24 Saved as file SWEEP5.MAX
Tue Jun 18 22:24:59 Saved as file G:\2024_DIZERTATIE_BALTAG_A_FRECVENTMETRU\DISERTATIE_6_IUNIE\SCHEMA_DISERTATIE_CAPTURE_LAYOUT\SWEEP5.MAX
Tue Jun 18 22:30:09 Saved as file BACKUP1.MAX
Tue Jun 18 22:31:02 Saved as file G:\2024_DIZERTATIE_BALTAG_A_FRECVENTMETRU\DISERTATIE_6_IUNIE\SCHEMA_DISERTATIE_CAPTURE_LAYOUT\SWEEP5.MAX
Tue Jun 18 22:34:35 Saved as file G:\2024_DIZERTATIE_BALTAG_A_FRECVENTMETRU\DISERTATIE_6_IUNIE\SCHEMA_DISERTATIE_CAPTURE_LAYOUT\SWEEP5.MAX
Wed Jun 19 14:00:35 Saved as file BACKUP1.MAX
Wed Jun 19 14:11:05 Saved as file BACKUP1.MAX
Wed Jun 19 14:21:35 Saved as file BACKUP1.MAX
Wed Jun 19 14:32:05 Saved as file BACKUP1.MAX
Wed Jun 19 16:11:10 Saved as file BACKUP1.MAX
Wed Jun 19 16:21:10 Saved as file BACKUP1.MAX
Wed Jun 19 16:31:40 Saved as file BACKUP1.MAX
Wed Jun 19 16:42:10 Saved as file BACKUP1.MAX
Wed Jun 19 16:52:40 Saved as file BACKUP1.MAX
Wed Jun 19 17:03:10 Saved as file BACKUP1.MAX
Wed Jun 19 17:13:40 Saved as file BACKUP1.MAX
Wed Jun 19 17:24:10 Saved as file BACKUP1.MAX
Wed Jun 19 17:34:10 Saved as file BACKUP1.MAX
Wed Jun 19 17:44:40 Saved as file BACKUP1.MAX
Wed Jun 19 17:55:10 Saved as file BACKUP1.MAX
Wed Jun 19 18:05:40 Saved as file BACKUP1.MAX
Wed Jun 19 18:16:10 Saved as file BACKUP1.MAX
Wed Jun 19 18:26:40 Saved as file BACKUP1.MAX
Wed Jun 19 18:37:10 Saved as file BACKUP1.MAX
Wed Jun 19 18:47:10 Saved as file BACKUP1.MAX
Wed Jun 19 18:57:40 Saved as file BACKUP1.MAX
Wed Jun 19 19:08:10 Saved as file BACKUP1.MAX
Wed Jun 19 19:18:40 Saved as file BACKUP1.MAX
Wed Jun 19 19:29:10 Saved as file BACKUP1.MAX
Wed Jun 19 19:39:40 Saved as file BACKUP1.MAX
