Post Processor Report
OrCAD FILE: C:\USERS\DATOR\ONEDRIVE\DESKTOP\2024_DIZERTATIE_BALTAG_A_FRECVENTMETRU\DISERTATIE_6_IUNIE\SCHEMA_DISERTATIE_CAPTURE_LAYOUT\SWEEP5.MAX
Wed Jun 19 13:56:27 2024

*********************************************************

Output file: C:\USERS\DATOR\ONEDRIVE\DESKTOP\2024_DIZERTATIE_BALTAG_A_FRECVENTMETRU\DISERTATIE_6_IUNIE\SCHEMA_DISERTATIE_CAPTURE_LAYOUT\SWEEP5.TOP

Aperture totals for C:\USERS\DATOR\ONEDRIVE\DESKTOP\2024_DIZERTATIE_BALTAG_A_FRECVENTMETRU\DISERTATIE_6_IUNIE\SCHEMA_DISERTATIE_CAPTURE_LAYOUT\SWEEP5.TOP:
---------------------------------------------------------
D10:  0.0709 ROUND  --       0 Draws,       2 Flashes
D11:  0.0472 ROUND  --       0 Draws,     266 Flashes
D12:  0.0354 ROUND  --       0 Draws,      78 Flashes
D13:  0.0394 ROUND  --       0 Draws,      24 Flashes
D14:  0.0984 ROUND  --       0 Draws,       3 Flashes
D15:  0.0472 ROUND  --     571 Draws,       0 Flashes
---------------------------------------------------------
  6 D-Codes      -----     571 Draws,     373 Flashes

*********************************************************

Output file: C:\USERS\DATOR\ONEDRIVE\DESKTOP\2024_DIZERTATIE_BALTAG_A_FRECVENTMETRU\DISERTATIE_6_IUNIE\SCHEMA_DISERTATIE_CAPTURE_LAYOUT\SWEEP5.BOT

Aperture totals for C:\USERS\DATOR\ONEDRIVE\DESKTOP\2024_DIZERTATIE_BALTAG_A_FRECVENTMETRU\DISERTATIE_6_IUNIE\SCHEMA_DISERTATIE_CAPTURE_LAYOUT\SWEEP5.BOT:
---------------------------------------------------------
D10:  0.0709 ROUND  --       0 Draws,       2 Flashes
D11:  0.0472 ROUND  --       0 Draws,     268 Flashes
D12:  0.0354 ROUND  --       0 Draws,      88 Flashes
D13:  0.0394 ROUND  --       0 Draws,      24 Flashes
D14:  0.0984 ROUND  --       0 Draws,       3 Flashes
D16:  0.0630 ROUND  --       0 Draws,     116 Flashes
D17:  0.0276 ROUND  --       0 Draws,       2 Flashes
D18:  0.0236 ROUND  --    1547 Draws,       2 Flashes
---------------------------------------------------------
  8 D-Codes      -----    1547 Draws,     505 Flashes

*********************************************************

Output file: C:\USERS\DATOR\ONEDRIVE\DESKTOP\2024_DIZERTATIE_BALTAG_A_FRECVENTMETRU\DISERTATIE_6_IUNIE\SCHEMA_DISERTATIE_CAPTURE_LAYOUT\SWEEP5.GND

Aperture totals for C:\USERS\DATOR\ONEDRIVE\DESKTOP\2024_DIZERTATIE_BALTAG_A_FRECVENTMETRU\DISERTATIE_6_IUNIE\SCHEMA_DISERTATIE_CAPTURE_LAYOUT\SWEEP5.GND:
---------------------------------------------------------
D19:  0.0500 ROUND  --       4 Draws,       0 Flashes
---------------------------------------------------------
  1 D-Codes      -----       4 Draws,       0 Flashes

*********************************************************

Output file: C:\USERS\DATOR\ONEDRIVE\DESKTOP\2024_DIZERTATIE_BALTAG_A_FRECVENTMETRU\DISERTATIE_6_IUNIE\SCHEMA_DISERTATIE_CAPTURE_LAYOUT\SWEEP5.PWR

Aperture totals for C:\USERS\DATOR\ONEDRIVE\DESKTOP\2024_DIZERTATIE_BALTAG_A_FRECVENTMETRU\DISERTATIE_6_IUNIE\SCHEMA_DISERTATIE_CAPTURE_LAYOUT\SWEEP5.PWR:
---------------------------------------------------------
D19:  0.0500 ROUND  --       4 Draws,       0 Flashes
---------------------------------------------------------
  1 D-Codes      -----       4 Draws,       0 Flashes

*********************************************************

Output file: C:\USERS\DATOR\ONEDRIVE\DESKTOP\2024_DIZERTATIE_BALTAG_A_FRECVENTMETRU\DISERTATIE_6_IUNIE\SCHEMA_DISERTATIE_CAPTURE_LAYOUT\SWEEP5.SMT

Aperture totals for C:\USERS\DATOR\ONEDRIVE\DESKTOP\2024_DIZERTATIE_BALTAG_A_FRECVENTMETRU\DISERTATIE_6_IUNIE\SCHEMA_DISERTATIE_CAPTURE_LAYOUT\SWEEP5.SMT:
---------------------------------------------------------
D10:  0.0709 ROUND  --       0 Draws,       2 Flashes
D11:  0.0472 ROUND  --       0 Draws,     266 Flashes
D12:  0.0354 ROUND  --       0 Draws,      78 Flashes
D13:  0.0394 ROUND  --       0 Draws,      24 Flashes
D14:  0.0984 ROUND  --       0 Draws,       3 Flashes
---------------------------------------------------------
  5 D-Codes      -----       0 Draws,     373 Flashes

*********************************************************

Output file: C:\USERS\DATOR\ONEDRIVE\DESKTOP\2024_DIZERTATIE_BALTAG_A_FRECVENTMETRU\DISERTATIE_6_IUNIE\SCHEMA_DISERTATIE_CAPTURE_LAYOUT\SWEEP5.SMB

Aperture totals for C:\USERS\DATOR\ONEDRIVE\DESKTOP\2024_DIZERTATIE_BALTAG_A_FRECVENTMETRU\DISERTATIE_6_IUNIE\SCHEMA_DISERTATIE_CAPTURE_LAYOUT\SWEEP5.SMB:
---------------------------------------------------------
D10:  0.0709 ROUND  --       0 Draws,       2 Flashes
D11:  0.0472 ROUND  --       0 Draws,     268 Flashes
D12:  0.0354 ROUND  --       0 Draws,      88 Flashes
D13:  0.0394 ROUND  --       0 Draws,      24 Flashes
D14:  0.0984 ROUND  --       0 Draws,       3 Flashes
D16:  0.0630 ROUND  --       0 Draws,     116 Flashes
D17:  0.0276 ROUND  --       0 Draws,       2 Flashes
---------------------------------------------------------
  7 D-Codes      -----       0 Draws,     503 Flashes

*********************************************************

Output file: C:\USERS\DATOR\ONEDRIVE\DESKTOP\2024_DIZERTATIE_BALTAG_A_FRECVENTMETRU\DISERTATIE_6_IUNIE\SCHEMA_DISERTATIE_CAPTURE_LAYOUT\SWEEP5.SST

Aperture totals for C:\USERS\DATOR\ONEDRIVE\DESKTOP\2024_DIZERTATIE_BALTAG_A_FRECVENTMETRU\DISERTATIE_6_IUNIE\SCHEMA_DISERTATIE_CAPTURE_LAYOUT\SWEEP5.SST:
---------------------------------------------------------
D20:  0.0039 ROUND  --    4810 Draws,       0 Flashes
---------------------------------------------------------
  1 D-Codes      -----    4810 Draws,       0 Flashes

*********************************************************

Output file: C:\USERS\DATOR\ONEDRIVE\DESKTOP\2024_DIZERTATIE_BALTAG_A_FRECVENTMETRU\DISERTATIE_6_IUNIE\SCHEMA_DISERTATIE_CAPTURE_LAYOUT\SWEEP5.AST

Aperture totals for C:\USERS\DATOR\ONEDRIVE\DESKTOP\2024_DIZERTATIE_BALTAG_A_FRECVENTMETRU\DISERTATIE_6_IUNIE\SCHEMA_DISERTATIE_CAPTURE_LAYOUT\SWEEP5.AST:
---------------------------------------------------------
D19:  0.0500 ROUND  --       4 Draws,       0 Flashes
---------------------------------------------------------
  1 D-Codes      -----       4 Draws,       0 Flashes

*********************************************************

Output file: C:\USERS\DATOR\ONEDRIVE\DESKTOP\2024_DIZERTATIE_BALTAG_A_FRECVENTMETRU\DISERTATIE_6_IUNIE\SCHEMA_DISERTATIE_CAPTURE_LAYOUT\SWEEP5.DRD

Aperture totals for C:\USERS\DATOR\ONEDRIVE\DESKTOP\2024_DIZERTATIE_BALTAG_A_FRECVENTMETRU\DISERTATIE_6_IUNIE\SCHEMA_DISERTATIE_CAPTURE_LAYOUT\SWEEP5.DRD:
---------------------------------------------------------
D19:  0.0500 ROUND  --       4 Draws,       0 Flashes
D21:  0.0100 ROUND  --    3761 Draws,       0 Flashes
---------------------------------------------------------
  2 D-Codes      -----    3765 Draws,       0 Flashes

*********************************************************

Output file: C:\USERS\DATOR\ONEDRIVE\DESKTOP\2024_DIZERTATIE_BALTAG_A_FRECVENTMETRU\DISERTATIE_6_IUNIE\SCHEMA_DISERTATIE_CAPTURE_LAYOUT\SWEEP5.FAB

Aperture totals for C:\USERS\DATOR\ONEDRIVE\DESKTOP\2024_DIZERTATIE_BALTAG_A_FRECVENTMETRU\DISERTATIE_6_IUNIE\SCHEMA_DISERTATIE_CAPTURE_LAYOUT\SWEEP5.FAB:
---------------------------------------------------------
D19:  0.0500 ROUND  --       4 Draws,       0 Flashes
---------------------------------------------------------
  1 D-Codes      -----       4 Draws,       0 Flashes


*********************************************************

Aperture totals for entire project:
---------------------------------------------------------
D10:  0.0709 ROUND  --       0 Draws,       8 Flashes
D11:  0.0472 ROUND  --       0 Draws,    1068 Flashes
D12:  0.0354 ROUND  --       0 Draws,     332 Flashes
D13:  0.0394 ROUND  --       0 Draws,      96 Flashes
D14:  0.0984 ROUND  --       0 Draws,      12 Flashes
D15:  0.0472 ROUND  --     571 Draws,       0 Flashes
D16:  0.0630 ROUND  --       0 Draws,     232 Flashes
D17:  0.0276 ROUND  --       0 Draws,       4 Flashes
D18:  0.0236 ROUND  --    1547 Draws,       2 Flashes
D19:  0.0500 ROUND  --      20 Draws,       0 Flashes
D20:  0.0039 ROUND  --    4810 Draws,       0 Flashes
D21:  0.0100 ROUND  --    3761 Draws,       0 Flashes
---------------------------------------------------------
 12 D-Codes      -----   10709 Draws,    1754 Flashes


No warnings or errors.
