Thu Jun 20 16:35:48 UserDiv from Layout.INI for AutoECO: 60
Thu Jun 20 16:35:48 Loaded file C:\ORCAD\ORCAD_16.2\TOOLS\LAYOUT_PLUS\DATA\_DEFAULT.TCH
Thu Jun 20 16:35:48 Loaded file C:\USERS\STUDENT\DESKTOP\DISERTATIE_6_IUNIE\SCHEMA_DISERTATIE_CAPTURE_LAYOUT\FRECVENTMETRU.LLB
Thu Jun 20 16:35:48 Loaded file D:\WORK_TE\PARASCHIVESCU\5417\LIBRARY_PARASCHIVESCU.LLB
Thu Jun 20 16:35:48 Loaded file D:\WORK_TE\5409\GR_5409_LUPU\LIBRARIE_LUPU.LLB
Thu Jun 20 16:35:48 Loaded file D:\WORK_TE\5415\PCB\LIBRARY_COPACEANU.LLB
Thu Jun 20 16:35:48 Loaded file D:\WORK_TE\5412_ADELIN\SCHEMA CABLAJ-PSPICEFILES\LIBR_ADELIN.LLB
Thu Jun 20 16:35:48 Loaded file C:\OrCAD\OrCAD_16.2\tools\Layout_Plus\library\BCON100T.llb
Thu Jun 20 16:35:48 Loaded file C:\OrCAD\OrCAD_16.2\tools\Layout_Plus\library\BCON156T.llb
Thu Jun 20 16:35:48 Loaded file C:\OrCAD\OrCAD_16.2\tools\Layout_Plus\library\BGA.llb
Thu Jun 20 16:35:48 Loaded file C:\OrCAD\OrCAD_16.2\tools\Layout_Plus\library\CLCC.llb
Thu Jun 20 16:35:48 Loaded file C:\OrCAD\OrCAD_16.2\tools\Layout_Plus\library\DCON050T.llb
Thu Jun 20 16:35:48 Loaded file C:\OrCAD\OrCAD_16.2\tools\Layout_Plus\library\DCON085T.llb
Thu Jun 20 16:35:48 Loaded file C:\OrCAD\OrCAD_16.2\tools\Layout_Plus\library\DIMM050F.llb
Thu Jun 20 16:35:48 Loaded file C:\OrCAD\OrCAD_16.2\tools\Layout_Plus\library\DIMM050T.llb
Thu Jun 20 16:35:48 Loaded file C:\OrCAD\OrCAD_16.2\tools\Layout_Plus\library\DIN.llb
Thu Jun 20 16:35:48 Loaded file C:\OrCAD\OrCAD_16.2\tools\Layout_Plus\library\DIP100B.llb
Thu Jun 20 16:35:48 Loaded file C:\OrCAD\OrCAD_16.2\tools\Layout_Plus\library\DIP100T.llb
Thu Jun 20 16:35:48 Loaded file C:\OrCAD\OrCAD_16.2\tools\Layout_Plus\library\DSUBT.llb
Thu Jun 20 16:35:48 Loaded file C:\OrCAD\OrCAD_16.2\tools\Layout_Plus\library\DSUBT_HD.LLB
Thu Jun 20 16:35:48 Loaded file C:\OrCAD\OrCAD_16.2\tools\Layout_Plus\library\ECON100T.llb
Thu Jun 20 16:35:48 Loaded file C:\OrCAD\OrCAD_16.2\tools\Layout_Plus\library\FBUS.llb
Thu Jun 20 16:35:48 Loaded file C:\OrCAD\OrCAD_16.2\tools\Layout_Plus\library\ISA.llb
Thu Jun 20 16:35:48 Loaded file C:\OrCAD\OrCAD_16.2\tools\Layout_Plus\library\JUMPER.LLB
Thu Jun 20 16:35:48 Loaded file C:\OrCAD\OrCAD_16.2\tools\Layout_Plus\library\LAYOUT.llb
Thu Jun 20 16:35:48 Loaded file C:\OrCAD\OrCAD_16.2\tools\Layout_Plus\library\LCON100T.llb
Thu Jun 20 16:35:48 Loaded file C:\OrCAD\OrCAD_16.2\tools\Layout_Plus\library\PC104.llb
Thu Jun 20 16:35:48 Loaded file C:\OrCAD\OrCAD_16.2\tools\Layout_Plus\library\PCI.llb
Thu Jun 20 16:35:48 Loaded file C:\OrCAD\OrCAD_16.2\tools\Layout_Plus\library\PCON100T.llb
Thu Jun 20 16:35:48 Loaded file C:\OrCAD\OrCAD_16.2\tools\Layout_Plus\library\PCON156T.llb
Thu Jun 20 16:35:48 Loaded file C:\OrCAD\OrCAD_16.2\tools\Layout_Plus\library\PGA.llb
Thu Jun 20 16:35:48 Loaded file C:\OrCAD\OrCAD_16.2\tools\Layout_Plus\library\PLCC.llb
Thu Jun 20 16:35:48 Loaded file C:\OrCAD\OrCAD_16.2\tools\Layout_Plus\library\QUAD.llb
Thu Jun 20 16:35:48 Loaded file C:\OrCAD\OrCAD_16.2\tools\Layout_Plus\library\QUADB.llb
Thu Jun 20 16:35:48 Loaded file C:\OrCAD\OrCAD_16.2\tools\Layout_Plus\library\RELAY.llb
Thu Jun 20 16:35:48 Loaded file C:\OrCAD\OrCAD_16.2\tools\Layout_Plus\library\RF.llb
Thu Jun 20 16:35:48 Loaded file C:\OrCAD\OrCAD_16.2\tools\Layout_Plus\library\SBUS.llb
Thu Jun 20 16:35:48 Loaded file C:\OrCAD\OrCAD_16.2\tools\Layout_Plus\library\SIMM050F.llb
Thu Jun 20 16:35:48 Loaded file C:\OrCAD\OrCAD_16.2\tools\Layout_Plus\library\SIMM050T.llb
Thu Jun 20 16:35:48 Loaded file C:\OrCAD\OrCAD_16.2\tools\Layout_Plus\library\SIMM100F.llb
Thu Jun 20 16:35:48 Loaded file C:\OrCAD\OrCAD_16.2\tools\Layout_Plus\library\SIMM100T.llb
Thu Jun 20 16:35:48 Loaded file C:\OrCAD\OrCAD_16.2\tools\Layout_Plus\library\SIP.llb
Thu Jun 20 16:35:48 Loaded file C:\OrCAD\OrCAD_16.2\tools\Layout_Plus\library\SM.llb
Thu Jun 20 16:35:48 Loaded file C:\OrCAD\OrCAD_16.2\tools\Layout_Plus\library\SOG.llb
Thu Jun 20 16:35:48 Loaded file C:\OrCAD\OrCAD_16.2\tools\Layout_Plus\library\SOJ.llb
Thu Jun 20 16:35:48 Loaded file C:\OrCAD\OrCAD_16.2\tools\Layout_Plus\library\STIFF.llb
Thu Jun 20 16:35:48 Loaded file C:\OrCAD\OrCAD_16.2\tools\Layout_Plus\library\TELE.llb
Thu Jun 20 16:35:48 Loaded file C:\OrCAD\OrCAD_16.2\tools\Layout_Plus\library\TM_AXIAL.llb
Thu Jun 20 16:35:48 Loaded file C:\OrCAD\OrCAD_16.2\tools\Layout_Plus\library\TM_CAP_P.llb
Thu Jun 20 16:35:48 Loaded file C:\OrCAD\OrCAD_16.2\tools\Layout_Plus\library\TM_CYLND.llb
Thu Jun 20 16:35:48 Loaded file C:\OrCAD\OrCAD_16.2\tools\Layout_Plus\library\TM_DIODE.llb
Thu Jun 20 16:35:48 Loaded file C:\OrCAD\OrCAD_16.2\tools\Layout_Plus\library\TM_DISC.llb
Thu Jun 20 16:35:48 Loaded file C:\OrCAD\OrCAD_16.2\tools\Layout_Plus\library\TM_RAD.llb
Thu Jun 20 16:35:48 Loaded file C:\OrCAD\OrCAD_16.2\tools\Layout_Plus\library\TO.llb
Thu Jun 20 16:35:48 Loaded file C:\OrCAD\OrCAD_16.2\tools\Layout_Plus\library\TRAINING.LLB
Thu Jun 20 16:35:48 Loaded file C:\OrCAD\OrCAD_16.2\tools\Layout_Plus\library\VRES.llb
Thu Jun 20 16:35:48 Loaded file C:\OrCAD\OrCAD_16.2\tools\Layout_Plus\library\WCON100T.llb
Thu Jun 20 16:35:48 Loaded file C:\OrCAD\OrCAD_16.2\tools\Layout_Plus\library\XT.llb
Thu Jun 20 16:35:48 Loaded file C:\OrCAD\OrCAD_16.2\tools\Layout_Plus\library\ZIGZAG.llb
Thu Jun 20 16:35:48 Loaded file C:\OrCAD\OrCAD_16.2\tools\Layout_Plus\library\TM_AXIAL.llb
Thu Jun 20 16:35:48 Loaded file C:\OrCAD\OrCAD_16.2\tools\Layout_Plus\library\TM_RAD.llb
Thu Jun 20 16:35:59 Loaded file C:\OrCAD\OrCAD_16.2\tools\Layout_Plus\data\DEFAULT.MAX
Thu Jun 20 16:35:59 Loaded file C:\OrCAD\OrCAD_16.2\tools\Layout_Plus\data\template.imp
Thu Jun 20 16:35:59 Loaded file C:\OrCAD\OrCAD_16.2\tools\Layout_Plus\data\template.imp
Thu Jun 20 16:36:07 Loaded file C:\USERS\STUDENT\DESKTOP\DISERTATIE_6_IUNIE\SCHEMA_DISERTATIE_CAPTURE_LAYOUT\FRECVENTMETRU.LLB
Thu Jun 20 16:36:09 Loaded file C:\OrCAD\OrCAD_16.2\tools\Layout_Plus\data\template.imp
Thu Jun 20 16:39:44 Loaded file C:\OrCAD\OrCAD_16.2\tools\Layout_Plus\data\template.imp
Thu Jun 20 16:39:53 Loaded file C:\OrCAD\OrCAD_16.2\tools\Layout_Plus\data\template.imp
Thu Jun 20 16:39:56 Loaded file C:\OrCAD\OrCAD_16.2\tools\Layout_Plus\data\template.imp
Thu Jun 20 16:39:58 Loaded file C:\OrCAD\OrCAD_16.2\tools\Layout_Plus\data\template.imp
Thu Jun 20 16:40:00 Loaded file C:\OrCAD\OrCAD_16.2\tools\Layout_Plus\data\template.imp
Thu Jun 20 16:40:01 Loaded file C:\OrCAD\OrCAD_16.2\tools\Layout_Plus\data\template.imp
Thu Jun 20 16:40:02 Loaded file C:\OrCAD\OrCAD_16.2\tools\Layout_Plus\data\template.imp
Thu Jun 20 16:40:03 Loaded file C:\OrCAD\OrCAD_16.2\tools\Layout_Plus\data\template.imp
Thu Jun 20 16:40:04 Loaded file C:\OrCAD\OrCAD_16.2\tools\Layout_Plus\data\template.imp
Thu Jun 20 16:40:13 Loaded file C:\USERS\STUDENT\DESKTOP\DISERTATIE_6_IUNIE\SCHEMA_DISERTATIE_CAPTURE_LAYOUT\FRECVENTMETRU.LLB
Thu Jun 20 16:40:13 Saved as file C:\USERS\STUDENT\DESKTOP\DISERTATIE_6_IUNIE\SCHEMA_DISERTATIE_CAPTURE_LAYOUT\FRECVENTMETRU.LLB
Thu Jun 20 16:40:14 Loaded file C:\USERS\STUDENT\DESKTOP\DISERTATIE_6_IUNIE\SCHEMA_DISERTATIE_CAPTURE_LAYOUT\FRECVENTMETRU.LLB
Thu Jun 20 16:43:44 Loaded file C:\USERS\STUDENT\DESKTOP\DISERTATIE_6_IUNIE\SCHEMA_DISERTATIE_CAPTURE_LAYOUT\FRECVENTMETRU.LLB
Thu Jun 20 16:43:44 Saved as file C:\USERS\STUDENT\DESKTOP\DISERTATIE_6_IUNIE\SCHEMA_DISERTATIE_CAPTURE_LAYOUT\FRECVENTMETRU.LLB
Thu Jun 20 16:43:44 Loaded file C:\USERS\STUDENT\DESKTOP\DISERTATIE_6_IUNIE\SCHEMA_DISERTATIE_CAPTURE_LAYOUT\FRECVENTMETRU.LLB
Thu Jun 20 16:44:13 Loaded file C:\OrCAD\OrCAD_16.2\tools\Layout_Plus\data\template.imp
Thu Jun 20 16:44:13 Loaded file C:\OrCAD\OrCAD_16.2\tools\Layout_Plus\data\template.imp
Thu Jun 20 16:44:15 Loaded file C:\USERS\STUDENT\DESKTOP\DISERTATIE_6_IUNIE\SCHEMA_DISERTATIE_CAPTURE_LAYOUT\FRECVENTMETRU.LLB
Thu Jun 20 16:44:20 Loaded file C:\OrCAD\OrCAD_16.2\tools\Layout_Plus\data\template.imp
Thu Jun 20 16:44:21 Loaded file C:\OrCAD\OrCAD_16.2\tools\Layout_Plus\data\template.imp
Thu Jun 20 16:44:22 Loaded file C:\OrCAD\OrCAD_16.2\tools\Layout_Plus\data\template.imp
Thu Jun 20 16:44:24 Loaded file C:\USERS\STUDENT\DESKTOP\DISERTATIE_6_IUNIE\SCHEMA_DISERTATIE_CAPTURE_LAYOUT\FRECVENTMETRU.LLB
Thu Jun 20 16:44:24 Loaded file D:\WORK_TE\PARASCHIVESCU\5417\LIBRARY_PARASCHIVESCU.LLB
Thu Jun 20 16:44:24 Loaded file D:\WORK_TE\5409\GR_5409_LUPU\LIBRARIE_LUPU.LLB
Thu Jun 20 16:44:24 Loaded file D:\WORK_TE\5415\PCB\LIBRARY_COPACEANU.LLB
Thu Jun 20 16:44:24 Loaded file D:\WORK_TE\5412_ADELIN\SCHEMA CABLAJ-PSPICEFILES\LIBR_ADELIN.LLB
Thu Jun 20 16:44:24 Loaded file C:\OrCAD\OrCAD_16.2\tools\Layout_Plus\library\BCON100T.llb
Thu Jun 20 16:44:24 Loaded file C:\OrCAD\OrCAD_16.2\tools\Layout_Plus\library\BCON156T.llb
Thu Jun 20 16:44:24 Loaded file C:\OrCAD\OrCAD_16.2\tools\Layout_Plus\library\BGA.llb
Thu Jun 20 16:44:24 Loaded file C:\OrCAD\OrCAD_16.2\tools\Layout_Plus\library\CLCC.llb
Thu Jun 20 16:44:24 Loaded file C:\OrCAD\OrCAD_16.2\tools\Layout_Plus\library\DCON050T.llb
Thu Jun 20 16:44:24 Loaded file C:\OrCAD\OrCAD_16.2\tools\Layout_Plus\library\DCON085T.llb
Thu Jun 20 16:44:24 Loaded file C:\OrCAD\OrCAD_16.2\tools\Layout_Plus\library\DIMM050F.llb
Thu Jun 20 16:44:24 Loaded file C:\OrCAD\OrCAD_16.2\tools\Layout_Plus\library\DIMM050T.llb
Thu Jun 20 16:44:24 Loaded file C:\OrCAD\OrCAD_16.2\tools\Layout_Plus\library\DIN.llb
Thu Jun 20 16:44:24 Loaded file C:\OrCAD\OrCAD_16.2\tools\Layout_Plus\library\DIP100B.llb
Thu Jun 20 16:44:24 Loaded file C:\OrCAD\OrCAD_16.2\tools\Layout_Plus\library\DIP100T.llb
Thu Jun 20 16:44:24 Loaded file C:\OrCAD\OrCAD_16.2\tools\Layout_Plus\library\DSUBT.llb
Thu Jun 20 16:44:24 Loaded file C:\OrCAD\OrCAD_16.2\tools\Layout_Plus\library\DSUBT_HD.LLB
Thu Jun 20 16:44:24 Loaded file C:\OrCAD\OrCAD_16.2\tools\Layout_Plus\library\ECON100T.llb
Thu Jun 20 16:44:24 Loaded file C:\OrCAD\OrCAD_16.2\tools\Layout_Plus\library\FBUS.llb
Thu Jun 20 16:44:24 Loaded file C:\OrCAD\OrCAD_16.2\tools\Layout_Plus\library\ISA.llb
Thu Jun 20 16:44:24 Loaded file C:\OrCAD\OrCAD_16.2\tools\Layout_Plus\library\JUMPER.LLB
Thu Jun 20 16:44:24 Loaded file C:\OrCAD\OrCAD_16.2\tools\Layout_Plus\library\LAYOUT.llb
Thu Jun 20 16:44:24 Loaded file C:\OrCAD\OrCAD_16.2\tools\Layout_Plus\library\LCON100T.llb
Thu Jun 20 16:44:24 Loaded file C:\OrCAD\OrCAD_16.2\tools\Layout_Plus\library\PC104.llb
Thu Jun 20 16:44:24 Loaded file C:\OrCAD\OrCAD_16.2\tools\Layout_Plus\library\PCI.llb
Thu Jun 20 16:44:24 Loaded file C:\OrCAD\OrCAD_16.2\tools\Layout_Plus\library\PCON100T.llb
Thu Jun 20 16:44:24 Loaded file C:\OrCAD\OrCAD_16.2\tools\Layout_Plus\library\PCON156T.llb
Thu Jun 20 16:44:24 Loaded file C:\OrCAD\OrCAD_16.2\tools\Layout_Plus\library\PGA.llb
Thu Jun 20 16:44:24 Loaded file C:\OrCAD\OrCAD_16.2\tools\Layout_Plus\library\PLCC.llb
Thu Jun 20 16:44:24 Loaded file C:\OrCAD\OrCAD_16.2\tools\Layout_Plus\library\QUAD.llb
Thu Jun 20 16:44:24 Loaded file C:\OrCAD\OrCAD_16.2\tools\Layout_Plus\library\QUADB.llb
Thu Jun 20 16:44:24 Loaded file C:\OrCAD\OrCAD_16.2\tools\Layout_Plus\library\RELAY.llb
Thu Jun 20 16:44:24 Loaded file C:\OrCAD\OrCAD_16.2\tools\Layout_Plus\library\RF.llb
Thu Jun 20 16:44:24 Loaded file C:\OrCAD\OrCAD_16.2\tools\Layout_Plus\library\SBUS.llb
Thu Jun 20 16:44:24 Loaded file C:\OrCAD\OrCAD_16.2\tools\Layout_Plus\library\SIMM050F.llb
Thu Jun 20 16:44:24 Loaded file C:\OrCAD\OrCAD_16.2\tools\Layout_Plus\library\SIMM050T.llb
Thu Jun 20 16:44:24 Loaded file C:\OrCAD\OrCAD_16.2\tools\Layout_Plus\library\SIMM100F.llb
Thu Jun 20 16:44:24 Loaded file C:\OrCAD\OrCAD_16.2\tools\Layout_Plus\library\SIMM100T.llb
Thu Jun 20 16:44:24 Loaded file C:\OrCAD\OrCAD_16.2\tools\Layout_Plus\library\SIP.llb
Thu Jun 20 16:44:24 Loaded file C:\OrCAD\OrCAD_16.2\tools\Layout_Plus\library\SM.llb
Thu Jun 20 16:44:24 Loaded file C:\OrCAD\OrCAD_16.2\tools\Layout_Plus\library\SOG.llb
Thu Jun 20 16:44:24 Loaded file C:\OrCAD\OrCAD_16.2\tools\Layout_Plus\library\SOJ.llb
Thu Jun 20 16:44:24 Loaded file C:\OrCAD\OrCAD_16.2\tools\Layout_Plus\library\STIFF.llb
Thu Jun 20 16:44:24 Loaded file C:\OrCAD\OrCAD_16.2\tools\Layout_Plus\library\TELE.llb
Thu Jun 20 16:44:24 Loaded file C:\OrCAD\OrCAD_16.2\tools\Layout_Plus\library\TM_AXIAL.llb
Thu Jun 20 16:44:24 Loaded file C:\OrCAD\OrCAD_16.2\tools\Layout_Plus\library\TM_CAP_P.llb
Thu Jun 20 16:44:24 Loaded file C:\OrCAD\OrCAD_16.2\tools\Layout_Plus\library\TM_CYLND.llb
Thu Jun 20 16:44:24 Loaded file C:\OrCAD\OrCAD_16.2\tools\Layout_Plus\library\TM_DIODE.llb
Thu Jun 20 16:44:24 Loaded file C:\OrCAD\OrCAD_16.2\tools\Layout_Plus\library\TM_DISC.llb
Thu Jun 20 16:44:24 Loaded file C:\OrCAD\OrCAD_16.2\tools\Layout_Plus\library\TM_RAD.llb
Thu Jun 20 16:44:24 Loaded file C:\OrCAD\OrCAD_16.2\tools\Layout_Plus\library\TO.llb
Thu Jun 20 16:44:24 Loaded file C:\OrCAD\OrCAD_16.2\tools\Layout_Plus\library\TRAINING.LLB
Thu Jun 20 16:44:24 Loaded file C:\OrCAD\OrCAD_16.2\tools\Layout_Plus\library\VRES.llb
Thu Jun 20 16:44:24 Loaded file C:\OrCAD\OrCAD_16.2\tools\Layout_Plus\library\WCON100T.llb
Thu Jun 20 16:44:24 Loaded file C:\OrCAD\OrCAD_16.2\tools\Layout_Plus\library\XT.llb
Thu Jun 20 16:44:24 Loaded file C:\OrCAD\OrCAD_16.2\tools\Layout_Plus\library\ZIGZAG.llb
Thu Jun 20 16:44:24 Loaded file C:\USERS\STUDENT\DESKTOP\DISERTATIE_6_IUNIE\SCHEMA_DISERTATIE_CAPTURE_LAYOUT\FRECVENTMETRU.LLB
Thu Jun 20 16:44:30 Loaded file C:\OrCAD\OrCAD_16.2\tools\Layout_Plus\data\template.imp
Thu Jun 20 16:44:30 Loaded file C:\OrCAD\OrCAD_16.2\tools\Layout_Plus\data\template.imp
Thu Jun 20 16:44:32 Loaded file C:\OrCAD\OrCAD_16.2\tools\Layout_Plus\data\template.imp
Thu Jun 20 16:44:33 Loaded file C:\OrCAD\OrCAD_16.2\tools\Layout_Plus\library\TM_AXIAL.llb
Thu Jun 20 16:44:34 Saved as file C:\USERS\STUDENT\DESKTOP\DISERTATIE_6_IUNIE\CABLAJE_DIVERSE\SCHEMA_BAZA_T-1.MAX
Thu Jun 20 16:44:34 Loaded file C:\USERS\STUDENT\DESKTOP\DISERTATIE_6_IUNIE\CABLAJE_DIVERSE\SCHEMA_BAZA_T-1.MAX
Thu Jun 20 16:44:37 Saved as file Backup0.max
Thu Jun 20 16:44:37 Windows which were open at time of error:
Thu Jun 20 16:44:37 End-of-list
Thu Jun 20 16:44:37 Loaded file BACKUP0.MAX
Thu Jun 20 16:45:58 Loaded file C:\OrCAD\OrCAD_16.2\tools\Layout_Plus\data\template.imp
Thu Jun 20 16:45:58 Loaded file C:\OrCAD\OrCAD_16.2\tools\Layout_Plus\data\template.imp
Thu Jun 20 16:45:58 Loaded file C:\OrCAD\OrCAD_16.2\tools\Layout_Plus\data\template.imp
Thu Jun 20 16:45:58 Loaded file C:\OrCAD\OrCAD_16.2\tools\Layout_Plus\data\template.imp
Thu Jun 20 16:45:59 Loaded file C:\USERS\STUDENT\DESKTOP\DISERTATIE_6_IUNIE\SCHEMA_DISERTATIE_CAPTURE_LAYOUT\FRECVENTMETRU.LLB
Thu Jun 20 16:46:11 Loaded file C:\OrCAD\OrCAD_16.2\tools\Layout_Plus\data\template.imp
Thu Jun 20 16:46:12 Loaded file C:\OrCAD\OrCAD_16.2\tools\Layout_Plus\data\template.imp
Thu Jun 20 16:46:14 Loaded file C:\OrCAD\OrCAD_16.2\tools\Layout_Plus\data\template.imp
Thu Jun 20 16:46:16 Loaded file C:\OrCAD\OrCAD_16.2\tools\Layout_Plus\data\template.imp
Thu Jun 20 16:46:18 Loaded file C:\OrCAD\OrCAD_16.2\tools\Layout_Plus\data\template.imp
Thu Jun 20 16:46:20 Loaded file C:\OrCAD\OrCAD_16.2\tools\Layout_Plus\data\template.imp
Thu Jun 20 16:46:21 Loaded file C:\OrCAD\OrCAD_16.2\tools\Layout_Plus\data\template.imp
Thu Jun 20 16:46:23 Loaded file C:\OrCAD\OrCAD_16.2\tools\Layout_Plus\data\template.imp
Thu Jun 20 16:46:25 Loaded file C:\OrCAD\OrCAD_16.2\tools\Layout_Plus\data\template.imp
Thu Jun 20 16:46:27 Loaded file C:\OrCAD\OrCAD_16.2\tools\Layout_Plus\data\template.imp
Thu Jun 20 16:46:28 Loaded file C:\OrCAD\OrCAD_16.2\tools\Layout_Plus\data\template.imp
Thu Jun 20 16:46:31 Loaded file C:\OrCAD\OrCAD_16.2\tools\Layout_Plus\data\template.imp
Thu Jun 20 16:46:37 Saved as file ~undo.max
Thu Jun 20 16:47:46 Loaded file C:\OrCAD\OrCAD_16.2\tools\Layout_Plus\data\template.imp
Thu Jun 20 16:47:46 Loaded file C:\OrCAD\OrCAD_16.2\tools\Layout_Plus\data\template.imp
Thu Jun 20 16:47:46 Loaded file C:\OrCAD\OrCAD_16.2\tools\Layout_Plus\data\template.imp
Thu Jun 20 16:47:46 Loaded file C:\OrCAD\OrCAD_16.2\tools\Layout_Plus\data\template.imp
Thu Jun 20 16:47:47 Loaded file C:\USERS\STUDENT\DESKTOP\DISERTATIE_6_IUNIE\SCHEMA_DISERTATIE_CAPTURE_LAYOUT\FRECVENTMETRU.LLB
Thu Jun 20 16:47:54 Loaded file C:\OrCAD\OrCAD_16.2\tools\Layout_Plus\data\template.imp
Thu Jun 20 16:47:58 Saved as file BACKUP1.MAX
Thu Jun 20 16:47:58 Saved as file ~undo.max
Thu Jun 20 16:48:04 Saved as file ~undo.max
Thu Jun 20 16:48:33 Loaded file C:\OrCAD\OrCAD_16.2\tools\Layout_Plus\data\template.imp
Thu Jun 20 16:48:33 Loaded file C:\OrCAD\OrCAD_16.2\tools\Layout_Plus\data\template.imp
Thu Jun 20 16:48:35 Loaded file C:\USERS\STUDENT\DESKTOP\DISERTATIE_6_IUNIE\SCHEMA_DISERTATIE_CAPTURE_LAYOUT\FRECVENTMETRU.LLB
Thu Jun 20 16:48:38 Loaded file C:\OrCAD\OrCAD_16.2\tools\Layout_Plus\data\template.imp
Thu Jun 20 16:48:42 Loaded file C:\OrCAD\OrCAD_16.2\tools\Layout_Plus\data\template.imp
Thu Jun 20 16:48:43 Loaded file C:\OrCAD\OrCAD_16.2\tools\Layout_Plus\data\template.imp
Thu Jun 20 16:48:49 Loaded file C:\USERS\STUDENT\DESKTOP\DISERTATIE_6_IUNIE\SCHEMA_DISERTATIE_CAPTURE_LAYOUT\FRECVENTMETRU.LLB
Thu Jun 20 16:48:49 Saved as file C:\USERS\STUDENT\DESKTOP\DISERTATIE_6_IUNIE\SCHEMA_DISERTATIE_CAPTURE_LAYOUT\FRECVENTMETRU.LLB
Thu Jun 20 16:48:49 Loaded file C:\USERS\STUDENT\DESKTOP\DISERTATIE_6_IUNIE\SCHEMA_DISERTATIE_CAPTURE_LAYOUT\FRECVENTMETRU.LLB
Thu Jun 20 16:50:09 Loaded file C:\OrCAD\OrCAD_16.2\tools\Layout_Plus\library\padstack.llb
Thu Jun 20 16:50:59 Loaded file C:\USERS\STUDENT\DESKTOP\DISERTATIE_6_IUNIE\SCHEMA_DISERTATIE_CAPTURE_LAYOUT\FRECVENTMETRU.LLB
Thu Jun 20 16:50:59 Saved as file C:\USERS\STUDENT\DESKTOP\DISERTATIE_6_IUNIE\SCHEMA_DISERTATIE_CAPTURE_LAYOUT\FRECVENTMETRU.LLB
Thu Jun 20 16:50:59 Loaded file C:\USERS\STUDENT\DESKTOP\DISERTATIE_6_IUNIE\SCHEMA_DISERTATIE_CAPTURE_LAYOUT\FRECVENTMETRU.LLB
Thu Jun 20 16:52:43 Loaded file C:\USERS\STUDENT\DESKTOP\DISERTATIE_6_IUNIE\SCHEMA_DISERTATIE_CAPTURE_LAYOUT\FRECVENTMETRU.LLB
Thu Jun 20 16:52:43 Saved as file C:\USERS\STUDENT\DESKTOP\DISERTATIE_6_IUNIE\SCHEMA_DISERTATIE_CAPTURE_LAYOUT\FRECVENTMETRU.LLB
Thu Jun 20 16:52:43 Loaded file C:\USERS\STUDENT\DESKTOP\DISERTATIE_6_IUNIE\SCHEMA_DISERTATIE_CAPTURE_LAYOUT\FRECVENTMETRU.LLB
Thu Jun 20 16:52:50 Loaded file C:\USERS\STUDENT\DESKTOP\DISERTATIE_6_IUNIE\SCHEMA_DISERTATIE_CAPTURE_LAYOUT\FRECVENTMETRU.LLB
Thu Jun 20 16:52:50 Saved as file C:\USERS\STUDENT\DESKTOP\DISERTATIE_6_IUNIE\SCHEMA_DISERTATIE_CAPTURE_LAYOUT\FRECVENTMETRU.LLB
Thu Jun 20 16:52:50 Loaded file C:\USERS\STUDENT\DESKTOP\DISERTATIE_6_IUNIE\SCHEMA_DISERTATIE_CAPTURE_LAYOUT\FRECVENTMETRU.LLB
Thu Jun 20 16:53:18 Loaded file C:\USERS\STUDENT\DESKTOP\DISERTATIE_6_IUNIE\SCHEMA_DISERTATIE_CAPTURE_LAYOUT\FRECVENTMETRU.LLB
Thu Jun 20 16:53:18 Saved as file C:\USERS\STUDENT\DESKTOP\DISERTATIE_6_IUNIE\SCHEMA_DISERTATIE_CAPTURE_LAYOUT\FRECVENTMETRU.LLB
Thu Jun 20 16:53:18 Loaded file C:\USERS\STUDENT\DESKTOP\DISERTATIE_6_IUNIE\SCHEMA_DISERTATIE_CAPTURE_LAYOUT\FRECVENTMETRU.LLB
Thu Jun 20 16:53:37 Loaded file C:\OrCAD\OrCAD_16.2\tools\Layout_Plus\data\template.imp
Thu Jun 20 16:53:37 Loaded file C:\OrCAD\OrCAD_16.2\tools\Layout_Plus\data\template.imp
Thu Jun 20 16:53:37 Loaded file C:\OrCAD\OrCAD_16.2\tools\Layout_Plus\data\template.imp
Thu Jun 20 16:53:37 Loaded file C:\OrCAD\OrCAD_16.2\tools\Layout_Plus\data\template.imp
Thu Jun 20 16:53:39 Loaded file C:\USERS\STUDENT\DESKTOP\DISERTATIE_6_IUNIE\SCHEMA_DISERTATIE_CAPTURE_LAYOUT\FRECVENTMETRU.LLB
Thu Jun 20 16:53:44 Loaded file C:\OrCAD\OrCAD_16.2\tools\Layout_Plus\data\template.imp
Thu Jun 20 16:53:48 Saved as file ~undo.max
Thu Jun 20 16:54:05 Loaded file C:\OrCAD\OrCAD_16.2\tools\Layout_Plus\data\template.imp
Thu Jun 20 16:54:05 Loaded file C:\OrCAD\OrCAD_16.2\tools\Layout_Plus\data\template.imp
Thu Jun 20 16:54:05 Loaded file C:\OrCAD\OrCAD_16.2\tools\Layout_Plus\data\template.imp
Thu Jun 20 16:54:05 Loaded file C:\OrCAD\OrCAD_16.2\tools\Layout_Plus\data\template.imp
Thu Jun 20 16:54:08 Loaded file C:\USERS\STUDENT\DESKTOP\DISERTATIE_6_IUNIE\SCHEMA_DISERTATIE_CAPTURE_LAYOUT\FRECVENTMETRU.LLB
Thu Jun 20 16:54:33 Loaded file C:\OrCAD\OrCAD_16.2\tools\Layout_Plus\data\template.imp
Thu Jun 20 16:54:39 Saved as file ~undo.max
Thu Jun 20 16:54:45 Saved as file ~undo.max
Thu Jun 20 16:55:07 Saved as file BACKUP1.MAX
Thu Jun 20 16:55:26 Loaded file C:\OrCAD\OrCAD_16.2\tools\Layout_Plus\data\template.imp
Thu Jun 20 16:55:26 Loaded file C:\OrCAD\OrCAD_16.2\tools\Layout_Plus\data\template.imp
Thu Jun 20 16:55:26 Loaded file C:\OrCAD\OrCAD_16.2\tools\Layout_Plus\data\template.imp
Thu Jun 20 16:55:26 Loaded file C:\OrCAD\OrCAD_16.2\tools\Layout_Plus\data\template.imp
Thu Jun 20 16:55:27 Loaded file C:\USERS\STUDENT\DESKTOP\DISERTATIE_6_IUNIE\SCHEMA_DISERTATIE_CAPTURE_LAYOUT\FRECVENTMETRU.LLB
Thu Jun 20 16:55:31 Loaded file C:\OrCAD\OrCAD_16.2\tools\Layout_Plus\data\template.imp
Thu Jun 20 16:55:36 Saved as file ~undo.max
Thu Jun 20 16:55:44 Saved as file ~undo.max
Thu Jun 20 16:56:09 Saved as file C:\USERS\STUDENT\DESKTOP\DISERTATIE_6_IUNIE\CABLAJE_DIVERSE\SCHEMA_BAZA_T-1.MAX
Thu Jun 20 16:56:46 Loaded file C:\OrCAD\OrCAD_16.2\tools\Layout_Plus\data\template.imp
Thu Jun 20 16:56:46 Loaded file C:\OrCAD\OrCAD_16.2\tools\Layout_Plus\data\template.imp
Thu Jun 20 16:56:46 Loaded file C:\OrCAD\OrCAD_16.2\tools\Layout_Plus\data\template.imp
Thu Jun 20 16:56:46 Loaded file C:\OrCAD\OrCAD_16.2\tools\Layout_Plus\data\template.imp
Thu Jun 20 16:56:48 Loaded file C:\USERS\STUDENT\DESKTOP\DISERTATIE_6_IUNIE\SCHEMA_DISERTATIE_CAPTURE_LAYOUT\FRECVENTMETRU.LLB
Thu Jun 20 16:56:54 Loaded file C:\OrCAD\OrCAD_16.2\tools\Layout_Plus\data\template.imp
Thu Jun 20 16:57:07 Loaded file C:\OrCAD\OrCAD_16.2\tools\Layout_Plus\data\template.imp
Thu Jun 20 16:57:33 Saved as file ~undo.max
Thu Jun 20 16:57:37 Loaded file C:\OrCAD\OrCAD_16.2\tools\Layout_Plus\data\template.imp
Thu Jun 20 16:57:37 Loaded file C:\OrCAD\OrCAD_16.2\tools\Layout_Plus\data\template.imp
Thu Jun 20 16:57:39 Loaded file C:\USERS\STUDENT\DESKTOP\DISERTATIE_6_IUNIE\SCHEMA_DISERTATIE_CAPTURE_LAYOUT\FRECVENTMETRU.LLB
Thu Jun 20 16:57:41 Loaded file C:\OrCAD\OrCAD_16.2\tools\Layout_Plus\data\template.imp
Thu Jun 20 16:57:47 Loaded file C:\USERS\STUDENT\DESKTOP\DISERTATIE_6_IUNIE\SCHEMA_DISERTATIE_CAPTURE_LAYOUT\FRECVENTMETRU.LLB
Thu Jun 20 16:57:47 Saved as file C:\USERS\STUDENT\DESKTOP\DISERTATIE_6_IUNIE\SCHEMA_DISERTATIE_CAPTURE_LAYOUT\FRECVENTMETRU.LLB
Thu Jun 20 16:57:47 Loaded file C:\USERS\STUDENT\DESKTOP\DISERTATIE_6_IUNIE\SCHEMA_DISERTATIE_CAPTURE_LAYOUT\FRECVENTMETRU.LLB
Thu Jun 20 16:57:58 Saved as file BACKUP1.MAX
Thu Jun 20 16:59:10 Loaded file C:\USERS\STUDENT\DESKTOP\DISERTATIE_6_IUNIE\SCHEMA_DISERTATIE_CAPTURE_LAYOUT\FRECVENTMETRU.LLB
Thu Jun 20 16:59:10 Saved as file C:\USERS\STUDENT\DESKTOP\DISERTATIE_6_IUNIE\SCHEMA_DISERTATIE_CAPTURE_LAYOUT\FRECVENTMETRU.LLB
Thu Jun 20 16:59:10 Loaded file C:\USERS\STUDENT\DESKTOP\DISERTATIE_6_IUNIE\SCHEMA_DISERTATIE_CAPTURE_LAYOUT\FRECVENTMETRU.LLB
Thu Jun 20 16:59:26 Loaded file C:\ORCAD\ORCAD_16.2\TOOLS\LAYOUT_PLUS\data\template.imp
Thu Jun 20 16:59:26 Loaded file C:\ORCAD\ORCAD_16.2\TOOLS\LAYOUT_PLUS\data\template.imp
Thu Jun 20 16:59:26 Loaded file C:\ORCAD\ORCAD_16.2\TOOLS\LAYOUT_PLUS\data\template.imp
Thu Jun 20 16:59:26 Loaded file C:\ORCAD\ORCAD_16.2\TOOLS\LAYOUT_PLUS\data\template.imp
Thu Jun 20 16:59:27 Loaded file C:\USERS\STUDENT\DESKTOP\DISERTATIE_6_IUNIE\SCHEMA_DISERTATIE_CAPTURE_LAYOUT\FRECVENTMETRU.LLB
Thu Jun 20 16:59:39 Loaded file C:\ORCAD\ORCAD_16.2\TOOLS\LAYOUT_PLUS\data\template.imp
Thu Jun 20 16:59:40 Loaded file C:\ORCAD\ORCAD_16.2\TOOLS\LAYOUT_PLUS\data\template.imp
Thu Jun 20 16:59:54 Saved as file ~undo.max
Thu Jun 20 17:02:38 Saved as file BACKUP1.MAX
Thu Jun 20 17:04:14 UserDiv from Layout.INI for AutoECO: 60
Thu Jun 20 17:04:14 Loaded file C:\ORCAD\ORCAD_16.2\TOOLS\LAYOUT_PLUS\DATA\_DEFAULT.TCH
Thu Jun 20 17:04:14 Loaded file C:\USERS\STUDENT\DESKTOP\DISERTATIE_6_IUNIE\SCHEMA_DISERTATIE_CAPTURE_LAYOUT\FRECVENTMETRU.LLB
Thu Jun 20 17:04:14 Loaded file D:\WORK_TE\PARASCHIVESCU\5417\LIBRARY_PARASCHIVESCU.LLB
Thu Jun 20 17:04:14 Loaded file D:\WORK_TE\5409\GR_5409_LUPU\LIBRARIE_LUPU.LLB
Thu Jun 20 17:04:14 Loaded file D:\WORK_TE\5415\PCB\LIBRARY_COPACEANU.LLB
Thu Jun 20 17:04:14 Loaded file D:\WORK_TE\5412_ADELIN\SCHEMA CABLAJ-PSPICEFILES\LIBR_ADELIN.LLB
Thu Jun 20 17:04:14 Loaded file C:\OrCAD\OrCAD_16.2\tools\Layout_Plus\library\BCON100T.llb
Thu Jun 20 17:04:14 Loaded file C:\OrCAD\OrCAD_16.2\tools\Layout_Plus\library\BCON156T.llb
Thu Jun 20 17:04:14 Loaded file C:\OrCAD\OrCAD_16.2\tools\Layout_Plus\library\BGA.llb
Thu Jun 20 17:04:14 Loaded file C:\OrCAD\OrCAD_16.2\tools\Layout_Plus\library\CLCC.llb
Thu Jun 20 17:04:14 Loaded file C:\OrCAD\OrCAD_16.2\tools\Layout_Plus\library\DCON050T.llb
Thu Jun 20 17:04:14 Loaded file C:\OrCAD\OrCAD_16.2\tools\Layout_Plus\library\DCON085T.llb
Thu Jun 20 17:04:14 Loaded file C:\OrCAD\OrCAD_16.2\tools\Layout_Plus\library\DIMM050F.llb
Thu Jun 20 17:04:14 Loaded file C:\OrCAD\OrCAD_16.2\tools\Layout_Plus\library\DIMM050T.llb
Thu Jun 20 17:04:14 Loaded file C:\OrCAD\OrCAD_16.2\tools\Layout_Plus\library\DIN.llb
Thu Jun 20 17:04:14 Loaded file C:\OrCAD\OrCAD_16.2\tools\Layout_Plus\library\DIP100B.llb
Thu Jun 20 17:04:14 Loaded file C:\OrCAD\OrCAD_16.2\tools\Layout_Plus\library\DIP100T.llb
Thu Jun 20 17:04:14 Loaded file C:\OrCAD\OrCAD_16.2\tools\Layout_Plus\library\DSUBT.llb
Thu Jun 20 17:04:14 Loaded file C:\OrCAD\OrCAD_16.2\tools\Layout_Plus\library\DSUBT_HD.LLB
Thu Jun 20 17:04:14 Loaded file C:\OrCAD\OrCAD_16.2\tools\Layout_Plus\library\ECON100T.llb
Thu Jun 20 17:04:14 Loaded file C:\OrCAD\OrCAD_16.2\tools\Layout_Plus\library\FBUS.llb
Thu Jun 20 17:04:14 Loaded file C:\OrCAD\OrCAD_16.2\tools\Layout_Plus\library\ISA.llb
Thu Jun 20 17:04:14 Loaded file C:\OrCAD\OrCAD_16.2\tools\Layout_Plus\library\JUMPER.LLB
Thu Jun 20 17:04:14 Loaded file C:\OrCAD\OrCAD_16.2\tools\Layout_Plus\library\LAYOUT.llb
Thu Jun 20 17:04:14 Loaded file C:\OrCAD\OrCAD_16.2\tools\Layout_Plus\library\LCON100T.llb
Thu Jun 20 17:04:14 Loaded file C:\OrCAD\OrCAD_16.2\tools\Layout_Plus\library\PC104.llb
Thu Jun 20 17:04:14 Loaded file C:\OrCAD\OrCAD_16.2\tools\Layout_Plus\library\PCI.llb
Thu Jun 20 17:04:14 Loaded file C:\OrCAD\OrCAD_16.2\tools\Layout_Plus\library\PCON100T.llb
Thu Jun 20 17:04:14 Loaded file C:\OrCAD\OrCAD_16.2\tools\Layout_Plus\library\PCON156T.llb
Thu Jun 20 17:04:14 Loaded file C:\OrCAD\OrCAD_16.2\tools\Layout_Plus\library\PGA.llb
Thu Jun 20 17:04:14 Loaded file C:\OrCAD\OrCAD_16.2\tools\Layout_Plus\library\PLCC.llb
Thu Jun 20 17:04:14 Loaded file C:\OrCAD\OrCAD_16.2\tools\Layout_Plus\library\QUAD.llb
Thu Jun 20 17:04:14 Loaded file C:\OrCAD\OrCAD_16.2\tools\Layout_Plus\library\QUADB.llb
Thu Jun 20 17:04:14 Loaded file C:\OrCAD\OrCAD_16.2\tools\Layout_Plus\library\RELAY.llb
Thu Jun 20 17:04:14 Loaded file C:\OrCAD\OrCAD_16.2\tools\Layout_Plus\library\RF.llb
Thu Jun 20 17:04:14 Loaded file C:\OrCAD\OrCAD_16.2\tools\Layout_Plus\library\SBUS.llb
Thu Jun 20 17:04:14 Loaded file C:\OrCAD\OrCAD_16.2\tools\Layout_Plus\library\SIMM050F.llb
Thu Jun 20 17:04:14 Loaded file C:\OrCAD\OrCAD_16.2\tools\Layout_Plus\library\SIMM050T.llb
Thu Jun 20 17:04:14 Loaded file C:\OrCAD\OrCAD_16.2\tools\Layout_Plus\library\SIMM100F.llb
Thu Jun 20 17:04:14 Loaded file C:\OrCAD\OrCAD_16.2\tools\Layout_Plus\library\SIMM100T.llb
Thu Jun 20 17:04:14 Loaded file C:\OrCAD\OrCAD_16.2\tools\Layout_Plus\library\SIP.llb
Thu Jun 20 17:04:14 Loaded file C:\OrCAD\OrCAD_16.2\tools\Layout_Plus\library\SM.llb
Thu Jun 20 17:04:14 Loaded file C:\OrCAD\OrCAD_16.2\tools\Layout_Plus\library\SOG.llb
Thu Jun 20 17:04:14 Loaded file C:\OrCAD\OrCAD_16.2\tools\Layout_Plus\library\SOJ.llb
Thu Jun 20 17:04:14 Loaded file C:\OrCAD\OrCAD_16.2\tools\Layout_Plus\library\STIFF.llb
Thu Jun 20 17:04:14 Loaded file C:\OrCAD\OrCAD_16.2\tools\Layout_Plus\library\TELE.llb
Thu Jun 20 17:04:14 Loaded file C:\OrCAD\OrCAD_16.2\tools\Layout_Plus\library\TM_AXIAL.llb
Thu Jun 20 17:04:14 Loaded file C:\OrCAD\OrCAD_16.2\tools\Layout_Plus\library\TM_CAP_P.llb
Thu Jun 20 17:04:14 Loaded file C:\OrCAD\OrCAD_16.2\tools\Layout_Plus\library\TM_CYLND.llb
Thu Jun 20 17:04:14 Loaded file C:\OrCAD\OrCAD_16.2\tools\Layout_Plus\library\TM_DIODE.llb
Thu Jun 20 17:04:14 Loaded file C:\OrCAD\OrCAD_16.2\tools\Layout_Plus\library\TM_DISC.llb
Thu Jun 20 17:04:14 Loaded file C:\OrCAD\OrCAD_16.2\tools\Layout_Plus\library\TM_RAD.llb
Thu Jun 20 17:04:14 Loaded file C:\OrCAD\OrCAD_16.2\tools\Layout_Plus\library\TO.llb
Thu Jun 20 17:04:14 Loaded file C:\OrCAD\OrCAD_16.2\tools\Layout_Plus\library\TRAINING.LLB
Thu Jun 20 17:04:14 Loaded file C:\OrCAD\OrCAD_16.2\tools\Layout_Plus\library\VRES.llb
Thu Jun 20 17:04:14 Loaded file C:\OrCAD\OrCAD_16.2\tools\Layout_Plus\library\WCON100T.llb
Thu Jun 20 17:04:14 Loaded file C:\OrCAD\OrCAD_16.2\tools\Layout_Plus\library\XT.llb
Thu Jun 20 17:04:14 Loaded file C:\OrCAD\OrCAD_16.2\tools\Layout_Plus\library\ZIGZAG.llb
Thu Jun 20 17:04:14 Loaded file C:\OrCAD\OrCAD_16.2\tools\Layout_Plus\library\TM_AXIAL.llb
Thu Jun 20 17:04:14 Loaded file C:\OrCAD\OrCAD_16.2\tools\Layout_Plus\library\TM_RAD.llb
Thu Jun 20 17:04:14 Loaded file C:\USERS\STUDENT\DESKTOP\DISERTATIE_6_IUNIE\SCHEMA_DISERTATIE_CAPTURE_LAYOUT\FRECVENTMETRU.LLB
Thu Jun 20 17:04:20 Loaded file C:\ORCAD\ORCAD_16.2\TOOLS\LAYOUT_PLUS\data\template.imp
Thu Jun 20 17:04:20 Loaded file C:\ORCAD\ORCAD_16.2\TOOLS\LAYOUT_PLUS\data\template.imp
Thu Jun 20 17:04:25 Loaded file C:\USERS\STUDENT\DESKTOP\DISERTATIE_6_IUNIE\SCHEMA_DISERTATIE_CAPTURE_LAYOUT\FRECVENTMETRU.LLB
Thu Jun 20 17:04:29 Loaded file C:\ORCAD\ORCAD_16.2\TOOLS\LAYOUT_PLUS\data\template.imp
Thu Jun 20 17:04:30 Loaded file C:\USERS\STUDENT\DESKTOP\DISERTATIE_6_IUNIE\SCHEMA_DISERTATIE_CAPTURE_LAYOUT\FRECVENTMETRU.LLB
Thu Jun 20 17:04:30 Loaded file C:\USERS\STUDENT\DESKTOP\DISERTATIE_6_IUNIE\SCHEMA_DISERTATIE_CAPTURE_LAYOUT\FRECVENTMETRU.LLB
Thu Jun 20 17:04:32 Saved as file C:\USERS\STUDENT\DESKTOP\DISERTATIE_6_IUNIE\CABLAJE_DIVERSE\SCHEMA_BAZA_T-2.MAX
Thu Jun 20 17:04:32 Loaded file C:\USERS\STUDENT\DESKTOP\DISERTATIE_6_IUNIE\CABLAJE_DIVERSE\SCHEMA_BAZA_T-2.MAX
Thu Jun 20 17:04:38 Saved as file C:\USERS\STUDENT\DESKTOP\DISERTATIE_6_IUNIE\CABLAJE_DIVERSE\SCHEMA_BAZA_T-1.MAX
Thu Jun 20 17:04:38 Loaded file C:\USERS\STUDENT\DESKTOP\DISERTATIE_6_IUNIE\CABLAJE_DIVERSE\SCHEMA_BAZA_T-2.MAX
Thu Jun 20 17:04:39 Saved as file Backup0.max
Thu Jun 20 17:04:39 Windows which were open at time of error:
Thu Jun 20 17:04:39 	ActiveWindow: &Components
Thu Jun 20 17:04:39 	Icon: &Nets
Thu Jun 20 17:04:39 	Icon: Post Proces&s
Thu Jun 20 17:04:39 	Icon: &Design
Thu Jun 20 17:04:39 End-of-list
Thu Jun 20 17:04:39 Loaded file BACKUP0.MAX
Thu Jun 20 17:05:47 Loaded file C:\ORCAD\ORCAD_16.2\TOOLS\LAYOUT_PLUS\data\template.imp
Thu Jun 20 17:05:47 Loaded file C:\ORCAD\ORCAD_16.2\TOOLS\LAYOUT_PLUS\data\template.imp
Thu Jun 20 17:05:50 Loaded file C:\USERS\STUDENT\DESKTOP\DISERTATIE_6_IUNIE\SCHEMA_DISERTATIE_CAPTURE_LAYOUT\FRECVENTMETRU.LLB
Thu Jun 20 17:06:05 Loaded file C:\ORCAD\ORCAD_16.2\TOOLS\LAYOUT_PLUS\data\template.imp
Thu Jun 20 17:06:39 Loaded file C:\ORCAD\ORCAD_16.2\TOOLS\LAYOUT_PLUS\library\padstack.llb
Thu Jun 20 17:08:28 Saved as file BACKUP1.MAX
Thu Jun 20 17:09:49 Loaded file C:\ORCAD\ORCAD_16.2\TOOLS\LAYOUT_PLUS\data\template.imp
Thu Jun 20 17:09:49 Loaded file C:\ORCAD\ORCAD_16.2\TOOLS\LAYOUT_PLUS\data\template.imp
Thu Jun 20 17:09:49 Loaded file C:\ORCAD\ORCAD_16.2\TOOLS\LAYOUT_PLUS\data\template.imp
Thu Jun 20 17:09:49 Loaded file C:\ORCAD\ORCAD_16.2\TOOLS\LAYOUT_PLUS\data\template.imp
Thu Jun 20 17:09:50 Loaded file C:\USERS\STUDENT\DESKTOP\DISERTATIE_6_IUNIE\SCHEMA_DISERTATIE_CAPTURE_LAYOUT\FRECVENTMETRU.LLB
Thu Jun 20 17:09:54 Loaded file C:\ORCAD\ORCAD_16.2\TOOLS\LAYOUT_PLUS\data\template.imp
Thu Jun 20 17:09:59 Saved as file ~undo.max
Thu Jun 20 17:10:06 Saved as file ~undo.max
Thu Jun 20 17:10:32 Loaded file C:\ORCAD\ORCAD_16.2\TOOLS\LAYOUT_PLUS\data\template.imp
Thu Jun 20 17:10:32 Loaded file C:\ORCAD\ORCAD_16.2\TOOLS\LAYOUT_PLUS\data\template.imp
Thu Jun 20 17:10:32 Loaded file C:\ORCAD\ORCAD_16.2\TOOLS\LAYOUT_PLUS\data\template.imp
Thu Jun 20 17:10:32 Loaded file C:\ORCAD\ORCAD_16.2\TOOLS\LAYOUT_PLUS\data\template.imp
Thu Jun 20 17:10:34 Loaded file C:\USERS\STUDENT\DESKTOP\DISERTATIE_6_IUNIE\SCHEMA_DISERTATIE_CAPTURE_LAYOUT\FRECVENTMETRU.LLB
Thu Jun 20 17:10:38 Loaded file C:\ORCAD\ORCAD_16.2\TOOLS\LAYOUT_PLUS\data\template.imp
Thu Jun 20 17:10:43 Saved as file ~undo.max
Thu Jun 20 17:10:59 Loaded file C:\ORCAD\ORCAD_16.2\TOOLS\LAYOUT_PLUS\data\template.imp
Thu Jun 20 17:11:00 Loaded file C:\ORCAD\ORCAD_16.2\TOOLS\LAYOUT_PLUS\data\template.imp
Thu Jun 20 17:11:00 Loaded file C:\ORCAD\ORCAD_16.2\TOOLS\LAYOUT_PLUS\data\template.imp
Thu Jun 20 17:11:00 Loaded file C:\ORCAD\ORCAD_16.2\TOOLS\LAYOUT_PLUS\data\template.imp
Thu Jun 20 17:11:01 Loaded file C:\USERS\STUDENT\DESKTOP\DISERTATIE_6_IUNIE\SCHEMA_DISERTATIE_CAPTURE_LAYOUT\FRECVENTMETRU.LLB
Thu Jun 20 17:11:06 Loaded file C:\ORCAD\ORCAD_16.2\TOOLS\LAYOUT_PLUS\data\template.imp
Thu Jun 20 17:11:09 Saved as file ~undo.max
Thu Jun 20 17:11:14 Saved as file ~undo.max
Thu Jun 20 17:11:31 Loaded file C:\ORCAD\ORCAD_16.2\TOOLS\LAYOUT_PLUS\data\template.imp
Thu Jun 20 17:11:31 Loaded file C:\ORCAD\ORCAD_16.2\TOOLS\LAYOUT_PLUS\data\template.imp
Thu Jun 20 17:11:31 Loaded file C:\ORCAD\ORCAD_16.2\TOOLS\LAYOUT_PLUS\data\template.imp
Thu Jun 20 17:11:31 Loaded file C:\ORCAD\ORCAD_16.2\TOOLS\LAYOUT_PLUS\data\template.imp
Thu Jun 20 17:11:32 Loaded file C:\USERS\STUDENT\DESKTOP\DISERTATIE_6_IUNIE\SCHEMA_DISERTATIE_CAPTURE_LAYOUT\FRECVENTMETRU.LLB
Thu Jun 20 17:11:36 Loaded file C:\ORCAD\ORCAD_16.2\TOOLS\LAYOUT_PLUS\data\template.imp
Thu Jun 20 17:11:40 Saved as file ~undo.max
Thu Jun 20 17:11:59 Loaded file C:\ORCAD\ORCAD_16.2\TOOLS\LAYOUT_PLUS\data\template.imp
Thu Jun 20 17:11:59 Loaded file C:\ORCAD\ORCAD_16.2\TOOLS\LAYOUT_PLUS\data\template.imp
Thu Jun 20 17:11:59 Loaded file C:\ORCAD\ORCAD_16.2\TOOLS\LAYOUT_PLUS\data\template.imp
Thu Jun 20 17:11:59 Loaded file C:\ORCAD\ORCAD_16.2\TOOLS\LAYOUT_PLUS\data\template.imp
Thu Jun 20 17:12:00 Loaded file C:\USERS\STUDENT\DESKTOP\DISERTATIE_6_IUNIE\SCHEMA_DISERTATIE_CAPTURE_LAYOUT\FRECVENTMETRU.LLB
Thu Jun 20 17:12:03 Loaded file C:\ORCAD\ORCAD_16.2\TOOLS\LAYOUT_PLUS\data\template.imp
Thu Jun 20 17:12:07 Saved as file ~undo.max
Thu Jun 20 17:12:14 Saved as file ~undo.max
Thu Jun 20 17:12:34 Loaded file C:\ORCAD\ORCAD_16.2\TOOLS\LAYOUT_PLUS\data\template.imp
Thu Jun 20 17:12:34 Loaded file C:\ORCAD\ORCAD_16.2\TOOLS\LAYOUT_PLUS\data\template.imp
Thu Jun 20 17:12:34 Loaded file C:\ORCAD\ORCAD_16.2\TOOLS\LAYOUT_PLUS\data\template.imp
Thu Jun 20 17:12:34 Loaded file C:\ORCAD\ORCAD_16.2\TOOLS\LAYOUT_PLUS\data\template.imp
Thu Jun 20 17:12:35 Loaded file C:\USERS\STUDENT\DESKTOP\DISERTATIE_6_IUNIE\SCHEMA_DISERTATIE_CAPTURE_LAYOUT\FRECVENTMETRU.LLB
Thu Jun 20 17:12:42 Loaded file C:\ORCAD\ORCAD_16.2\TOOLS\LAYOUT_PLUS\data\template.imp
Thu Jun 20 17:12:47 Saved as file ~undo.max
Thu Jun 20 17:13:09 Loaded file C:\ORCAD\ORCAD_16.2\TOOLS\LAYOUT_PLUS\data\template.imp
Thu Jun 20 17:13:09 Loaded file C:\ORCAD\ORCAD_16.2\TOOLS\LAYOUT_PLUS\data\template.imp
Thu Jun 20 17:13:09 Loaded file C:\ORCAD\ORCAD_16.2\TOOLS\LAYOUT_PLUS\data\template.imp
Thu Jun 20 17:13:09 Loaded file C:\ORCAD\ORCAD_16.2\TOOLS\LAYOUT_PLUS\data\template.imp
Thu Jun 20 17:13:10 Loaded file C:\USERS\STUDENT\DESKTOP\DISERTATIE_6_IUNIE\SCHEMA_DISERTATIE_CAPTURE_LAYOUT\FRECVENTMETRU.LLB
Thu Jun 20 17:13:13 Loaded file C:\ORCAD\ORCAD_16.2\TOOLS\LAYOUT_PLUS\data\template.imp
Thu Jun 20 17:13:18 Saved as file ~undo.max
Thu Jun 20 17:13:24 Loaded file C:\ORCAD\ORCAD_16.2\TOOLS\LAYOUT_PLUS\data\template.imp
Thu Jun 20 17:13:24 Loaded file C:\ORCAD\ORCAD_16.2\TOOLS\LAYOUT_PLUS\data\template.imp
Thu Jun 20 17:13:24 Loaded file C:\ORCAD\ORCAD_16.2\TOOLS\LAYOUT_PLUS\data\template.imp
Thu Jun 20 17:13:24 Loaded file C:\ORCAD\ORCAD_16.2\TOOLS\LAYOUT_PLUS\data\template.imp
Thu Jun 20 17:13:25 Loaded file C:\USERS\STUDENT\DESKTOP\DISERTATIE_6_IUNIE\SCHEMA_DISERTATIE_CAPTURE_LAYOUT\FRECVENTMETRU.LLB
Thu Jun 20 17:13:31 Loaded file C:\ORCAD\ORCAD_16.2\TOOLS\LAYOUT_PLUS\data\template.imp
Thu Jun 20 17:13:37 Loaded file C:\ORCAD\ORCAD_16.2\TOOLS\LAYOUT_PLUS\data\template.imp
Thu Jun 20 17:13:40 Saved as file ~undo.max
Thu Jun 20 17:13:46 Loaded file C:\ORCAD\ORCAD_16.2\TOOLS\LAYOUT_PLUS\data\template.imp
Thu Jun 20 17:13:46 Loaded file C:\ORCAD\ORCAD_16.2\TOOLS\LAYOUT_PLUS\data\template.imp
Thu Jun 20 17:13:46 Loaded file C:\ORCAD\ORCAD_16.2\TOOLS\LAYOUT_PLUS\data\template.imp
Thu Jun 20 17:13:46 Loaded file C:\ORCAD\ORCAD_16.2\TOOLS\LAYOUT_PLUS\data\template.imp
Thu Jun 20 17:13:48 Loaded file C:\USERS\STUDENT\DESKTOP\DISERTATIE_6_IUNIE\SCHEMA_DISERTATIE_CAPTURE_LAYOUT\FRECVENTMETRU.LLB
Thu Jun 20 17:13:59 Loaded file C:\ORCAD\ORCAD_16.2\TOOLS\LAYOUT_PLUS\data\template.imp
Thu Jun 20 17:14:07 Loaded file C:\ORCAD\ORCAD_16.2\TOOLS\LAYOUT_PLUS\data\template.imp
Thu Jun 20 17:14:12 Loaded file C:\ORCAD\ORCAD_16.2\TOOLS\LAYOUT_PLUS\data\template.imp
Thu Jun 20 17:14:16 Saved as file ~undo.max
Thu Jun 20 17:14:33 Saved as file ~undo.max
Thu Jun 20 17:14:38 Saved as file ~undo.max
Thu Jun 20 17:14:43 Saved as file ~undo.max
Thu Jun 20 17:14:47 Saved as file ~undo.max
Thu Jun 20 17:14:49 Saved as file ~undo.max
Thu Jun 20 17:14:52 Saved as file ~undo.max
Thu Jun 20 17:14:55 Saved as file ~undo.max
Thu Jun 20 17:15:01 Saved as file ~undo.max
Thu Jun 20 17:15:06 Saved as file ~undo.max
Thu Jun 20 17:15:09 Saved as file ~undo.max
Thu Jun 20 17:15:19 Saved as file ~undo.max
Thu Jun 20 17:15:24 Saved as file ~undo.max
Thu Jun 20 17:15:29 Saved as file ~undo.max
Thu Jun 20 17:15:32 Saved as file ~undo.max
Thu Jun 20 17:15:36 Saved as file ~undo.max
Thu Jun 20 17:15:38 Saved as file ~undo.max
Thu Jun 20 17:15:40 Saved as file ~undo.max
Thu Jun 20 17:15:49 Saved as file ~undo.max
Thu Jun 20 17:15:54 Saved as file ~undo.max
Thu Jun 20 17:16:10 Saved as file ~undo.max
Thu Jun 20 17:16:27 Saved as file ~undo.max
Thu Jun 20 17:16:38 Saved as file ~undo.max
Thu Jun 20 17:16:45 Saved as file ~undo.max
Thu Jun 20 17:16:47 Saved as file ~undo.max
Thu Jun 20 17:16:50 Saved as file ~undo.max
Thu Jun 20 17:16:52 Saved as file ~undo.max
Thu Jun 20 17:16:55 Saved as file ~undo.max
Thu Jun 20 17:16:59 Saved as file ~undo.max
Thu Jun 20 17:17:03 Saved as file ~undo.max
Thu Jun 20 17:17:06 Saved as file ~undo.max
Thu Jun 20 17:17:53 Saved as file ~undo.max
Thu Jun 20 17:18:07 Saved as file C:\USERS\STUDENT\DESKTOP\DISERTATIE_6_IUNIE\CABLAJE_DIVERSE\SCHEMA_BAZA_T-2.MAX
Thu Jun 20 17:18:26 Saved as file C:\USERS\STUDENT\DESKTOP\DISERTATIE_6_IUNIE\CABLAJE_DIVERSE\SCHEMA_BAZA_T-2.MAX
Thu Jun 20 17:18:28 Saved as file BACKUP1.MAX
Thu Jun 20 17:18:30 No new connections routed.
Thu Jun 20 17:18:30 Total is now 0 out of 19 (0%).
Thu Jun 20 17:18:30 Saved as file SWEEP1.MAX
Thu Jun 20 17:18:31 Saved as file BACKUP1.MAX
Thu Jun 20 17:18:31 Saved as file BACKUP1.MAX
Thu Jun 20 17:18:31 Saved as file BACKUP1.MAX
Thu Jun 20 17:18:31 Saved as file BACKUP1.MAX
Thu Jun 20 17:18:31 Saved as file BACKUP1.MAX
Thu Jun 20 17:18:31 Saved as file BACKUP1.MAX
Thu Jun 20 17:18:32 Saved as file BACKUP1.MAX
Thu Jun 20 17:18:32 Saved as file BACKUP1.MAX
Thu Jun 20 17:18:32 Saved as file BACKUP1.MAX
Thu Jun 20 17:18:32 Routed 26 connections in 1 seconds.
Thu Jun 20 17:18:32 Total is now 17 out of 19 (89%).
Thu Jun 20 17:18:32 Saved as file SWEEP2.MAX
Thu Jun 20 17:18:33 Routed 2 connections in 0 seconds.
Thu Jun 20 17:18:33 Total is now 19 out of 19 (100%).
Thu Jun 20 17:18:33 Saved as file SWEEP3.MAX
Thu Jun 20 17:18:33 No new connections routed.
Thu Jun 20 17:18:33 Total is now 19 out of 19 (100%).
Thu Jun 20 17:18:33 Saved as file SWEEP4.MAX
Thu Jun 20 17:18:33 No new connections routed.
Thu Jun 20 17:18:33 Total is now 19 out of 19 (100%).
Thu Jun 20 17:18:33 Saved as file SWEEP5.MAX
Thu Jun 20 17:19:32 Saved as file C:\USERS\STUDENT\DESKTOP\DISERTATIE_6_IUNIE\CABLAJE_DIVERSE\SCHEMA_BAZA_T-2.MAX
Thu Jun 20 17:19:38 No new connections routed.
Thu Jun 20 17:19:38 Total is now 0 out of 19 (0%).
Thu Jun 20 17:19:38 Saved as file SWEEP1.MAX
Thu Jun 20 17:19:41 Saved as file BACKUP1.MAX
Thu Jun 20 17:19:42 Saved as file BACKUP1.MAX
Thu Jun 20 17:19:44 Saved as file BACKUP1.MAX
Thu Jun 20 17:19:46 Saved as file BACKUP1.MAX
Thu Jun 20 17:19:46 Saved as file BACKUP1.MAX
Thu Jun 20 17:19:46 Saved as file BACKUP1.MAX
Thu Jun 20 17:19:46 Saved as file BACKUP1.MAX
Thu Jun 20 17:19:47 Saved as file BACKUP1.MAX
Thu Jun 20 17:19:47 Saved as file BACKUP1.MAX
Thu Jun 20 17:19:49 Saved as file BACKUP1.MAX
Thu Jun 20 17:19:50 Saved as file BACKUP1.MAX
Thu Jun 20 17:19:50 Saved as file BACKUP1.MAX
Thu Jun 20 17:19:50 Saved as file BACKUP1.MAX
Thu Jun 20 17:19:50 Saved as file BACKUP1.MAX
Thu Jun 20 17:19:50 Saved as file BACKUP1.MAX
Thu Jun 20 17:19:50 Routed 34 connections in 12 seconds.
Thu Jun 20 17:19:50 Total is now 9 out of 19 (47%).
Thu Jun 20 17:19:50 Saved as file SWEEP2.MAX
Thu Jun 20 17:19:55 Routed 3 connections in 4 seconds.
Thu Jun 20 17:19:55 Total is now 12 out of 19 (63%).
Thu Jun 20 17:19:55 Saved as file SWEEP3.MAX
Thu Jun 20 17:20:22 Saved as file C:\USERS\STUDENT\DESKTOP\DISERTATIE_6_IUNIE\CABLAJE_DIVERSE\SCHEMA_BAZA_T-2.MAX
Thu Jun 20 17:22:10 Saved as file BACKUP1.MAX
Thu Jun 20 17:25:59 Saved as file ~undo.max
Thu Jun 20 17:26:03 Saved as file ~undo.max
Thu Jun 20 17:26:07 Saved as file ~undo.max
Thu Jun 20 17:26:10 Saved as file ~undo.max
Thu Jun 20 17:26:18 Saved as file ~undo.max
Thu Jun 20 17:26:21 Saved as file ~undo.max
Thu Jun 20 17:26:39 Saved as file ~undo.max
Thu Jun 20 17:26:42 Saved as file ~undo.max
Thu Jun 20 17:26:52 Saved as file ~undo.max
Thu Jun 20 17:26:55 Saved as file ~undo.max
Thu Jun 20 17:26:58 Saved as file ~undo.max
Thu Jun 20 17:27:00 Saved as file ~undo.max
Thu Jun 20 17:27:03 Saved as file ~undo.max
Thu Jun 20 17:27:06 Saved as file ~undo.max
Thu Jun 20 17:27:09 Saved as file ~undo.max
Thu Jun 20 17:27:17 Saved as file ~undo.max
Thu Jun 20 17:27:24 Saved as file ~undo.max
Thu Jun 20 17:27:33 Saved as file ~undo.max
Thu Jun 20 17:28:28 Saved as file BACKUP1.MAX
Thu Jun 20 17:30:09 Saved as file ~undo.max
Thu Jun 20 17:30:54 Saved as file ~undo.max
Thu Jun 20 17:30:56 Saved as file ~undo.max
Thu Jun 20 17:31:00 Saved as file ~undo.max
Thu Jun 20 17:31:03 Saved as file ~undo.max
Thu Jun 20 17:31:08 Saved as file ~undo.max
Thu Jun 20 17:31:19 Saved as file ~undo.max
Thu Jun 20 17:31:43 Saved as file ~undo.max
Thu Jun 20 17:31:47 Saved as file ~undo.max
Thu Jun 20 17:31:53 Saved as file ~undo.max
Thu Jun 20 17:32:01 Saved as file ~undo.max
Thu Jun 20 17:32:10 Saved as file BACKUP1.MAX
Thu Jun 20 17:32:40 Saved as file ~undo.max
Thu Jun 20 17:32:44 Saved as file ~undo.max
Thu Jun 20 17:32:47 Saved as file ~undo.max
Thu Jun 20 17:32:52 Saved as file ~undo.max
Thu Jun 20 17:32:54 Saved as file ~undo.max
Thu Jun 20 17:32:59 Saved as file ~undo.max
Thu Jun 20 17:33:02 Saved as file ~undo.max
Thu Jun 20 17:33:38 Saved as file ~undo.max
Thu Jun 20 17:33:46 Saved as file ~undo.max
Thu Jun 20 17:33:49 Saved as file ~undo.max
Thu Jun 20 17:34:02 Saved as file ~undo.max
Thu Jun 20 17:34:15 Saved as file ~undo.max
Thu Jun 20 17:34:18 Saved as file ~undo.max
Thu Jun 20 17:34:22 Saved as file ~undo.max
Thu Jun 20 17:34:39 Saved as file ~undo.max
Thu Jun 20 17:34:43 Saved as file ~undo.max
Thu Jun 20 17:34:48 Saved as file ~undo.max
Thu Jun 20 17:35:42 Saved as file ~undo.max
Thu Jun 20 17:35:51 Saved as file ~undo.max
Thu Jun 20 17:35:56 Saved as file ~undo.max
Thu Jun 20 17:36:01 Saved as file ~undo.max
Thu Jun 20 17:36:11 Saved as file ~undo.max
Thu Jun 20 17:36:23 Saved as file ~undo.max
Thu Jun 20 17:36:25 Saved as file ~undo.max
Thu Jun 20 17:36:47 Saved as file ~undo.max
Thu Jun 20 17:37:00 Saved as file ~undo.max
Thu Jun 20 17:37:04 Saved as file ~undo.max
Thu Jun 20 17:37:08 Saved as file ~undo.max
Thu Jun 20 17:37:11 Saved as file ~undo.max
Thu Jun 20 17:37:17 Saved as file ~undo.max
Thu Jun 20 17:37:24 Saved as file ~undo.max
Thu Jun 20 17:37:42 Saved as file ~undo.max
Thu Jun 20 17:37:53 Saved as file ~undo.max
Thu Jun 20 17:38:10 Saved as file ~undo.max
Thu Jun 20 17:38:28 Saved as file BACKUP1.MAX
Thu Jun 20 17:38:31 Saved as file ~undo.max
Thu Jun 20 17:38:36 Saved as file ~undo.max
Thu Jun 20 17:38:50 Saved as file BACKUP1.MAX
Thu Jun 20 17:38:50 Saved as file BACKUP1.MAX
Thu Jun 20 17:38:50 Saved as file BACKUP1.MAX
Thu Jun 20 17:38:50 Saved as file BACKUP1.MAX
Thu Jun 20 17:38:50 Saved as file BACKUP1.MAX
Thu Jun 20 17:38:51 Saved as file BACKUP1.MAX
Thu Jun 20 17:38:51 Saved as file BACKUP1.MAX
Thu Jun 20 17:38:51 Saved as file BACKUP1.MAX
Thu Jun 20 17:38:51 Saved as file BACKUP1.MAX
Thu Jun 20 17:38:51 Routed 1 connections in 1 seconds.
Thu Jun 20 17:38:51 Total is now 1 out of 17 (5%).
Thu Jun 20 17:38:51 Saved as file SWEEP1.MAX
Thu Jun 20 17:38:51 Saved as file BACKUP1.MAX
Thu Jun 20 17:38:51 Saved as file BACKUP1.MAX
Thu Jun 20 17:38:52 Saved as file BACKUP1.MAX
Thu Jun 20 17:38:52 Saved as file BACKUP1.MAX
Thu Jun 20 17:38:52 Saved as file BACKUP1.MAX
Thu Jun 20 17:38:52 Saved as file BACKUP1.MAX
Thu Jun 20 17:38:52 Saved as file BACKUP1.MAX
Thu Jun 20 17:38:52 Saved as file BACKUP1.MAX
Thu Jun 20 17:38:52 Saved as file BACKUP1.MAX
Thu Jun 20 17:38:52 Routed 22 connections in 1 seconds.
Thu Jun 20 17:38:52 Total is now 17 out of 17 (100%).
Thu Jun 20 17:38:52 Saved as file SWEEP2.MAX
Thu Jun 20 17:38:52 No new connections routed.
Thu Jun 20 17:38:52 Total is now 17 out of 17 (100%).
Thu Jun 20 17:38:52 Saved as file SWEEP3.MAX
Thu Jun 20 17:38:52 No new connections routed.
Thu Jun 20 17:38:52 Total is now 17 out of 17 (100%).
Thu Jun 20 17:38:52 Saved as file SWEEP4.MAX
Thu Jun 20 17:38:53 No new connections routed.
Thu Jun 20 17:38:53 Total is now 17 out of 17 (100%).
Thu Jun 20 17:38:53 Saved as file SWEEP5.MAX
Thu Jun 20 17:40:59 Saved as file BACKUP1.MAX
Thu Jun 20 17:40:59 Saved as file BACKUP1.MAX
Thu Jun 20 17:40:59 Saved as file BACKUP1.MAX
Thu Jun 20 17:40:59 Saved as file BACKUP1.MAX
Thu Jun 20 17:40:59 Saved as file BACKUP1.MAX
Thu Jun 20 17:40:59 Saved as file BACKUP1.MAX
Thu Jun 20 17:41:00 Saved as file BACKUP1.MAX
Thu Jun 20 17:41:00 Saved as file BACKUP1.MAX
Thu Jun 20 17:41:00 Saved as file BACKUP1.MAX
Thu Jun 20 17:41:00 Saved as file BACKUP1.MAX
Thu Jun 20 17:41:00 Saved as file BACKUP1.MAX
Thu Jun 20 17:41:00 Saved as file BACKUP1.MAX
Thu Jun 20 17:41:00 Routed 1 connections in 1 seconds.
Thu Jun 20 17:41:00 Total is now 1 out of 17 (5%).
Thu Jun 20 17:41:00 Saved as file SWEEP1.MAX
Thu Jun 20 17:41:02 Saved as file BACKUP1.MAX
Thu Jun 20 17:41:02 Saved as file BACKUP1.MAX
Thu Jun 20 17:41:03 Saved as file BACKUP1.MAX
Thu Jun 20 17:41:03 Saved as file BACKUP1.MAX
Thu Jun 20 17:41:04 Saved as file BACKUP1.MAX
Thu Jun 20 17:41:04 Saved as file BACKUP1.MAX
Thu Jun 20 17:41:04 Saved as file BACKUP1.MAX
Thu Jun 20 17:41:04 Saved as file BACKUP1.MAX
Thu Jun 20 17:41:04 Saved as file BACKUP1.MAX
Thu Jun 20 17:41:04 Saved as file BACKUP1.MAX
Thu Jun 20 17:41:05 Saved as file BACKUP1.MAX
Thu Jun 20 17:41:05 Saved as file BACKUP1.MAX
Thu Jun 20 17:41:05 Routed 26 connections in 4 seconds.
Thu Jun 20 17:41:05 Total is now 11 out of 17 (64%).
Thu Jun 20 17:41:05 Saved as file SWEEP2.MAX
Thu Jun 20 17:41:05 Routed 4 connections in 0 seconds.
Thu Jun 20 17:41:05 Total is now 15 out of 17 (88%).
Thu Jun 20 17:41:06 Saved as file SWEEP3.MAX
Thu Jun 20 17:41:07 Routed 2 connections in 1 seconds.
Thu Jun 20 17:41:07 Total is now 16 out of 17 (94%).
Thu Jun 20 17:41:07 Saved as file SWEEP4.MAX
Thu Jun 20 17:41:07 Routed 1 connections in 0 seconds.
Thu Jun 20 17:41:07 Total is now 16 out of 17 (94%).
Thu Jun 20 17:41:07 Saved as file SWEEP5.MAX
Thu Jun 20 17:41:47 Saved as file ~undo.max
Thu Jun 20 17:41:54 Saved as file ~undo.max
Thu Jun 20 17:42:00 Saved as file ~undo.max
Thu Jun 20 17:42:04 Saved as file ~undo.max
Thu Jun 20 17:42:09 Saved as file ~undo.max
Thu Jun 20 17:42:10 Saved as file BACKUP1.MAX
Thu Jun 20 17:42:16 Saved as file BACKUP1.MAX
Thu Jun 20 17:42:16 Saved as file BACKUP1.MAX
Thu Jun 20 17:42:16 Saved as file BACKUP1.MAX
Thu Jun 20 17:42:16 Saved as file BACKUP1.MAX
Thu Jun 20 17:42:16 Saved as file BACKUP1.MAX
Thu Jun 20 17:42:16 Saved as file BACKUP1.MAX
Thu Jun 20 17:42:16 Saved as file BACKUP1.MAX
Thu Jun 20 17:42:16 Saved as file BACKUP1.MAX
Thu Jun 20 17:42:17 Saved as file BACKUP1.MAX
Thu Jun 20 17:42:17 Saved as file BACKUP1.MAX
Thu Jun 20 17:42:17 Saved as file BACKUP1.MAX
Thu Jun 20 17:42:17 Saved as file BACKUP1.MAX
Thu Jun 20 17:42:17 Saved as file BACKUP1.MAX
Thu Jun 20 17:42:17 Saved as file BACKUP1.MAX
Thu Jun 20 17:42:17 Saved as file BACKUP1.MAX
Thu Jun 20 17:42:17 Routed 1 connections in 1 seconds.
Thu Jun 20 17:42:17 Total is now 1 out of 17 (5%).
Thu Jun 20 17:42:17 Saved as file SWEEP1.MAX
Thu Jun 20 17:42:18 Saved as file BACKUP1.MAX
Thu Jun 20 17:42:18 Saved as file BACKUP1.MAX
Thu Jun 20 17:42:19 Saved as file BACKUP1.MAX
Thu Jun 20 17:42:19 Saved as file BACKUP1.MAX
Thu Jun 20 17:42:19 Saved as file BACKUP1.MAX
Thu Jun 20 17:42:19 Saved as file BACKUP1.MAX
Thu Jun 20 17:42:19 Saved as file BACKUP1.MAX
Thu Jun 20 17:42:19 Saved as file BACKUP1.MAX
Thu Jun 20 17:42:19 Saved as file BACKUP1.MAX
Thu Jun 20 17:42:20 Saved as file BACKUP1.MAX
Thu Jun 20 17:42:20 Saved as file BACKUP1.MAX
Thu Jun 20 17:42:20 Saved as file BACKUP1.MAX
Thu Jun 20 17:42:20 Saved as file BACKUP1.MAX
Thu Jun 20 17:42:20 Saved as file BACKUP1.MAX
Thu Jun 20 17:42:20 Saved as file BACKUP1.MAX
Thu Jun 20 17:42:20 Routed 22 connections in 3 seconds.
Thu Jun 20 17:42:20 Total is now 13 out of 17 (76%).
Thu Jun 20 17:42:20 Saved as file SWEEP2.MAX
Thu Jun 20 17:42:21 No new connections routed.
Thu Jun 20 17:42:21 Total is now 13 out of 17 (76%).
Thu Jun 20 17:42:21 Saved as file SWEEP3.MAX
Thu Jun 20 17:42:24 Routed 3 connections in 2 seconds.
Thu Jun 20 17:42:24 Total is now 13 out of 17 (76%).
Thu Jun 20 17:42:24 Saved as file SWEEP4.MAX
Thu Jun 20 17:42:27 Routed 3 connections in 3 seconds.
Thu Jun 20 17:42:27 Total is now 13 out of 17 (76%).
Thu Jun 20 17:42:27 Saved as file SWEEP5.MAX
Thu Jun 20 17:43:30 Saved as file ~undo.max
Thu Jun 20 17:43:42 Saved as file ~undo.max
Thu Jun 20 17:43:50 Saved as file ~undo.max
Thu Jun 20 17:43:57 Saved as file ~undo.max
Thu Jun 20 17:44:01 Saved as file ~undo.max
Thu Jun 20 17:44:03 Saved as file ~undo.max
Thu Jun 20 17:44:09 Saved as file ~undo.max
Thu Jun 20 17:44:16 Saved as file ~undo.max
Thu Jun 20 17:44:19 Saved as file ~undo.max
Thu Jun 20 17:44:20 Saved as file ~undo.max
Thu Jun 20 17:44:29 Saved as file ~undo.max
Thu Jun 20 17:44:34 Saved as file ~undo.max
Thu Jun 20 17:44:48 Saved as file ~undo.max
Thu Jun 20 17:44:56 Saved as file ~undo.max
Thu Jun 20 17:45:05 Saved as file ~undo.max
Thu Jun 20 17:45:22 Saved as file ~undo.max
Thu Jun 20 17:45:29 Saved as file ~undo.max
Thu Jun 20 17:45:34 Saved as file ~undo.max
Thu Jun 20 17:45:46 Saved as file ~undo.max
Thu Jun 20 17:45:49 Saved as file ~undo.max
Thu Jun 20 17:45:52 Saved as file ~undo.max
Thu Jun 20 17:45:55 Saved as file ~undo.max
Thu Jun 20 17:45:57 Saved as file ~undo.max
Thu Jun 20 17:46:05 Saved as file ~undo.max
Thu Jun 20 17:46:10 Saved as file ~undo.max
Thu Jun 20 17:46:14 Saved as file ~undo.max
Thu Jun 20 17:46:44 Saved as file C:\USERS\STUDENT\DESKTOP\DISERTATIE_6_IUNIE\CABLAJE_DIVERSE\SCHEMA_BAZA_T-2.MAX
Thu Jun 20 17:46:49 Saved as file BACKUP1.MAX
Thu Jun 20 17:46:49 Saved as file BACKUP1.MAX
Thu Jun 20 17:46:49 Saved as file BACKUP1.MAX
Thu Jun 20 17:46:50 Saved as file BACKUP1.MAX
Thu Jun 20 17:46:50 Routed 1 connections in 1 seconds.
Thu Jun 20 17:46:50 Total is now 1 out of 17 (5%).
Thu Jun 20 17:46:50 Saved as file SWEEP1.MAX
Thu Jun 20 17:46:51 Saved as file BACKUP1.MAX
Thu Jun 20 17:46:51 Saved as file BACKUP1.MAX
Thu Jun 20 17:46:52 Saved as file BACKUP1.MAX
Thu Jun 20 17:46:52 Saved as file BACKUP1.MAX
Thu Jun 20 17:46:53 Saved as file BACKUP1.MAX
Thu Jun 20 17:46:53 Saved as file BACKUP1.MAX
Thu Jun 20 17:46:53 Saved as file BACKUP1.MAX
Thu Jun 20 17:46:53 Saved as file BACKUP1.MAX
Thu Jun 20 17:46:53 Saved as file BACKUP1.MAX
Thu Jun 20 17:46:54 Saved as file BACKUP1.MAX
Thu Jun 20 17:46:54 Saved as file BACKUP1.MAX
Thu Jun 20 17:46:54 Saved as file BACKUP1.MAX
Thu Jun 20 17:46:54 Saved as file BACKUP1.MAX
Thu Jun 20 17:46:54 Saved as file BACKUP1.MAX
Thu Jun 20 17:46:54 Saved as file BACKUP1.MAX
Thu Jun 20 17:46:54 Routed 17 connections in 4 seconds.
Thu Jun 20 17:46:54 Total is now 11 out of 17 (64%).
Thu Jun 20 17:46:54 Saved as file SWEEP2.MAX
Thu Jun 20 17:46:55 Routed 5 connections in 0 seconds.
Thu Jun 20 17:46:55 Total is now 16 out of 17 (94%).
Thu Jun 20 17:46:55 Saved as file SWEEP3.MAX
Thu Jun 20 17:46:56 Routed 1 connections in 0 seconds.
Thu Jun 20 17:46:56 Total is now 16 out of 17 (94%).
Thu Jun 20 17:46:56 Saved as file SWEEP4.MAX
Thu Jun 20 17:46:58 Routed 1 connections in 1 seconds.
Thu Jun 20 17:46:58 Total is now 16 out of 17 (94%).
Thu Jun 20 17:46:58 Saved as file SWEEP5.MAX
Thu Jun 20 17:48:11 Saved as file C:\USERS\STUDENT\DESKTOP\DISERTATIE_6_IUNIE\CABLAJE_DIVERSE\SCHEMA_BAZA_T-2.MAX
Thu Jun 20 17:48:17 Saved as file BACKUP1.MAX
Thu Jun 20 17:48:18 Saved as file BACKUP1.MAX
Thu Jun 20 17:48:18 Saved as file BACKUP1.MAX
Thu Jun 20 17:48:18 Saved as file BACKUP1.MAX
Thu Jun 20 17:48:18 Routed 1 connections in 1 seconds.
Thu Jun 20 17:48:18 Total is now 1 out of 17 (5%).
Thu Jun 20 17:48:18 Saved as file SWEEP1.MAX
Thu Jun 20 17:48:18 Saved as file BACKUP1.MAX
Thu Jun 20 17:48:19 Saved as file BACKUP1.MAX
Thu Jun 20 17:48:20 Saved as file BACKUP1.MAX
Thu Jun 20 17:48:21 Saved as file BACKUP1.MAX
Thu Jun 20 17:48:22 Saved as file BACKUP1.MAX
Thu Jun 20 17:48:22 Saved as file BACKUP1.MAX
Thu Jun 20 17:48:22 Saved as file BACKUP1.MAX
Thu Jun 20 17:48:22 Saved as file BACKUP1.MAX
Thu Jun 20 17:48:22 Saved as file BACKUP1.MAX
Thu Jun 20 17:48:24 Saved as file BACKUP1.MAX
Thu Jun 20 17:48:24 Saved as file BACKUP1.MAX
Thu Jun 20 17:48:25 Saved as file BACKUP1.MAX
Thu Jun 20 17:48:25 Saved as file BACKUP1.MAX
Thu Jun 20 17:48:25 Saved as file BACKUP1.MAX
Thu Jun 20 17:48:25 Saved as file BACKUP1.MAX
Thu Jun 20 17:48:25 Routed 15 connections in 7 seconds.
Thu Jun 20 17:48:25 Total is now 10 out of 17 (58%).
Thu Jun 20 17:48:25 Saved as file SWEEP2.MAX
Thu Jun 20 17:48:27 Routed 5 connections in 2 seconds.
Thu Jun 20 17:48:27 Total is now 15 out of 17 (88%).
Thu Jun 20 17:48:27 Saved as file SWEEP3.MAX
Thu Jun 20 17:48:28 Saved as file BACKUP1.MAX
Thu Jun 20 17:48:29 Routed 1 connections in 1 seconds.
Thu Jun 20 17:48:29 Total is now 15 out of 17 (88%).
Thu Jun 20 17:48:29 Saved as file SWEEP4.MAX
Thu Jun 20 17:48:30 No new connections routed.
Thu Jun 20 17:48:30 Total is now 15 out of 17 (88%).
Thu Jun 20 17:48:30 Saved as file SWEEP5.MAX
Thu Jun 20 17:49:42 Saved as file ~undo.max
Thu Jun 20 17:49:46 Saved as file BACKUP1.MAX
Thu Jun 20 17:49:46 Saved as file BACKUP1.MAX
Thu Jun 20 17:49:46 Saved as file BACKUP1.MAX
Thu Jun 20 17:49:46 Saved as file BACKUP1.MAX
Thu Jun 20 17:49:46 Saved as file BACKUP1.MAX
Thu Jun 20 17:49:46 Saved as file BACKUP1.MAX
Thu Jun 20 17:49:46 Saved as file BACKUP1.MAX
Thu Jun 20 17:49:46 Saved as file BACKUP1.MAX
Thu Jun 20 17:49:46 Saved as file BACKUP1.MAX
Thu Jun 20 17:49:47 Saved as file BACKUP1.MAX
Thu Jun 20 17:49:47 Saved as file BACKUP1.MAX
Thu Jun 20 17:49:47 Saved as file BACKUP1.MAX
Thu Jun 20 17:49:47 Saved as file BACKUP1.MAX
Thu Jun 20 17:49:47 Saved as file BACKUP1.MAX
Thu Jun 20 17:49:47 Saved as file BACKUP1.MAX
Thu Jun 20 17:49:47 Routed 1 connections in 1 seconds.
Thu Jun 20 17:49:47 Total is now 1 out of 17 (5%).
Thu Jun 20 17:49:47 Saved as file SWEEP1.MAX
Thu Jun 20 17:49:48 Saved as file BACKUP1.MAX
Thu Jun 20 17:49:48 Saved as file BACKUP1.MAX
Thu Jun 20 17:49:50 Saved as file BACKUP1.MAX
Thu Jun 20 17:49:52 Saved as file BACKUP1.MAX
Thu Jun 20 17:49:52 Saved as file BACKUP1.MAX
Thu Jun 20 17:49:52 Saved as file BACKUP1.MAX
Thu Jun 20 17:49:52 Saved as file BACKUP1.MAX
Thu Jun 20 17:49:52 Saved as file BACKUP1.MAX
Thu Jun 20 17:49:52 Saved as file BACKUP1.MAX
Thu Jun 20 17:49:54 Saved as file BACKUP1.MAX
Thu Jun 20 17:49:55 Saved as file BACKUP1.MAX
Thu Jun 20 17:49:55 Saved as file BACKUP1.MAX
Thu Jun 20 17:49:55 Saved as file BACKUP1.MAX
Thu Jun 20 17:49:55 Saved as file BACKUP1.MAX
Thu Jun 20 17:49:55 Saved as file BACKUP1.MAX
Thu Jun 20 17:49:55 Routed 15 connections in 8 seconds.
Thu Jun 20 17:49:55 Total is now 8 out of 17 (47%).
Thu Jun 20 17:49:55 Saved as file SWEEP2.MAX
Thu Jun 20 17:49:57 Routed 4 connections in 1 seconds.
Thu Jun 20 17:49:57 Total is now 12 out of 17 (70%).
Thu Jun 20 17:49:57 Saved as file SWEEP3.MAX
Thu Jun 20 17:49:59 Routed 5 connections in 2 seconds.
Thu Jun 20 17:49:59 Total is now 13 out of 17 (76%).
Thu Jun 20 17:49:59 Saved as file SWEEP4.MAX
Thu Jun 20 17:50:02 Routed 1 connections in 2 seconds.
Thu Jun 20 17:50:02 Total is now 13 out of 17 (76%).
Thu Jun 20 17:50:02 Saved as file SWEEP5.MAX
Thu Jun 20 17:51:30 Saved as file BACKUP1.MAX
Thu Jun 20 17:51:30 No new connections routed.
Thu Jun 20 17:51:30 Total is now 0 out of 17 (0%).
Thu Jun 20 17:51:30 Saved as file SWEEP1.MAX
Thu Jun 20 17:51:31 Saved as file BACKUP1.MAX
Thu Jun 20 17:51:31 Routed 17 connections in 0 seconds.
Thu Jun 20 17:51:31 Total is now 17 out of 17 (100%).
Thu Jun 20 17:51:31 Saved as file SWEEP2.MAX
Thu Jun 20 17:51:31 No new connections routed.
Thu Jun 20 17:51:31 Total is now 17 out of 17 (100%).
Thu Jun 20 17:51:31 Saved as file SWEEP3.MAX
Thu Jun 20 17:51:31 No new connections routed.
Thu Jun 20 17:51:31 Total is now 17 out of 17 (100%).
Thu Jun 20 17:51:31 Saved as file SWEEP4.MAX
Thu Jun 20 17:51:31 No new connections routed.
Thu Jun 20 17:51:31 Total is now 17 out of 17 (100%).
Thu Jun 20 17:51:31 Saved as file SWEEP5.MAX
Thu Jun 20 17:52:24 Saved as file C:\USERS\STUDENT\DESKTOP\DISERTATIE_6_IUNIE\CABLAJE_DIVERSE\SCHEMA_BAZA_T-2.MAX
Thu Jun 20 17:52:29 No new connections routed.
Thu Jun 20 17:52:29 Total is now 0 out of 19 (0%).
Thu Jun 20 17:52:29 Saved as file SWEEP1.MAX
Thu Jun 20 17:52:30 Saved as file BACKUP1.MAX
Thu Jun 20 17:52:31 Saved as file BACKUP1.MAX
Thu Jun 20 17:52:31 Saved as file BACKUP1.MAX
Thu Jun 20 17:52:31 Saved as file BACKUP1.MAX
Thu Jun 20 17:52:32 Saved as file BACKUP1.MAX
Thu Jun 20 17:52:32 Saved as file BACKUP1.MAX
Thu Jun 20 17:52:32 Saved as file BACKUP1.MAX
Thu Jun 20 17:52:32 Saved as file BACKUP1.MAX
Thu Jun 20 17:52:33 Saved as file BACKUP1.MAX
Thu Jun 20 17:52:33 Routed 19 connections in 3 seconds.
Thu Jun 20 17:52:33 Total is now 19 out of 19 (100%).
Thu Jun 20 17:52:33 Saved as file SWEEP2.MAX
Thu Jun 20 17:52:33 No new connections routed.
Thu Jun 20 17:52:33 Total is now 19 out of 19 (100%).
Thu Jun 20 17:52:33 Saved as file SWEEP3.MAX
Thu Jun 20 17:52:33 No new connections routed.
Thu Jun 20 17:52:33 Total is now 19 out of 19 (100%).
Thu Jun 20 17:52:33 Saved as file SWEEP4.MAX
Thu Jun 20 17:52:34 No new connections routed.
Thu Jun 20 17:52:34 Total is now 19 out of 19 (100%).
Thu Jun 20 17:52:34 Saved as file SWEEP5.MAX
Thu Jun 20 17:53:40 Saved as file BACKUP1.MAX
Thu Jun 20 17:54:15 Saved as file C:\USERS\STUDENT\DESKTOP\DISERTATIE_6_IUNIE\CABLAJE_DIVERSE\SCHEMA_BAZA_T-1.MAX
Thu Jun 20 17:54:15 Loaded file C:\USERS\STUDENT\DESKTOP\DISERTATIE_6_IUNIE\CABLAJE_DIVERSE\SCHEMA_BAZA_T-2.MAX
Thu Jun 20 17:54:17 Saved as file Backup0.max
Thu Jun 20 17:54:17 Windows which were open at time of error:
Thu Jun 20 17:54:17 	ActiveWindow: Pads&tacks
Thu Jun 20 17:54:17 	Icon: &Components
Thu Jun 20 17:54:17 	Icon: &Nets
Thu Jun 20 17:54:17 	Icon: Post Proces&s
Thu Jun 20 17:54:17 	Icon: &Design
Thu Jun 20 17:54:17 End-of-list
Thu Jun 20 17:54:17 Loaded file BACKUP0.MAX
Thu Jun 20 17:58:28 Saved as file BACKUP1.MAX
Thu Jun 20 18:04:40 Saved as file BACKUP1.MAX
Thu Jun 20 18:04:47 Saved as file BACKUP1.MAX
Thu Jun 20 18:08:28 Saved as file BACKUP1.MAX
Thu Jun 20 18:14:47 Saved as file BACKUP1.MAX
Thu Jun 20 18:15:36 Error code 0075.003 (0)
Thu Jun 20 18:15:36 Saved as file Backup0.max
Thu Jun 20 18:15:36 Windows which were open at time of error:
Thu Jun 20 18:15:36 	ActiveWindow: Post Proces&s
Thu Jun 20 18:15:36 	Icon: &Design
Thu Jun 20 18:15:36 	Icon: &Components
Thu Jun 20 18:15:36 	Icon: &Nets
Thu Jun 20 18:15:36 End-of-list
Thu Jun 20 18:15:36 Loaded file BACKUP0.MAX
Thu Jun 20 18:16:17 Saved as file ~undo.max
Thu Jun 20 18:16:25 Saved as file ~undo.max
Thu Jun 20 18:16:26 Saved as file ~undo.max
Thu Jun 20 18:16:33 Saved as file ~undo.max
Thu Jun 20 18:16:38 Saved as file ~undo.max
Thu Jun 20 18:16:48 Saved as file ~undo.max
Thu Jun 20 18:17:01 Saved as file ~undo.max
Thu Jun 20 18:17:07 Saved as file ~undo.max
Thu Jun 20 18:17:13 Saved as file ~undo.max
Thu Jun 20 18:17:18 Saved as file ~undo.max
Thu Jun 20 18:17:29 Saved as file BACKUP1.MAX
Thu Jun 20 18:17:29 Saved as file BACKUP1.MAX
Thu Jun 20 18:17:29 Saved as file BACKUP1.MAX
Thu Jun 20 18:17:29 Saved as file BACKUP1.MAX
Thu Jun 20 18:17:30 Saved as file BACKUP1.MAX
Thu Jun 20 18:17:30 Saved as file BACKUP1.MAX
Thu Jun 20 18:17:30 Saved as file BACKUP1.MAX
Thu Jun 20 18:17:30 Saved as file BACKUP1.MAX
Thu Jun 20 18:17:31 Saved as file BACKUP1.MAX
Thu Jun 20 18:17:31 No new connections routed.
Thu Jun 20 18:17:31 Total is now 0 out of 19 (0%).
Thu Jun 20 18:17:31 Saved as file SWEEP1.MAX
Thu Jun 20 18:17:33 Saved as file BACKUP1.MAX
Thu Jun 20 18:17:33 Saved as file BACKUP1.MAX
Thu Jun 20 18:17:33 Saved as file BACKUP1.MAX
Thu Jun 20 18:17:34 Saved as file BACKUP1.MAX
Thu Jun 20 18:17:34 Saved as file BACKUP1.MAX
Thu Jun 20 18:17:34 Saved as file BACKUP1.MAX
Thu Jun 20 18:17:34 Saved as file BACKUP1.MAX
Thu Jun 20 18:17:35 Saved as file BACKUP1.MAX
Thu Jun 20 18:17:35 Saved as file BACKUP1.MAX
Thu Jun 20 18:17:35 Routed 19 connections in 4 seconds.
Thu Jun 20 18:17:35 Total is now 19 out of 19 (100%).
Thu Jun 20 18:17:35 Saved as file SWEEP2.MAX
Thu Jun 20 18:17:35 No new connections routed.
Thu Jun 20 18:17:35 Total is now 19 out of 19 (100%).
Thu Jun 20 18:17:35 Saved as file SWEEP3.MAX
Thu Jun 20 18:17:36 No new connections routed.
Thu Jun 20 18:17:36 Total is now 19 out of 19 (100%).
Thu Jun 20 18:17:36 Saved as file SWEEP4.MAX
Thu Jun 20 18:17:36 No new connections routed.
Thu Jun 20 18:17:36 Total is now 19 out of 19 (100%).
Thu Jun 20 18:17:36 Saved as file SWEEP5.MAX
Thu Jun 20 18:18:08 Saved as file ~undo.max
Thu Jun 20 18:18:36 Saved as file BACKUP1.MAX
Thu Jun 20 18:18:36 Saved as file BACKUP1.MAX
Thu Jun 20 18:18:36 Saved as file BACKUP1.MAX
Thu Jun 20 18:18:36 Saved as file BACKUP1.MAX
Thu Jun 20 18:18:37 Saved as file BACKUP1.MAX
Thu Jun 20 18:18:37 Saved as file BACKUP1.MAX
Thu Jun 20 18:18:37 Saved as file BACKUP1.MAX
Thu Jun 20 18:18:38 Saved as file BACKUP1.MAX
Thu Jun 20 18:18:38 Saved as file BACKUP1.MAX
Thu Jun 20 18:18:38 No new connections routed.
Thu Jun 20 18:18:38 Total is now 0 out of 17 (0%).
Thu Jun 20 18:18:38 Saved as file SWEEP1.MAX
Thu Jun 20 18:18:41 Saved as file BACKUP1.MAX
Thu Jun 20 18:18:41 Saved as file BACKUP1.MAX
Thu Jun 20 18:18:41 Saved as file BACKUP1.MAX
Thu Jun 20 18:18:41 Saved as file BACKUP1.MAX
Thu Jun 20 18:18:42 Saved as file BACKUP1.MAX
Thu Jun 20 18:18:42 Saved as file BACKUP1.MAX
Thu Jun 20 18:18:42 Saved as file BACKUP1.MAX
Thu Jun 20 18:18:42 Saved as file BACKUP1.MAX
Thu Jun 20 18:18:43 Saved as file BACKUP1.MAX
Thu Jun 20 18:18:43 Routed 17 connections in 4 seconds.
Thu Jun 20 18:18:43 Total is now 17 out of 17 (100%).
Thu Jun 20 18:18:43 Saved as file SWEEP2.MAX
Thu Jun 20 18:18:43 No new connections routed.
Thu Jun 20 18:18:43 Total is now 17 out of 17 (100%).
Thu Jun 20 18:18:43 Saved as file SWEEP3.MAX
Thu Jun 20 18:18:43 No new connections routed.
Thu Jun 20 18:18:43 Total is now 17 out of 17 (100%).
Thu Jun 20 18:18:43 Saved as file SWEEP4.MAX
Thu Jun 20 18:18:43 No new connections routed.
Thu Jun 20 18:18:43 Total is now 17 out of 17 (100%).
Thu Jun 20 18:18:43 Saved as file SWEEP5.MAX
Thu Jun 20 18:18:58 Saved as file BACKUP1.MAX
Thu Jun 20 18:19:36 Saved as file ~undo.max
Thu Jun 20 18:19:41 Saved as file BACKUP1.MAX
Thu Jun 20 18:19:41 Saved as file BACKUP1.MAX
Thu Jun 20 18:19:41 Saved as file BACKUP1.MAX
Thu Jun 20 18:19:42 Saved as file BACKUP1.MAX
Thu Jun 20 18:19:42 Saved as file BACKUP1.MAX
Thu Jun 20 18:19:42 Saved as file BACKUP1.MAX
Thu Jun 20 18:19:42 Saved as file BACKUP1.MAX
Thu Jun 20 18:19:43 Saved as file BACKUP1.MAX
Thu Jun 20 18:19:43 Saved as file BACKUP1.MAX
Thu Jun 20 18:19:43 No new connections routed.
Thu Jun 20 18:19:43 Total is now 0 out of 17 (0%).
Thu Jun 20 18:19:43 Saved as file SWEEP1.MAX
Thu Jun 20 18:19:45 Saved as file BACKUP1.MAX
Thu Jun 20 18:19:45 Saved as file BACKUP1.MAX
Thu Jun 20 18:19:45 Saved as file BACKUP1.MAX
Thu Jun 20 18:19:46 Saved as file BACKUP1.MAX
Thu Jun 20 18:19:46 Saved as file BACKUP1.MAX
Thu Jun 20 18:19:46 Saved as file BACKUP1.MAX
Thu Jun 20 18:19:47 Saved as file BACKUP1.MAX
Thu Jun 20 18:19:47 Saved as file BACKUP1.MAX
Thu Jun 20 18:19:47 Saved as file BACKUP1.MAX
Thu Jun 20 18:19:47 Routed 18 connections in 4 seconds.
Thu Jun 20 18:19:47 Total is now 15 out of 17 (88%).
Thu Jun 20 18:19:47 Saved as file SWEEP2.MAX
Thu Jun 20 18:19:49 Routed 1 connections in 1 seconds.
Thu Jun 20 18:19:49 Total is now 16 out of 17 (94%).
Thu Jun 20 18:19:49 Saved as file SWEEP3.MAX
Thu Jun 20 18:19:52 No new connections routed.
Thu Jun 20 18:19:52 Total is now 16 out of 17 (94%).
Thu Jun 20 18:19:52 Saved as file SWEEP4.MAX
Thu Jun 20 18:19:54 No new connections routed.
Thu Jun 20 18:19:54 Total is now 16 out of 17 (94%).
Thu Jun 20 18:19:54 Saved as file SWEEP5.MAX
Thu Jun 20 18:20:15 Saved as file ~undo.max
Thu Jun 20 18:20:32 Saved as file ~undo.max
Thu Jun 20 18:20:38 Saved as file BACKUP1.MAX
Thu Jun 20 18:20:38 Saved as file BACKUP1.MAX
Thu Jun 20 18:20:38 Saved as file BACKUP1.MAX
Thu Jun 20 18:20:38 Saved as file BACKUP1.MAX
Thu Jun 20 18:20:39 Saved as file BACKUP1.MAX
Thu Jun 20 18:20:39 Saved as file BACKUP1.MAX
Thu Jun 20 18:20:39 Saved as file BACKUP1.MAX
Thu Jun 20 18:20:39 Saved as file BACKUP1.MAX
Thu Jun 20 18:20:40 Saved as file BACKUP1.MAX
Thu Jun 20 18:20:40 No new connections routed.
Thu Jun 20 18:20:40 Total is now 0 out of 17 (0%).
Thu Jun 20 18:20:40 Saved as file SWEEP1.MAX
Thu Jun 20 18:20:41 Saved as file BACKUP1.MAX
Thu Jun 20 18:20:42 Saved as file BACKUP1.MAX
Thu Jun 20 18:20:42 Saved as file BACKUP1.MAX
Thu Jun 20 18:20:42 Saved as file BACKUP1.MAX
Thu Jun 20 18:20:42 Saved as file BACKUP1.MAX
Thu Jun 20 18:20:43 Saved as file BACKUP1.MAX
Thu Jun 20 18:20:43 Saved as file BACKUP1.MAX
Thu Jun 20 18:20:43 Saved as file BACKUP1.MAX
Thu Jun 20 18:20:43 Saved as file BACKUP1.MAX
Thu Jun 20 18:20:44 Routed 18 connections in 3 seconds.
Thu Jun 20 18:20:44 Total is now 17 out of 17 (100%).
Thu Jun 20 18:20:44 Saved as file SWEEP2.MAX
Thu Jun 20 18:20:44 No new connections routed.
Thu Jun 20 18:20:44 Total is now 17 out of 17 (100%).
Thu Jun 20 18:20:44 Saved as file SWEEP3.MAX
Thu Jun 20 18:20:44 No new connections routed.
Thu Jun 20 18:20:44 Total is now 17 out of 17 (100%).
Thu Jun 20 18:20:44 Saved as file SWEEP4.MAX
Thu Jun 20 18:20:44 No new connections routed.
Thu Jun 20 18:20:44 Total is now 17 out of 17 (100%).
Thu Jun 20 18:20:44 Saved as file SWEEP5.MAX
Thu Jun 20 18:21:22 Saved as file C:\USERS\STUDENT\DESKTOP\DISERTATIE_6_IUNIE\CABLAJE_DIVERSE\SCHEMA_BAZA_T-2.MAX
Thu Jun 20 18:25:17 Saved as file BACKUP1.MAX
Thu Jun 20 18:26:29 Saved as file ~undo.max
Thu Jun 20 18:26:36 Saved as file BACKUP1.MAX
Thu Jun 20 18:29:28 Saved as file BACKUP1.MAX
Thu Jun 20 18:35:47 Saved as file BACKUP1.MAX
Thu Jun 20 18:38:36 Saved as file BACKUP1.MAX
Thu Jun 20 18:39:28 Saved as file BACKUP1.MAX
Thu Jun 20 18:46:17 Saved as file BACKUP1.MAX
Thu Jun 20 18:49:06 Saved as file BACKUP1.MAX
Thu Jun 20 18:49:58 Saved as file BACKUP1.MAX
Thu Jun 20 18:51:45 Saved as file C:\USERS\STUDENT\DESKTOP\DISERTATIE_6_IUNIE\CABLAJE_DIVERSE\SCHEMA_BAZA_T-2.MAX
