AutoECO Report
FILE-A: C:\ORCAD\ORCAD_16.2\TOOLS\LAYOUT_PLUS\DATA\_DEFAULT.TCH
FILE-B: C:\USERS\STUDENT\DESKTOP\DISERTATIE_6_IUNIE\CABLAJE_DIVERSE\SCHEMA_BAZA_T.MNL
If "*EOF*" immediately follows, no changes were made
Adding footprint AX/RC05
Adding footprint RAD/CK05
Adding package R
Adding package CD4060
Adding package C
Adding package CON2
Adding package LED
Adding component R2
Adding component U1
Adding component C1
Adding component C2
Adding component U2
Adding component J1
Adding component R1
Adding component D1
Adding net N00212
Adding net N00216
Adding net N00254
Adding net 0
Adding net VCC
Adding net N01145
Adding net N01361
Adding net N01749
Deleting net DEFAULT
*EOF*
No errors found
