Post Processor Report
OrCAD FILE: C:\USERS\STUDENT\DESKTOP\DISERTATIE_6_IUNIE\CABLAJE_DIVERSE\SCHEMA_BAZA_T-2.MAX
Thu Jun 20 18:21:44 2024

*********************************************************

Output file: C:\USERS\STUDENT\DESKTOP\DISERTATIE_6_IUNIE\CABLAJE_DIVERSE\SCHEMA_BAZA_T-2.TOP

Aperture totals for C:\USERS\STUDENT\DESKTOP\DISERTATIE_6_IUNIE\CABLAJE_DIVERSE\SCHEMA_BAZA_T-2.TOP:
---------------------------------------------------------
D10:  0.0472 ROUND  --       0 Draws,      38 Flashes
D11:  0.0787 ROUND  --       0 Draws,       6 Flashes
---------------------------------------------------------
  2 D-Codes      -----       0 Draws,      44 Flashes

*********************************************************

Output file: C:\USERS\STUDENT\DESKTOP\DISERTATIE_6_IUNIE\CABLAJE_DIVERSE\SCHEMA_BAZA_T-2.BOT

Aperture totals for C:\USERS\STUDENT\DESKTOP\DISERTATIE_6_IUNIE\CABLAJE_DIVERSE\SCHEMA_BAZA_T-2.BOT:
---------------------------------------------------------
D10:  0.0472 ROUND  --       0 Draws,      38 Flashes
D11:  0.0787 ROUND  --       0 Draws,       6 Flashes
D12:  0.0630 ROUND  --       0 Draws,       4 Flashes
D13:  0.0472 ROUND  --      99 Draws,       0 Flashes
---------------------------------------------------------
  4 D-Codes      -----      99 Draws,      48 Flashes

*********************************************************

Output file: C:\USERS\STUDENT\DESKTOP\DISERTATIE_6_IUNIE\CABLAJE_DIVERSE\SCHEMA_BAZA_T-2.GND

Aperture totals for C:\USERS\STUDENT\DESKTOP\DISERTATIE_6_IUNIE\CABLAJE_DIVERSE\SCHEMA_BAZA_T-2.GND:
---------------------------------------------------------
D14:  0.0500 ROUND  --       4 Draws,       0 Flashes
---------------------------------------------------------
  1 D-Codes      -----       4 Draws,       0 Flashes

*********************************************************

Output file: C:\USERS\STUDENT\DESKTOP\DISERTATIE_6_IUNIE\CABLAJE_DIVERSE\SCHEMA_BAZA_T-2.PWR

Aperture totals for C:\USERS\STUDENT\DESKTOP\DISERTATIE_6_IUNIE\CABLAJE_DIVERSE\SCHEMA_BAZA_T-2.PWR:
---------------------------------------------------------
D14:  0.0500 ROUND  --       4 Draws,       0 Flashes
---------------------------------------------------------
  1 D-Codes      -----       4 Draws,       0 Flashes

*********************************************************

Output file: C:\USERS\STUDENT\DESKTOP\DISERTATIE_6_IUNIE\CABLAJE_DIVERSE\SCHEMA_BAZA_T-2.SMT

Aperture totals for C:\USERS\STUDENT\DESKTOP\DISERTATIE_6_IUNIE\CABLAJE_DIVERSE\SCHEMA_BAZA_T-2.SMT:
---------------------------------------------------------
D10:  0.0472 ROUND  --       0 Draws,      38 Flashes
D11:  0.0787 ROUND  --       0 Draws,       6 Flashes
---------------------------------------------------------
  2 D-Codes      -----       0 Draws,      44 Flashes

*********************************************************

Output file: C:\USERS\STUDENT\DESKTOP\DISERTATIE_6_IUNIE\CABLAJE_DIVERSE\SCHEMA_BAZA_T-2.SMB

Aperture totals for C:\USERS\STUDENT\DESKTOP\DISERTATIE_6_IUNIE\CABLAJE_DIVERSE\SCHEMA_BAZA_T-2.SMB:
---------------------------------------------------------
D10:  0.0472 ROUND  --       0 Draws,      38 Flashes
D11:  0.0787 ROUND  --       0 Draws,       6 Flashes
D12:  0.0630 ROUND  --       0 Draws,       4 Flashes
---------------------------------------------------------
  3 D-Codes      -----       0 Draws,      48 Flashes

*********************************************************

Output file: C:\USERS\STUDENT\DESKTOP\DISERTATIE_6_IUNIE\CABLAJE_DIVERSE\SCHEMA_BAZA_T-2.SST

Aperture totals for C:\USERS\STUDENT\DESKTOP\DISERTATIE_6_IUNIE\CABLAJE_DIVERSE\SCHEMA_BAZA_T-2.SST:
---------------------------------------------------------
D15:  0.0039 ROUND  --     410 Draws,       0 Flashes
---------------------------------------------------------
  1 D-Codes      -----     410 Draws,       0 Flashes

*********************************************************

Output file: C:\USERS\STUDENT\DESKTOP\DISERTATIE_6_IUNIE\CABLAJE_DIVERSE\SCHEMA_BAZA_T-2.AST

Aperture totals for C:\USERS\STUDENT\DESKTOP\DISERTATIE_6_IUNIE\CABLAJE_DIVERSE\SCHEMA_BAZA_T-2.AST:
---------------------------------------------------------
D14:  0.0500 ROUND  --       4 Draws,       0 Flashes
---------------------------------------------------------
  1 D-Codes      -----       4 Draws,       0 Flashes

*********************************************************

Output file: C:\USERS\STUDENT\DESKTOP\DISERTATIE_6_IUNIE\CABLAJE_DIVERSE\SCHEMA_BAZA_T-2.DRD

Aperture totals for C:\USERS\STUDENT\DESKTOP\DISERTATIE_6_IUNIE\CABLAJE_DIVERSE\SCHEMA_BAZA_T-2.DRD:
---------------------------------------------------------
D14:  0.0500 ROUND  --       4 Draws,       0 Flashes
D16:  0.0100 ROUND  --     507 Draws,       0 Flashes
---------------------------------------------------------
  2 D-Codes      -----     511 Draws,       0 Flashes

*********************************************************

Output file: C:\USERS\STUDENT\DESKTOP\DISERTATIE_6_IUNIE\CABLAJE_DIVERSE\SCHEMA_BAZA_T-2.FAB

Aperture totals for C:\USERS\STUDENT\DESKTOP\DISERTATIE_6_IUNIE\CABLAJE_DIVERSE\SCHEMA_BAZA_T-2.FAB:
---------------------------------------------------------
D14:  0.0500 ROUND  --       4 Draws,       0 Flashes
---------------------------------------------------------
  1 D-Codes      -----       4 Draws,       0 Flashes


*********************************************************

Aperture totals for entire project:
---------------------------------------------------------
D10:  0.0472 ROUND  --       0 Draws,     152 Flashes
D11:  0.0787 ROUND  --       0 Draws,      24 Flashes
D12:  0.0630 ROUND  --       0 Draws,       8 Flashes
D13:  0.0472 ROUND  --      99 Draws,       0 Flashes
D14:  0.0500 ROUND  --      20 Draws,       0 Flashes
D15:  0.0039 ROUND  --     410 Draws,       0 Flashes
D16:  0.0100 ROUND  --     507 Draws,       0 Flashes
---------------------------------------------------------
  7 D-Codes      -----    1036 Draws,     184 Flashes


No warnings or errors.
