AutoECO Report
FILE-A: C:\ORCAD\ORCAD_16.2\TOOLS\LAYOUT_PLUS\DATA\_DEFAULT.TCH
FILE-B: C:\USERS\STUDENT\DESKTOP\DISERTATIE_6_IUNIE\SCHEMA_DISERTATIE_CAPTURE_LAYOUT\SCHEMA_DISERTATIE_CAPTURE_LAYOUT-PSPICEFILES\AF.MNL
If "*EOF*" immediately follows, no changes were made
Adding footprint AX/RC05
Adding package R
Adding package AFISOR_7_SEGMENTE
Adding package CON1
Adding package CON58
Adding component R7
Adding component R8
Adding component AF5
Found footprint AF2 from PRT file for part AFISOR_7_SEGMENTE, comp AF5
Adding component R43
Adding component R33
Adding component R53
Adding component R17
Adding component R54
Adding component R34
Adding component R9
Adding component R14
Adding component R23
Adding component R44
Adding component R2
Adding component R35
Adding component R10
Adding component R24
Adding component R55
Adding component AF8
Adding component R45
Adding component J3
Found footprint PAD1 from PRT file for part CON1, comp J3
Adding component R29
Adding component R56
Adding component J2
Found library footprint with same name as part CON58
Adding component R39
Adding component R30
Adding component R50
Adding component AF2
Adding component AF7
Adding component R31
Adding component R51
Adding component R40
Adding component AF1
Adding component AF4
Adding component R41
Adding component R3
Adding component R52
Adding component R42
Adding component AF6
Adding component R36
Adding component R25
Adding component R18
Adding component R46
Adding component AF3
Adding component R37
Adding component R26
Adding component R6
Adding component R4
Adding component R47
Adding component R19
Adding component R27
Adding component R48
Adding component R20
Adding component R11
Adding component R15
Adding component R38
Adding component R16
Adding component R12
Adding component R49
Adding component R21
Adding component R32
Adding component R28
Adding component R1
Adding component R5
Adding component R13
Adding component R22
Adding net N808486
Adding net N864516
Adding net N808694
Adding net N808856
Adding net N808852
Adding net N897855
Adding net N808848
Adding net N808718
Adding net N808844
Adding net N809190
Adding net N808290
Adding net N809186
Adding net N808620
Adding net N808196
Adding net N809182
Adding net N808422
Adding net N809178
Adding net N809174
Adding net N807256
Adding net N809162
Adding net N808522
Adding net N808518
Adding net N808514
Adding net N808502
Adding net N809492
Adding net N1264269
Adding net N1250709
Adding net N1089606
Adding net N1279995
Adding net N808430
Adding net N806670
Adding net N809480
Adding net N1168065
Adding net N963385
Adding net N971090
Adding net N1028581
Adding net N1038022
Adding net N809394
Adding net N809552
Adding net N807464
Adding net N809054
Adding net N809102
Adding net N807068
Adding net N809250
Adding net N807892
Adding net N834352
Adding net N807096
Adding net N807356
Adding net N809342
Adding net N901017
Adding net N808358
Adding net N809030
Adding net N806560
Adding net N808490
Adding net N1139657
Adding net N807296
Adding net N1154312
Adding net N808080
Adding net N807292
Adding net N808192
Adding net N807702
Adding net N807288
Adding net N808088
Adding net N808132
Adding net N808286
Adding net N808382
Adding net N809464
Adding net N807698
Adding net N808752
Adding net N808884
Adding net N807284
Adding net 0
Adding net N807694
Adding net N807538
Adding net N808570
Adding net N808526
Adding net N807690
Adding net N807272
Adding net N807686
Adding net N809350
Adding net N806292
Adding net N808228
Adding net N807682
Adding net N809194
Adding net N807164
Adding net N807260
Adding net N808224
Adding net N808220
Adding net N808824
Adding net N808216
Adding net N807670
Adding net N806408
Adding net N807546
Adding net N808208
Adding net N809516
Adding net N809512
Adding net N809504
Adding net N809500
Adding net N857331
Adding net N809496
Adding net N8067280
Adding net N8062661
Adding net N809702
Adding net N808048
Adding net N847182
Adding net N8063820
Adding net N846624
Adding net N808864
Adding net N806282
Adding net N895055
Adding net N889666
Adding net N808860
Adding net N890245
Deleting net DEFAULT
*EOF*
No errors found
