Thu Jun 20 21:13:40 UserDiv from Layout.INI for AutoECO: 60
Thu Jun 20 21:13:40 Loaded file C:\ORCAD\ORCAD_16.2\TOOLS\LAYOUT_PLUS\DATA\_DEFAULT.TCH
Thu Jun 20 21:13:40 Loaded file E:\2024_DIZERTATIE_BALTAG_A_FRECVENTMETRU\DISERTATIE_6_IUNIE\SCHEMA_DISERTATIE_CAPTURE_LAYOUT\FRECVENTMETRU.LLB
Thu Jun 20 21:13:40 Loaded file C:\USERS\STUDENT\DESKTOP\DISERTATIE_6_IUNIE\SCHEMA_DISERTATIE_CAPTURE_LAYOUT\FRECVENTMETRU.LLB
Thu Jun 20 21:13:40 Loaded file D:\WORK_TE\PARASCHIVESCU\5417\LIBRARY_PARASCHIVESCU.LLB
Thu Jun 20 21:13:40 Loaded file D:\WORK_TE\5409\GR_5409_LUPU\LIBRARIE_LUPU.LLB
Thu Jun 20 21:13:40 Loaded file D:\WORK_TE\5415\PCB\LIBRARY_COPACEANU.LLB
Thu Jun 20 21:13:41 Loaded file D:\WORK_TE\5412_ADELIN\SCHEMA CABLAJ-PSPICEFILES\LIBR_ADELIN.LLB
Thu Jun 20 21:13:41 Loaded file C:\OrCAD\OrCAD_16.2\tools\Layout_Plus\library\BCON100T.llb
Thu Jun 20 21:13:41 Loaded file C:\OrCAD\OrCAD_16.2\tools\Layout_Plus\library\BCON156T.llb
Thu Jun 20 21:13:41 Loaded file C:\OrCAD\OrCAD_16.2\tools\Layout_Plus\library\BGA.llb
Thu Jun 20 21:13:41 Loaded file C:\OrCAD\OrCAD_16.2\tools\Layout_Plus\library\CLCC.llb
Thu Jun 20 21:13:41 Loaded file C:\OrCAD\OrCAD_16.2\tools\Layout_Plus\library\DCON050T.llb
Thu Jun 20 21:13:41 Loaded file C:\OrCAD\OrCAD_16.2\tools\Layout_Plus\library\DCON085T.llb
Thu Jun 20 21:13:41 Loaded file C:\OrCAD\OrCAD_16.2\tools\Layout_Plus\library\DIMM050F.llb
Thu Jun 20 21:13:41 Loaded file C:\OrCAD\OrCAD_16.2\tools\Layout_Plus\library\DIMM050T.llb
Thu Jun 20 21:13:41 Loaded file C:\OrCAD\OrCAD_16.2\tools\Layout_Plus\library\DIN.llb
Thu Jun 20 21:13:41 Loaded file C:\OrCAD\OrCAD_16.2\tools\Layout_Plus\library\DIP100B.llb
Thu Jun 20 21:13:41 Loaded file C:\OrCAD\OrCAD_16.2\tools\Layout_Plus\library\DIP100T.llb
Thu Jun 20 21:13:41 Loaded file C:\OrCAD\OrCAD_16.2\tools\Layout_Plus\library\DSUBT.llb
Thu Jun 20 21:13:41 Loaded file C:\OrCAD\OrCAD_16.2\tools\Layout_Plus\library\DSUBT_HD.LLB
Thu Jun 20 21:13:41 Loaded file C:\OrCAD\OrCAD_16.2\tools\Layout_Plus\library\ECON100T.llb
Thu Jun 20 21:13:41 Loaded file C:\OrCAD\OrCAD_16.2\tools\Layout_Plus\library\FBUS.llb
Thu Jun 20 21:13:41 Loaded file C:\OrCAD\OrCAD_16.2\tools\Layout_Plus\library\ISA.llb
Thu Jun 20 21:13:41 Loaded file C:\OrCAD\OrCAD_16.2\tools\Layout_Plus\library\JUMPER.LLB
Thu Jun 20 21:13:41 Loaded file C:\OrCAD\OrCAD_16.2\tools\Layout_Plus\library\LAYOUT.llb
Thu Jun 20 21:13:41 Loaded file C:\OrCAD\OrCAD_16.2\tools\Layout_Plus\library\LCON100T.llb
Thu Jun 20 21:13:41 Loaded file C:\OrCAD\OrCAD_16.2\tools\Layout_Plus\library\PC104.llb
Thu Jun 20 21:13:41 Loaded file C:\OrCAD\OrCAD_16.2\tools\Layout_Plus\library\PCI.llb
Thu Jun 20 21:13:41 Loaded file C:\OrCAD\OrCAD_16.2\tools\Layout_Plus\library\PCON100T.llb
Thu Jun 20 21:13:41 Loaded file C:\OrCAD\OrCAD_16.2\tools\Layout_Plus\library\PCON156T.llb
Thu Jun 20 21:13:41 Loaded file C:\OrCAD\OrCAD_16.2\tools\Layout_Plus\library\PGA.llb
Thu Jun 20 21:13:41 Loaded file C:\OrCAD\OrCAD_16.2\tools\Layout_Plus\library\PLCC.llb
Thu Jun 20 21:13:41 Loaded file C:\OrCAD\OrCAD_16.2\tools\Layout_Plus\library\QUAD.llb
Thu Jun 20 21:13:41 Loaded file C:\OrCAD\OrCAD_16.2\tools\Layout_Plus\library\QUADB.llb
Thu Jun 20 21:13:41 Loaded file C:\OrCAD\OrCAD_16.2\tools\Layout_Plus\library\RELAY.llb
Thu Jun 20 21:13:41 Loaded file C:\OrCAD\OrCAD_16.2\tools\Layout_Plus\library\RF.llb
Thu Jun 20 21:13:41 Loaded file C:\OrCAD\OrCAD_16.2\tools\Layout_Plus\library\SBUS.llb
Thu Jun 20 21:13:41 Loaded file C:\OrCAD\OrCAD_16.2\tools\Layout_Plus\library\SIMM050F.llb
Thu Jun 20 21:13:41 Loaded file C:\OrCAD\OrCAD_16.2\tools\Layout_Plus\library\SIMM050T.llb
Thu Jun 20 21:13:41 Loaded file C:\OrCAD\OrCAD_16.2\tools\Layout_Plus\library\SIMM100F.llb
Thu Jun 20 21:13:41 Loaded file C:\OrCAD\OrCAD_16.2\tools\Layout_Plus\library\SIMM100T.llb
Thu Jun 20 21:13:41 Loaded file C:\OrCAD\OrCAD_16.2\tools\Layout_Plus\library\SIP.llb
Thu Jun 20 21:13:41 Loaded file C:\OrCAD\OrCAD_16.2\tools\Layout_Plus\library\SM.llb
Thu Jun 20 21:13:41 Loaded file C:\OrCAD\OrCAD_16.2\tools\Layout_Plus\library\SOG.llb
Thu Jun 20 21:13:41 Loaded file C:\OrCAD\OrCAD_16.2\tools\Layout_Plus\library\SOJ.llb
Thu Jun 20 21:13:41 Loaded file C:\OrCAD\OrCAD_16.2\tools\Layout_Plus\library\STIFF.llb
Thu Jun 20 21:13:41 Loaded file C:\OrCAD\OrCAD_16.2\tools\Layout_Plus\library\TELE.llb
Thu Jun 20 21:13:41 Loaded file C:\OrCAD\OrCAD_16.2\tools\Layout_Plus\library\TM_AXIAL.llb
Thu Jun 20 21:13:41 Loaded file C:\OrCAD\OrCAD_16.2\tools\Layout_Plus\library\TM_CAP_P.llb
Thu Jun 20 21:13:41 Loaded file C:\OrCAD\OrCAD_16.2\tools\Layout_Plus\library\TM_CYLND.llb
Thu Jun 20 21:13:41 Loaded file C:\OrCAD\OrCAD_16.2\tools\Layout_Plus\library\TM_DIODE.llb
Thu Jun 20 21:13:41 Loaded file C:\OrCAD\OrCAD_16.2\tools\Layout_Plus\library\TM_DISC.llb
Thu Jun 20 21:13:41 Loaded file C:\OrCAD\OrCAD_16.2\tools\Layout_Plus\library\TM_RAD.llb
Thu Jun 20 21:13:41 Loaded file C:\OrCAD\OrCAD_16.2\tools\Layout_Plus\library\TO.llb
Thu Jun 20 21:13:41 Loaded file C:\OrCAD\OrCAD_16.2\tools\Layout_Plus\library\TRAINING.LLB
Thu Jun 20 21:13:41 Loaded file C:\OrCAD\OrCAD_16.2\tools\Layout_Plus\library\VRES.llb
Thu Jun 20 21:13:41 Loaded file C:\OrCAD\OrCAD_16.2\tools\Layout_Plus\library\WCON100T.llb
Thu Jun 20 21:13:41 Loaded file C:\OrCAD\OrCAD_16.2\tools\Layout_Plus\library\XT.llb
Thu Jun 20 21:13:41 Loaded file C:\OrCAD\OrCAD_16.2\tools\Layout_Plus\library\ZIGZAG.llb
Thu Jun 20 21:13:41 Loaded file C:\OrCAD\OrCAD_16.2\tools\Layout_Plus\library\TM_AXIAL.llb
Thu Jun 20 21:14:38 Loaded file C:\OrCAD\OrCAD_16.2\tools\Layout_Plus\data\DEFAULT.MAX
Thu Jun 20 21:14:38 Loaded file C:\OrCAD\OrCAD_16.2\tools\Layout_Plus\data\template.imp
Thu Jun 20 21:14:38 Loaded file C:\OrCAD\OrCAD_16.2\tools\Layout_Plus\data\template.imp
Thu Jun 20 21:14:44 Loaded file C:\USERS\STUDENT\DESKTOP\DISERTATIE_6_IUNIE\SCHEMA_DISERTATIE_CAPTURE_LAYOUT\FRECVENTMETRU.LLB
Thu Jun 20 21:15:23 Loaded file E:\2024_DIZERTATIE_BALTAG_A_FRECVENTMETRU\DISERTATIE_6_IUNIE\SCHEMA_DISERTATIE_CAPTURE_LAYOUT\FRECVENTMETRU.LLB
Thu Jun 20 21:29:41 Loaded file C:\OrCAD\OrCAD_16.2\tools\Layout_Plus\data\template.imp
Thu Jun 20 21:29:41 Loaded file C:\OrCAD\OrCAD_16.2\tools\Layout_Plus\data\template.imp
Thu Jun 20 21:29:44 Loaded file C:\USERS\STUDENT\DESKTOP\DISERTATIE_6_IUNIE\SCHEMA_DISERTATIE_CAPTURE_LAYOUT\FRECVENTMETRU.LLB
Thu Jun 20 21:29:45 Loaded file C:\OrCAD\OrCAD_16.2\tools\Layout_Plus\data\template.imp
Thu Jun 20 21:29:46 Loaded file C:\USERS\STUDENT\DESKTOP\DISERTATIE_6_IUNIE\SCHEMA_DISERTATIE_CAPTURE_LAYOUT\FRECVENTMETRU.LLB
Thu Jun 20 21:29:46 Loaded file D:\WORK_TE\PARASCHIVESCU\5417\LIBRARY_PARASCHIVESCU.LLB
Thu Jun 20 21:29:46 Loaded file D:\WORK_TE\5409\GR_5409_LUPU\LIBRARIE_LUPU.LLB
Thu Jun 20 21:29:46 Loaded file D:\WORK_TE\5415\PCB\LIBRARY_COPACEANU.LLB
Thu Jun 20 21:29:46 Loaded file D:\WORK_TE\5412_ADELIN\SCHEMA CABLAJ-PSPICEFILES\LIBR_ADELIN.LLB
Thu Jun 20 21:29:46 Loaded file C:\OrCAD\OrCAD_16.2\tools\Layout_Plus\library\BCON100T.llb
Thu Jun 20 21:29:46 Loaded file C:\OrCAD\OrCAD_16.2\tools\Layout_Plus\library\BCON156T.llb
Thu Jun 20 21:29:46 Loaded file C:\OrCAD\OrCAD_16.2\tools\Layout_Plus\library\BGA.llb
Thu Jun 20 21:29:46 Loaded file C:\OrCAD\OrCAD_16.2\tools\Layout_Plus\library\CLCC.llb
Thu Jun 20 21:29:46 Loaded file C:\OrCAD\OrCAD_16.2\tools\Layout_Plus\library\DCON050T.llb
Thu Jun 20 21:29:46 Loaded file C:\OrCAD\OrCAD_16.2\tools\Layout_Plus\library\DCON085T.llb
Thu Jun 20 21:29:46 Loaded file C:\OrCAD\OrCAD_16.2\tools\Layout_Plus\library\DIMM050F.llb
Thu Jun 20 21:29:46 Loaded file C:\OrCAD\OrCAD_16.2\tools\Layout_Plus\library\DIMM050T.llb
Thu Jun 20 21:29:46 Loaded file C:\OrCAD\OrCAD_16.2\tools\Layout_Plus\library\DIN.llb
Thu Jun 20 21:29:46 Loaded file C:\OrCAD\OrCAD_16.2\tools\Layout_Plus\library\DIP100B.llb
Thu Jun 20 21:29:46 Loaded file C:\OrCAD\OrCAD_16.2\tools\Layout_Plus\library\DIP100T.llb
Thu Jun 20 21:29:46 Loaded file C:\OrCAD\OrCAD_16.2\tools\Layout_Plus\library\DSUBT.llb
Thu Jun 20 21:29:46 Loaded file C:\OrCAD\OrCAD_16.2\tools\Layout_Plus\library\DSUBT_HD.LLB
Thu Jun 20 21:29:46 Loaded file C:\OrCAD\OrCAD_16.2\tools\Layout_Plus\library\ECON100T.llb
Thu Jun 20 21:29:46 Loaded file C:\OrCAD\OrCAD_16.2\tools\Layout_Plus\library\FBUS.llb
Thu Jun 20 21:29:46 Loaded file C:\OrCAD\OrCAD_16.2\tools\Layout_Plus\library\ISA.llb
Thu Jun 20 21:29:46 Loaded file C:\OrCAD\OrCAD_16.2\tools\Layout_Plus\library\JUMPER.LLB
Thu Jun 20 21:29:46 Loaded file C:\OrCAD\OrCAD_16.2\tools\Layout_Plus\library\LAYOUT.llb
Thu Jun 20 21:29:46 Loaded file C:\OrCAD\OrCAD_16.2\tools\Layout_Plus\library\LCON100T.llb
Thu Jun 20 21:29:46 Loaded file C:\OrCAD\OrCAD_16.2\tools\Layout_Plus\library\PC104.llb
Thu Jun 20 21:29:46 Loaded file C:\OrCAD\OrCAD_16.2\tools\Layout_Plus\library\PCI.llb
Thu Jun 20 21:29:46 Loaded file C:\OrCAD\OrCAD_16.2\tools\Layout_Plus\library\PCON100T.llb
Thu Jun 20 21:29:46 Loaded file C:\OrCAD\OrCAD_16.2\tools\Layout_Plus\library\PCON156T.llb
Thu Jun 20 21:29:46 Loaded file C:\OrCAD\OrCAD_16.2\tools\Layout_Plus\library\PGA.llb
Thu Jun 20 21:29:46 Loaded file C:\OrCAD\OrCAD_16.2\tools\Layout_Plus\library\PLCC.llb
Thu Jun 20 21:29:46 Loaded file C:\OrCAD\OrCAD_16.2\tools\Layout_Plus\library\QUAD.llb
Thu Jun 20 21:29:46 Loaded file C:\OrCAD\OrCAD_16.2\tools\Layout_Plus\library\QUADB.llb
Thu Jun 20 21:29:46 Loaded file C:\OrCAD\OrCAD_16.2\tools\Layout_Plus\library\RELAY.llb
Thu Jun 20 21:29:46 Loaded file C:\OrCAD\OrCAD_16.2\tools\Layout_Plus\library\RF.llb
Thu Jun 20 21:29:46 Loaded file C:\OrCAD\OrCAD_16.2\tools\Layout_Plus\library\SBUS.llb
Thu Jun 20 21:29:46 Loaded file C:\OrCAD\OrCAD_16.2\tools\Layout_Plus\library\SIMM050F.llb
Thu Jun 20 21:29:46 Loaded file C:\OrCAD\OrCAD_16.2\tools\Layout_Plus\library\SIMM050T.llb
Thu Jun 20 21:29:46 Loaded file C:\OrCAD\OrCAD_16.2\tools\Layout_Plus\library\SIMM100F.llb
Thu Jun 20 21:29:46 Loaded file C:\OrCAD\OrCAD_16.2\tools\Layout_Plus\library\SIMM100T.llb
Thu Jun 20 21:29:46 Loaded file C:\OrCAD\OrCAD_16.2\tools\Layout_Plus\library\SIP.llb
Thu Jun 20 21:29:46 Loaded file C:\OrCAD\OrCAD_16.2\tools\Layout_Plus\library\SM.llb
Thu Jun 20 21:29:46 Loaded file C:\OrCAD\OrCAD_16.2\tools\Layout_Plus\library\SOG.llb
Thu Jun 20 21:29:46 Loaded file C:\OrCAD\OrCAD_16.2\tools\Layout_Plus\library\SOJ.llb
Thu Jun 20 21:29:46 Loaded file C:\OrCAD\OrCAD_16.2\tools\Layout_Plus\library\STIFF.llb
Thu Jun 20 21:29:46 Loaded file C:\OrCAD\OrCAD_16.2\tools\Layout_Plus\library\TELE.llb
Thu Jun 20 21:29:46 Loaded file C:\OrCAD\OrCAD_16.2\tools\Layout_Plus\library\TM_AXIAL.llb
Thu Jun 20 21:29:46 Loaded file C:\OrCAD\OrCAD_16.2\tools\Layout_Plus\library\TM_CAP_P.llb
Thu Jun 20 21:29:46 Loaded file C:\OrCAD\OrCAD_16.2\tools\Layout_Plus\library\TM_CYLND.llb
Thu Jun 20 21:29:46 Loaded file C:\OrCAD\OrCAD_16.2\tools\Layout_Plus\library\TM_DIODE.llb
Thu Jun 20 21:29:46 Loaded file C:\OrCAD\OrCAD_16.2\tools\Layout_Plus\library\TM_DISC.llb
Thu Jun 20 21:29:46 Loaded file C:\OrCAD\OrCAD_16.2\tools\Layout_Plus\library\TM_RAD.llb
Thu Jun 20 21:29:46 Loaded file C:\OrCAD\OrCAD_16.2\tools\Layout_Plus\library\TO.llb
Thu Jun 20 21:29:46 Loaded file C:\OrCAD\OrCAD_16.2\tools\Layout_Plus\library\TRAINING.LLB
Thu Jun 20 21:29:46 Loaded file C:\OrCAD\OrCAD_16.2\tools\Layout_Plus\library\VRES.llb
Thu Jun 20 21:29:46 Loaded file C:\OrCAD\OrCAD_16.2\tools\Layout_Plus\library\WCON100T.llb
Thu Jun 20 21:29:46 Loaded file C:\OrCAD\OrCAD_16.2\tools\Layout_Plus\library\XT.llb
Thu Jun 20 21:29:46 Loaded file C:\OrCAD\OrCAD_16.2\tools\Layout_Plus\library\ZIGZAG.llb
Thu Jun 20 21:29:46 Loaded file C:\USERS\STUDENT\DESKTOP\DISERTATIE_6_IUNIE\SCHEMA_DISERTATIE_CAPTURE_LAYOUT\FRECVENTMETRU.LLB
Thu Jun 20 21:29:52 Loaded file C:\OrCAD\OrCAD_16.2\tools\Layout_Plus\data\template.imp
Thu Jun 20 21:29:52 Loaded file C:\OrCAD\OrCAD_16.2\tools\Layout_Plus\data\template.imp
Thu Jun 20 21:29:53 Loaded file C:\USERS\STUDENT\DESKTOP\DISERTATIE_6_IUNIE\SCHEMA_DISERTATIE_CAPTURE_LAYOUT\FRECVENTMETRU.LLB
Thu Jun 20 21:30:13 Loaded file C:\OrCAD\OrCAD_16.2\tools\Layout_Plus\data\DEFAULT.MAX
Thu Jun 20 21:30:13 Loaded file C:\OrCAD\OrCAD_16.2\tools\Layout_Plus\data\template.imp
Thu Jun 20 21:30:13 Loaded file C:\OrCAD\OrCAD_16.2\tools\Layout_Plus\data\template.imp
Thu Jun 20 21:30:16 Loaded file C:\USERS\STUDENT\DESKTOP\DISERTATIE_6_IUNIE\SCHEMA_DISERTATIE_CAPTURE_LAYOUT\FRECVENTMETRU.LLB
Thu Jun 20 21:30:19 Loaded file C:\OrCAD\OrCAD_16.2\tools\Layout_Plus\data\template.imp
Thu Jun 20 21:30:27 Loaded file C:\USERS\STUDENT\DESKTOP\DISERTATIE_6_IUNIE\SCHEMA_DISERTATIE_CAPTURE_LAYOUT\FRECVENTMETRU.LLB
Thu Jun 20 21:30:27 Saved as file C:\USERS\STUDENT\DESKTOP\DISERTATIE_6_IUNIE\SCHEMA_DISERTATIE_CAPTURE_LAYOUT\FRECVENTMETRU.LLB
Thu Jun 20 21:30:27 Loaded file C:\USERS\STUDENT\DESKTOP\DISERTATIE_6_IUNIE\SCHEMA_DISERTATIE_CAPTURE_LAYOUT\FRECVENTMETRU.LLB
Thu Jun 20 21:33:26 Loaded file C:\USERS\STUDENT\DESKTOP\DISERTATIE_6_IUNIE\SCHEMA_DISERTATIE_CAPTURE_LAYOUT\FRECVENTMETRU.LLB
Thu Jun 20 21:33:26 Saved as file C:\USERS\STUDENT\DESKTOP\DISERTATIE_6_IUNIE\SCHEMA_DISERTATIE_CAPTURE_LAYOUT\FRECVENTMETRU.LLB
Thu Jun 20 21:34:08 Loaded file C:\USERS\STUDENT\DESKTOP\DISERTATIE_6_IUNIE\SCHEMA_DISERTATIE_CAPTURE_LAYOUT\FRECVENTMETRU.LLB
Thu Jun 20 21:34:08 Saved as file C:\USERS\STUDENT\DESKTOP\DISERTATIE_6_IUNIE\SCHEMA_DISERTATIE_CAPTURE_LAYOUT\FRECVENTMETRU.LLB
Thu Jun 20 21:34:08 Loaded file C:\USERS\STUDENT\DESKTOP\DISERTATIE_6_IUNIE\SCHEMA_DISERTATIE_CAPTURE_LAYOUT\FRECVENTMETRU.LLB
Thu Jun 20 21:34:34 Loaded file C:\USERS\STUDENT\DESKTOP\DISERTATIE_6_IUNIE\SCHEMA_DISERTATIE_CAPTURE_LAYOUT\FRECVENTMETRU.LLB
Thu Jun 20 21:34:34 Saved as file C:\USERS\STUDENT\DESKTOP\DISERTATIE_6_IUNIE\SCHEMA_DISERTATIE_CAPTURE_LAYOUT\FRECVENTMETRU.LLB
Thu Jun 20 21:34:34 Loaded file C:\USERS\STUDENT\DESKTOP\DISERTATIE_6_IUNIE\SCHEMA_DISERTATIE_CAPTURE_LAYOUT\FRECVENTMETRU.LLB
Thu Jun 20 21:34:41 Loaded file C:\OrCAD\OrCAD_16.2\tools\Layout_Plus\data\template.imp
Thu Jun 20 21:34:41 Loaded file C:\OrCAD\OrCAD_16.2\tools\Layout_Plus\data\template.imp
Thu Jun 20 21:34:43 Loaded file C:\USERS\STUDENT\DESKTOP\DISERTATIE_6_IUNIE\SCHEMA_DISERTATIE_CAPTURE_LAYOUT\FRECVENTMETRU.LLB
Thu Jun 20 21:34:48 Loaded file C:\OrCAD\OrCAD_16.2\tools\Layout_Plus\data\template.imp
Thu Jun 20 21:34:48 Loaded file C:\USERS\STUDENT\DESKTOP\DISERTATIE_6_IUNIE\SCHEMA_DISERTATIE_CAPTURE_LAYOUT\FRECVENTMETRU.LLB
Thu Jun 20 21:34:48 Loaded file D:\WORK_TE\PARASCHIVESCU\5417\LIBRARY_PARASCHIVESCU.LLB
Thu Jun 20 21:34:48 Loaded file D:\WORK_TE\5409\GR_5409_LUPU\LIBRARIE_LUPU.LLB
Thu Jun 20 21:34:48 Loaded file D:\WORK_TE\5415\PCB\LIBRARY_COPACEANU.LLB
Thu Jun 20 21:34:48 Loaded file D:\WORK_TE\5412_ADELIN\SCHEMA CABLAJ-PSPICEFILES\LIBR_ADELIN.LLB
Thu Jun 20 21:34:49 Loaded file C:\OrCAD\OrCAD_16.2\tools\Layout_Plus\library\BCON100T.llb
Thu Jun 20 21:34:49 Loaded file C:\OrCAD\OrCAD_16.2\tools\Layout_Plus\library\BCON156T.llb
Thu Jun 20 21:34:49 Loaded file C:\OrCAD\OrCAD_16.2\tools\Layout_Plus\library\BGA.llb
Thu Jun 20 21:34:49 Loaded file C:\OrCAD\OrCAD_16.2\tools\Layout_Plus\library\CLCC.llb
Thu Jun 20 21:34:49 Loaded file C:\OrCAD\OrCAD_16.2\tools\Layout_Plus\library\DCON050T.llb
Thu Jun 20 21:34:49 Loaded file C:\OrCAD\OrCAD_16.2\tools\Layout_Plus\library\DCON085T.llb
Thu Jun 20 21:34:49 Loaded file C:\OrCAD\OrCAD_16.2\tools\Layout_Plus\library\DIMM050F.llb
Thu Jun 20 21:34:49 Loaded file C:\OrCAD\OrCAD_16.2\tools\Layout_Plus\library\DIMM050T.llb
Thu Jun 20 21:34:49 Loaded file C:\OrCAD\OrCAD_16.2\tools\Layout_Plus\library\DIN.llb
Thu Jun 20 21:34:49 Loaded file C:\OrCAD\OrCAD_16.2\tools\Layout_Plus\library\DIP100B.llb
Thu Jun 20 21:34:49 Loaded file C:\OrCAD\OrCAD_16.2\tools\Layout_Plus\library\DIP100T.llb
Thu Jun 20 21:34:49 Loaded file C:\OrCAD\OrCAD_16.2\tools\Layout_Plus\library\DSUBT.llb
Thu Jun 20 21:34:49 Loaded file C:\OrCAD\OrCAD_16.2\tools\Layout_Plus\library\DSUBT_HD.LLB
Thu Jun 20 21:34:49 Loaded file C:\OrCAD\OrCAD_16.2\tools\Layout_Plus\library\ECON100T.llb
Thu Jun 20 21:34:49 Loaded file C:\OrCAD\OrCAD_16.2\tools\Layout_Plus\library\FBUS.llb
Thu Jun 20 21:34:49 Loaded file C:\OrCAD\OrCAD_16.2\tools\Layout_Plus\library\ISA.llb
Thu Jun 20 21:34:49 Loaded file C:\OrCAD\OrCAD_16.2\tools\Layout_Plus\library\JUMPER.LLB
Thu Jun 20 21:34:49 Loaded file C:\OrCAD\OrCAD_16.2\tools\Layout_Plus\library\LAYOUT.llb
Thu Jun 20 21:34:49 Loaded file C:\OrCAD\OrCAD_16.2\tools\Layout_Plus\library\LCON100T.llb
Thu Jun 20 21:34:49 Loaded file C:\OrCAD\OrCAD_16.2\tools\Layout_Plus\library\PC104.llb
Thu Jun 20 21:34:49 Loaded file C:\OrCAD\OrCAD_16.2\tools\Layout_Plus\library\PCI.llb
Thu Jun 20 21:34:49 Loaded file C:\OrCAD\OrCAD_16.2\tools\Layout_Plus\library\PCON100T.llb
Thu Jun 20 21:34:49 Loaded file C:\OrCAD\OrCAD_16.2\tools\Layout_Plus\library\PCON156T.llb
Thu Jun 20 21:34:49 Loaded file C:\OrCAD\OrCAD_16.2\tools\Layout_Plus\library\PGA.llb
Thu Jun 20 21:34:49 Loaded file C:\OrCAD\OrCAD_16.2\tools\Layout_Plus\library\PLCC.llb
Thu Jun 20 21:34:49 Loaded file C:\OrCAD\OrCAD_16.2\tools\Layout_Plus\library\QUAD.llb
Thu Jun 20 21:34:49 Loaded file C:\OrCAD\OrCAD_16.2\tools\Layout_Plus\library\QUADB.llb
Thu Jun 20 21:34:49 Loaded file C:\OrCAD\OrCAD_16.2\tools\Layout_Plus\library\RELAY.llb
Thu Jun 20 21:34:49 Loaded file C:\OrCAD\OrCAD_16.2\tools\Layout_Plus\library\RF.llb
Thu Jun 20 21:34:49 Loaded file C:\OrCAD\OrCAD_16.2\tools\Layout_Plus\library\SBUS.llb
Thu Jun 20 21:34:49 Loaded file C:\OrCAD\OrCAD_16.2\tools\Layout_Plus\library\SIMM050F.llb
Thu Jun 20 21:34:49 Loaded file C:\OrCAD\OrCAD_16.2\tools\Layout_Plus\library\SIMM050T.llb
Thu Jun 20 21:34:49 Loaded file C:\OrCAD\OrCAD_16.2\tools\Layout_Plus\library\SIMM100F.llb
Thu Jun 20 21:34:49 Loaded file C:\OrCAD\OrCAD_16.2\tools\Layout_Plus\library\SIMM100T.llb
Thu Jun 20 21:34:49 Loaded file C:\OrCAD\OrCAD_16.2\tools\Layout_Plus\library\SIP.llb
Thu Jun 20 21:34:49 Loaded file C:\OrCAD\OrCAD_16.2\tools\Layout_Plus\library\SM.llb
Thu Jun 20 21:34:49 Loaded file C:\OrCAD\OrCAD_16.2\tools\Layout_Plus\library\SOG.llb
Thu Jun 20 21:34:49 Loaded file C:\OrCAD\OrCAD_16.2\tools\Layout_Plus\library\SOJ.llb
Thu Jun 20 21:34:49 Loaded file C:\OrCAD\OrCAD_16.2\tools\Layout_Plus\library\STIFF.llb
Thu Jun 20 21:34:49 Loaded file C:\OrCAD\OrCAD_16.2\tools\Layout_Plus\library\TELE.llb
Thu Jun 20 21:34:49 Loaded file C:\OrCAD\OrCAD_16.2\tools\Layout_Plus\library\TM_AXIAL.llb
Thu Jun 20 21:34:49 Loaded file C:\OrCAD\OrCAD_16.2\tools\Layout_Plus\library\TM_CAP_P.llb
Thu Jun 20 21:34:49 Loaded file C:\OrCAD\OrCAD_16.2\tools\Layout_Plus\library\TM_CYLND.llb
Thu Jun 20 21:34:49 Loaded file C:\OrCAD\OrCAD_16.2\tools\Layout_Plus\library\TM_DIODE.llb
Thu Jun 20 21:34:49 Loaded file C:\OrCAD\OrCAD_16.2\tools\Layout_Plus\library\TM_DISC.llb
Thu Jun 20 21:34:49 Loaded file C:\OrCAD\OrCAD_16.2\tools\Layout_Plus\library\TM_RAD.llb
Thu Jun 20 21:34:49 Loaded file C:\OrCAD\OrCAD_16.2\tools\Layout_Plus\library\TO.llb
Thu Jun 20 21:34:49 Loaded file C:\OrCAD\OrCAD_16.2\tools\Layout_Plus\library\TRAINING.LLB
Thu Jun 20 21:34:49 Loaded file C:\OrCAD\OrCAD_16.2\tools\Layout_Plus\library\VRES.llb
Thu Jun 20 21:34:49 Loaded file C:\OrCAD\OrCAD_16.2\tools\Layout_Plus\library\WCON100T.llb
Thu Jun 20 21:34:49 Loaded file C:\OrCAD\OrCAD_16.2\tools\Layout_Plus\library\XT.llb
Thu Jun 20 21:34:49 Loaded file C:\OrCAD\OrCAD_16.2\tools\Layout_Plus\library\ZIGZAG.llb
Thu Jun 20 21:34:49 Loaded file C:\USERS\STUDENT\DESKTOP\DISERTATIE_6_IUNIE\SCHEMA_DISERTATIE_CAPTURE_LAYOUT\FRECVENTMETRU.LLB
Thu Jun 20 21:34:50 Saved as file C:\USERS\STUDENT\DESKTOP\DISERTATIE_6_IUNIE\SCHEMA_DISERTATIE_CAPTURE_LAYOUT\SCHEMA_DISERTATIE_CAPTURE_LAYOUT-PSPICEFILES\AF-1.MAX
Thu Jun 20 21:34:53 Saved as file Backup0.max
Thu Jun 20 21:34:53 Windows which were open at time of error:
Thu Jun 20 21:34:53 End-of-list
Thu Jun 20 21:34:54 Loaded file BACKUP0.MAX
Thu Jun 20 21:35:25 Saved as file ~undo.max
Thu Jun 20 21:35:47 Saved as file ~undo2.max
Thu Jun 20 21:35:47 Loaded file ~undo.max
Thu Jun 20 21:36:22 Saved as file ~undo.max
Thu Jun 20 21:36:42 Saved as file C:\USERS\STUDENT\DESKTOP\DISERTATIE_6_IUNIE\SCHEMA_DISERTATIE_CAPTURE_LAYOUT\SCHEMA_DISERTATIE_CAPTURE_LAYOUT-PSPICEFILES\AF-1.MAX
Thu Jun 20 21:39:56 UserDiv from Layout.INI for AutoECO: 60
Thu Jun 20 21:39:56 Loaded file C:\ORCAD\ORCAD_16.2\TOOLS\LAYOUT_PLUS\DATA\_DEFAULT.TCH
Thu Jun 20 21:39:56 Loaded file C:\USERS\STUDENT\DESKTOP\DISERTATIE_6_IUNIE\SCHEMA_DISERTATIE_CAPTURE_LAYOUT\FRECVENTMETRU.LLB
Thu Jun 20 21:39:56 Loaded file D:\WORK_TE\PARASCHIVESCU\5417\LIBRARY_PARASCHIVESCU.LLB
Thu Jun 20 21:39:56 Loaded file D:\WORK_TE\5409\GR_5409_LUPU\LIBRARIE_LUPU.LLB
Thu Jun 20 21:39:56 Loaded file D:\WORK_TE\5415\PCB\LIBRARY_COPACEANU.LLB
Thu Jun 20 21:39:56 Loaded file D:\WORK_TE\5412_ADELIN\SCHEMA CABLAJ-PSPICEFILES\LIBR_ADELIN.LLB
Thu Jun 20 21:39:56 Loaded file C:\OrCAD\OrCAD_16.2\tools\Layout_Plus\library\BCON100T.llb
Thu Jun 20 21:39:57 Loaded file C:\OrCAD\OrCAD_16.2\tools\Layout_Plus\library\BCON156T.llb
Thu Jun 20 21:39:57 Loaded file C:\OrCAD\OrCAD_16.2\tools\Layout_Plus\library\BGA.llb
Thu Jun 20 21:39:57 Loaded file C:\OrCAD\OrCAD_16.2\tools\Layout_Plus\library\CLCC.llb
Thu Jun 20 21:39:57 Loaded file C:\OrCAD\OrCAD_16.2\tools\Layout_Plus\library\DCON050T.llb
Thu Jun 20 21:39:57 Loaded file C:\OrCAD\OrCAD_16.2\tools\Layout_Plus\library\DCON085T.llb
Thu Jun 20 21:39:57 Loaded file C:\OrCAD\OrCAD_16.2\tools\Layout_Plus\library\DIMM050F.llb
Thu Jun 20 21:39:57 Loaded file C:\OrCAD\OrCAD_16.2\tools\Layout_Plus\library\DIMM050T.llb
Thu Jun 20 21:39:57 Loaded file C:\OrCAD\OrCAD_16.2\tools\Layout_Plus\library\DIN.llb
Thu Jun 20 21:39:57 Loaded file C:\OrCAD\OrCAD_16.2\tools\Layout_Plus\library\DIP100B.llb
Thu Jun 20 21:39:57 Loaded file C:\OrCAD\OrCAD_16.2\tools\Layout_Plus\library\DIP100T.llb
Thu Jun 20 21:39:57 Loaded file C:\OrCAD\OrCAD_16.2\tools\Layout_Plus\library\DSUBT.llb
Thu Jun 20 21:39:57 Loaded file C:\OrCAD\OrCAD_16.2\tools\Layout_Plus\library\DSUBT_HD.LLB
Thu Jun 20 21:39:57 Loaded file C:\OrCAD\OrCAD_16.2\tools\Layout_Plus\library\ECON100T.llb
Thu Jun 20 21:39:57 Loaded file C:\OrCAD\OrCAD_16.2\tools\Layout_Plus\library\FBUS.llb
Thu Jun 20 21:39:57 Loaded file C:\OrCAD\OrCAD_16.2\tools\Layout_Plus\library\ISA.llb
Thu Jun 20 21:39:57 Loaded file C:\OrCAD\OrCAD_16.2\tools\Layout_Plus\library\JUMPER.LLB
Thu Jun 20 21:39:57 Loaded file C:\OrCAD\OrCAD_16.2\tools\Layout_Plus\library\LAYOUT.llb
Thu Jun 20 21:39:57 Loaded file C:\OrCAD\OrCAD_16.2\tools\Layout_Plus\library\LCON100T.llb
Thu Jun 20 21:39:57 Loaded file C:\OrCAD\OrCAD_16.2\tools\Layout_Plus\library\PC104.llb
Thu Jun 20 21:39:57 Loaded file C:\OrCAD\OrCAD_16.2\tools\Layout_Plus\library\PCI.llb
Thu Jun 20 21:39:57 Loaded file C:\OrCAD\OrCAD_16.2\tools\Layout_Plus\library\PCON100T.llb
Thu Jun 20 21:39:57 Loaded file C:\OrCAD\OrCAD_16.2\tools\Layout_Plus\library\PCON156T.llb
Thu Jun 20 21:39:57 Loaded file C:\OrCAD\OrCAD_16.2\tools\Layout_Plus\library\PGA.llb
Thu Jun 20 21:39:57 Loaded file C:\OrCAD\OrCAD_16.2\tools\Layout_Plus\library\PLCC.llb
Thu Jun 20 21:39:57 Loaded file C:\OrCAD\OrCAD_16.2\tools\Layout_Plus\library\QUAD.llb
Thu Jun 20 21:39:57 Loaded file C:\OrCAD\OrCAD_16.2\tools\Layout_Plus\library\QUADB.llb
Thu Jun 20 21:39:57 Loaded file C:\OrCAD\OrCAD_16.2\tools\Layout_Plus\library\RELAY.llb
Thu Jun 20 21:39:57 Loaded file C:\OrCAD\OrCAD_16.2\tools\Layout_Plus\library\RF.llb
Thu Jun 20 21:39:57 Loaded file C:\OrCAD\OrCAD_16.2\tools\Layout_Plus\library\SBUS.llb
Thu Jun 20 21:39:57 Loaded file C:\OrCAD\OrCAD_16.2\tools\Layout_Plus\library\SIMM050F.llb
Thu Jun 20 21:39:57 Loaded file C:\OrCAD\OrCAD_16.2\tools\Layout_Plus\library\SIMM050T.llb
Thu Jun 20 21:39:57 Loaded file C:\OrCAD\OrCAD_16.2\tools\Layout_Plus\library\SIMM100F.llb
Thu Jun 20 21:39:57 Loaded file C:\OrCAD\OrCAD_16.2\tools\Layout_Plus\library\SIMM100T.llb
Thu Jun 20 21:39:57 Loaded file C:\OrCAD\OrCAD_16.2\tools\Layout_Plus\library\SIP.llb
Thu Jun 20 21:39:57 Loaded file C:\OrCAD\OrCAD_16.2\tools\Layout_Plus\library\SM.llb
Thu Jun 20 21:39:57 Loaded file C:\OrCAD\OrCAD_16.2\tools\Layout_Plus\library\SOG.llb
Thu Jun 20 21:39:57 Loaded file C:\OrCAD\OrCAD_16.2\tools\Layout_Plus\library\SOJ.llb
Thu Jun 20 21:39:57 Loaded file C:\OrCAD\OrCAD_16.2\tools\Layout_Plus\library\STIFF.llb
Thu Jun 20 21:39:57 Loaded file C:\OrCAD\OrCAD_16.2\tools\Layout_Plus\library\TELE.llb
Thu Jun 20 21:39:57 Loaded file C:\OrCAD\OrCAD_16.2\tools\Layout_Plus\library\TM_AXIAL.llb
Thu Jun 20 21:39:57 Loaded file C:\OrCAD\OrCAD_16.2\tools\Layout_Plus\library\TM_CAP_P.llb
Thu Jun 20 21:39:57 Loaded file C:\OrCAD\OrCAD_16.2\tools\Layout_Plus\library\TM_CYLND.llb
Thu Jun 20 21:39:57 Loaded file C:\OrCAD\OrCAD_16.2\tools\Layout_Plus\library\TM_DIODE.llb
Thu Jun 20 21:39:57 Loaded file C:\OrCAD\OrCAD_16.2\tools\Layout_Plus\library\TM_DISC.llb
Thu Jun 20 21:39:57 Loaded file C:\OrCAD\OrCAD_16.2\tools\Layout_Plus\library\TM_RAD.llb
Thu Jun 20 21:39:57 Loaded file C:\OrCAD\OrCAD_16.2\tools\Layout_Plus\library\TO.llb
Thu Jun 20 21:39:57 Loaded file C:\OrCAD\OrCAD_16.2\tools\Layout_Plus\library\TRAINING.LLB
Thu Jun 20 21:39:57 Loaded file C:\OrCAD\OrCAD_16.2\tools\Layout_Plus\library\VRES.llb
Thu Jun 20 21:39:57 Loaded file C:\OrCAD\OrCAD_16.2\tools\Layout_Plus\library\WCON100T.llb
Thu Jun 20 21:39:57 Loaded file C:\OrCAD\OrCAD_16.2\tools\Layout_Plus\library\XT.llb
Thu Jun 20 21:39:57 Loaded file C:\OrCAD\OrCAD_16.2\tools\Layout_Plus\library\ZIGZAG.llb
Thu Jun 20 21:39:57 Loaded file C:\OrCAD\OrCAD_16.2\tools\Layout_Plus\library\TM_AXIAL.llb
Thu Jun 20 21:39:57 Loaded file C:\USERS\STUDENT\DESKTOP\DISERTATIE_6_IUNIE\SCHEMA_DISERTATIE_CAPTURE_LAYOUT\FRECVENTMETRU.LLB
Thu Jun 20 21:39:57 Loaded file C:\USERS\STUDENT\DESKTOP\DISERTATIE_6_IUNIE\SCHEMA_DISERTATIE_CAPTURE_LAYOUT\FRECVENTMETRU.LLB
Thu Jun 20 21:39:59 Saved as file C:\USERS\STUDENT\DESKTOP\DISERTATIE_6_IUNIE\SCHEMA_DISERTATIE_CAPTURE_LAYOUT\SCHEMA_DISERTATIE_CAPTURE_LAYOUT-PSPICEFILES\AF-2.MAX
Thu Jun 20 21:40:17 Loaded file C:\OrCAD\OrCAD_16.2\tools\Layout_Plus\data\template.imp
Thu Jun 20 21:40:17 Loaded file C:\OrCAD\OrCAD_16.2\tools\Layout_Plus\data\template.imp
Thu Jun 20 21:40:17 Loaded file C:\OrCAD\OrCAD_16.2\tools\Layout_Plus\data\template.imp
Thu Jun 20 21:40:17 Loaded file C:\OrCAD\OrCAD_16.2\tools\Layout_Plus\data\template.imp
Thu Jun 20 21:40:18 Loaded file C:\USERS\STUDENT\DESKTOP\DISERTATIE_6_IUNIE\SCHEMA_DISERTATIE_CAPTURE_LAYOUT\FRECVENTMETRU.LLB
Thu Jun 20 21:40:20 Loaded file C:\OrCAD\OrCAD_16.2\tools\Layout_Plus\data\template.imp
Thu Jun 20 21:40:25 Saved as file ~undo.max
Thu Jun 20 21:40:32 Saved as file ~undo.max
Thu Jun 20 21:44:57 Saved as file C:\USERS\STUDENT\DESKTOP\DISERTATIE_6_IUNIE\SCHEMA_DISERTATIE_CAPTURE_LAYOUT\SCHEMA_DISERTATIE_CAPTURE_LAYOUT-PSPICEFILES\AF-2.MAX
Thu Jun 20 21:45:20 UserDiv from Layout.INI for AutoECO: 60
Thu Jun 20 21:45:20 Loaded file C:\ORCAD\ORCAD_16.2\TOOLS\LAYOUT_PLUS\DATA\_DEFAULT.TCH
Thu Jun 20 21:45:20 Loaded file C:\USERS\STUDENT\DESKTOP\DISERTATIE_6_IUNIE\SCHEMA_DISERTATIE_CAPTURE_LAYOUT\FRECVENTMETRU.LLB
Thu Jun 20 21:45:20 Loaded file D:\WORK_TE\PARASCHIVESCU\5417\LIBRARY_PARASCHIVESCU.LLB
Thu Jun 20 21:45:20 Loaded file D:\WORK_TE\5409\GR_5409_LUPU\LIBRARIE_LUPU.LLB
Thu Jun 20 21:45:20 Loaded file D:\WORK_TE\5415\PCB\LIBRARY_COPACEANU.LLB
Thu Jun 20 21:45:20 Loaded file D:\WORK_TE\5412_ADELIN\SCHEMA CABLAJ-PSPICEFILES\LIBR_ADELIN.LLB
Thu Jun 20 21:45:20 Loaded file C:\OrCAD\OrCAD_16.2\tools\Layout_Plus\library\BCON100T.llb
Thu Jun 20 21:45:20 Loaded file C:\OrCAD\OrCAD_16.2\tools\Layout_Plus\library\BCON156T.llb
Thu Jun 20 21:45:20 Loaded file C:\OrCAD\OrCAD_16.2\tools\Layout_Plus\library\BGA.llb
Thu Jun 20 21:45:20 Loaded file C:\OrCAD\OrCAD_16.2\tools\Layout_Plus\library\CLCC.llb
Thu Jun 20 21:45:20 Loaded file C:\OrCAD\OrCAD_16.2\tools\Layout_Plus\library\DCON050T.llb
Thu Jun 20 21:45:20 Loaded file C:\OrCAD\OrCAD_16.2\tools\Layout_Plus\library\DCON085T.llb
Thu Jun 20 21:45:20 Loaded file C:\OrCAD\OrCAD_16.2\tools\Layout_Plus\library\DIMM050F.llb
Thu Jun 20 21:45:20 Loaded file C:\OrCAD\OrCAD_16.2\tools\Layout_Plus\library\DIMM050T.llb
Thu Jun 20 21:45:20 Loaded file C:\OrCAD\OrCAD_16.2\tools\Layout_Plus\library\DIN.llb
Thu Jun 20 21:45:20 Loaded file C:\OrCAD\OrCAD_16.2\tools\Layout_Plus\library\DIP100B.llb
Thu Jun 20 21:45:20 Loaded file C:\OrCAD\OrCAD_16.2\tools\Layout_Plus\library\DIP100T.llb
Thu Jun 20 21:45:20 Loaded file C:\OrCAD\OrCAD_16.2\tools\Layout_Plus\library\DSUBT.llb
Thu Jun 20 21:45:20 Loaded file C:\OrCAD\OrCAD_16.2\tools\Layout_Plus\library\DSUBT_HD.LLB
Thu Jun 20 21:45:20 Loaded file C:\OrCAD\OrCAD_16.2\tools\Layout_Plus\library\ECON100T.llb
Thu Jun 20 21:45:20 Loaded file C:\OrCAD\OrCAD_16.2\tools\Layout_Plus\library\FBUS.llb
Thu Jun 20 21:45:20 Loaded file C:\OrCAD\OrCAD_16.2\tools\Layout_Plus\library\ISA.llb
Thu Jun 20 21:45:20 Loaded file C:\OrCAD\OrCAD_16.2\tools\Layout_Plus\library\JUMPER.LLB
Thu Jun 20 21:45:20 Loaded file C:\OrCAD\OrCAD_16.2\tools\Layout_Plus\library\LAYOUT.llb
Thu Jun 20 21:45:20 Loaded file C:\OrCAD\OrCAD_16.2\tools\Layout_Plus\library\LCON100T.llb
Thu Jun 20 21:45:20 Loaded file C:\OrCAD\OrCAD_16.2\tools\Layout_Plus\library\PC104.llb
Thu Jun 20 21:45:20 Loaded file C:\OrCAD\OrCAD_16.2\tools\Layout_Plus\library\PCI.llb
Thu Jun 20 21:45:20 Loaded file C:\OrCAD\OrCAD_16.2\tools\Layout_Plus\library\PCON100T.llb
Thu Jun 20 21:45:20 Loaded file C:\OrCAD\OrCAD_16.2\tools\Layout_Plus\library\PCON156T.llb
Thu Jun 20 21:45:20 Loaded file C:\OrCAD\OrCAD_16.2\tools\Layout_Plus\library\PGA.llb
Thu Jun 20 21:45:20 Loaded file C:\OrCAD\OrCAD_16.2\tools\Layout_Plus\library\PLCC.llb
Thu Jun 20 21:45:20 Loaded file C:\OrCAD\OrCAD_16.2\tools\Layout_Plus\library\QUAD.llb
Thu Jun 20 21:45:20 Loaded file C:\OrCAD\OrCAD_16.2\tools\Layout_Plus\library\QUADB.llb
Thu Jun 20 21:45:20 Loaded file C:\OrCAD\OrCAD_16.2\tools\Layout_Plus\library\RELAY.llb
Thu Jun 20 21:45:20 Loaded file C:\OrCAD\OrCAD_16.2\tools\Layout_Plus\library\RF.llb
Thu Jun 20 21:45:20 Loaded file C:\OrCAD\OrCAD_16.2\tools\Layout_Plus\library\SBUS.llb
Thu Jun 20 21:45:20 Loaded file C:\OrCAD\OrCAD_16.2\tools\Layout_Plus\library\SIMM050F.llb
Thu Jun 20 21:45:20 Loaded file C:\OrCAD\OrCAD_16.2\tools\Layout_Plus\library\SIMM050T.llb
Thu Jun 20 21:45:20 Loaded file C:\OrCAD\OrCAD_16.2\tools\Layout_Plus\library\SIMM100F.llb
Thu Jun 20 21:45:20 Loaded file C:\OrCAD\OrCAD_16.2\tools\Layout_Plus\library\SIMM100T.llb
Thu Jun 20 21:45:20 Loaded file C:\OrCAD\OrCAD_16.2\tools\Layout_Plus\library\SIP.llb
Thu Jun 20 21:45:20 Loaded file C:\OrCAD\OrCAD_16.2\tools\Layout_Plus\library\SM.llb
Thu Jun 20 21:45:20 Loaded file C:\OrCAD\OrCAD_16.2\tools\Layout_Plus\library\SOG.llb
Thu Jun 20 21:45:20 Loaded file C:\OrCAD\OrCAD_16.2\tools\Layout_Plus\library\SOJ.llb
Thu Jun 20 21:45:20 Loaded file C:\OrCAD\OrCAD_16.2\tools\Layout_Plus\library\STIFF.llb
Thu Jun 20 21:45:20 Loaded file C:\OrCAD\OrCAD_16.2\tools\Layout_Plus\library\TELE.llb
Thu Jun 20 21:45:20 Loaded file C:\OrCAD\OrCAD_16.2\tools\Layout_Plus\library\TM_AXIAL.llb
Thu Jun 20 21:45:20 Loaded file C:\OrCAD\OrCAD_16.2\tools\Layout_Plus\library\TM_CAP_P.llb
Thu Jun 20 21:45:20 Loaded file C:\OrCAD\OrCAD_16.2\tools\Layout_Plus\library\TM_CYLND.llb
Thu Jun 20 21:45:20 Loaded file C:\OrCAD\OrCAD_16.2\tools\Layout_Plus\library\TM_DIODE.llb
Thu Jun 20 21:45:20 Loaded file C:\OrCAD\OrCAD_16.2\tools\Layout_Plus\library\TM_DISC.llb
Thu Jun 20 21:45:20 Loaded file C:\OrCAD\OrCAD_16.2\tools\Layout_Plus\library\TM_RAD.llb
Thu Jun 20 21:45:20 Loaded file C:\OrCAD\OrCAD_16.2\tools\Layout_Plus\library\TO.llb
Thu Jun 20 21:45:20 Loaded file C:\OrCAD\OrCAD_16.2\tools\Layout_Plus\library\TRAINING.LLB
Thu Jun 20 21:45:20 Loaded file C:\OrCAD\OrCAD_16.2\tools\Layout_Plus\library\VRES.llb
Thu Jun 20 21:45:20 Loaded file C:\OrCAD\OrCAD_16.2\tools\Layout_Plus\library\WCON100T.llb
Thu Jun 20 21:45:20 Loaded file C:\OrCAD\OrCAD_16.2\tools\Layout_Plus\library\XT.llb
Thu Jun 20 21:45:20 Loaded file C:\OrCAD\OrCAD_16.2\tools\Layout_Plus\library\ZIGZAG.llb
Thu Jun 20 21:45:20 Loaded file C:\OrCAD\OrCAD_16.2\tools\Layout_Plus\library\TM_AXIAL.llb
Thu Jun 20 21:45:20 Loaded file C:\USERS\STUDENT\DESKTOP\DISERTATIE_6_IUNIE\SCHEMA_DISERTATIE_CAPTURE_LAYOUT\FRECVENTMETRU.LLB
Thu Jun 20 21:45:20 Loaded file C:\USERS\STUDENT\DESKTOP\DISERTATIE_6_IUNIE\SCHEMA_DISERTATIE_CAPTURE_LAYOUT\FRECVENTMETRU.LLB
Thu Jun 20 21:45:20 Loaded file C:\USERS\STUDENT\DESKTOP\DISERTATIE_6_IUNIE\SCHEMA_DISERTATIE_CAPTURE_LAYOUT\FRECVENTMETRU.LLB
Thu Jun 20 21:45:22 Saved as file C:\USERS\STUDENT\DESKTOP\DISERTATIE_6_IUNIE\SCHEMA_DISERTATIE_CAPTURE_LAYOUT\SCHEMA_DISERTATIE_CAPTURE_LAYOUT-PSPICEFILES\AF-3.MAX
Thu Jun 20 21:45:38 Loaded file C:\OrCAD\OrCAD_16.2\tools\Layout_Plus\data\template.imp
Thu Jun 20 21:45:38 Loaded file C:\OrCAD\OrCAD_16.2\tools\Layout_Plus\data\template.imp
Thu Jun 20 21:45:38 Loaded file C:\OrCAD\OrCAD_16.2\tools\Layout_Plus\data\template.imp
Thu Jun 20 21:45:38 Loaded file C:\OrCAD\OrCAD_16.2\tools\Layout_Plus\data\template.imp
Thu Jun 20 21:45:39 Loaded file C:\USERS\STUDENT\DESKTOP\DISERTATIE_6_IUNIE\SCHEMA_DISERTATIE_CAPTURE_LAYOUT\FRECVENTMETRU.LLB
Thu Jun 20 21:45:41 Loaded file C:\OrCAD\OrCAD_16.2\tools\Layout_Plus\data\template.imp
Thu Jun 20 21:45:46 Saved as file ~undo.max
Thu Jun 20 21:46:09 Loaded file C:\OrCAD\OrCAD_16.2\tools\Layout_Plus\data\template.imp
Thu Jun 20 21:46:09 Loaded file C:\OrCAD\OrCAD_16.2\tools\Layout_Plus\data\template.imp
Thu Jun 20 21:46:09 Loaded file C:\OrCAD\OrCAD_16.2\tools\Layout_Plus\data\template.imp
Thu Jun 20 21:46:09 Loaded file C:\OrCAD\OrCAD_16.2\tools\Layout_Plus\data\template.imp
Thu Jun 20 21:46:10 Loaded file C:\USERS\STUDENT\DESKTOP\DISERTATIE_6_IUNIE\SCHEMA_DISERTATIE_CAPTURE_LAYOUT\FRECVENTMETRU.LLB
Thu Jun 20 21:46:12 Loaded file C:\OrCAD\OrCAD_16.2\tools\Layout_Plus\data\template.imp
Thu Jun 20 21:46:18 Saved as file ~undo.max
Thu Jun 20 21:46:23 Saved as file ~undo.max
Thu Jun 20 21:46:41 Loaded file C:\OrCAD\OrCAD_16.2\tools\Layout_Plus\data\template.imp
Thu Jun 20 21:46:41 Loaded file C:\OrCAD\OrCAD_16.2\tools\Layout_Plus\data\template.imp
Thu Jun 20 21:46:41 Loaded file C:\OrCAD\OrCAD_16.2\tools\Layout_Plus\data\template.imp
Thu Jun 20 21:46:41 Loaded file C:\OrCAD\OrCAD_16.2\tools\Layout_Plus\data\template.imp
Thu Jun 20 21:46:43 Loaded file C:\USERS\STUDENT\DESKTOP\DISERTATIE_6_IUNIE\SCHEMA_DISERTATIE_CAPTURE_LAYOUT\FRECVENTMETRU.LLB
Thu Jun 20 21:46:44 Loaded file C:\OrCAD\OrCAD_16.2\tools\Layout_Plus\data\template.imp
Thu Jun 20 21:46:50 Saved as file ~undo.max
Thu Jun 20 21:47:04 Loaded file C:\OrCAD\OrCAD_16.2\tools\Layout_Plus\data\template.imp
Thu Jun 20 21:47:04 Loaded file C:\OrCAD\OrCAD_16.2\tools\Layout_Plus\data\template.imp
Thu Jun 20 21:47:04 Loaded file C:\OrCAD\OrCAD_16.2\tools\Layout_Plus\data\template.imp
Thu Jun 20 21:47:04 Loaded file C:\OrCAD\OrCAD_16.2\tools\Layout_Plus\data\template.imp
Thu Jun 20 21:47:05 Loaded file C:\USERS\STUDENT\DESKTOP\DISERTATIE_6_IUNIE\SCHEMA_DISERTATIE_CAPTURE_LAYOUT\FRECVENTMETRU.LLB
Thu Jun 20 21:47:06 Loaded file C:\OrCAD\OrCAD_16.2\tools\Layout_Plus\data\template.imp
Thu Jun 20 21:47:12 Saved as file ~undo.max
Thu Jun 20 21:47:32 Loaded file C:\OrCAD\OrCAD_16.2\tools\Layout_Plus\data\template.imp
Thu Jun 20 21:47:32 Loaded file C:\OrCAD\OrCAD_16.2\tools\Layout_Plus\data\template.imp
Thu Jun 20 21:47:32 Loaded file C:\OrCAD\OrCAD_16.2\tools\Layout_Plus\data\template.imp
Thu Jun 20 21:47:32 Loaded file C:\OrCAD\OrCAD_16.2\tools\Layout_Plus\data\template.imp
Thu Jun 20 21:47:33 Loaded file C:\USERS\STUDENT\DESKTOP\DISERTATIE_6_IUNIE\SCHEMA_DISERTATIE_CAPTURE_LAYOUT\FRECVENTMETRU.LLB
Thu Jun 20 21:47:34 Loaded file C:\OrCAD\OrCAD_16.2\tools\Layout_Plus\data\template.imp
Thu Jun 20 21:47:41 Saved as file ~undo.max
Thu Jun 20 21:47:58 Loaded file C:\OrCAD\OrCAD_16.2\tools\Layout_Plus\data\template.imp
Thu Jun 20 21:47:58 Loaded file C:\OrCAD\OrCAD_16.2\tools\Layout_Plus\data\template.imp
Thu Jun 20 21:47:58 Loaded file C:\OrCAD\OrCAD_16.2\tools\Layout_Plus\data\template.imp
Thu Jun 20 21:47:58 Loaded file C:\OrCAD\OrCAD_16.2\tools\Layout_Plus\data\template.imp
Thu Jun 20 21:47:59 Loaded file C:\USERS\STUDENT\DESKTOP\DISERTATIE_6_IUNIE\SCHEMA_DISERTATIE_CAPTURE_LAYOUT\FRECVENTMETRU.LLB
Thu Jun 20 21:48:00 Loaded file C:\OrCAD\OrCAD_16.2\tools\Layout_Plus\data\template.imp
Thu Jun 20 21:48:06 Saved as file ~undo.max
Thu Jun 20 21:48:18 Loaded file C:\OrCAD\OrCAD_16.2\tools\Layout_Plus\data\template.imp
Thu Jun 20 21:48:18 Loaded file C:\OrCAD\OrCAD_16.2\tools\Layout_Plus\data\template.imp
Thu Jun 20 21:48:18 Loaded file C:\OrCAD\OrCAD_16.2\tools\Layout_Plus\data\template.imp
Thu Jun 20 21:48:18 Loaded file C:\OrCAD\OrCAD_16.2\tools\Layout_Plus\data\template.imp
Thu Jun 20 21:48:19 Loaded file C:\USERS\STUDENT\DESKTOP\DISERTATIE_6_IUNIE\SCHEMA_DISERTATIE_CAPTURE_LAYOUT\FRECVENTMETRU.LLB
Thu Jun 20 21:48:20 Loaded file C:\OrCAD\OrCAD_16.2\tools\Layout_Plus\data\template.imp
Thu Jun 20 21:48:24 Loaded file C:\OrCAD\OrCAD_16.2\tools\Layout_Plus\data\template.imp
Thu Jun 20 21:48:31 Saved as file ~undo.max
Thu Jun 20 21:48:57 Loaded file C:\OrCAD\OrCAD_16.2\tools\Layout_Plus\data\template.imp
Thu Jun 20 21:48:57 Loaded file C:\OrCAD\OrCAD_16.2\tools\Layout_Plus\data\template.imp
Thu Jun 20 21:48:57 Loaded file C:\OrCAD\OrCAD_16.2\tools\Layout_Plus\data\template.imp
Thu Jun 20 21:48:57 Loaded file C:\OrCAD\OrCAD_16.2\tools\Layout_Plus\data\template.imp
Thu Jun 20 21:48:58 Loaded file C:\USERS\STUDENT\DESKTOP\DISERTATIE_6_IUNIE\SCHEMA_DISERTATIE_CAPTURE_LAYOUT\FRECVENTMETRU.LLB
Thu Jun 20 21:48:59 Loaded file C:\OrCAD\OrCAD_16.2\tools\Layout_Plus\data\template.imp
Thu Jun 20 21:49:06 Saved as file ~undo.max
Thu Jun 20 21:49:22 Saved as file C:\USERS\STUDENT\DESKTOP\DISERTATIE_6_IUNIE\SCHEMA_DISERTATIE_CAPTURE_LAYOUT\SCHEMA_DISERTATIE_CAPTURE_LAYOUT-PSPICEFILES\AF-3.MAX
Thu Jun 20 21:49:38 Saved as file C:\USERS\STUDENT\DESKTOP\DISERTATIE_6_IUNIE\SCHEMA_DISERTATIE_CAPTURE_LAYOUT\SCHEMA_DISERTATIE_CAPTURE_LAYOUT-PSPICEFILES\AF-3.MAX
Thu Jun 20 21:50:25 Saved as file ~undo.max
Thu Jun 20 21:50:58 Saved as file ~undo.max
Thu Jun 20 21:51:10 Loaded file C:\OrCAD\OrCAD_16.2\tools\Layout_Plus\data\template.imp
Thu Jun 20 21:51:10 Loaded file C:\OrCAD\OrCAD_16.2\tools\Layout_Plus\data\template.imp
Thu Jun 20 21:51:11 Loaded file C:\OrCAD\OrCAD_16.2\tools\Layout_Plus\data\template.imp
Thu Jun 20 21:51:11 Loaded file C:\OrCAD\OrCAD_16.2\tools\Layout_Plus\data\template.imp
Thu Jun 20 21:51:12 Loaded file C:\USERS\STUDENT\DESKTOP\DISERTATIE_6_IUNIE\SCHEMA_DISERTATIE_CAPTURE_LAYOUT\FRECVENTMETRU.LLB
Thu Jun 20 21:51:20 Loaded file C:\OrCAD\OrCAD_16.2\tools\Layout_Plus\data\template.imp
Thu Jun 20 21:51:22 Loaded file C:\OrCAD\OrCAD_16.2\tools\Layout_Plus\data\template.imp
Thu Jun 20 21:51:24 Loaded file C:\OrCAD\OrCAD_16.2\tools\Layout_Plus\data\template.imp
Thu Jun 20 21:51:25 Loaded file C:\OrCAD\OrCAD_16.2\tools\Layout_Plus\data\template.imp
Thu Jun 20 21:51:30 Loaded file C:\OrCAD\OrCAD_16.2\tools\Layout_Plus\data\template.imp
Thu Jun 20 21:51:34 Saved as file ~undo.max
Thu Jun 20 21:51:51 Saved as file ~undo.max
Thu Jun 20 21:51:59 Saved as file ~undo.max
Thu Jun 20 21:52:03 Saved as file ~undo.max
Thu Jun 20 21:52:05 Saved as file ~undo.max
Thu Jun 20 21:52:11 Saved as file ~undo.max
Thu Jun 20 21:52:15 Saved as file ~undo.max
Thu Jun 20 21:52:17 Saved as file ~undo.max
Thu Jun 20 21:52:19 Saved as file ~undo.max
Thu Jun 20 21:52:24 Saved as file ~undo.max
Thu Jun 20 21:52:26 Saved as file ~undo.max
Thu Jun 20 21:52:29 Saved as file ~undo.max
Thu Jun 20 21:52:31 Saved as file ~undo.max
Thu Jun 20 21:52:51 Saved as file ~undo.max
Thu Jun 20 21:52:58 Saved as file ~undo.max
Thu Jun 20 21:53:02 Saved as file ~undo.max
Thu Jun 20 21:53:04 Saved as file ~undo.max
Thu Jun 20 21:53:13 Saved as file ~undo.max
Thu Jun 20 21:53:16 Saved as file ~undo.max
Thu Jun 20 21:53:18 Saved as file ~undo.max
Thu Jun 20 21:53:23 Saved as file ~undo.max
Thu Jun 20 21:53:36 Saved as file ~undo.max
Thu Jun 20 21:53:47 Saved as file ~undo.max
Thu Jun 20 21:53:59 Saved as file ~undo.max
Thu Jun 20 21:54:05 Saved as file ~undo.max
Thu Jun 20 21:54:16 Saved as file ~undo.max
Thu Jun 20 21:54:26 Saved as file ~undo.max
Thu Jun 20 21:55:03 Saved as file ~undo.max
Thu Jun 20 21:55:11 Saved as file ~undo.max
Thu Jun 20 21:55:17 Saved as file ~undo.max
Thu Jun 20 21:55:22 Saved as file ~undo.max
Thu Jun 20 21:55:27 Saved as file ~undo.max
Thu Jun 20 21:55:29 Saved as file ~undo.max
Thu Jun 20 21:55:33 Saved as file ~undo.max
Thu Jun 20 21:55:39 Saved as file ~undo.max
Thu Jun 20 21:55:45 Saved as file ~undo.max
Thu Jun 20 21:55:51 Saved as file ~undo.max
Thu Jun 20 21:56:00 Saved as file ~undo.max
Thu Jun 20 21:56:06 Saved as file ~undo.max
Thu Jun 20 21:56:17 Saved as file ~undo.max
Thu Jun 20 21:56:27 Saved as file ~undo.max
Thu Jun 20 21:56:33 Saved as file ~undo.max
Thu Jun 20 21:56:38 Saved as file ~undo.max
Thu Jun 20 21:56:43 Saved as file ~undo.max
Thu Jun 20 21:56:47 Saved as file ~undo.max
Thu Jun 20 21:56:54 Saved as file BACKUP1.MAX
Thu Jun 20 21:57:13 Saved as file ~undo.max
Thu Jun 20 21:57:20 Saved as file ~undo.max
Thu Jun 20 21:57:25 Saved as file ~undo.max
Thu Jun 20 21:57:31 Saved as file ~undo.max
Thu Jun 20 21:57:40 Saved as file ~undo.max
Thu Jun 20 21:57:44 Saved as file ~undo.max
Thu Jun 20 21:57:48 Saved as file ~undo.max
Thu Jun 20 21:57:52 Saved as file ~undo.max
Thu Jun 20 21:57:56 Saved as file ~undo.max
Thu Jun 20 21:58:02 Saved as file ~undo.max
Thu Jun 20 21:58:06 Saved as file ~undo.max
Thu Jun 20 21:58:12 Saved as file ~undo.max
Thu Jun 20 21:58:16 Saved as file ~undo.max
Thu Jun 20 21:58:20 Saved as file ~undo.max
Thu Jun 20 21:58:23 Saved as file ~undo.max
Thu Jun 20 21:58:26 Saved as file ~undo.max
Thu Jun 20 21:58:29 Saved as file ~undo.max
Thu Jun 20 21:58:39 Saved as file ~undo.max
Thu Jun 20 21:58:45 Saved as file ~undo.max
Thu Jun 20 21:58:51 Saved as file ~undo.max
Thu Jun 20 21:58:57 Saved as file ~undo.max
Thu Jun 20 21:59:05 Saved as file ~undo.max
Thu Jun 20 21:59:11 Saved as file ~undo.max
Thu Jun 20 21:59:16 Saved as file ~undo.max
Thu Jun 20 21:59:25 Saved as file ~undo.max
Thu Jun 20 21:59:39 Saved as file ~undo.max
Thu Jun 20 21:59:42 Saved as file ~undo.max
Thu Jun 20 21:59:50 Saved as file ~undo.max
Thu Jun 20 21:59:59 Saved as file ~undo.max
Thu Jun 20 22:00:07 Saved as file ~undo.max
Thu Jun 20 22:00:11 Saved as file ~undo.max
Thu Jun 20 22:00:15 Saved as file ~undo.max
Thu Jun 20 22:00:26 Saved as file ~undo.max
Thu Jun 20 22:00:30 Saved as file ~undo.max
Thu Jun 20 22:00:40 Saved as file ~undo.max
Thu Jun 20 22:00:48 Saved as file ~undo.max
Thu Jun 20 22:00:55 Saved as file ~undo.max
Thu Jun 20 22:00:59 Saved as file ~undo.max
Thu Jun 20 22:01:02 Saved as file ~undo.max
Thu Jun 20 22:01:09 Saved as file ~undo.max
Thu Jun 20 22:01:16 Saved as file ~undo.max
Thu Jun 20 22:01:19 Saved as file ~undo.max
Thu Jun 20 22:01:22 Saved as file ~undo.max
Thu Jun 20 22:01:26 Saved as file ~undo.max
Thu Jun 20 22:01:39 Saved as file ~undo.max
Thu Jun 20 22:01:43 Saved as file ~undo.max
Thu Jun 20 22:01:48 Saved as file ~undo.max
Thu Jun 20 22:02:04 Saved as file ~undo.max
Thu Jun 20 22:02:12 Saved as file ~undo.max
Thu Jun 20 22:02:17 Saved as file ~undo.max
Thu Jun 20 22:02:21 Saved as file C:\USERS\STUDENT\DESKTOP\DISERTATIE_6_IUNIE\SCHEMA_DISERTATIE_CAPTURE_LAYOUT\SCHEMA_DISERTATIE_CAPTURE_LAYOUT-PSPICEFILES\AF-3.MAX
Thu Jun 20 22:03:12 Saved as file ~undo.max
Thu Jun 20 22:03:20 Saved as file ~undo.max
Thu Jun 20 22:03:23 Saved as file ~undo.max
Thu Jun 20 22:03:28 Saved as file ~undo.max
Thu Jun 20 22:03:32 Saved as file ~undo.max
Thu Jun 20 22:03:36 Saved as file ~undo.max
Thu Jun 20 22:03:38 Saved as file C:\USERS\STUDENT\DESKTOP\DISERTATIE_6_IUNIE\SCHEMA_DISERTATIE_CAPTURE_LAYOUT\SCHEMA_DISERTATIE_CAPTURE_LAYOUT-PSPICEFILES\AF-3.MAX
Thu Jun 20 22:03:49 Saved as file ~undo.max
Thu Jun 20 22:03:57 Saved as file ~undo.max
Thu Jun 20 22:04:01 Saved as file ~undo.max
Thu Jun 20 22:04:06 Saved as file ~undo.max
Thu Jun 20 22:04:10 Saved as file ~undo.max
Thu Jun 20 22:04:32 Saved as file ~undo.max
Thu Jun 20 22:04:36 Saved as file ~undo.max
Thu Jun 20 22:04:39 Saved as file C:\USERS\STUDENT\DESKTOP\DISERTATIE_6_IUNIE\SCHEMA_DISERTATIE_CAPTURE_LAYOUT\SCHEMA_DISERTATIE_CAPTURE_LAYOUT-PSPICEFILES\AF-3.MAX
Thu Jun 20 22:04:57 Saved as file ~undo.max
Thu Jun 20 22:05:06 Saved as file ~undo.max
Thu Jun 20 22:05:11 Saved as file ~undo.max
Thu Jun 20 22:05:14 Saved as file ~undo.max
Thu Jun 20 22:05:20 Saved as file ~undo.max
Thu Jun 20 22:05:24 Saved as file ~undo.max
Thu Jun 20 22:05:28 Saved as file ~undo.max
Thu Jun 20 22:05:39 Saved as file ~undo.max
Thu Jun 20 22:05:47 Saved as file ~undo.max
Thu Jun 20 22:05:51 Saved as file ~undo.max
Thu Jun 20 22:05:53 Saved as file ~undo.max
Thu Jun 20 22:05:55 Saved as file ~undo.max
Thu Jun 20 22:06:02 Saved as file ~undo.max
Thu Jun 20 22:06:05 Saved as file ~undo.max
Thu Jun 20 22:06:06 Saved as file ~undo.max
Thu Jun 20 22:06:08 Saved as file ~undo.max
Thu Jun 20 22:06:14 Saved as file ~undo.max
Thu Jun 20 22:06:21 Saved as file ~undo.max
Thu Jun 20 22:06:23 Saved as file C:\USERS\STUDENT\DESKTOP\DISERTATIE_6_IUNIE\SCHEMA_DISERTATIE_CAPTURE_LAYOUT\SCHEMA_DISERTATIE_CAPTURE_LAYOUT-PSPICEFILES\AF-3.MAX
Thu Jun 20 22:06:31 Saved as file ~undo.max
Thu Jun 20 22:06:35 Saved as file ~undo.max
Thu Jun 20 22:06:38 Saved as file ~undo.max
Thu Jun 20 22:06:40 Saved as file ~undo.max
Thu Jun 20 22:06:45 Saved as file ~undo.max
Thu Jun 20 22:06:48 Saved as file ~undo.max
Thu Jun 20 22:06:50 Saved as file ~undo.max
Thu Jun 20 22:06:55 Saved as file BACKUP1.MAX
Thu Jun 20 22:06:55 Saved as file ~undo.max
Thu Jun 20 22:06:59 Saved as file ~undo.max
Thu Jun 20 22:07:04 Saved as file C:\USERS\STUDENT\DESKTOP\DISERTATIE_6_IUNIE\SCHEMA_DISERTATIE_CAPTURE_LAYOUT\SCHEMA_DISERTATIE_CAPTURE_LAYOUT-PSPICEFILES\AF-3.MAX
Thu Jun 20 22:07:07 Saved as file ~undo.max
Thu Jun 20 22:07:17 Saved as file ~undo.max
Thu Jun 20 22:07:23 Saved as file ~undo.max
Thu Jun 20 22:07:25 Saved as file ~undo.max
Thu Jun 20 22:07:28 Saved as file ~undo.max
Thu Jun 20 22:07:31 Saved as file ~undo.max
Thu Jun 20 22:07:38 Saved as file ~undo.max
Thu Jun 20 22:07:47 Saved as file ~undo.max
Thu Jun 20 22:07:52 Saved as file ~undo.max
Thu Jun 20 22:07:54 Saved as file ~undo.max
Thu Jun 20 22:08:02 Saved as file ~undo.max
Thu Jun 20 22:08:03 Saved as file C:\USERS\STUDENT\DESKTOP\DISERTATIE_6_IUNIE\SCHEMA_DISERTATIE_CAPTURE_LAYOUT\SCHEMA_DISERTATIE_CAPTURE_LAYOUT-PSPICEFILES\AF-3.MAX
Thu Jun 20 22:08:14 Saved as file ~undo.max
Thu Jun 20 22:08:21 Saved as file ~undo.max
Thu Jun 20 22:08:22 Saved as file ~undo.max
Thu Jun 20 22:08:25 Saved as file ~undo.max
Thu Jun 20 22:08:27 Saved as file ~undo.max
Thu Jun 20 22:08:29 Saved as file ~undo.max
Thu Jun 20 22:08:33 Saved as file ~undo.max
Thu Jun 20 22:08:35 Saved as file ~undo.max
Thu Jun 20 22:08:37 Saved as file ~undo.max
Thu Jun 20 22:08:48 Saved as file ~undo.max
Thu Jun 20 22:08:55 Saved as file ~undo.max
Thu Jun 20 22:08:59 Saved as file ~undo.max
Thu Jun 20 22:09:04 Saved as file ~undo.max
Thu Jun 20 22:09:08 Saved as file ~undo.max
Thu Jun 20 22:09:14 Saved as file ~undo.max
Thu Jun 20 22:09:16 Saved as file ~undo.max
Thu Jun 20 22:09:18 Saved as file ~undo.max
Thu Jun 20 22:09:28 Saved as file C:\USERS\STUDENT\DESKTOP\DISERTATIE_6_IUNIE\SCHEMA_DISERTATIE_CAPTURE_LAYOUT\SCHEMA_DISERTATIE_CAPTURE_LAYOUT-PSPICEFILES\AF-3.MAX
Thu Jun 20 22:09:33 Saved as file ~undo.max
Thu Jun 20 22:09:36 Saved as file ~undo.max
Thu Jun 20 22:09:37 Saved as file ~undo.max
Thu Jun 20 22:09:39 Saved as file ~undo.max
Thu Jun 20 22:09:42 Saved as file ~undo.max
Thu Jun 20 22:09:46 Saved as file ~undo.max
Thu Jun 20 22:09:49 Saved as file ~undo.max
Thu Jun 20 22:09:51 Saved as file ~undo.max
Thu Jun 20 22:09:56 Saved as file ~undo.max
Thu Jun 20 22:10:07 Saved as file ~undo.max
Thu Jun 20 22:10:16 Saved as file ~undo.max
Thu Jun 20 22:10:18 Saved as file ~undo.max
Thu Jun 20 22:10:21 Saved as file ~undo.max
Thu Jun 20 22:10:24 Saved as file ~undo.max
Thu Jun 20 22:10:32 Saved as file ~undo.max
Thu Jun 20 22:10:35 Saved as file ~undo.max
Thu Jun 20 22:10:38 Saved as file ~undo.max
Thu Jun 20 22:10:40 Saved as file ~undo.max
Thu Jun 20 22:10:45 Saved as file ~undo.max
Thu Jun 20 22:10:59 Saved as file ~undo.max
Thu Jun 20 22:11:27 Saved as file C:\USERS\STUDENT\DESKTOP\DISERTATIE_6_IUNIE\SCHEMA_DISERTATIE_CAPTURE_LAYOUT\SCHEMA_DISERTATIE_CAPTURE_LAYOUT-PSPICEFILES\AF-3.MAX
Thu Jun 20 22:12:20 Saved as file C:\USERS\STUDENT\DESKTOP\DISERTATIE_6_IUNIE\SCHEMA_DISERTATIE_CAPTURE_LAYOUT\SCHEMA_DISERTATIE_CAPTURE_LAYOUT-PSPICEFILES\AF-3.MAX
Thu Jun 20 22:12:37 Saved as file C:\USERS\STUDENT\DESKTOP\DISERTATIE_6_IUNIE\SCHEMA_DISERTATIE_CAPTURE_LAYOUT\SCHEMA_DISERTATIE_CAPTURE_LAYOUT-PSPICEFILES\AF-3.MAX
Thu Jun 20 22:13:04 Saved as file C:\USERS\STUDENT\DESKTOP\DISERTATIE_6_IUNIE\SCHEMA_DISERTATIE_CAPTURE_LAYOUT\SCHEMA_DISERTATIE_CAPTURE_LAYOUT-PSPICEFILES\AF-3.MAX
Thu Jun 20 22:13:24 Saved as file C:\USERS\STUDENT\DESKTOP\DISERTATIE_6_IUNIE\SCHEMA_DISERTATIE_CAPTURE_LAYOUT\SCHEMA_DISERTATIE_CAPTURE_LAYOUT-PSPICEFILES\AF-3.MAX
Thu Jun 20 22:13:40 Loaded file C:\OrCAD\OrCAD_16.2\tools\Layout_Plus\data\template.imp
Thu Jun 20 22:13:40 Loaded file C:\OrCAD\OrCAD_16.2\tools\Layout_Plus\data\template.imp
Thu Jun 20 22:13:42 Loaded file C:\USERS\STUDENT\DESKTOP\DISERTATIE_6_IUNIE\SCHEMA_DISERTATIE_CAPTURE_LAYOUT\FRECVENTMETRU.LLB
Thu Jun 20 22:13:47 Loaded file C:\OrCAD\OrCAD_16.2\tools\Layout_Plus\data\template.imp
Thu Jun 20 22:13:48 Loaded file C:\OrCAD\OrCAD_16.2\tools\Layout_Plus\data\template.imp
Thu Jun 20 22:14:48 Loaded file C:\OrCAD\OrCAD_16.2\tools\Layout_Plus\data\template.imp
Thu Jun 20 22:14:48 Loaded file C:\OrCAD\OrCAD_16.2\tools\Layout_Plus\data\template.imp
Thu Jun 20 22:14:48 Loaded file C:\OrCAD\OrCAD_16.2\tools\Layout_Plus\data\template.imp
Thu Jun 20 22:14:48 Loaded file C:\OrCAD\OrCAD_16.2\tools\Layout_Plus\data\template.imp
Thu Jun 20 22:14:50 Loaded file C:\USERS\STUDENT\DESKTOP\DISERTATIE_6_IUNIE\SCHEMA_DISERTATIE_CAPTURE_LAYOUT\FRECVENTMETRU.LLB
Thu Jun 20 22:14:54 Loaded file C:\OrCAD\OrCAD_16.2\tools\Layout_Plus\data\template.imp
Thu Jun 20 22:15:02 Saved as file ~undo.max
Thu Jun 20 22:15:12 Saved as file ~undo.max
Thu Jun 20 22:15:17 Loaded file C:\OrCAD\OrCAD_16.2\tools\Layout_Plus\data\template.imp
Thu Jun 20 22:15:17 Loaded file C:\OrCAD\OrCAD_16.2\tools\Layout_Plus\data\template.imp
Thu Jun 20 22:15:18 Loaded file C:\OrCAD\OrCAD_16.2\tools\Layout_Plus\data\template.imp
Thu Jun 20 22:15:18 Loaded file C:\OrCAD\OrCAD_16.2\tools\Layout_Plus\data\template.imp
Thu Jun 20 22:15:19 Loaded file C:\USERS\STUDENT\DESKTOP\DISERTATIE_6_IUNIE\SCHEMA_DISERTATIE_CAPTURE_LAYOUT\FRECVENTMETRU.LLB
Thu Jun 20 22:15:24 Loaded file C:\OrCAD\OrCAD_16.2\tools\Layout_Plus\data\template.imp
Thu Jun 20 22:15:26 Loaded file C:\OrCAD\OrCAD_16.2\tools\Layout_Plus\data\template.imp
Thu Jun 20 22:15:35 Saved as file ~undo.max
Thu Jun 20 22:15:39 Saved as file C:\USERS\STUDENT\DESKTOP\DISERTATIE_6_IUNIE\SCHEMA_DISERTATIE_CAPTURE_LAYOUT\SCHEMA_DISERTATIE_CAPTURE_LAYOUT-PSPICEFILES\AF-3.MAX
Thu Jun 20 22:15:49 No new connections routed.
Thu Jun 20 22:15:49 Total is now 0 out of 128 (0%).
Thu Jun 20 22:15:49 Saved as file SWEEP1.MAX
Thu Jun 20 22:15:50 Saved as file BACKUP1.MAX
Thu Jun 20 22:15:56 Saved as file BACKUP1.MAX
Thu Jun 20 22:16:02 Saved as file BACKUP1.MAX
Thu Jun 20 22:16:03 Saved as file BACKUP1.MAX
Thu Jun 20 22:16:03 Saved as file BACKUP1.MAX
Thu Jun 20 22:16:06 Saved as file BACKUP1.MAX
Thu Jun 20 22:16:09 Saved as file BACKUP1.MAX
Thu Jun 20 22:16:15 Saved as file BACKUP1.MAX
Thu Jun 20 22:16:16 Saved as file BACKUP1.MAX
Thu Jun 20 22:16:20 Saved as file BACKUP1.MAX
Thu Jun 20 22:16:24 Saved as file BACKUP1.MAX
Thu Jun 20 22:16:33 Saved as file BACKUP1.MAX
Thu Jun 20 22:16:34 Saved as file BACKUP1.MAX
Thu Jun 20 22:16:34 Saved as file BACKUP1.MAX
Thu Jun 20 22:16:39 Saved as file BACKUP1.MAX
Thu Jun 20 22:16:45 Saved as file BACKUP1.MAX
Thu Jun 20 22:16:50 Saved as file BACKUP1.MAX
Thu Jun 20 22:16:52 Saved as file BACKUP1.MAX
Thu Jun 20 22:16:56 Saved as file BACKUP1.MAX
Thu Jun 20 22:17:01 Saved as file BACKUP1.MAX
Thu Jun 20 22:17:06 Saved as file BACKUP1.MAX
Thu Jun 20 22:17:07 Saved as file BACKUP1.MAX
Thu Jun 20 22:17:07 Saved as file BACKUP1.MAX
Thu Jun 20 22:17:13 Saved as file BACKUP1.MAX
Thu Jun 20 22:17:19 Saved as file BACKUP1.MAX
Thu Jun 20 22:17:24 Saved as file BACKUP1.MAX
Thu Jun 20 22:17:25 Saved as file BACKUP1.MAX
Thu Jun 20 22:17:31 Saved as file BACKUP1.MAX
Thu Jun 20 22:17:37 Saved as file BACKUP1.MAX
Thu Jun 20 22:17:43 Saved as file BACKUP1.MAX
Thu Jun 20 22:17:43 Saved as file BACKUP1.MAX
Thu Jun 20 22:17:43 Saved as file BACKUP1.MAX
Thu Jun 20 22:17:47 Saved as file BACKUP1.MAX
Thu Jun 20 22:17:50 Saved as file BACKUP1.MAX
Thu Jun 20 22:17:57 Saved as file BACKUP1.MAX
Thu Jun 20 22:17:59 Saved as file BACKUP1.MAX
Thu Jun 20 22:18:03 Saved as file BACKUP1.MAX
Thu Jun 20 22:18:08 Saved as file BACKUP1.MAX
Thu Jun 20 22:18:15 Saved as file BACKUP1.MAX
Thu Jun 20 22:18:15 Saved as file BACKUP1.MAX
Thu Jun 20 22:18:15 Saved as file BACKUP1.MAX
Thu Jun 20 22:18:17 Saved as file BACKUP1.MAX
Thu Jun 20 22:18:20 Saved as file BACKUP1.MAX
Thu Jun 20 22:18:28 Saved as file BACKUP1.MAX
Thu Jun 20 22:18:29 Saved as file BACKUP1.MAX
Thu Jun 20 22:18:32 Saved as file BACKUP1.MAX
Thu Jun 20 22:18:34 Saved as file BACKUP1.MAX
Thu Jun 20 22:18:39 Saved as file BACKUP1.MAX
Thu Jun 20 22:18:41 Saved as file BACKUP1.MAX
Thu Jun 20 22:18:41 Saved as file BACKUP1.MAX
Thu Jun 20 22:18:43 Saved as file BACKUP1.MAX
Thu Jun 20 22:18:46 Saved as file BACKUP1.MAX
Thu Jun 20 22:18:47 Saved as file BACKUP1.MAX
Thu Jun 20 22:18:47 Saved as file BACKUP1.MAX
Thu Jun 20 22:18:47 Saved as file BACKUP1.MAX
Thu Jun 20 22:18:47 Saved as file BACKUP1.MAX
Thu Jun 20 22:18:47 Saved as file BACKUP1.MAX
Thu Jun 20 22:18:48 Saved as file BACKUP1.MAX
Thu Jun 20 22:18:48 Saved as file BACKUP1.MAX
Thu Jun 20 22:18:48 Saved as file BACKUP1.MAX
Thu Jun 20 22:18:48 Saved as file BACKUP1.MAX
Thu Jun 20 22:18:48 Saved as file BACKUP1.MAX
Thu Jun 20 22:18:48 Saved as file BACKUP1.MAX
Thu Jun 20 22:18:52 Saved as file BACKUP1.MAX
Thu Jun 20 22:18:55 Saved as file BACKUP1.MAX
Thu Jun 20 22:18:59 Saved as file BACKUP1.MAX
Thu Jun 20 22:19:00 Saved as file BACKUP1.MAX
Thu Jun 20 22:19:00 Saved as file BACKUP1.MAX
Thu Jun 20 22:19:02 Saved as file BACKUP1.MAX
Thu Jun 20 22:19:04 Saved as file BACKUP1.MAX
Thu Jun 20 22:19:09 Saved as file BACKUP1.MAX
Thu Jun 20 22:19:09 Saved as file BACKUP1.MAX
Thu Jun 20 22:19:14 Saved as file BACKUP1.MAX
Thu Jun 20 22:19:22 Saved as file BACKUP1.MAX
Thu Jun 20 22:19:24 Routed 235 connections in  3.6 minutes.
Thu Jun 20 22:19:24 Total is now 22 out of 128 (17%).
Thu Jun 20 22:21:27 Saved as file C:\USERS\STUDENT\DESKTOP\DISERTATIE_6_IUNIE\SCHEMA_DISERTATIE_CAPTURE_LAYOUT\SCHEMA_DISERTATIE_CAPTURE_LAYOUT-PSPICEFILES\AF-3.MAX
Thu Jun 20 22:21:28 Saved as file C:\USERS\STUDENT\DESKTOP\DISERTATIE_6_IUNIE\SCHEMA_DISERTATIE_CAPTURE_LAYOUT\SCHEMA_DISERTATIE_CAPTURE_LAYOUT-PSPICEFILES\AF-3.MAX
Thu Jun 20 22:21:34 No new connections routed.
Thu Jun 20 22:21:34 Total is now 0 out of 128 (0%).
Thu Jun 20 22:21:34 Saved as file SWEEP1.MAX
Thu Jun 20 22:21:38 Saved as file BACKUP1.MAX
Thu Jun 20 22:21:41 Saved as file BACKUP1.MAX
Thu Jun 20 22:21:43 Saved as file BACKUP1.MAX
Thu Jun 20 22:21:45 Saved as file BACKUP1.MAX
Thu Jun 20 22:21:46 Saved as file BACKUP1.MAX
Thu Jun 20 22:21:46 Saved as file BACKUP1.MAX
Thu Jun 20 22:21:49 Saved as file BACKUP1.MAX
Thu Jun 20 22:21:49 Saved as file BACKUP1.MAX
Thu Jun 20 22:21:50 Saved as file BACKUP1.MAX
Thu Jun 20 22:21:50 Routed 161 connections in 15 seconds.
Thu Jun 20 22:21:50 Total is now 95 out of 128 (74%).
Thu Jun 20 22:21:50 Saved as file SWEEP2.MAX
Thu Jun 20 22:22:27 Routed 4 connections in 37 seconds.
Thu Jun 20 22:22:27 Total is now 97 out of 128 (75%).
Thu Jun 20 22:22:27 Saved as file SWEEP3.MAX
Thu Jun 20 22:23:19 Saved as file C:\USERS\STUDENT\DESKTOP\DISERTATIE_6_IUNIE\SCHEMA_DISERTATIE_CAPTURE_LAYOUT\SCHEMA_DISERTATIE_CAPTURE_LAYOUT-PSPICEFILES\AF-3.MAX
Thu Jun 20 22:23:26 Saved as file C:\USERS\STUDENT\DESKTOP\DISERTATIE_6_IUNIE\SCHEMA_DISERTATIE_CAPTURE_LAYOUT\SCHEMA_DISERTATIE_CAPTURE_LAYOUT-PSPICEFILES\AF-3.MAX
